[2024-08-07T10:49:02.960+0000] {local_task_job_runner.py:120} INFO - ::group::Pre task execution logs
[2024-08-07T10:49:02.987+0000] {taskinstance.py:2076} INFO - Dependencies all met for dep_context=non-requeueable deps ti=<TaskInstance: etl_2024-08-07.log_the_data scheduled__2024-06-06T00:00:00+00:00 [queued]>
[2024-08-07T10:49:02.991+0000] {taskinstance.py:2076} INFO - Dependencies all met for dep_context=requeueable deps ti=<TaskInstance: etl_2024-08-07.log_the_data scheduled__2024-06-06T00:00:00+00:00 [queued]>
[2024-08-07T10:49:02.991+0000] {taskinstance.py:2306} INFO - Starting attempt 1 of 2
[2024-08-07T10:49:03.029+0000] {taskinstance.py:2330} INFO - Executing <Task(BashOperator): log_the_data> on 2024-06-06 00:00:00+00:00
[2024-08-07T10:49:03.041+0000] {standard_task_runner.py:63} INFO - Started process 2400 to run task
[2024-08-07T10:49:03.045+0000] {standard_task_runner.py:90} INFO - Running: ['***', 'tasks', 'run', 'etl_2024-08-07', 'log_the_data', 'scheduled__2024-06-06T00:00:00+00:00', '--job-id', '279', '--raw', '--subdir', 'DAGS_FOLDER/final_etl.py', '--cfg-path', '/tmp/tmpi1az3q9n']
[2024-08-07T10:49:03.048+0000] {standard_task_runner.py:91} INFO - Job 279: Subtask log_the_data
[2024-08-07T10:49:03.138+0000] {task_command.py:426} INFO - Running <TaskInstance: etl_2024-08-07.log_the_data scheduled__2024-06-06T00:00:00+00:00 [running]> on host 8cffaad11d99
[2024-08-07T10:49:03.274+0000] {taskinstance.py:2648} INFO - Exporting env vars: AIRFLOW_CTX_DAG_OWNER='***' AIRFLOW_CTX_DAG_ID='etl_2024-08-07' AIRFLOW_CTX_TASK_ID='log_the_data' AIRFLOW_CTX_EXECUTION_DATE='2024-06-06T00:00:00+00:00' AIRFLOW_CTX_TRY_NUMBER='1' AIRFLOW_CTX_DAG_RUN_ID='scheduled__2024-06-06T00:00:00+00:00'
[2024-08-07T10:49:03.275+0000] {taskinstance.py:430} INFO - ::endgroup::
[2024-08-07T10:49:03.292+0000] {subprocess.py:63} INFO - Tmp dir root location: /tmp
[2024-08-07T10:49:03.293+0000] {subprocess.py:75} INFO - Running command: ['/usr/bin/bash', '-c', 'python3 /opt/***/data/logging_config.py']
[2024-08-07T10:49:03.302+0000] {subprocess.py:86} INFO - Output:
[2024-08-07T10:49:03.438+0000] {subprocess.py:97} INFO - Command exited with return code 0
[2024-08-07T10:49:03.440+0000] {taskinstance.py:441} INFO - ::group::Post task execution logs
[2024-08-07T10:49:03.699+0000] {taskinstance.py:1206} INFO - Marking task as SUCCESS. dag_id=etl_2024-08-07, task_id=log_the_data, run_id=scheduled__2024-06-06T00:00:00+00:00, execution_date=20240606T000000, start_date=20240807T104902, end_date=20240807T104903
[2024-08-07T10:49:04.340+0000] {local_task_job_runner.py:240} INFO - Task exited with return code 0
[2024-08-07T10:49:04.357+0000] {taskinstance.py:3503} INFO - 1 downstream tasks scheduled from follow-on schedule check
[2024-08-07T10:49:04.520+0000] {local_task_job_runner.py:222} INFO - ::endgroup::
[2024-08-07T11:00:27.630+0000] {local_task_job_runner.py:120} INFO - ::group::Pre task execution logs
[2024-08-07T11:00:27.649+0000] {taskinstance.py:2076} INFO - Dependencies all met for dep_context=non-requeueable deps ti=<TaskInstance: etl_2024-08-07.log_the_data scheduled__2024-06-06T00:00:00+00:00 [queued]>
[2024-08-07T11:00:27.654+0000] {taskinstance.py:2076} INFO - Dependencies all met for dep_context=requeueable deps ti=<TaskInstance: etl_2024-08-07.log_the_data scheduled__2024-06-06T00:00:00+00:00 [queued]>
[2024-08-07T11:00:27.654+0000] {taskinstance.py:2306} INFO - Starting attempt 1 of 2
[2024-08-07T11:00:27.701+0000] {taskinstance.py:2330} INFO - Executing <Task(BashOperator): log_the_data> on 2024-06-06 00:00:00+00:00
[2024-08-07T11:00:27.705+0000] {standard_task_runner.py:63} INFO - Started process 3475 to run task
[2024-08-07T11:00:27.712+0000] {standard_task_runner.py:90} INFO - Running: ['***', 'tasks', 'run', 'etl_2024-08-07', 'log_the_data', 'scheduled__2024-06-06T00:00:00+00:00', '--job-id', '546', '--raw', '--subdir', 'DAGS_FOLDER/final_etl.py', '--cfg-path', '/tmp/tmp9qg_s8yi']
[2024-08-07T11:00:27.715+0000] {standard_task_runner.py:91} INFO - Job 546: Subtask log_the_data
[2024-08-07T11:00:27.769+0000] {task_command.py:426} INFO - Running <TaskInstance: etl_2024-08-07.log_the_data scheduled__2024-06-06T00:00:00+00:00 [running]> on host 8cffaad11d99
[2024-08-07T11:00:27.883+0000] {taskinstance.py:2648} INFO - Exporting env vars: AIRFLOW_CTX_DAG_OWNER='***' AIRFLOW_CTX_DAG_ID='etl_2024-08-07' AIRFLOW_CTX_TASK_ID='log_the_data' AIRFLOW_CTX_EXECUTION_DATE='2024-06-06T00:00:00+00:00' AIRFLOW_CTX_TRY_NUMBER='1' AIRFLOW_CTX_DAG_RUN_ID='scheduled__2024-06-06T00:00:00+00:00'
[2024-08-07T11:00:27.884+0000] {taskinstance.py:430} INFO - ::endgroup::
[2024-08-07T11:00:27.891+0000] {subprocess.py:63} INFO - Tmp dir root location: /tmp
[2024-08-07T11:00:27.892+0000] {subprocess.py:75} INFO - Running command: ['/usr/bin/bash', '-c', 'python3 /opt/***/data/logging_config.py']
[2024-08-07T11:00:27.899+0000] {subprocess.py:86} INFO - Output:
[2024-08-07T11:00:27.989+0000] {subprocess.py:97} INFO - Command exited with return code 0
[2024-08-07T11:00:27.990+0000] {taskinstance.py:441} INFO - ::group::Post task execution logs
[2024-08-07T11:00:28.027+0000] {taskinstance.py:1206} INFO - Marking task as SUCCESS. dag_id=etl_2024-08-07, task_id=log_the_data, run_id=scheduled__2024-06-06T00:00:00+00:00, execution_date=20240606T000000, start_date=20240807T110027, end_date=20240807T110028
[2024-08-07T11:00:28.081+0000] {local_task_job_runner.py:240} INFO - Task exited with return code 0
[2024-08-07T11:00:28.095+0000] {taskinstance.py:3503} INFO - 1 downstream tasks scheduled from follow-on schedule check
[2024-08-07T11:00:28.113+0000] {local_task_job_runner.py:222} INFO - ::endgroup::
