[2024-08-12T05:52:01.549+0000] {local_task_job_runner.py:120} INFO - ::group::Pre task execution logs
[2024-08-12T05:52:01.581+0000] {taskinstance.py:2076} INFO - Dependencies all met for dep_context=non-requeueable deps ti=<TaskInstance: data_migrations2024-08-12.fetch_the_api scheduled__2024-05-17T00:00:00+00:00 [queued]>
[2024-08-12T05:52:01.592+0000] {taskinstance.py:2076} INFO - Dependencies all met for dep_context=requeueable deps ti=<TaskInstance: data_migrations2024-08-12.fetch_the_api scheduled__2024-05-17T00:00:00+00:00 [queued]>
[2024-08-12T05:52:01.592+0000] {taskinstance.py:2306} INFO - Starting attempt 1 of 2
[2024-08-12T05:52:01.624+0000] {taskinstance.py:2330} INFO - Executing <Task(BashOperator): fetch_the_api> on 2024-05-17 00:00:00+00:00
[2024-08-12T05:52:01.631+0000] {standard_task_runner.py:63} INFO - Started process 2390 to run task
[2024-08-12T05:52:01.636+0000] {standard_task_runner.py:90} INFO - Running: ['***', 'tasks', 'run', 'data_migrations2024-08-12', 'fetch_the_api', 'scheduled__2024-05-17T00:00:00+00:00', '--job-id', '2383', '--raw', '--subdir', 'DAGS_FOLDER/data_migrations.py', '--cfg-path', '/tmp/tmpukjucd0j']
[2024-08-12T05:52:01.639+0000] {standard_task_runner.py:91} INFO - Job 2383: Subtask fetch_the_api
[2024-08-12T05:52:01.718+0000] {task_command.py:426} INFO - Running <TaskInstance: data_migrations2024-08-12.fetch_the_api scheduled__2024-05-17T00:00:00+00:00 [running]> on host 05bc191a9412
[2024-08-12T05:52:01.843+0000] {taskinstance.py:2648} INFO - Exporting env vars: AIRFLOW_CTX_DAG_OWNER='***' AIRFLOW_CTX_DAG_ID='data_migrations2024-08-12' AIRFLOW_CTX_TASK_ID='fetch_the_api' AIRFLOW_CTX_EXECUTION_DATE='2024-05-17T00:00:00+00:00' AIRFLOW_CTX_TRY_NUMBER='1' AIRFLOW_CTX_DAG_RUN_ID='scheduled__2024-05-17T00:00:00+00:00'
[2024-08-12T05:52:01.843+0000] {taskinstance.py:430} INFO - ::endgroup::
[2024-08-12T05:52:01.853+0000] {subprocess.py:63} INFO - Tmp dir root location: /tmp
[2024-08-12T05:52:01.853+0000] {subprocess.py:75} INFO - Running command: ['/usr/bin/bash', '-c', 'python3 /opt/***/data/etl_m12_local_db.py']
[2024-08-12T05:52:01.860+0000] {subprocess.py:86} INFO - Output:
[2024-08-12T05:52:02.237+0000] {subprocess.py:93} INFO - Database tables created successfully.
[2024-08-12T05:52:02.257+0000] {subprocess.py:97} INFO - Command exited with return code 1
[2024-08-12T05:52:02.258+0000] {taskinstance.py:441} INFO - ::group::Post task execution logs
[2024-08-12T05:52:02.265+0000] {taskinstance.py:2905} ERROR - Task failed with exception
Traceback (most recent call last):
  File "/home/airflow/.local/lib/python3.9/site-packages/airflow/models/taskinstance.py", line 465, in _execute_task
    result = _execute_callable(context=context, **execute_callable_kwargs)
  File "/home/airflow/.local/lib/python3.9/site-packages/airflow/models/taskinstance.py", line 432, in _execute_callable
    return execute_callable(context=context, **execute_callable_kwargs)
  File "/home/airflow/.local/lib/python3.9/site-packages/airflow/models/baseoperator.py", line 401, in wrapper
    return func(self, *args, **kwargs)
  File "/home/airflow/.local/lib/python3.9/site-packages/airflow/operators/bash.py", line 243, in execute
    raise AirflowException(
airflow.exceptions.AirflowException: Bash command failed. The command returned a non-zero exit code 1.
[2024-08-12T05:52:02.267+0000] {taskinstance.py:1206} INFO - Marking task as UP_FOR_RETRY. dag_id=data_migrations2024-08-12, task_id=fetch_the_api, run_id=scheduled__2024-05-17T00:00:00+00:00, execution_date=20240517T000000, start_date=20240812T055201, end_date=20240812T055202
[2024-08-12T05:52:02.743+0000] {standard_task_runner.py:110} ERROR - Failed to execute job 2383 for task fetch_the_api (Bash command failed. The command returned a non-zero exit code 1.; 2390)
[2024-08-12T05:52:02.774+0000] {local_task_job_runner.py:240} INFO - Task exited with return code 1
[2024-08-12T05:52:02.804+0000] {local_task_job_runner.py:222} INFO - ::endgroup::
