[2024-08-07T10:43:42.844+0000] {local_task_job_runner.py:120} INFO - ::group::Pre task execution logs
[2024-08-07T10:43:42.862+0000] {taskinstance.py:2076} INFO - Dependencies all met for dep_context=non-requeueable deps ti=<TaskInstance: etl_2024-08-07.decrypt_the_data scheduled__2024-05-18T00:00:00+00:00 [queued]>
[2024-08-07T10:43:42.867+0000] {taskinstance.py:2076} INFO - Dependencies all met for dep_context=requeueable deps ti=<TaskInstance: etl_2024-08-07.decrypt_the_data scheduled__2024-05-18T00:00:00+00:00 [queued]>
[2024-08-07T10:43:42.867+0000] {taskinstance.py:2306} INFO - Starting attempt 1 of 2
[2024-08-07T10:43:42.944+0000] {taskinstance.py:2330} INFO - Executing <Task(BashOperator): decrypt_the_data> on 2024-05-18 00:00:00+00:00
[2024-08-07T10:43:42.952+0000] {standard_task_runner.py:63} INFO - Started process 1924 to run task
[2024-08-07T10:43:42.956+0000] {standard_task_runner.py:90} INFO - Running: ['***', 'tasks', 'run', 'etl_2024-08-07', 'decrypt_the_data', 'scheduled__2024-05-18T00:00:00+00:00', '--job-id', '166', '--raw', '--subdir', 'DAGS_FOLDER/final_etl.py', '--cfg-path', '/tmp/tmplstw5dkq']
[2024-08-07T10:43:42.958+0000] {standard_task_runner.py:91} INFO - Job 166: Subtask decrypt_the_data
[2024-08-07T10:43:43.040+0000] {task_command.py:426} INFO - Running <TaskInstance: etl_2024-08-07.decrypt_the_data scheduled__2024-05-18T00:00:00+00:00 [running]> on host 8cffaad11d99
[2024-08-07T10:43:43.943+0000] {taskinstance.py:2648} INFO - Exporting env vars: AIRFLOW_CTX_DAG_OWNER='***' AIRFLOW_CTX_DAG_ID='etl_2024-08-07' AIRFLOW_CTX_TASK_ID='decrypt_the_data' AIRFLOW_CTX_EXECUTION_DATE='2024-05-18T00:00:00+00:00' AIRFLOW_CTX_TRY_NUMBER='1' AIRFLOW_CTX_DAG_RUN_ID='scheduled__2024-05-18T00:00:00+00:00'
[2024-08-07T10:43:43.945+0000] {taskinstance.py:430} INFO - ::endgroup::
[2024-08-07T10:43:43.968+0000] {subprocess.py:63} INFO - Tmp dir root location: /tmp
[2024-08-07T10:43:43.970+0000] {subprocess.py:75} INFO - Running command: ['/usr/bin/bash', '-c', 'python3 /opt/***/data/decryption_utils.py']
[2024-08-07T10:43:43.981+0000] {subprocess.py:86} INFO - Output:
[2024-08-07T10:43:44.087+0000] {subprocess.py:97} INFO - Command exited with return code 0
[2024-08-07T10:43:44.088+0000] {taskinstance.py:441} INFO - ::group::Post task execution logs
[2024-08-07T10:43:44.142+0000] {taskinstance.py:1206} INFO - Marking task as SUCCESS. dag_id=etl_2024-08-07, task_id=decrypt_the_data, run_id=scheduled__2024-05-18T00:00:00+00:00, execution_date=20240518T000000, start_date=20240807T104342, end_date=20240807T104344
[2024-08-07T10:43:44.214+0000] {local_task_job_runner.py:240} INFO - Task exited with return code 0
[2024-08-07T10:43:44.231+0000] {taskinstance.py:3503} INFO - 1 downstream tasks scheduled from follow-on schedule check
[2024-08-07T10:43:44.262+0000] {local_task_job_runner.py:222} INFO - ::endgroup::
[2024-08-07T10:49:51.143+0000] {local_task_job_runner.py:120} INFO - ::group::Pre task execution logs
[2024-08-07T10:49:51.163+0000] {taskinstance.py:2076} INFO - Dependencies all met for dep_context=non-requeueable deps ti=<TaskInstance: etl_2024-08-07.decrypt_the_data scheduled__2024-05-18T00:00:00+00:00 [queued]>
[2024-08-07T10:49:51.170+0000] {taskinstance.py:2076} INFO - Dependencies all met for dep_context=requeueable deps ti=<TaskInstance: etl_2024-08-07.decrypt_the_data scheduled__2024-05-18T00:00:00+00:00 [queued]>
[2024-08-07T10:49:51.170+0000] {taskinstance.py:2306} INFO - Starting attempt 1 of 2
[2024-08-07T10:49:51.201+0000] {taskinstance.py:2330} INFO - Executing <Task(BashOperator): decrypt_the_data> on 2024-05-18 00:00:00+00:00
[2024-08-07T10:49:51.204+0000] {standard_task_runner.py:63} INFO - Started process 2712 to run task
[2024-08-07T10:49:51.207+0000] {standard_task_runner.py:90} INFO - Running: ['***', 'tasks', 'run', 'etl_2024-08-07', 'decrypt_the_data', 'scheduled__2024-05-18T00:00:00+00:00', '--job-id', '384', '--raw', '--subdir', 'DAGS_FOLDER/final_etl.py', '--cfg-path', '/tmp/tmp11jhwg_h']
[2024-08-07T10:49:51.209+0000] {standard_task_runner.py:91} INFO - Job 384: Subtask decrypt_the_data
[2024-08-07T10:49:51.276+0000] {task_command.py:426} INFO - Running <TaskInstance: etl_2024-08-07.decrypt_the_data scheduled__2024-05-18T00:00:00+00:00 [running]> on host 8cffaad11d99
[2024-08-07T10:49:51.405+0000] {taskinstance.py:2648} INFO - Exporting env vars: AIRFLOW_CTX_DAG_OWNER='***' AIRFLOW_CTX_DAG_ID='etl_2024-08-07' AIRFLOW_CTX_TASK_ID='decrypt_the_data' AIRFLOW_CTX_EXECUTION_DATE='2024-05-18T00:00:00+00:00' AIRFLOW_CTX_TRY_NUMBER='1' AIRFLOW_CTX_DAG_RUN_ID='scheduled__2024-05-18T00:00:00+00:00'
[2024-08-07T10:49:51.406+0000] {taskinstance.py:430} INFO - ::endgroup::
[2024-08-07T10:49:51.420+0000] {subprocess.py:63} INFO - Tmp dir root location: /tmp
[2024-08-07T10:49:51.420+0000] {subprocess.py:75} INFO - Running command: ['/usr/bin/bash', '-c', 'python3 /opt/***/data/decryption_utils.py']
[2024-08-07T10:49:51.429+0000] {subprocess.py:86} INFO - Output:
[2024-08-07T10:49:51.524+0000] {subprocess.py:97} INFO - Command exited with return code 0
[2024-08-07T10:49:51.525+0000] {taskinstance.py:441} INFO - ::group::Post task execution logs
[2024-08-07T10:49:51.571+0000] {taskinstance.py:1206} INFO - Marking task as SUCCESS. dag_id=etl_2024-08-07, task_id=decrypt_the_data, run_id=scheduled__2024-05-18T00:00:00+00:00, execution_date=20240518T000000, start_date=20240807T104951, end_date=20240807T104951
[2024-08-07T10:49:51.619+0000] {local_task_job_runner.py:240} INFO - Task exited with return code 0
[2024-08-07T10:49:51.634+0000] {local_task_job_runner.py:222} INFO - ::endgroup::
