[2024-08-21T06:14:45.311+0000] {local_task_job_runner.py:120} INFO - ::group::Pre task execution logs
[2024-08-21T06:14:45.524+0000] {taskinstance.py:2076} INFO - Dependencies all met for dep_context=non-requeueable deps ti=<TaskInstance: etl_22024-08-21.fetch_the_api scheduled__2024-06-10T00:00:00+00:00 [queued]>
[2024-08-21T06:14:45.548+0000] {taskinstance.py:2076} INFO - Dependencies all met for dep_context=requeueable deps ti=<TaskInstance: etl_22024-08-21.fetch_the_api scheduled__2024-06-10T00:00:00+00:00 [queued]>
[2024-08-21T06:14:45.550+0000] {taskinstance.py:2306} INFO - Starting attempt 1 of 2
[2024-08-21T06:14:45.646+0000] {taskinstance.py:2330} INFO - Executing <Task(BashOperator): fetch_the_api> on 2024-06-10 00:00:00+00:00
[2024-08-21T06:14:45.817+0000] {logging_mixin.py:188} WARNING - /home/***/.local/lib/python3.12/site-packages/***/task/task_runner/standard_task_runner.py:61 DeprecationWarning: This process (pid=2126) is multi-threaded, use of fork() may lead to deadlocks in the child.
[2024-08-21T06:14:45.822+0000] {standard_task_runner.py:63} INFO - Started process 2129 to run task
[2024-08-21T06:14:45.799+0000] {standard_task_runner.py:90} INFO - Running: ['***', 'tasks', 'run', 'etl_22024-08-21', 'fetch_the_api', 'scheduled__2024-06-10T00:00:00+00:00', '--job-id', '326', '--raw', '--subdir', 'DAGS_FOLDER/final_etl.py', '--cfg-path', '/tmp/tmpsev94zla']
[2024-08-21T06:14:45.851+0000] {standard_task_runner.py:91} INFO - Job 326: Subtask fetch_the_api
[2024-08-21T06:14:46.148+0000] {task_command.py:426} INFO - Running <TaskInstance: etl_22024-08-21.fetch_the_api scheduled__2024-06-10T00:00:00+00:00 [running]> on host 7e1333882d71
[2024-08-21T06:14:46.821+0000] {taskinstance.py:2648} INFO - Exporting env vars: AIRFLOW_CTX_DAG_OWNER='***' AIRFLOW_CTX_DAG_ID='etl_22024-08-21' AIRFLOW_CTX_TASK_ID='fetch_the_api' AIRFLOW_CTX_EXECUTION_DATE='2024-06-10T00:00:00+00:00' AIRFLOW_CTX_TRY_NUMBER='1' AIRFLOW_CTX_DAG_RUN_ID='scheduled__2024-06-10T00:00:00+00:00'
[2024-08-21T06:14:46.832+0000] {taskinstance.py:430} INFO - ::endgroup::
[2024-08-21T06:14:46.900+0000] {subprocess.py:63} INFO - Tmp dir root location: /tmp
[2024-08-21T06:14:46.905+0000] {subprocess.py:75} INFO - Running command: ['/usr/bin/bash', '-c', 'python3 /opt/***/data/config.py']
[2024-08-21T06:14:46.940+0000] {subprocess.py:86} INFO - Output:
[2024-08-21T06:14:47.144+0000] {subprocess.py:97} INFO - Command exited with return code 0
[2024-08-21T06:14:47.168+0000] {taskinstance.py:441} INFO - ::group::Post task execution logs
[2024-08-21T06:14:47.345+0000] {taskinstance.py:1206} INFO - Marking task as SUCCESS. dag_id=etl_22024-08-21, task_id=fetch_the_api, run_id=scheduled__2024-06-10T00:00:00+00:00, execution_date=20240610T000000, start_date=20240821T061445, end_date=20240821T061447
[2024-08-21T06:14:47.432+0000] {local_task_job_runner.py:240} INFO - Task exited with return code 0
[2024-08-21T06:14:47.594+0000] {taskinstance.py:3503} INFO - 1 downstream tasks scheduled from follow-on schedule check
[2024-08-21T06:14:47.600+0000] {local_task_job_runner.py:222} INFO - ::endgroup::
