[2024-08-21T06:01:18.690+0000] {local_task_job_runner.py:120} INFO - ::group::Pre task execution logs
[2024-08-21T06:01:18.835+0000] {taskinstance.py:2076} INFO - Dependencies all met for dep_context=non-requeueable deps ti=<TaskInstance: etl_mega2024-08-21.log_the_data scheduled__2024-05-11T00:00:00+00:00 [queued]>
[2024-08-21T06:01:18.859+0000] {taskinstance.py:2076} INFO - Dependencies all met for dep_context=requeueable deps ti=<TaskInstance: etl_mega2024-08-21.log_the_data scheduled__2024-05-11T00:00:00+00:00 [queued]>
[2024-08-21T06:01:18.860+0000] {taskinstance.py:2306} INFO - Starting attempt 1 of 2
[2024-08-21T06:01:18.947+0000] {taskinstance.py:2330} INFO - Executing <Task(BashOperator): log_the_data> on 2024-05-11 00:00:00+00:00
[2024-08-21T06:01:18.967+0000] {standard_task_runner.py:90} INFO - Running: ['***', 'tasks', 'run', 'etl_mega2024-08-21', 'log_the_data', 'scheduled__2024-05-11T00:00:00+00:00', '--job-id', '40', '--raw', '--subdir', 'DAGS_FOLDER/final_etl.py', '--cfg-path', '/tmp/tmp6ebtlyb2']
[2024-08-21T06:01:18.973+0000] {standard_task_runner.py:91} INFO - Job 40: Subtask log_the_data
[2024-08-21T06:01:18.969+0000] {logging_mixin.py:188} WARNING - /home/***/.local/lib/python3.12/site-packages/***/task/task_runner/standard_task_runner.py:61 DeprecationWarning: This process (pid=342) is multi-threaded, use of fork() may lead to deadlocks in the child.
[2024-08-21T06:01:18.979+0000] {standard_task_runner.py:63} INFO - Started process 354 to run task
[2024-08-21T06:01:19.223+0000] {task_command.py:426} INFO - Running <TaskInstance: etl_mega2024-08-21.log_the_data scheduled__2024-05-11T00:00:00+00:00 [running]> on host 7e1333882d71
[2024-08-21T06:01:19.374+0000] {taskinstance.py:2648} INFO - Exporting env vars: AIRFLOW_CTX_DAG_OWNER='***' AIRFLOW_CTX_DAG_ID='etl_mega2024-08-21' AIRFLOW_CTX_TASK_ID='log_the_data' AIRFLOW_CTX_EXECUTION_DATE='2024-05-11T00:00:00+00:00' AIRFLOW_CTX_TRY_NUMBER='1' AIRFLOW_CTX_DAG_RUN_ID='scheduled__2024-05-11T00:00:00+00:00'
[2024-08-21T06:01:19.377+0000] {taskinstance.py:430} INFO - ::endgroup::
[2024-08-21T06:01:19.392+0000] {subprocess.py:63} INFO - Tmp dir root location: /tmp
[2024-08-21T06:01:19.395+0000] {subprocess.py:75} INFO - Running command: ['/usr/bin/bash', '-c', 'python3 /opt/***/data/logging_config.py']
[2024-08-21T06:01:19.418+0000] {subprocess.py:86} INFO - Output:
[2024-08-21T06:01:20.217+0000] {subprocess.py:97} INFO - Command exited with return code 0
[2024-08-21T06:01:20.234+0000] {taskinstance.py:441} INFO - ::group::Post task execution logs
[2024-08-21T06:01:20.336+0000] {taskinstance.py:1206} INFO - Marking task as SUCCESS. dag_id=etl_mega2024-08-21, task_id=log_the_data, run_id=scheduled__2024-05-11T00:00:00+00:00, execution_date=20240511T000000, start_date=20240821T060118, end_date=20240821T060120
[2024-08-21T06:01:20.569+0000] {local_task_job_runner.py:240} INFO - Task exited with return code 0
[2024-08-21T06:01:20.929+0000] {taskinstance.py:3503} INFO - 1 downstream tasks scheduled from follow-on schedule check
[2024-08-21T06:01:20.960+0000] {local_task_job_runner.py:222} INFO - ::endgroup::
