[2024-08-07T10:49:02.245+0000] {local_task_job_runner.py:120} INFO - ::group::Pre task execution logs
[2024-08-07T10:49:02.276+0000] {taskinstance.py:2076} INFO - Dependencies all met for dep_context=non-requeueable deps ti=<TaskInstance: etl_2024-08-07.log_the_data scheduled__2024-06-03T00:00:00+00:00 [queued]>
[2024-08-07T10:49:02.285+0000] {taskinstance.py:2076} INFO - Dependencies all met for dep_context=requeueable deps ti=<TaskInstance: etl_2024-08-07.log_the_data scheduled__2024-06-03T00:00:00+00:00 [queued]>
[2024-08-07T10:49:02.285+0000] {taskinstance.py:2306} INFO - Starting attempt 1 of 2
[2024-08-07T10:49:02.308+0000] {taskinstance.py:2330} INFO - Executing <Task(BashOperator): log_the_data> on 2024-06-03 00:00:00+00:00
[2024-08-07T10:49:02.312+0000] {standard_task_runner.py:63} INFO - Started process 2354 to run task
[2024-08-07T10:49:02.315+0000] {standard_task_runner.py:90} INFO - Running: ['***', 'tasks', 'run', 'etl_2024-08-07', 'log_the_data', 'scheduled__2024-06-03T00:00:00+00:00', '--job-id', '274', '--raw', '--subdir', 'DAGS_FOLDER/final_etl.py', '--cfg-path', '/tmp/tmpgprtl5tk']
[2024-08-07T10:49:02.316+0000] {standard_task_runner.py:91} INFO - Job 274: Subtask log_the_data
[2024-08-07T10:49:02.391+0000] {task_command.py:426} INFO - Running <TaskInstance: etl_2024-08-07.log_the_data scheduled__2024-06-03T00:00:00+00:00 [running]> on host 8cffaad11d99
[2024-08-07T10:49:02.550+0000] {taskinstance.py:2648} INFO - Exporting env vars: AIRFLOW_CTX_DAG_OWNER='***' AIRFLOW_CTX_DAG_ID='etl_2024-08-07' AIRFLOW_CTX_TASK_ID='log_the_data' AIRFLOW_CTX_EXECUTION_DATE='2024-06-03T00:00:00+00:00' AIRFLOW_CTX_TRY_NUMBER='1' AIRFLOW_CTX_DAG_RUN_ID='scheduled__2024-06-03T00:00:00+00:00'
[2024-08-07T10:49:02.551+0000] {taskinstance.py:430} INFO - ::endgroup::
[2024-08-07T10:49:02.564+0000] {subprocess.py:63} INFO - Tmp dir root location: /tmp
[2024-08-07T10:49:02.565+0000] {subprocess.py:75} INFO - Running command: ['/usr/bin/bash', '-c', 'python3 /opt/***/data/logging_config.py']
[2024-08-07T10:49:02.573+0000] {subprocess.py:86} INFO - Output:
[2024-08-07T10:49:02.688+0000] {subprocess.py:97} INFO - Command exited with return code 0
[2024-08-07T10:49:02.689+0000] {taskinstance.py:441} INFO - ::group::Post task execution logs
[2024-08-07T10:49:02.729+0000] {taskinstance.py:1206} INFO - Marking task as SUCCESS. dag_id=etl_2024-08-07, task_id=log_the_data, run_id=scheduled__2024-06-03T00:00:00+00:00, execution_date=20240603T000000, start_date=20240807T104902, end_date=20240807T104902
[2024-08-07T10:49:02.767+0000] {local_task_job_runner.py:240} INFO - Task exited with return code 0
[2024-08-07T10:49:02.788+0000] {taskinstance.py:3503} INFO - 1 downstream tasks scheduled from follow-on schedule check
[2024-08-07T10:49:02.807+0000] {local_task_job_runner.py:222} INFO - ::endgroup::
[2024-08-07T10:55:13.165+0000] {local_task_job_runner.py:120} INFO - ::group::Pre task execution logs
[2024-08-07T10:55:13.198+0000] {taskinstance.py:2076} INFO - Dependencies all met for dep_context=non-requeueable deps ti=<TaskInstance: etl_2024-08-07.log_the_data scheduled__2024-06-03T00:00:00+00:00 [queued]>
[2024-08-07T10:55:13.203+0000] {taskinstance.py:2076} INFO - Dependencies all met for dep_context=requeueable deps ti=<TaskInstance: etl_2024-08-07.log_the_data scheduled__2024-06-03T00:00:00+00:00 [queued]>
[2024-08-07T10:55:13.203+0000] {taskinstance.py:2306} INFO - Starting attempt 1 of 2
[2024-08-07T10:55:13.244+0000] {taskinstance.py:2330} INFO - Executing <Task(BashOperator): log_the_data> on 2024-06-03 00:00:00+00:00
[2024-08-07T10:55:13.248+0000] {standard_task_runner.py:63} INFO - Started process 3146 to run task
[2024-08-07T10:55:13.252+0000] {standard_task_runner.py:90} INFO - Running: ['***', 'tasks', 'run', 'etl_2024-08-07', 'log_the_data', 'scheduled__2024-06-03T00:00:00+00:00', '--job-id', '485', '--raw', '--subdir', 'DAGS_FOLDER/final_etl.py', '--cfg-path', '/tmp/tmp3iz7ka1f']
[2024-08-07T10:55:13.254+0000] {standard_task_runner.py:91} INFO - Job 485: Subtask log_the_data
[2024-08-07T10:55:13.343+0000] {task_command.py:426} INFO - Running <TaskInstance: etl_2024-08-07.log_the_data scheduled__2024-06-03T00:00:00+00:00 [running]> on host 8cffaad11d99
[2024-08-07T10:55:13.462+0000] {taskinstance.py:2648} INFO - Exporting env vars: AIRFLOW_CTX_DAG_OWNER='***' AIRFLOW_CTX_DAG_ID='etl_2024-08-07' AIRFLOW_CTX_TASK_ID='log_the_data' AIRFLOW_CTX_EXECUTION_DATE='2024-06-03T00:00:00+00:00' AIRFLOW_CTX_TRY_NUMBER='1' AIRFLOW_CTX_DAG_RUN_ID='scheduled__2024-06-03T00:00:00+00:00'
[2024-08-07T10:55:13.462+0000] {taskinstance.py:430} INFO - ::endgroup::
[2024-08-07T10:55:13.472+0000] {subprocess.py:63} INFO - Tmp dir root location: /tmp
[2024-08-07T10:55:13.472+0000] {subprocess.py:75} INFO - Running command: ['/usr/bin/bash', '-c', 'python3 /opt/***/data/logging_config.py']
[2024-08-07T10:55:13.480+0000] {subprocess.py:86} INFO - Output:
[2024-08-07T10:55:13.562+0000] {subprocess.py:97} INFO - Command exited with return code 0
[2024-08-07T10:55:13.562+0000] {taskinstance.py:441} INFO - ::group::Post task execution logs
[2024-08-07T10:55:13.605+0000] {taskinstance.py:1206} INFO - Marking task as SUCCESS. dag_id=etl_2024-08-07, task_id=log_the_data, run_id=scheduled__2024-06-03T00:00:00+00:00, execution_date=20240603T000000, start_date=20240807T105513, end_date=20240807T105513
[2024-08-07T10:55:13.785+0000] {local_task_job_runner.py:240} INFO - Task exited with return code 0
[2024-08-07T10:55:13.805+0000] {taskinstance.py:3503} INFO - 1 downstream tasks scheduled from follow-on schedule check
[2024-08-07T10:55:13.839+0000] {local_task_job_runner.py:222} INFO - ::endgroup::
