[2024-08-13T05:27:48.277+0000] {local_task_job_runner.py:120} INFO - ::group::Pre task execution logs
[2024-08-13T05:27:48.298+0000] {taskinstance.py:2076} INFO - Dependencies all met for dep_context=non-requeueable deps ti=<TaskInstance: data_migrations2024-08-13.fetch_the_api scheduled__2024-06-27T00:00:00+00:00 [queued]>
[2024-08-13T05:27:48.303+0000] {taskinstance.py:2076} INFO - Dependencies all met for dep_context=requeueable deps ti=<TaskInstance: data_migrations2024-08-13.fetch_the_api scheduled__2024-06-27T00:00:00+00:00 [queued]>
[2024-08-13T05:27:48.304+0000] {taskinstance.py:2306} INFO - Starting attempt 1 of 2
[2024-08-13T05:27:48.346+0000] {taskinstance.py:2330} INFO - Executing <Task(BashOperator): fetch_the_api> on 2024-06-27 00:00:00+00:00
[2024-08-13T05:27:48.353+0000] {standard_task_runner.py:63} INFO - Started process 2222 to run task
[2024-08-13T05:27:48.357+0000] {standard_task_runner.py:90} INFO - Running: ['***', 'tasks', 'run', 'data_migrations2024-08-13', 'fetch_the_api', 'scheduled__2024-06-27T00:00:00+00:00', '--job-id', '3302', '--raw', '--subdir', 'DAGS_FOLDER/data_migrations.py', '--cfg-path', '/tmp/tmpgkeray0e']
[2024-08-13T05:27:48.358+0000] {standard_task_runner.py:91} INFO - Job 3302: Subtask fetch_the_api
[2024-08-13T05:27:48.424+0000] {task_command.py:426} INFO - Running <TaskInstance: data_migrations2024-08-13.fetch_the_api scheduled__2024-06-27T00:00:00+00:00 [running]> on host 22a1a79ba5d1
[2024-08-13T05:27:48.566+0000] {taskinstance.py:2648} INFO - Exporting env vars: AIRFLOW_CTX_DAG_OWNER='***' AIRFLOW_CTX_DAG_ID='data_migrations2024-08-13' AIRFLOW_CTX_TASK_ID='fetch_the_api' AIRFLOW_CTX_EXECUTION_DATE='2024-06-27T00:00:00+00:00' AIRFLOW_CTX_TRY_NUMBER='1' AIRFLOW_CTX_DAG_RUN_ID='scheduled__2024-06-27T00:00:00+00:00'
[2024-08-13T05:27:48.567+0000] {taskinstance.py:430} INFO - ::endgroup::
[2024-08-13T05:27:48.579+0000] {subprocess.py:63} INFO - Tmp dir root location: /tmp
[2024-08-13T05:27:48.579+0000] {subprocess.py:75} INFO - Running command: ['/usr/bin/bash', '-c', 'python3 /opt/***/data/etl_m12_local_db.py']
[2024-08-13T05:27:48.586+0000] {subprocess.py:86} INFO - Output:
[2024-08-13T05:27:50.052+0000] {subprocess.py:93} INFO - Database tables created successfully.
[2024-08-13T05:27:50.085+0000] {subprocess.py:97} INFO - Command exited with return code 0
[2024-08-13T05:27:50.086+0000] {taskinstance.py:441} INFO - ::group::Post task execution logs
[2024-08-13T05:27:50.142+0000] {taskinstance.py:1206} INFO - Marking task as SUCCESS. dag_id=data_migrations2024-08-13, task_id=fetch_the_api, run_id=scheduled__2024-06-27T00:00:00+00:00, execution_date=20240627T000000, start_date=20240813T052748, end_date=20240813T052750
[2024-08-13T05:27:51.021+0000] {local_task_job_runner.py:240} INFO - Task exited with return code 0
[2024-08-13T05:27:51.049+0000] {taskinstance.py:3503} INFO - 0 downstream tasks scheduled from follow-on schedule check
[2024-08-13T05:27:51.092+0000] {local_task_job_runner.py:222} INFO - ::endgroup::
