[2024-08-08T06:07:23.792+0000] {local_task_job_runner.py:120} INFO - ::group::Pre task execution logs
[2024-08-08T06:07:23.820+0000] {taskinstance.py:2076} INFO - Dependencies all met for dep_context=non-requeueable deps ti=<TaskInstance: etl_2024-08-08.decrypt_the_data scheduled__2024-05-17T00:00:00+00:00 [queued]>
[2024-08-08T06:07:23.825+0000] {taskinstance.py:2076} INFO - Dependencies all met for dep_context=requeueable deps ti=<TaskInstance: etl_2024-08-08.decrypt_the_data scheduled__2024-05-17T00:00:00+00:00 [queued]>
[2024-08-08T06:07:23.825+0000] {taskinstance.py:2306} INFO - Starting attempt 1 of 2
[2024-08-08T06:07:23.880+0000] {taskinstance.py:2330} INFO - Executing <Task(BashOperator): decrypt_the_data> on 2024-05-17 00:00:00+00:00
[2024-08-08T06:07:23.886+0000] {standard_task_runner.py:63} INFO - Started process 3489 to run task
[2024-08-08T06:07:23.893+0000] {standard_task_runner.py:90} INFO - Running: ['***', 'tasks', 'run', 'etl_2024-08-08', 'decrypt_the_data', 'scheduled__2024-05-17T00:00:00+00:00', '--job-id', '1158', '--raw', '--subdir', 'DAGS_FOLDER/final_etl.py', '--cfg-path', '/tmp/tmprbdh03_1']
[2024-08-08T06:07:23.896+0000] {standard_task_runner.py:91} INFO - Job 1158: Subtask decrypt_the_data
[2024-08-08T06:07:23.987+0000] {task_command.py:426} INFO - Running <TaskInstance: etl_2024-08-08.decrypt_the_data scheduled__2024-05-17T00:00:00+00:00 [running]> on host 05bc191a9412
[2024-08-08T06:07:24.118+0000] {taskinstance.py:2648} INFO - Exporting env vars: AIRFLOW_CTX_DAG_OWNER='***' AIRFLOW_CTX_DAG_ID='etl_2024-08-08' AIRFLOW_CTX_TASK_ID='decrypt_the_data' AIRFLOW_CTX_EXECUTION_DATE='2024-05-17T00:00:00+00:00' AIRFLOW_CTX_TRY_NUMBER='1' AIRFLOW_CTX_DAG_RUN_ID='scheduled__2024-05-17T00:00:00+00:00'
[2024-08-08T06:07:24.118+0000] {taskinstance.py:430} INFO - ::endgroup::
[2024-08-08T06:07:24.126+0000] {subprocess.py:63} INFO - Tmp dir root location: /tmp
[2024-08-08T06:07:24.127+0000] {subprocess.py:75} INFO - Running command: ['/usr/bin/bash', '-c', 'python3 /opt/***/data/decryption_utils.py']
[2024-08-08T06:07:24.135+0000] {subprocess.py:86} INFO - Output:
[2024-08-08T06:07:24.261+0000] {subprocess.py:97} INFO - Command exited with return code 0
[2024-08-08T06:07:24.262+0000] {taskinstance.py:441} INFO - ::group::Post task execution logs
[2024-08-08T06:07:24.305+0000] {taskinstance.py:1206} INFO - Marking task as SUCCESS. dag_id=etl_2024-08-08, task_id=decrypt_the_data, run_id=scheduled__2024-05-17T00:00:00+00:00, execution_date=20240517T000000, start_date=20240808T060723, end_date=20240808T060724
[2024-08-08T06:07:24.385+0000] {local_task_job_runner.py:240} INFO - Task exited with return code 0
[2024-08-08T06:07:24.413+0000] {taskinstance.py:3503} INFO - 1 downstream tasks scheduled from follow-on schedule check
[2024-08-08T06:07:24.437+0000] {local_task_job_runner.py:222} INFO - ::endgroup::
