[2024-08-21T06:08:53.792+0000] {local_task_job_runner.py:120} INFO - ::group::Pre task execution logs
[2024-08-21T06:08:54.120+0000] {taskinstance.py:2076} INFO - Dependencies all met for dep_context=non-requeueable deps ti=<TaskInstance: etl_22024-08-21.decrypt_the_data scheduled__2024-05-24T00:00:00+00:00 [queued]>
[2024-08-21T06:08:54.235+0000] {taskinstance.py:2076} INFO - Dependencies all met for dep_context=requeueable deps ti=<TaskInstance: etl_22024-08-21.decrypt_the_data scheduled__2024-05-24T00:00:00+00:00 [queued]>
[2024-08-21T06:08:54.245+0000] {taskinstance.py:2306} INFO - Starting attempt 1 of 2
[2024-08-21T06:08:54.595+0000] {taskinstance.py:2330} INFO - Executing <Task(BashOperator): decrypt_the_data> on 2024-05-24 00:00:00+00:00
[2024-08-21T06:08:54.896+0000] {standard_task_runner.py:90} INFO - Running: ['***', 'tasks', 'run', 'etl_22024-08-21', 'decrypt_the_data', 'scheduled__2024-05-24T00:00:00+00:00', '--job-id', '256', '--raw', '--subdir', 'DAGS_FOLDER/final_etl.py', '--cfg-path', '/tmp/tmpt4lekmpq']
[2024-08-21T06:08:55.032+0000] {standard_task_runner.py:91} INFO - Job 256: Subtask decrypt_the_data
[2024-08-21T06:08:55.127+0000] {logging_mixin.py:188} WARNING - /home/***/.local/lib/python3.12/site-packages/***/task/task_runner/standard_task_runner.py:61 DeprecationWarning: This process (pid=1474) is multi-threaded, use of fork() may lead to deadlocks in the child.
[2024-08-21T06:08:55.144+0000] {standard_task_runner.py:63} INFO - Started process 1481 to run task
[2024-08-21T06:08:56.898+0000] {task_command.py:426} INFO - Running <TaskInstance: etl_22024-08-21.decrypt_the_data scheduled__2024-05-24T00:00:00+00:00 [running]> on host 7e1333882d71
[2024-08-21T06:08:59.429+0000] {taskinstance.py:2648} INFO - Exporting env vars: AIRFLOW_CTX_DAG_OWNER='***' AIRFLOW_CTX_DAG_ID='etl_22024-08-21' AIRFLOW_CTX_TASK_ID='decrypt_the_data' AIRFLOW_CTX_EXECUTION_DATE='2024-05-24T00:00:00+00:00' AIRFLOW_CTX_TRY_NUMBER='1' AIRFLOW_CTX_DAG_RUN_ID='scheduled__2024-05-24T00:00:00+00:00'
[2024-08-21T06:08:59.452+0000] {taskinstance.py:430} INFO - ::endgroup::
[2024-08-21T06:08:59.591+0000] {subprocess.py:63} INFO - Tmp dir root location: /tmp
[2024-08-21T06:08:59.626+0000] {subprocess.py:75} INFO - Running command: ['/usr/bin/bash', '-c', 'python3 /opt/***/data/decryption_utils.py']
[2024-08-21T06:08:59.745+0000] {subprocess.py:86} INFO - Output:
[2024-08-21T06:09:02.059+0000] {subprocess.py:97} INFO - Command exited with return code 0
[2024-08-21T06:09:02.199+0000] {taskinstance.py:441} INFO - ::group::Post task execution logs
[2024-08-21T06:09:02.646+0000] {taskinstance.py:1206} INFO - Marking task as SUCCESS. dag_id=etl_22024-08-21, task_id=decrypt_the_data, run_id=scheduled__2024-05-24T00:00:00+00:00, execution_date=20240524T000000, start_date=20240821T060854, end_date=20240821T060902
[2024-08-21T06:09:02.866+0000] {local_task_job_runner.py:240} INFO - Task exited with return code 0
[2024-08-21T06:09:03.328+0000] {taskinstance.py:3503} INFO - 1 downstream tasks scheduled from follow-on schedule check
[2024-08-21T06:09:03.382+0000] {local_task_job_runner.py:222} INFO - ::endgroup::
