[2024-08-07T10:48:59.883+0000] {local_task_job_runner.py:120} INFO - ::group::Pre task execution logs
[2024-08-07T10:48:59.905+0000] {taskinstance.py:2076} INFO - Dependencies all met for dep_context=non-requeueable deps ti=<TaskInstance: etl_2024-08-07.decrypt_the_data scheduled__2024-05-24T00:00:00+00:00 [queued]>
[2024-08-07T10:48:59.913+0000] {taskinstance.py:2076} INFO - Dependencies all met for dep_context=requeueable deps ti=<TaskInstance: etl_2024-08-07.decrypt_the_data scheduled__2024-05-24T00:00:00+00:00 [queued]>
[2024-08-07T10:48:59.913+0000] {taskinstance.py:2306} INFO - Starting attempt 1 of 2
[2024-08-07T10:48:59.939+0000] {taskinstance.py:2330} INFO - Executing <Task(BashOperator): decrypt_the_data> on 2024-05-24 00:00:00+00:00
[2024-08-07T10:48:59.942+0000] {standard_task_runner.py:63} INFO - Started process 2288 to run task
[2024-08-07T10:48:59.947+0000] {standard_task_runner.py:90} INFO - Running: ['***', 'tasks', 'run', 'etl_2024-08-07', 'decrypt_the_data', 'scheduled__2024-05-24T00:00:00+00:00', '--job-id', '246', '--raw', '--subdir', 'DAGS_FOLDER/final_etl.py', '--cfg-path', '/tmp/tmpqmqhql8m']
[2024-08-07T10:48:59.948+0000] {standard_task_runner.py:91} INFO - Job 246: Subtask decrypt_the_data
[2024-08-07T10:49:00.019+0000] {task_command.py:426} INFO - Running <TaskInstance: etl_2024-08-07.decrypt_the_data scheduled__2024-05-24T00:00:00+00:00 [running]> on host 8cffaad11d99
[2024-08-07T10:49:00.147+0000] {taskinstance.py:2648} INFO - Exporting env vars: AIRFLOW_CTX_DAG_OWNER='***' AIRFLOW_CTX_DAG_ID='etl_2024-08-07' AIRFLOW_CTX_TASK_ID='decrypt_the_data' AIRFLOW_CTX_EXECUTION_DATE='2024-05-24T00:00:00+00:00' AIRFLOW_CTX_TRY_NUMBER='1' AIRFLOW_CTX_DAG_RUN_ID='scheduled__2024-05-24T00:00:00+00:00'
[2024-08-07T10:49:00.147+0000] {taskinstance.py:430} INFO - ::endgroup::
[2024-08-07T10:49:00.155+0000] {subprocess.py:63} INFO - Tmp dir root location: /tmp
[2024-08-07T10:49:00.155+0000] {subprocess.py:75} INFO - Running command: ['/usr/bin/bash', '-c', 'python3 /opt/***/data/decryption_utils.py']
[2024-08-07T10:49:00.161+0000] {subprocess.py:86} INFO - Output:
[2024-08-07T10:49:00.260+0000] {subprocess.py:97} INFO - Command exited with return code 0
[2024-08-07T10:49:00.261+0000] {taskinstance.py:441} INFO - ::group::Post task execution logs
[2024-08-07T10:49:00.303+0000] {taskinstance.py:1206} INFO - Marking task as SUCCESS. dag_id=etl_2024-08-07, task_id=decrypt_the_data, run_id=scheduled__2024-05-24T00:00:00+00:00, execution_date=20240524T000000, start_date=20240807T104859, end_date=20240807T104900
[2024-08-07T10:49:00.399+0000] {local_task_job_runner.py:240} INFO - Task exited with return code 0
[2024-08-07T10:49:00.415+0000] {taskinstance.py:3503} INFO - 1 downstream tasks scheduled from follow-on schedule check
[2024-08-07T10:49:00.440+0000] {local_task_job_runner.py:222} INFO - ::endgroup::
[2024-08-07T10:55:11.290+0000] {local_task_job_runner.py:120} INFO - ::group::Pre task execution logs
[2024-08-07T10:55:11.323+0000] {taskinstance.py:2076} INFO - Dependencies all met for dep_context=non-requeueable deps ti=<TaskInstance: etl_2024-08-07.decrypt_the_data scheduled__2024-05-24T00:00:00+00:00 [queued]>
[2024-08-07T10:55:11.330+0000] {taskinstance.py:2076} INFO - Dependencies all met for dep_context=requeueable deps ti=<TaskInstance: etl_2024-08-07.decrypt_the_data scheduled__2024-05-24T00:00:00+00:00 [queued]>
[2024-08-07T10:55:11.331+0000] {taskinstance.py:2306} INFO - Starting attempt 1 of 2
[2024-08-07T10:55:11.360+0000] {taskinstance.py:2330} INFO - Executing <Task(BashOperator): decrypt_the_data> on 2024-05-24 00:00:00+00:00
[2024-08-07T10:55:11.364+0000] {standard_task_runner.py:63} INFO - Started process 3095 to run task
[2024-08-07T10:55:11.367+0000] {standard_task_runner.py:90} INFO - Running: ['***', 'tasks', 'run', 'etl_2024-08-07', 'decrypt_the_data', 'scheduled__2024-05-24T00:00:00+00:00', '--job-id', '466', '--raw', '--subdir', 'DAGS_FOLDER/final_etl.py', '--cfg-path', '/tmp/tmpakvkdqro']
[2024-08-07T10:55:11.368+0000] {standard_task_runner.py:91} INFO - Job 466: Subtask decrypt_the_data
[2024-08-07T10:55:11.426+0000] {task_command.py:426} INFO - Running <TaskInstance: etl_2024-08-07.decrypt_the_data scheduled__2024-05-24T00:00:00+00:00 [running]> on host 8cffaad11d99
[2024-08-07T10:55:11.548+0000] {taskinstance.py:2648} INFO - Exporting env vars: AIRFLOW_CTX_DAG_OWNER='***' AIRFLOW_CTX_DAG_ID='etl_2024-08-07' AIRFLOW_CTX_TASK_ID='decrypt_the_data' AIRFLOW_CTX_EXECUTION_DATE='2024-05-24T00:00:00+00:00' AIRFLOW_CTX_TRY_NUMBER='1' AIRFLOW_CTX_DAG_RUN_ID='scheduled__2024-05-24T00:00:00+00:00'
[2024-08-07T10:55:11.548+0000] {taskinstance.py:430} INFO - ::endgroup::
[2024-08-07T10:55:11.556+0000] {subprocess.py:63} INFO - Tmp dir root location: /tmp
[2024-08-07T10:55:11.556+0000] {subprocess.py:75} INFO - Running command: ['/usr/bin/bash', '-c', 'python3 /opt/***/data/decryption_utils.py']
[2024-08-07T10:55:11.563+0000] {subprocess.py:86} INFO - Output:
[2024-08-07T10:55:11.700+0000] {subprocess.py:97} INFO - Command exited with return code 0
[2024-08-07T10:55:11.700+0000] {taskinstance.py:441} INFO - ::group::Post task execution logs
[2024-08-07T10:55:11.743+0000] {taskinstance.py:1206} INFO - Marking task as SUCCESS. dag_id=etl_2024-08-07, task_id=decrypt_the_data, run_id=scheduled__2024-05-24T00:00:00+00:00, execution_date=20240524T000000, start_date=20240807T105511, end_date=20240807T105511
[2024-08-07T10:55:11.779+0000] {local_task_job_runner.py:240} INFO - Task exited with return code 0
[2024-08-07T10:55:11.814+0000] {taskinstance.py:3503} INFO - 1 downstream tasks scheduled from follow-on schedule check
[2024-08-07T10:55:12.255+0000] {local_task_job_runner.py:222} INFO - ::endgroup::
