[2024-08-21T06:20:49.816+0000] {local_task_job_runner.py:120} INFO - ::group::Pre task execution logs
[2024-08-21T06:20:49.910+0000] {taskinstance.py:2076} INFO - Dependencies all met for dep_context=non-requeueable deps ti=<TaskInstance: etl_22024-08-21.log_the_data scheduled__2024-06-29T00:00:00+00:00 [queued]>
[2024-08-21T06:20:49.927+0000] {taskinstance.py:2076} INFO - Dependencies all met for dep_context=requeueable deps ti=<TaskInstance: etl_22024-08-21.log_the_data scheduled__2024-06-29T00:00:00+00:00 [queued]>
[2024-08-21T06:20:49.932+0000] {taskinstance.py:2306} INFO - Starting attempt 1 of 2
[2024-08-21T06:20:50.126+0000] {taskinstance.py:2330} INFO - Executing <Task(BashOperator): log_the_data> on 2024-06-29 00:00:00+00:00
[2024-08-21T06:20:50.204+0000] {logging_mixin.py:188} WARNING - /home/***/.local/lib/python3.12/site-packages/***/task/task_runner/standard_task_runner.py:61 DeprecationWarning: This process (pid=3069) is multi-threaded, use of fork() may lead to deadlocks in the child.
[2024-08-21T06:20:50.216+0000] {standard_task_runner.py:63} INFO - Started process 3076 to run task
[2024-08-21T06:20:50.221+0000] {standard_task_runner.py:90} INFO - Running: ['***', 'tasks', 'run', 'etl_22024-08-21', 'log_the_data', 'scheduled__2024-06-29T00:00:00+00:00', '--job-id', '480', '--raw', '--subdir', 'DAGS_FOLDER/final_etl.py', '--cfg-path', '/tmp/tmph63cwmfu']
[2024-08-21T06:20:50.250+0000] {standard_task_runner.py:91} INFO - Job 480: Subtask log_the_data
[2024-08-21T06:20:50.629+0000] {task_command.py:426} INFO - Running <TaskInstance: etl_22024-08-21.log_the_data scheduled__2024-06-29T00:00:00+00:00 [running]> on host 7e1333882d71
[2024-08-21T06:20:51.089+0000] {taskinstance.py:2648} INFO - Exporting env vars: AIRFLOW_CTX_DAG_OWNER='***' AIRFLOW_CTX_DAG_ID='etl_22024-08-21' AIRFLOW_CTX_TASK_ID='log_the_data' AIRFLOW_CTX_EXECUTION_DATE='2024-06-29T00:00:00+00:00' AIRFLOW_CTX_TRY_NUMBER='1' AIRFLOW_CTX_DAG_RUN_ID='scheduled__2024-06-29T00:00:00+00:00'
[2024-08-21T06:20:51.099+0000] {taskinstance.py:430} INFO - ::endgroup::
[2024-08-21T06:20:51.145+0000] {subprocess.py:63} INFO - Tmp dir root location: /tmp
[2024-08-21T06:20:51.156+0000] {subprocess.py:75} INFO - Running command: ['/usr/bin/bash', '-c', 'python3 /opt/***/data/logging_config.py']
[2024-08-21T06:20:51.193+0000] {subprocess.py:86} INFO - Output:
[2024-08-21T06:20:51.739+0000] {subprocess.py:97} INFO - Command exited with return code 0
[2024-08-21T06:20:51.767+0000] {taskinstance.py:441} INFO - ::group::Post task execution logs
[2024-08-21T06:20:51.954+0000] {taskinstance.py:1206} INFO - Marking task as SUCCESS. dag_id=etl_22024-08-21, task_id=log_the_data, run_id=scheduled__2024-06-29T00:00:00+00:00, execution_date=20240629T000000, start_date=20240821T062049, end_date=20240821T062051
[2024-08-21T06:20:52.056+0000] {local_task_job_runner.py:240} INFO - Task exited with return code 0
[2024-08-21T06:20:52.115+0000] {local_task_job_runner.py:222} INFO - ::endgroup::
