[2024-08-07T10:48:58.921+0000] {local_task_job_runner.py:120} INFO - ::group::Pre task execution logs
[2024-08-07T10:48:58.939+0000] {taskinstance.py:2076} INFO - Dependencies all met for dep_context=non-requeueable deps ti=<TaskInstance: etl_2024-08-07.fetch_the_api scheduled__2024-06-03T00:00:00+00:00 [queued]>
[2024-08-07T10:48:58.943+0000] {taskinstance.py:2076} INFO - Dependencies all met for dep_context=requeueable deps ti=<TaskInstance: etl_2024-08-07.fetch_the_api scheduled__2024-06-03T00:00:00+00:00 [queued]>
[2024-08-07T10:48:58.943+0000] {taskinstance.py:2306} INFO - Starting attempt 1 of 2
[2024-08-07T10:48:59.033+0000] {taskinstance.py:2330} INFO - Executing <Task(BashOperator): fetch_the_api> on 2024-06-03 00:00:00+00:00
[2024-08-07T10:48:59.035+0000] {standard_task_runner.py:63} INFO - Started process 2268 to run task
[2024-08-07T10:48:59.037+0000] {standard_task_runner.py:90} INFO - Running: ['***', 'tasks', 'run', 'etl_2024-08-07', 'fetch_the_api', 'scheduled__2024-06-03T00:00:00+00:00', '--job-id', '241', '--raw', '--subdir', 'DAGS_FOLDER/final_etl.py', '--cfg-path', '/tmp/tmpdf4yszgs']
[2024-08-07T10:48:59.038+0000] {standard_task_runner.py:91} INFO - Job 241: Subtask fetch_the_api
[2024-08-07T10:48:59.211+0000] {task_command.py:426} INFO - Running <TaskInstance: etl_2024-08-07.fetch_the_api scheduled__2024-06-03T00:00:00+00:00 [running]> on host 8cffaad11d99
[2024-08-07T10:48:59.707+0000] {taskinstance.py:2648} INFO - Exporting env vars: AIRFLOW_CTX_DAG_OWNER='***' AIRFLOW_CTX_DAG_ID='etl_2024-08-07' AIRFLOW_CTX_TASK_ID='fetch_the_api' AIRFLOW_CTX_EXECUTION_DATE='2024-06-03T00:00:00+00:00' AIRFLOW_CTX_TRY_NUMBER='1' AIRFLOW_CTX_DAG_RUN_ID='scheduled__2024-06-03T00:00:00+00:00'
[2024-08-07T10:48:59.708+0000] {taskinstance.py:430} INFO - ::endgroup::
[2024-08-07T10:48:59.721+0000] {subprocess.py:63} INFO - Tmp dir root location: /tmp
[2024-08-07T10:48:59.722+0000] {subprocess.py:75} INFO - Running command: ['/usr/bin/bash', '-c', 'python3 /opt/***/data/config.py']
[2024-08-07T10:48:59.728+0000] {subprocess.py:86} INFO - Output:
[2024-08-07T10:48:59.825+0000] {subprocess.py:97} INFO - Command exited with return code 0
[2024-08-07T10:48:59.826+0000] {taskinstance.py:441} INFO - ::group::Post task execution logs
[2024-08-07T10:48:59.864+0000] {taskinstance.py:1206} INFO - Marking task as SUCCESS. dag_id=etl_2024-08-07, task_id=fetch_the_api, run_id=scheduled__2024-06-03T00:00:00+00:00, execution_date=20240603T000000, start_date=20240807T104858, end_date=20240807T104859
[2024-08-07T10:48:59.972+0000] {local_task_job_runner.py:240} INFO - Task exited with return code 0
[2024-08-07T10:48:59.993+0000] {taskinstance.py:3503} INFO - 1 downstream tasks scheduled from follow-on schedule check
[2024-08-07T10:49:00.054+0000] {local_task_job_runner.py:222} INFO - ::endgroup::
[2024-08-07T10:55:10.692+0000] {local_task_job_runner.py:120} INFO - ::group::Pre task execution logs
[2024-08-07T10:55:10.710+0000] {taskinstance.py:2076} INFO - Dependencies all met for dep_context=non-requeueable deps ti=<TaskInstance: etl_2024-08-07.fetch_the_api scheduled__2024-06-03T00:00:00+00:00 [queued]>
[2024-08-07T10:55:10.714+0000] {taskinstance.py:2076} INFO - Dependencies all met for dep_context=requeueable deps ti=<TaskInstance: etl_2024-08-07.fetch_the_api scheduled__2024-06-03T00:00:00+00:00 [queued]>
[2024-08-07T10:55:10.714+0000] {taskinstance.py:2306} INFO - Starting attempt 1 of 2
[2024-08-07T10:55:10.741+0000] {taskinstance.py:2330} INFO - Executing <Task(BashOperator): fetch_the_api> on 2024-06-03 00:00:00+00:00
[2024-08-07T10:55:10.744+0000] {standard_task_runner.py:63} INFO - Started process 3059 to run task
[2024-08-07T10:55:10.745+0000] {standard_task_runner.py:90} INFO - Running: ['***', 'tasks', 'run', 'etl_2024-08-07', 'fetch_the_api', 'scheduled__2024-06-03T00:00:00+00:00', '--job-id', '454', '--raw', '--subdir', 'DAGS_FOLDER/final_etl.py', '--cfg-path', '/tmp/tmpscrnyq4s']
[2024-08-07T10:55:10.747+0000] {standard_task_runner.py:91} INFO - Job 454: Subtask fetch_the_api
[2024-08-07T10:55:10.808+0000] {task_command.py:426} INFO - Running <TaskInstance: etl_2024-08-07.fetch_the_api scheduled__2024-06-03T00:00:00+00:00 [running]> on host 8cffaad11d99
[2024-08-07T10:55:10.927+0000] {taskinstance.py:2648} INFO - Exporting env vars: AIRFLOW_CTX_DAG_OWNER='***' AIRFLOW_CTX_DAG_ID='etl_2024-08-07' AIRFLOW_CTX_TASK_ID='fetch_the_api' AIRFLOW_CTX_EXECUTION_DATE='2024-06-03T00:00:00+00:00' AIRFLOW_CTX_TRY_NUMBER='1' AIRFLOW_CTX_DAG_RUN_ID='scheduled__2024-06-03T00:00:00+00:00'
[2024-08-07T10:55:10.928+0000] {taskinstance.py:430} INFO - ::endgroup::
[2024-08-07T10:55:10.940+0000] {subprocess.py:63} INFO - Tmp dir root location: /tmp
[2024-08-07T10:55:10.941+0000] {subprocess.py:75} INFO - Running command: ['/usr/bin/bash', '-c', 'python3 /opt/***/data/config.py']
[2024-08-07T10:55:10.947+0000] {subprocess.py:86} INFO - Output:
[2024-08-07T10:55:11.013+0000] {subprocess.py:97} INFO - Command exited with return code 0
[2024-08-07T10:55:11.014+0000] {taskinstance.py:441} INFO - ::group::Post task execution logs
[2024-08-07T10:55:11.077+0000] {taskinstance.py:1206} INFO - Marking task as SUCCESS. dag_id=etl_2024-08-07, task_id=fetch_the_api, run_id=scheduled__2024-06-03T00:00:00+00:00, execution_date=20240603T000000, start_date=20240807T105510, end_date=20240807T105511
[2024-08-07T10:55:11.158+0000] {local_task_job_runner.py:240} INFO - Task exited with return code 0
[2024-08-07T10:55:11.184+0000] {taskinstance.py:3503} INFO - 1 downstream tasks scheduled from follow-on schedule check
[2024-08-07T10:55:11.208+0000] {local_task_job_runner.py:222} INFO - ::endgroup::
