[2024-08-07T10:43:35.673+0000] {local_task_job_runner.py:120} INFO - ::group::Pre task execution logs
[2024-08-07T10:43:35.690+0000] {taskinstance.py:2076} INFO - Dependencies all met for dep_context=non-requeueable deps ti=<TaskInstance: etl_2024-08-07.fetch_the_api scheduled__2024-05-14T00:00:00+00:00 [queued]>
[2024-08-07T10:43:35.693+0000] {taskinstance.py:2076} INFO - Dependencies all met for dep_context=requeueable deps ti=<TaskInstance: etl_2024-08-07.fetch_the_api scheduled__2024-05-14T00:00:00+00:00 [queued]>
[2024-08-07T10:43:35.694+0000] {taskinstance.py:2306} INFO - Starting attempt 1 of 2
[2024-08-07T10:43:35.842+0000] {taskinstance.py:2330} INFO - Executing <Task(BashOperator): fetch_the_api> on 2024-05-14 00:00:00+00:00
[2024-08-07T10:43:35.845+0000] {standard_task_runner.py:63} INFO - Started process 1740 to run task
[2024-08-07T10:43:35.847+0000] {standard_task_runner.py:90} INFO - Running: ['***', 'tasks', 'run', 'etl_2024-08-07', 'fetch_the_api', 'scheduled__2024-05-14T00:00:00+00:00', '--job-id', '108', '--raw', '--subdir', 'DAGS_FOLDER/final_etl.py', '--cfg-path', '/tmp/tmp7t009x31']
[2024-08-07T10:43:35.848+0000] {standard_task_runner.py:91} INFO - Job 108: Subtask fetch_the_api
[2024-08-07T10:43:35.959+0000] {task_command.py:426} INFO - Running <TaskInstance: etl_2024-08-07.fetch_the_api scheduled__2024-05-14T00:00:00+00:00 [running]> on host 8cffaad11d99
[2024-08-07T10:43:36.058+0000] {taskinstance.py:2648} INFO - Exporting env vars: AIRFLOW_CTX_DAG_OWNER='***' AIRFLOW_CTX_DAG_ID='etl_2024-08-07' AIRFLOW_CTX_TASK_ID='fetch_the_api' AIRFLOW_CTX_EXECUTION_DATE='2024-05-14T00:00:00+00:00' AIRFLOW_CTX_TRY_NUMBER='1' AIRFLOW_CTX_DAG_RUN_ID='scheduled__2024-05-14T00:00:00+00:00'
[2024-08-07T10:43:36.058+0000] {taskinstance.py:430} INFO - ::endgroup::
[2024-08-07T10:43:36.066+0000] {subprocess.py:63} INFO - Tmp dir root location: /tmp
[2024-08-07T10:43:36.066+0000] {subprocess.py:75} INFO - Running command: ['/usr/bin/bash', '-c', 'python3 /opt/***/data/config.py']
[2024-08-07T10:43:36.073+0000] {subprocess.py:86} INFO - Output:
[2024-08-07T10:43:36.144+0000] {subprocess.py:97} INFO - Command exited with return code 0
[2024-08-07T10:43:36.144+0000] {taskinstance.py:441} INFO - ::group::Post task execution logs
[2024-08-07T10:43:36.178+0000] {taskinstance.py:1206} INFO - Marking task as SUCCESS. dag_id=etl_2024-08-07, task_id=fetch_the_api, run_id=scheduled__2024-05-14T00:00:00+00:00, execution_date=20240514T000000, start_date=20240807T104335, end_date=20240807T104336
[2024-08-07T10:43:36.220+0000] {local_task_job_runner.py:240} INFO - Task exited with return code 0
[2024-08-07T10:43:36.230+0000] {local_task_job_runner.py:222} INFO - ::endgroup::
[2024-08-07T10:49:44.538+0000] {local_task_job_runner.py:120} INFO - ::group::Pre task execution logs
[2024-08-07T10:49:44.567+0000] {taskinstance.py:2076} INFO - Dependencies all met for dep_context=non-requeueable deps ti=<TaskInstance: etl_2024-08-07.fetch_the_api scheduled__2024-05-14T00:00:00+00:00 [queued]>
[2024-08-07T10:49:44.573+0000] {taskinstance.py:2076} INFO - Dependencies all met for dep_context=requeueable deps ti=<TaskInstance: etl_2024-08-07.fetch_the_api scheduled__2024-05-14T00:00:00+00:00 [queued]>
[2024-08-07T10:49:44.574+0000] {taskinstance.py:2306} INFO - Starting attempt 1 of 2
[2024-08-07T10:49:44.617+0000] {taskinstance.py:2330} INFO - Executing <Task(BashOperator): fetch_the_api> on 2024-05-14 00:00:00+00:00
[2024-08-07T10:49:44.621+0000] {standard_task_runner.py:63} INFO - Started process 2547 to run task
[2024-08-07T10:49:44.623+0000] {standard_task_runner.py:90} INFO - Running: ['***', 'tasks', 'run', 'etl_2024-08-07', 'fetch_the_api', 'scheduled__2024-05-14T00:00:00+00:00', '--job-id', '328', '--raw', '--subdir', 'DAGS_FOLDER/final_etl.py', '--cfg-path', '/tmp/tmp8h5ens2t']
[2024-08-07T10:49:44.625+0000] {standard_task_runner.py:91} INFO - Job 328: Subtask fetch_the_api
[2024-08-07T10:49:44.680+0000] {task_command.py:426} INFO - Running <TaskInstance: etl_2024-08-07.fetch_the_api scheduled__2024-05-14T00:00:00+00:00 [running]> on host 8cffaad11d99
[2024-08-07T10:49:44.778+0000] {taskinstance.py:2648} INFO - Exporting env vars: AIRFLOW_CTX_DAG_OWNER='***' AIRFLOW_CTX_DAG_ID='etl_2024-08-07' AIRFLOW_CTX_TASK_ID='fetch_the_api' AIRFLOW_CTX_EXECUTION_DATE='2024-05-14T00:00:00+00:00' AIRFLOW_CTX_TRY_NUMBER='1' AIRFLOW_CTX_DAG_RUN_ID='scheduled__2024-05-14T00:00:00+00:00'
[2024-08-07T10:49:44.778+0000] {taskinstance.py:430} INFO - ::endgroup::
[2024-08-07T10:49:44.786+0000] {subprocess.py:63} INFO - Tmp dir root location: /tmp
[2024-08-07T10:49:44.786+0000] {subprocess.py:75} INFO - Running command: ['/usr/bin/bash', '-c', 'python3 /opt/***/data/config.py']
[2024-08-07T10:49:44.792+0000] {subprocess.py:86} INFO - Output:
[2024-08-07T10:49:44.865+0000] {subprocess.py:97} INFO - Command exited with return code 0
[2024-08-07T10:49:44.866+0000] {taskinstance.py:441} INFO - ::group::Post task execution logs
[2024-08-07T10:49:44.907+0000] {taskinstance.py:1206} INFO - Marking task as SUCCESS. dag_id=etl_2024-08-07, task_id=fetch_the_api, run_id=scheduled__2024-05-14T00:00:00+00:00, execution_date=20240514T000000, start_date=20240807T104944, end_date=20240807T104944
[2024-08-07T10:49:46.244+0000] {local_task_job_runner.py:240} INFO - Task exited with return code 0
[2024-08-07T10:49:46.261+0000] {taskinstance.py:3503} INFO - 1 downstream tasks scheduled from follow-on schedule check
[2024-08-07T10:49:46.436+0000] {local_task_job_runner.py:222} INFO - ::endgroup::
