[2024-08-07T10:43:37.832+0000] {local_task_job_runner.py:120} INFO - ::group::Pre task execution logs
[2024-08-07T10:43:37.852+0000] {taskinstance.py:2076} INFO - Dependencies all met for dep_context=non-requeueable deps ti=<TaskInstance: etl_2024-08-07.log_the_data scheduled__2024-05-11T00:00:00+00:00 [queued]>
[2024-08-07T10:43:37.856+0000] {taskinstance.py:2076} INFO - Dependencies all met for dep_context=requeueable deps ti=<TaskInstance: etl_2024-08-07.log_the_data scheduled__2024-05-11T00:00:00+00:00 [queued]>
[2024-08-07T10:43:37.856+0000] {taskinstance.py:2306} INFO - Starting attempt 1 of 2
[2024-08-07T10:43:37.877+0000] {taskinstance.py:2330} INFO - Executing <Task(BashOperator): log_the_data> on 2024-05-11 00:00:00+00:00
[2024-08-07T10:43:37.881+0000] {standard_task_runner.py:63} INFO - Started process 1784 to run task
[2024-08-07T10:43:37.891+0000] {standard_task_runner.py:90} INFO - Running: ['***', 'tasks', 'run', 'etl_2024-08-07', 'log_the_data', 'scheduled__2024-05-11T00:00:00+00:00', '--job-id', '121', '--raw', '--subdir', 'DAGS_FOLDER/final_etl.py', '--cfg-path', '/tmp/tmpqahqvu5f']
[2024-08-07T10:43:37.893+0000] {standard_task_runner.py:91} INFO - Job 121: Subtask log_the_data
[2024-08-07T10:43:38.008+0000] {task_command.py:426} INFO - Running <TaskInstance: etl_2024-08-07.log_the_data scheduled__2024-05-11T00:00:00+00:00 [running]> on host 8cffaad11d99
[2024-08-07T10:43:38.307+0000] {taskinstance.py:2648} INFO - Exporting env vars: AIRFLOW_CTX_DAG_OWNER='***' AIRFLOW_CTX_DAG_ID='etl_2024-08-07' AIRFLOW_CTX_TASK_ID='log_the_data' AIRFLOW_CTX_EXECUTION_DATE='2024-05-11T00:00:00+00:00' AIRFLOW_CTX_TRY_NUMBER='1' AIRFLOW_CTX_DAG_RUN_ID='scheduled__2024-05-11T00:00:00+00:00'
[2024-08-07T10:43:38.307+0000] {taskinstance.py:430} INFO - ::endgroup::
[2024-08-07T10:43:38.315+0000] {subprocess.py:63} INFO - Tmp dir root location: /tmp
[2024-08-07T10:43:38.315+0000] {subprocess.py:75} INFO - Running command: ['/usr/bin/bash', '-c', 'python3 /opt/***/data/logging_config.py']
[2024-08-07T10:43:38.324+0000] {subprocess.py:86} INFO - Output:
[2024-08-07T10:43:38.426+0000] {subprocess.py:97} INFO - Command exited with return code 0
[2024-08-07T10:43:38.427+0000] {taskinstance.py:441} INFO - ::group::Post task execution logs
[2024-08-07T10:43:38.524+0000] {taskinstance.py:1206} INFO - Marking task as SUCCESS. dag_id=etl_2024-08-07, task_id=log_the_data, run_id=scheduled__2024-05-11T00:00:00+00:00, execution_date=20240511T000000, start_date=20240807T104337, end_date=20240807T104338
[2024-08-07T10:43:38.576+0000] {local_task_job_runner.py:240} INFO - Task exited with return code 0
[2024-08-07T10:43:38.584+0000] {local_task_job_runner.py:222} INFO - ::endgroup::
[2024-08-07T10:49:47.175+0000] {local_task_job_runner.py:120} INFO - ::group::Pre task execution logs
[2024-08-07T10:49:47.203+0000] {taskinstance.py:2076} INFO - Dependencies all met for dep_context=non-requeueable deps ti=<TaskInstance: etl_2024-08-07.log_the_data scheduled__2024-05-11T00:00:00+00:00 [queued]>
[2024-08-07T10:49:47.211+0000] {taskinstance.py:2076} INFO - Dependencies all met for dep_context=requeueable deps ti=<TaskInstance: etl_2024-08-07.log_the_data scheduled__2024-05-11T00:00:00+00:00 [queued]>
[2024-08-07T10:49:47.211+0000] {taskinstance.py:2306} INFO - Starting attempt 1 of 2
[2024-08-07T10:49:47.262+0000] {taskinstance.py:2330} INFO - Executing <Task(BashOperator): log_the_data> on 2024-05-11 00:00:00+00:00
[2024-08-07T10:49:47.266+0000] {standard_task_runner.py:63} INFO - Started process 2591 to run task
[2024-08-07T10:49:47.271+0000] {standard_task_runner.py:90} INFO - Running: ['***', 'tasks', 'run', 'etl_2024-08-07', 'log_the_data', 'scheduled__2024-05-11T00:00:00+00:00', '--job-id', '343', '--raw', '--subdir', 'DAGS_FOLDER/final_etl.py', '--cfg-path', '/tmp/tmpxzd3ixn7']
[2024-08-07T10:49:47.274+0000] {standard_task_runner.py:91} INFO - Job 343: Subtask log_the_data
[2024-08-07T10:49:47.350+0000] {task_command.py:426} INFO - Running <TaskInstance: etl_2024-08-07.log_the_data scheduled__2024-05-11T00:00:00+00:00 [running]> on host 8cffaad11d99
[2024-08-07T10:49:47.473+0000] {taskinstance.py:2648} INFO - Exporting env vars: AIRFLOW_CTX_DAG_OWNER='***' AIRFLOW_CTX_DAG_ID='etl_2024-08-07' AIRFLOW_CTX_TASK_ID='log_the_data' AIRFLOW_CTX_EXECUTION_DATE='2024-05-11T00:00:00+00:00' AIRFLOW_CTX_TRY_NUMBER='1' AIRFLOW_CTX_DAG_RUN_ID='scheduled__2024-05-11T00:00:00+00:00'
[2024-08-07T10:49:47.474+0000] {taskinstance.py:430} INFO - ::endgroup::
[2024-08-07T10:49:47.486+0000] {subprocess.py:63} INFO - Tmp dir root location: /tmp
[2024-08-07T10:49:47.487+0000] {subprocess.py:75} INFO - Running command: ['/usr/bin/bash', '-c', 'python3 /opt/***/data/logging_config.py']
[2024-08-07T10:49:47.495+0000] {subprocess.py:86} INFO - Output:
[2024-08-07T10:49:47.609+0000] {subprocess.py:97} INFO - Command exited with return code 0
[2024-08-07T10:49:47.610+0000] {taskinstance.py:441} INFO - ::group::Post task execution logs
[2024-08-07T10:49:47.655+0000] {taskinstance.py:1206} INFO - Marking task as SUCCESS. dag_id=etl_2024-08-07, task_id=log_the_data, run_id=scheduled__2024-05-11T00:00:00+00:00, execution_date=20240511T000000, start_date=20240807T104947, end_date=20240807T104947
[2024-08-07T10:49:47.723+0000] {local_task_job_runner.py:240} INFO - Task exited with return code 0
[2024-08-07T10:49:47.755+0000] {taskinstance.py:3503} INFO - 1 downstream tasks scheduled from follow-on schedule check
[2024-08-07T10:49:47.779+0000] {local_task_job_runner.py:222} INFO - ::endgroup::
