[2024-08-07T10:49:00.363+0000] {local_task_job_runner.py:120} INFO - ::group::Pre task execution logs
[2024-08-07T10:49:00.388+0000] {taskinstance.py:2076} INFO - Dependencies all met for dep_context=non-requeueable deps ti=<TaskInstance: etl_2024-08-07.log_the_data scheduled__2024-05-31T00:00:00+00:00 [queued]>
[2024-08-07T10:49:00.395+0000] {taskinstance.py:2076} INFO - Dependencies all met for dep_context=requeueable deps ti=<TaskInstance: etl_2024-08-07.log_the_data scheduled__2024-05-31T00:00:00+00:00 [queued]>
[2024-08-07T10:49:00.395+0000] {taskinstance.py:2306} INFO - Starting attempt 1 of 2
[2024-08-07T10:49:00.424+0000] {taskinstance.py:2330} INFO - Executing <Task(BashOperator): log_the_data> on 2024-05-31 00:00:00+00:00
[2024-08-07T10:49:00.429+0000] {standard_task_runner.py:63} INFO - Started process 2318 to run task
[2024-08-07T10:49:00.431+0000] {standard_task_runner.py:90} INFO - Running: ['***', 'tasks', 'run', 'etl_2024-08-07', 'log_the_data', 'scheduled__2024-05-31T00:00:00+00:00', '--job-id', '257', '--raw', '--subdir', 'DAGS_FOLDER/final_etl.py', '--cfg-path', '/tmp/tmpvggg11l1']
[2024-08-07T10:49:00.432+0000] {standard_task_runner.py:91} INFO - Job 257: Subtask log_the_data
[2024-08-07T10:49:00.498+0000] {task_command.py:426} INFO - Running <TaskInstance: etl_2024-08-07.log_the_data scheduled__2024-05-31T00:00:00+00:00 [running]> on host 8cffaad11d99
[2024-08-07T10:49:00.599+0000] {taskinstance.py:2648} INFO - Exporting env vars: AIRFLOW_CTX_DAG_OWNER='***' AIRFLOW_CTX_DAG_ID='etl_2024-08-07' AIRFLOW_CTX_TASK_ID='log_the_data' AIRFLOW_CTX_EXECUTION_DATE='2024-05-31T00:00:00+00:00' AIRFLOW_CTX_TRY_NUMBER='1' AIRFLOW_CTX_DAG_RUN_ID='scheduled__2024-05-31T00:00:00+00:00'
[2024-08-07T10:49:00.600+0000] {taskinstance.py:430} INFO - ::endgroup::
[2024-08-07T10:49:00.608+0000] {subprocess.py:63} INFO - Tmp dir root location: /tmp
[2024-08-07T10:49:00.608+0000] {subprocess.py:75} INFO - Running command: ['/usr/bin/bash', '-c', 'python3 /opt/***/data/logging_config.py']
[2024-08-07T10:49:00.615+0000] {subprocess.py:86} INFO - Output:
[2024-08-07T10:49:00.699+0000] {subprocess.py:97} INFO - Command exited with return code 0
[2024-08-07T10:49:00.699+0000] {taskinstance.py:441} INFO - ::group::Post task execution logs
[2024-08-07T10:49:00.736+0000] {taskinstance.py:1206} INFO - Marking task as SUCCESS. dag_id=etl_2024-08-07, task_id=log_the_data, run_id=scheduled__2024-05-31T00:00:00+00:00, execution_date=20240531T000000, start_date=20240807T104900, end_date=20240807T104900
[2024-08-07T10:49:01.327+0000] {local_task_job_runner.py:240} INFO - Task exited with return code 0
[2024-08-07T10:49:01.358+0000] {taskinstance.py:3503} INFO - 1 downstream tasks scheduled from follow-on schedule check
[2024-08-07T10:49:01.845+0000] {local_task_job_runner.py:222} INFO - ::endgroup::
[2024-08-07T10:55:12.924+0000] {local_task_job_runner.py:120} INFO - ::group::Pre task execution logs
[2024-08-07T10:55:12.952+0000] {taskinstance.py:2076} INFO - Dependencies all met for dep_context=non-requeueable deps ti=<TaskInstance: etl_2024-08-07.log_the_data scheduled__2024-05-31T00:00:00+00:00 [queued]>
[2024-08-07T10:55:12.958+0000] {taskinstance.py:2076} INFO - Dependencies all met for dep_context=requeueable deps ti=<TaskInstance: etl_2024-08-07.log_the_data scheduled__2024-05-31T00:00:00+00:00 [queued]>
[2024-08-07T10:55:12.959+0000] {taskinstance.py:2306} INFO - Starting attempt 1 of 2
[2024-08-07T10:55:13.022+0000] {taskinstance.py:2330} INFO - Executing <Task(BashOperator): log_the_data> on 2024-05-31 00:00:00+00:00
[2024-08-07T10:55:13.028+0000] {standard_task_runner.py:63} INFO - Started process 3134 to run task
[2024-08-07T10:55:13.035+0000] {standard_task_runner.py:90} INFO - Running: ['***', 'tasks', 'run', 'etl_2024-08-07', 'log_the_data', 'scheduled__2024-05-31T00:00:00+00:00', '--job-id', '480', '--raw', '--subdir', 'DAGS_FOLDER/final_etl.py', '--cfg-path', '/tmp/tmpqnoe35gz']
[2024-08-07T10:55:13.038+0000] {standard_task_runner.py:91} INFO - Job 480: Subtask log_the_data
[2024-08-07T10:55:13.120+0000] {task_command.py:426} INFO - Running <TaskInstance: etl_2024-08-07.log_the_data scheduled__2024-05-31T00:00:00+00:00 [running]> on host 8cffaad11d99
[2024-08-07T10:55:13.257+0000] {taskinstance.py:2648} INFO - Exporting env vars: AIRFLOW_CTX_DAG_OWNER='***' AIRFLOW_CTX_DAG_ID='etl_2024-08-07' AIRFLOW_CTX_TASK_ID='log_the_data' AIRFLOW_CTX_EXECUTION_DATE='2024-05-31T00:00:00+00:00' AIRFLOW_CTX_TRY_NUMBER='1' AIRFLOW_CTX_DAG_RUN_ID='scheduled__2024-05-31T00:00:00+00:00'
[2024-08-07T10:55:13.258+0000] {taskinstance.py:430} INFO - ::endgroup::
[2024-08-07T10:55:13.271+0000] {subprocess.py:63} INFO - Tmp dir root location: /tmp
[2024-08-07T10:55:13.272+0000] {subprocess.py:75} INFO - Running command: ['/usr/bin/bash', '-c', 'python3 /opt/***/data/logging_config.py']
[2024-08-07T10:55:13.280+0000] {subprocess.py:86} INFO - Output:
[2024-08-07T10:55:13.414+0000] {subprocess.py:97} INFO - Command exited with return code 0
[2024-08-07T10:55:13.415+0000] {taskinstance.py:441} INFO - ::group::Post task execution logs
[2024-08-07T10:55:13.476+0000] {taskinstance.py:1206} INFO - Marking task as SUCCESS. dag_id=etl_2024-08-07, task_id=log_the_data, run_id=scheduled__2024-05-31T00:00:00+00:00, execution_date=20240531T000000, start_date=20240807T105512, end_date=20240807T105513
[2024-08-07T10:55:13.564+0000] {local_task_job_runner.py:240} INFO - Task exited with return code 0
[2024-08-07T10:55:13.595+0000] {local_task_job_runner.py:222} INFO - ::endgroup::
