[2024-08-07T11:11:08.927+0000] {local_task_job_runner.py:120} INFO - ::group::Pre task execution logs
[2024-08-07T11:11:08.945+0000] {taskinstance.py:2076} INFO - Dependencies all met for dep_context=non-requeueable deps ti=<TaskInstance: etl_2024-08-07.decrypt_the_data manual__2024-08-07T11:09:57.920982+00:00 [queued]>
[2024-08-07T11:11:08.949+0000] {taskinstance.py:2076} INFO - Dependencies all met for dep_context=requeueable deps ti=<TaskInstance: etl_2024-08-07.decrypt_the_data manual__2024-08-07T11:09:57.920982+00:00 [queued]>
[2024-08-07T11:11:08.949+0000] {taskinstance.py:2306} INFO - Starting attempt 1 of 2
[2024-08-07T11:11:08.992+0000] {taskinstance.py:2330} INFO - Executing <Task(BashOperator): decrypt_the_data> on 2024-08-07 11:09:57.920982+00:00
[2024-08-07T11:11:08.998+0000] {standard_task_runner.py:63} INFO - Started process 4402 to run task
[2024-08-07T11:11:09.002+0000] {standard_task_runner.py:90} INFO - Running: ['***', 'tasks', 'run', 'etl_2024-08-07', 'decrypt_the_data', 'manual__2024-08-07T11:09:57.920982+00:00', '--job-id', '764', '--raw', '--subdir', 'DAGS_FOLDER/final_etl.py', '--cfg-path', '/tmp/tmp31rsfkly']
[2024-08-07T11:11:09.004+0000] {standard_task_runner.py:91} INFO - Job 764: Subtask decrypt_the_data
[2024-08-07T11:11:09.070+0000] {task_command.py:426} INFO - Running <TaskInstance: etl_2024-08-07.decrypt_the_data manual__2024-08-07T11:09:57.920982+00:00 [running]> on host 8cffaad11d99
[2024-08-07T11:11:09.194+0000] {taskinstance.py:2648} INFO - Exporting env vars: AIRFLOW_CTX_DAG_OWNER='***' AIRFLOW_CTX_DAG_ID='etl_2024-08-07' AIRFLOW_CTX_TASK_ID='decrypt_the_data' AIRFLOW_CTX_EXECUTION_DATE='2024-08-07T11:09:57.920982+00:00' AIRFLOW_CTX_TRY_NUMBER='1' AIRFLOW_CTX_DAG_RUN_ID='manual__2024-08-07T11:09:57.920982+00:00'
[2024-08-07T11:11:09.194+0000] {taskinstance.py:430} INFO - ::endgroup::
[2024-08-07T11:11:09.201+0000] {subprocess.py:63} INFO - Tmp dir root location: /tmp
[2024-08-07T11:11:09.202+0000] {subprocess.py:75} INFO - Running command: ['/usr/bin/bash', '-c', 'python3 /opt/***/data/decryption_utils.py']
[2024-08-07T11:11:09.209+0000] {subprocess.py:86} INFO - Output:
[2024-08-07T11:11:09.299+0000] {subprocess.py:97} INFO - Command exited with return code 0
[2024-08-07T11:11:09.300+0000] {taskinstance.py:441} INFO - ::group::Post task execution logs
[2024-08-07T11:11:09.338+0000] {taskinstance.py:1206} INFO - Marking task as SUCCESS. dag_id=etl_2024-08-07, task_id=decrypt_the_data, run_id=manual__2024-08-07T11:09:57.920982+00:00, execution_date=20240807T110957, start_date=20240807T111108, end_date=20240807T111109
[2024-08-07T11:11:09.375+0000] {local_task_job_runner.py:240} INFO - Task exited with return code 0
[2024-08-07T11:11:09.391+0000] {taskinstance.py:3503} INFO - 1 downstream tasks scheduled from follow-on schedule check
[2024-08-07T11:11:09.413+0000] {local_task_job_runner.py:222} INFO - ::endgroup::
