[2024-08-07T11:00:27.833+0000] {local_task_job_runner.py:120} INFO - ::group::Pre task execution logs
[2024-08-07T11:00:27.854+0000] {taskinstance.py:2076} INFO - Dependencies all met for dep_context=non-requeueable deps ti=<TaskInstance: etl_2024-08-07.fetch_the_api scheduled__2024-06-13T00:00:00+00:00 [queued]>
[2024-08-07T11:00:27.857+0000] {taskinstance.py:2076} INFO - Dependencies all met for dep_context=requeueable deps ti=<TaskInstance: etl_2024-08-07.fetch_the_api scheduled__2024-06-13T00:00:00+00:00 [queued]>
[2024-08-07T11:00:27.858+0000] {taskinstance.py:2306} INFO - Starting attempt 1 of 2
[2024-08-07T11:00:27.883+0000] {taskinstance.py:2330} INFO - Executing <Task(BashOperator): fetch_the_api> on 2024-06-13 00:00:00+00:00
[2024-08-07T11:00:27.886+0000] {standard_task_runner.py:63} INFO - Started process 3482 to run task
[2024-08-07T11:00:27.889+0000] {standard_task_runner.py:90} INFO - Running: ['***', 'tasks', 'run', 'etl_2024-08-07', 'fetch_the_api', 'scheduled__2024-06-13T00:00:00+00:00', '--job-id', '548', '--raw', '--subdir', 'DAGS_FOLDER/final_etl.py', '--cfg-path', '/tmp/tmpkoonfp5o']
[2024-08-07T11:00:27.892+0000] {standard_task_runner.py:91} INFO - Job 548: Subtask fetch_the_api
[2024-08-07T11:00:27.956+0000] {task_command.py:426} INFO - Running <TaskInstance: etl_2024-08-07.fetch_the_api scheduled__2024-06-13T00:00:00+00:00 [running]> on host 8cffaad11d99
[2024-08-07T11:00:28.074+0000] {taskinstance.py:2648} INFO - Exporting env vars: AIRFLOW_CTX_DAG_OWNER='***' AIRFLOW_CTX_DAG_ID='etl_2024-08-07' AIRFLOW_CTX_TASK_ID='fetch_the_api' AIRFLOW_CTX_EXECUTION_DATE='2024-06-13T00:00:00+00:00' AIRFLOW_CTX_TRY_NUMBER='1' AIRFLOW_CTX_DAG_RUN_ID='scheduled__2024-06-13T00:00:00+00:00'
[2024-08-07T11:00:28.075+0000] {taskinstance.py:430} INFO - ::endgroup::
[2024-08-07T11:00:28.088+0000] {subprocess.py:63} INFO - Tmp dir root location: /tmp
[2024-08-07T11:00:28.088+0000] {subprocess.py:75} INFO - Running command: ['/usr/bin/bash', '-c', 'python3 /opt/***/data/config.py']
[2024-08-07T11:00:28.094+0000] {subprocess.py:86} INFO - Output:
[2024-08-07T11:00:28.157+0000] {subprocess.py:97} INFO - Command exited with return code 0
[2024-08-07T11:00:28.158+0000] {taskinstance.py:441} INFO - ::group::Post task execution logs
[2024-08-07T11:00:28.614+0000] {taskinstance.py:1206} INFO - Marking task as SUCCESS. dag_id=etl_2024-08-07, task_id=fetch_the_api, run_id=scheduled__2024-06-13T00:00:00+00:00, execution_date=20240613T000000, start_date=20240807T110027, end_date=20240807T110028
[2024-08-07T11:00:29.104+0000] {local_task_job_runner.py:240} INFO - Task exited with return code 0
[2024-08-07T11:00:29.122+0000] {taskinstance.py:3503} INFO - 1 downstream tasks scheduled from follow-on schedule check
[2024-08-07T11:00:29.155+0000] {local_task_job_runner.py:222} INFO - ::endgroup::
