[2024-08-07T10:43:34.766+0000] {local_task_job_runner.py:120} INFO - ::group::Pre task execution logs
[2024-08-07T10:43:34.783+0000] {taskinstance.py:2076} INFO - Dependencies all met for dep_context=non-requeueable deps ti=<TaskInstance: etl_2024-08-07.fetch_the_api scheduled__2024-05-09T00:00:00+00:00 [queued]>
[2024-08-07T10:43:34.787+0000] {taskinstance.py:2076} INFO - Dependencies all met for dep_context=requeueable deps ti=<TaskInstance: etl_2024-08-07.fetch_the_api scheduled__2024-05-09T00:00:00+00:00 [queued]>
[2024-08-07T10:43:34.787+0000] {taskinstance.py:2306} INFO - Starting attempt 1 of 2
[2024-08-07T10:43:34.810+0000] {taskinstance.py:2330} INFO - Executing <Task(BashOperator): fetch_the_api> on 2024-05-09 00:00:00+00:00
[2024-08-07T10:43:34.812+0000] {standard_task_runner.py:63} INFO - Started process 1714 to run task
[2024-08-07T10:43:34.814+0000] {standard_task_runner.py:90} INFO - Running: ['***', 'tasks', 'run', 'etl_2024-08-07', 'fetch_the_api', 'scheduled__2024-05-09T00:00:00+00:00', '--job-id', '99', '--raw', '--subdir', 'DAGS_FOLDER/final_etl.py', '--cfg-path', '/tmp/tmp3pzsyrcl']
[2024-08-07T10:43:34.815+0000] {standard_task_runner.py:91} INFO - Job 99: Subtask fetch_the_api
[2024-08-07T10:43:34.858+0000] {task_command.py:426} INFO - Running <TaskInstance: etl_2024-08-07.fetch_the_api scheduled__2024-05-09T00:00:00+00:00 [running]> on host 8cffaad11d99
[2024-08-07T10:43:34.955+0000] {taskinstance.py:2648} INFO - Exporting env vars: AIRFLOW_CTX_DAG_OWNER='***' AIRFLOW_CTX_DAG_ID='etl_2024-08-07' AIRFLOW_CTX_TASK_ID='fetch_the_api' AIRFLOW_CTX_EXECUTION_DATE='2024-05-09T00:00:00+00:00' AIRFLOW_CTX_TRY_NUMBER='1' AIRFLOW_CTX_DAG_RUN_ID='scheduled__2024-05-09T00:00:00+00:00'
[2024-08-07T10:43:34.956+0000] {taskinstance.py:430} INFO - ::endgroup::
[2024-08-07T10:43:34.964+0000] {subprocess.py:63} INFO - Tmp dir root location: /tmp
[2024-08-07T10:43:34.965+0000] {subprocess.py:75} INFO - Running command: ['/usr/bin/bash', '-c', 'python3 /opt/***/data/config.py']
[2024-08-07T10:43:34.970+0000] {subprocess.py:86} INFO - Output:
[2024-08-07T10:43:35.033+0000] {subprocess.py:97} INFO - Command exited with return code 0
[2024-08-07T10:43:35.033+0000] {taskinstance.py:441} INFO - ::group::Post task execution logs
[2024-08-07T10:43:35.069+0000] {taskinstance.py:1206} INFO - Marking task as SUCCESS. dag_id=etl_2024-08-07, task_id=fetch_the_api, run_id=scheduled__2024-05-09T00:00:00+00:00, execution_date=20240509T000000, start_date=20240807T104334, end_date=20240807T104335
[2024-08-07T10:43:35.147+0000] {local_task_job_runner.py:240} INFO - Task exited with return code 0
[2024-08-07T10:43:35.162+0000] {taskinstance.py:3503} INFO - 1 downstream tasks scheduled from follow-on schedule check
[2024-08-07T10:43:35.189+0000] {local_task_job_runner.py:222} INFO - ::endgroup::
[2024-08-07T10:49:43.731+0000] {local_task_job_runner.py:120} INFO - ::group::Pre task execution logs
[2024-08-07T10:49:43.748+0000] {taskinstance.py:2076} INFO - Dependencies all met for dep_context=non-requeueable deps ti=<TaskInstance: etl_2024-08-07.fetch_the_api scheduled__2024-05-09T00:00:00+00:00 [queued]>
[2024-08-07T10:49:43.752+0000] {taskinstance.py:2076} INFO - Dependencies all met for dep_context=requeueable deps ti=<TaskInstance: etl_2024-08-07.fetch_the_api scheduled__2024-05-09T00:00:00+00:00 [queued]>
[2024-08-07T10:49:43.752+0000] {taskinstance.py:2306} INFO - Starting attempt 1 of 2
[2024-08-07T10:49:43.781+0000] {taskinstance.py:2330} INFO - Executing <Task(BashOperator): fetch_the_api> on 2024-05-09 00:00:00+00:00
[2024-08-07T10:49:43.784+0000] {standard_task_runner.py:63} INFO - Started process 2519 to run task
[2024-08-07T10:49:43.786+0000] {standard_task_runner.py:90} INFO - Running: ['***', 'tasks', 'run', 'etl_2024-08-07', 'fetch_the_api', 'scheduled__2024-05-09T00:00:00+00:00', '--job-id', '319', '--raw', '--subdir', 'DAGS_FOLDER/final_etl.py', '--cfg-path', '/tmp/tmpbgakff_b']
[2024-08-07T10:49:43.787+0000] {standard_task_runner.py:91} INFO - Job 319: Subtask fetch_the_api
[2024-08-07T10:49:43.830+0000] {task_command.py:426} INFO - Running <TaskInstance: etl_2024-08-07.fetch_the_api scheduled__2024-05-09T00:00:00+00:00 [running]> on host 8cffaad11d99
[2024-08-07T10:49:43.922+0000] {taskinstance.py:2648} INFO - Exporting env vars: AIRFLOW_CTX_DAG_OWNER='***' AIRFLOW_CTX_DAG_ID='etl_2024-08-07' AIRFLOW_CTX_TASK_ID='fetch_the_api' AIRFLOW_CTX_EXECUTION_DATE='2024-05-09T00:00:00+00:00' AIRFLOW_CTX_TRY_NUMBER='1' AIRFLOW_CTX_DAG_RUN_ID='scheduled__2024-05-09T00:00:00+00:00'
[2024-08-07T10:49:43.923+0000] {taskinstance.py:430} INFO - ::endgroup::
[2024-08-07T10:49:43.930+0000] {subprocess.py:63} INFO - Tmp dir root location: /tmp
[2024-08-07T10:49:43.930+0000] {subprocess.py:75} INFO - Running command: ['/usr/bin/bash', '-c', 'python3 /opt/***/data/config.py']
[2024-08-07T10:49:43.934+0000] {subprocess.py:86} INFO - Output:
[2024-08-07T10:49:43.999+0000] {subprocess.py:97} INFO - Command exited with return code 0
[2024-08-07T10:49:44.000+0000] {taskinstance.py:441} INFO - ::group::Post task execution logs
[2024-08-07T10:49:44.043+0000] {taskinstance.py:1206} INFO - Marking task as SUCCESS. dag_id=etl_2024-08-07, task_id=fetch_the_api, run_id=scheduled__2024-05-09T00:00:00+00:00, execution_date=20240509T000000, start_date=20240807T104943, end_date=20240807T104944
[2024-08-07T10:49:44.078+0000] {local_task_job_runner.py:240} INFO - Task exited with return code 0
[2024-08-07T10:49:44.104+0000] {taskinstance.py:3503} INFO - 1 downstream tasks scheduled from follow-on schedule check
[2024-08-07T10:49:44.122+0000] {local_task_job_runner.py:222} INFO - ::endgroup::
