[2024-08-07T10:48:56.669+0000] {local_task_job_runner.py:120} INFO - ::group::Pre task execution logs
[2024-08-07T10:48:56.689+0000] {taskinstance.py:2076} INFO - Dependencies all met for dep_context=non-requeueable deps ti=<TaskInstance: etl_2024-08-07.fetch_the_api scheduled__2024-05-29T00:00:00+00:00 [queued]>
[2024-08-07T10:48:56.695+0000] {taskinstance.py:2076} INFO - Dependencies all met for dep_context=requeueable deps ti=<TaskInstance: etl_2024-08-07.fetch_the_api scheduled__2024-05-29T00:00:00+00:00 [queued]>
[2024-08-07T10:48:56.695+0000] {taskinstance.py:2306} INFO - Starting attempt 1 of 2
[2024-08-07T10:48:57.007+0000] {taskinstance.py:2330} INFO - Executing <Task(BashOperator): fetch_the_api> on 2024-05-29 00:00:00+00:00
[2024-08-07T10:48:57.015+0000] {standard_task_runner.py:63} INFO - Started process 2219 to run task
[2024-08-07T10:48:57.017+0000] {standard_task_runner.py:90} INFO - Running: ['***', 'tasks', 'run', 'etl_2024-08-07', 'fetch_the_api', 'scheduled__2024-05-29T00:00:00+00:00', '--job-id', '225', '--raw', '--subdir', 'DAGS_FOLDER/final_etl.py', '--cfg-path', '/tmp/tmpkd_rw8h9']
[2024-08-07T10:48:57.018+0000] {standard_task_runner.py:91} INFO - Job 225: Subtask fetch_the_api
[2024-08-07T10:48:57.110+0000] {task_command.py:426} INFO - Running <TaskInstance: etl_2024-08-07.fetch_the_api scheduled__2024-05-29T00:00:00+00:00 [running]> on host 8cffaad11d99
[2024-08-07T10:48:57.214+0000] {taskinstance.py:2648} INFO - Exporting env vars: AIRFLOW_CTX_DAG_OWNER='***' AIRFLOW_CTX_DAG_ID='etl_2024-08-07' AIRFLOW_CTX_TASK_ID='fetch_the_api' AIRFLOW_CTX_EXECUTION_DATE='2024-05-29T00:00:00+00:00' AIRFLOW_CTX_TRY_NUMBER='1' AIRFLOW_CTX_DAG_RUN_ID='scheduled__2024-05-29T00:00:00+00:00'
[2024-08-07T10:48:57.215+0000] {taskinstance.py:430} INFO - ::endgroup::
[2024-08-07T10:48:57.222+0000] {subprocess.py:63} INFO - Tmp dir root location: /tmp
[2024-08-07T10:48:57.222+0000] {subprocess.py:75} INFO - Running command: ['/usr/bin/bash', '-c', 'python3 /opt/***/data/config.py']
[2024-08-07T10:48:57.227+0000] {subprocess.py:86} INFO - Output:
[2024-08-07T10:48:57.290+0000] {subprocess.py:97} INFO - Command exited with return code 0
[2024-08-07T10:48:57.291+0000] {taskinstance.py:441} INFO - ::group::Post task execution logs
[2024-08-07T10:48:57.520+0000] {taskinstance.py:1206} INFO - Marking task as SUCCESS. dag_id=etl_2024-08-07, task_id=fetch_the_api, run_id=scheduled__2024-05-29T00:00:00+00:00, execution_date=20240529T000000, start_date=20240807T104856, end_date=20240807T104857
[2024-08-07T10:48:58.154+0000] {local_task_job_runner.py:240} INFO - Task exited with return code 0
[2024-08-07T10:48:58.173+0000] {taskinstance.py:3503} INFO - 1 downstream tasks scheduled from follow-on schedule check
[2024-08-07T10:48:58.205+0000] {local_task_job_runner.py:222} INFO - ::endgroup::
[2024-08-07T10:55:08.846+0000] {local_task_job_runner.py:120} INFO - ::group::Pre task execution logs
[2024-08-07T10:55:08.867+0000] {taskinstance.py:2076} INFO - Dependencies all met for dep_context=non-requeueable deps ti=<TaskInstance: etl_2024-08-07.fetch_the_api scheduled__2024-05-29T00:00:00+00:00 [queued]>
[2024-08-07T10:55:08.872+0000] {taskinstance.py:2076} INFO - Dependencies all met for dep_context=requeueable deps ti=<TaskInstance: etl_2024-08-07.fetch_the_api scheduled__2024-05-29T00:00:00+00:00 [queued]>
[2024-08-07T10:55:08.872+0000] {taskinstance.py:2306} INFO - Starting attempt 1 of 2
[2024-08-07T10:55:08.897+0000] {taskinstance.py:2330} INFO - Executing <Task(BashOperator): fetch_the_api> on 2024-05-29 00:00:00+00:00
[2024-08-07T10:55:08.901+0000] {standard_task_runner.py:63} INFO - Started process 3022 to run task
[2024-08-07T10:55:08.904+0000] {standard_task_runner.py:90} INFO - Running: ['***', 'tasks', 'run', 'etl_2024-08-07', 'fetch_the_api', 'scheduled__2024-05-29T00:00:00+00:00', '--job-id', '442', '--raw', '--subdir', 'DAGS_FOLDER/final_etl.py', '--cfg-path', '/tmp/tmpy4fgv6mf']
[2024-08-07T10:55:08.905+0000] {standard_task_runner.py:91} INFO - Job 442: Subtask fetch_the_api
[2024-08-07T10:55:08.958+0000] {task_command.py:426} INFO - Running <TaskInstance: etl_2024-08-07.fetch_the_api scheduled__2024-05-29T00:00:00+00:00 [running]> on host 8cffaad11d99
[2024-08-07T10:55:09.039+0000] {taskinstance.py:2648} INFO - Exporting env vars: AIRFLOW_CTX_DAG_OWNER='***' AIRFLOW_CTX_DAG_ID='etl_2024-08-07' AIRFLOW_CTX_TASK_ID='fetch_the_api' AIRFLOW_CTX_EXECUTION_DATE='2024-05-29T00:00:00+00:00' AIRFLOW_CTX_TRY_NUMBER='1' AIRFLOW_CTX_DAG_RUN_ID='scheduled__2024-05-29T00:00:00+00:00'
[2024-08-07T10:55:09.040+0000] {taskinstance.py:430} INFO - ::endgroup::
[2024-08-07T10:55:09.049+0000] {subprocess.py:63} INFO - Tmp dir root location: /tmp
[2024-08-07T10:55:09.050+0000] {subprocess.py:75} INFO - Running command: ['/usr/bin/bash', '-c', 'python3 /opt/***/data/config.py']
[2024-08-07T10:55:09.055+0000] {subprocess.py:86} INFO - Output:
[2024-08-07T10:55:09.119+0000] {subprocess.py:97} INFO - Command exited with return code 0
[2024-08-07T10:55:09.119+0000] {taskinstance.py:441} INFO - ::group::Post task execution logs
[2024-08-07T10:55:09.159+0000] {taskinstance.py:1206} INFO - Marking task as SUCCESS. dag_id=etl_2024-08-07, task_id=fetch_the_api, run_id=scheduled__2024-05-29T00:00:00+00:00, execution_date=20240529T000000, start_date=20240807T105508, end_date=20240807T105509
[2024-08-07T10:55:09.277+0000] {local_task_job_runner.py:240} INFO - Task exited with return code 0
[2024-08-07T10:55:09.296+0000] {taskinstance.py:3503} INFO - 1 downstream tasks scheduled from follow-on schedule check
[2024-08-07T10:55:09.319+0000] {local_task_job_runner.py:222} INFO - ::endgroup::
