[2024-08-12T07:13:19.059+0000] {local_task_job_runner.py:120} INFO - ::group::Pre task execution logs
[2024-08-12T07:13:19.085+0000] {taskinstance.py:2076} INFO - Dependencies all met for dep_context=non-requeueable deps ti=<TaskInstance: data_migrations2024-08-12.fetch_the_api scheduled__2024-06-21T00:00:00+00:00 [queued]>
[2024-08-12T07:13:19.089+0000] {taskinstance.py:2076} INFO - Dependencies all met for dep_context=requeueable deps ti=<TaskInstance: data_migrations2024-08-12.fetch_the_api scheduled__2024-06-21T00:00:00+00:00 [queued]>
[2024-08-12T07:13:19.089+0000] {taskinstance.py:2306} INFO - Starting attempt 1 of 2
[2024-08-12T07:13:19.120+0000] {taskinstance.py:2330} INFO - Executing <Task(BashOperator): fetch_the_api> on 2024-06-21 00:00:00+00:00
[2024-08-12T07:13:19.123+0000] {standard_task_runner.py:63} INFO - Started process 439 to run task
[2024-08-12T07:13:19.126+0000] {standard_task_runner.py:90} INFO - Running: ['***', 'tasks', 'run', 'data_migrations2024-08-12', 'fetch_the_api', 'scheduled__2024-06-21T00:00:00+00:00', '--job-id', '2484', '--raw', '--subdir', 'DAGS_FOLDER/data_migrations.py', '--cfg-path', '/tmp/tmpa0w3421e']
[2024-08-12T07:13:19.127+0000] {standard_task_runner.py:91} INFO - Job 2484: Subtask fetch_the_api
[2024-08-12T07:13:19.191+0000] {task_command.py:426} INFO - Running <TaskInstance: data_migrations2024-08-12.fetch_the_api scheduled__2024-06-21T00:00:00+00:00 [running]> on host 88a939613e48
[2024-08-12T07:13:19.346+0000] {taskinstance.py:2648} INFO - Exporting env vars: AIRFLOW_CTX_DAG_OWNER='***' AIRFLOW_CTX_DAG_ID='data_migrations2024-08-12' AIRFLOW_CTX_TASK_ID='fetch_the_api' AIRFLOW_CTX_EXECUTION_DATE='2024-06-21T00:00:00+00:00' AIRFLOW_CTX_TRY_NUMBER='1' AIRFLOW_CTX_DAG_RUN_ID='scheduled__2024-06-21T00:00:00+00:00'
[2024-08-12T07:13:19.348+0000] {taskinstance.py:430} INFO - ::endgroup::
[2024-08-12T07:13:19.369+0000] {subprocess.py:63} INFO - Tmp dir root location: /tmp
[2024-08-12T07:13:19.370+0000] {subprocess.py:75} INFO - Running command: ['/usr/bin/bash', '-c', 'python3 /opt/***/data/etl_m12_local_db.py']
[2024-08-12T07:13:19.379+0000] {subprocess.py:86} INFO - Output:
[2024-08-12T07:13:21.608+0000] {subprocess.py:93} INFO - Database tables created successfully.
[2024-08-12T07:13:21.643+0000] {subprocess.py:97} INFO - Command exited with return code 0
[2024-08-12T07:13:21.643+0000] {taskinstance.py:441} INFO - ::group::Post task execution logs
[2024-08-12T07:13:22.597+0000] {taskinstance.py:1206} INFO - Marking task as SUCCESS. dag_id=data_migrations2024-08-12, task_id=fetch_the_api, run_id=scheduled__2024-06-21T00:00:00+00:00, execution_date=20240621T000000, start_date=20240812T071319, end_date=20240812T071322
[2024-08-12T07:13:22.672+0000] {local_task_job_runner.py:240} INFO - Task exited with return code 0
[2024-08-12T07:13:22.695+0000] {taskinstance.py:3503} INFO - 0 downstream tasks scheduled from follow-on schedule check
[2024-08-12T07:13:22.711+0000] {local_task_job_runner.py:222} INFO - ::endgroup::
