[2024-08-09T09:26:11.324+0000] {local_task_job_runner.py:120} INFO - ::group::Pre task execution logs
[2024-08-09T09:26:11.346+0000] {taskinstance.py:2076} INFO - Dependencies all met for dep_context=non-requeueable deps ti=<TaskInstance: etl_2024-08-09.fetch_the_api scheduled__2024-05-31T00:00:00+00:00 [queued]>
[2024-08-09T09:26:11.350+0000] {taskinstance.py:2076} INFO - Dependencies all met for dep_context=requeueable deps ti=<TaskInstance: etl_2024-08-09.fetch_the_api scheduled__2024-05-31T00:00:00+00:00 [queued]>
[2024-08-09T09:26:11.351+0000] {taskinstance.py:2306} INFO - Starting attempt 1 of 2
[2024-08-09T09:26:11.396+0000] {taskinstance.py:2330} INFO - Executing <Task(BashOperator): fetch_the_api> on 2024-05-31 00:00:00+00:00
[2024-08-09T09:26:11.400+0000] {standard_task_runner.py:63} INFO - Started process 10220 to run task
[2024-08-09T09:26:11.402+0000] {standard_task_runner.py:90} INFO - Running: ['***', 'tasks', 'run', 'etl_2024-08-09', 'fetch_the_api', 'scheduled__2024-05-31T00:00:00+00:00', '--job-id', '1875', '--raw', '--subdir', 'DAGS_FOLDER/final_etl.py', '--cfg-path', '/tmp/tmp1xf9dzca']
[2024-08-09T09:26:11.403+0000] {standard_task_runner.py:91} INFO - Job 1875: Subtask fetch_the_api
[2024-08-09T09:26:11.466+0000] {task_command.py:426} INFO - Running <TaskInstance: etl_2024-08-09.fetch_the_api scheduled__2024-05-31T00:00:00+00:00 [running]> on host 05bc191a9412
[2024-08-09T09:26:11.597+0000] {taskinstance.py:2648} INFO - Exporting env vars: AIRFLOW_CTX_DAG_OWNER='***' AIRFLOW_CTX_DAG_ID='etl_2024-08-09' AIRFLOW_CTX_TASK_ID='fetch_the_api' AIRFLOW_CTX_EXECUTION_DATE='2024-05-31T00:00:00+00:00' AIRFLOW_CTX_TRY_NUMBER='1' AIRFLOW_CTX_DAG_RUN_ID='scheduled__2024-05-31T00:00:00+00:00'
[2024-08-09T09:26:11.598+0000] {taskinstance.py:430} INFO - ::endgroup::
[2024-08-09T09:26:11.606+0000] {subprocess.py:63} INFO - Tmp dir root location: /tmp
[2024-08-09T09:26:11.606+0000] {subprocess.py:75} INFO - Running command: ['/usr/bin/bash', '-c', 'python3 /opt/***/data/config.py']
[2024-08-09T09:26:11.613+0000] {subprocess.py:86} INFO - Output:
[2024-08-09T09:26:11.677+0000] {subprocess.py:97} INFO - Command exited with return code 0
[2024-08-09T09:26:11.678+0000] {taskinstance.py:441} INFO - ::group::Post task execution logs
[2024-08-09T09:26:11.738+0000] {taskinstance.py:1206} INFO - Marking task as SUCCESS. dag_id=etl_2024-08-09, task_id=fetch_the_api, run_id=scheduled__2024-05-31T00:00:00+00:00, execution_date=20240531T000000, start_date=20240809T092611, end_date=20240809T092611
[2024-08-09T09:26:11.816+0000] {local_task_job_runner.py:240} INFO - Task exited with return code 0
[2024-08-09T09:26:11.835+0000] {taskinstance.py:3503} INFO - 1 downstream tasks scheduled from follow-on schedule check
[2024-08-09T09:26:12.033+0000] {local_task_job_runner.py:222} INFO - ::endgroup::
