[2024-08-12T07:15:52.552+0000] {local_task_job_runner.py:120} INFO - ::group::Pre task execution logs
[2024-08-12T07:15:52.576+0000] {taskinstance.py:2076} INFO - Dependencies all met for dep_context=non-requeueable deps ti=<TaskInstance: data_migrations2024-08-12.table_created manual__2024-08-12T07:15:51.808303+00:00 [queued]>
[2024-08-12T07:15:52.583+0000] {taskinstance.py:2076} INFO - Dependencies all met for dep_context=requeueable deps ti=<TaskInstance: data_migrations2024-08-12.table_created manual__2024-08-12T07:15:51.808303+00:00 [queued]>
[2024-08-12T07:15:52.584+0000] {taskinstance.py:2306} INFO - Starting attempt 1 of 2
[2024-08-12T07:15:52.616+0000] {taskinstance.py:2330} INFO - Executing <Task(BashOperator): table_created> on 2024-08-12 07:15:51.808303+00:00
[2024-08-12T07:15:52.621+0000] {standard_task_runner.py:63} INFO - Started process 838 to run task
[2024-08-12T07:15:52.624+0000] {standard_task_runner.py:90} INFO - Running: ['***', 'tasks', 'run', 'data_migrations2024-08-12', 'table_created', 'manual__2024-08-12T07:15:51.808303+00:00', '--job-id', '2587', '--raw', '--subdir', 'DAGS_FOLDER/data_migrations.py', '--cfg-path', '/tmp/tmpcbncppaf']
[2024-08-12T07:15:52.626+0000] {standard_task_runner.py:91} INFO - Job 2587: Subtask table_created
[2024-08-12T07:15:52.737+0000] {task_command.py:426} INFO - Running <TaskInstance: data_migrations2024-08-12.table_created manual__2024-08-12T07:15:51.808303+00:00 [running]> on host 88a939613e48
[2024-08-12T07:15:52.923+0000] {taskinstance.py:2648} INFO - Exporting env vars: AIRFLOW_CTX_DAG_OWNER='***' AIRFLOW_CTX_DAG_ID='data_migrations2024-08-12' AIRFLOW_CTX_TASK_ID='table_created' AIRFLOW_CTX_EXECUTION_DATE='2024-08-12T07:15:51.808303+00:00' AIRFLOW_CTX_TRY_NUMBER='1' AIRFLOW_CTX_DAG_RUN_ID='manual__2024-08-12T07:15:51.808303+00:00'
[2024-08-12T07:15:52.926+0000] {taskinstance.py:430} INFO - ::endgroup::
[2024-08-12T07:15:52.949+0000] {subprocess.py:63} INFO - Tmp dir root location: /tmp
[2024-08-12T07:15:52.950+0000] {subprocess.py:75} INFO - Running command: ['/usr/bin/bash', '-c', 'python3 /opt/***/data/database.py']
[2024-08-12T07:15:52.958+0000] {subprocess.py:86} INFO - Output:
[2024-08-12T07:15:53.249+0000] {subprocess.py:97} INFO - Command exited with return code 0
[2024-08-12T07:15:53.250+0000] {taskinstance.py:441} INFO - ::group::Post task execution logs
[2024-08-12T07:15:53.734+0000] {taskinstance.py:1206} INFO - Marking task as SUCCESS. dag_id=data_migrations2024-08-12, task_id=table_created, run_id=manual__2024-08-12T07:15:51.808303+00:00, execution_date=20240812T071551, start_date=20240812T071552, end_date=20240812T071553
[2024-08-12T07:15:53.803+0000] {local_task_job_runner.py:240} INFO - Task exited with return code 0
[2024-08-12T07:15:53.843+0000] {taskinstance.py:3503} INFO - 1 downstream tasks scheduled from follow-on schedule check
[2024-08-12T07:15:53.870+0000] {local_task_job_runner.py:222} INFO - ::endgroup::
