[2024-08-21T06:14:54.789+0000] {local_task_job_runner.py:120} INFO - ::group::Pre task execution logs
[2024-08-21T06:14:54.940+0000] {taskinstance.py:2076} INFO - Dependencies all met for dep_context=non-requeueable deps ti=<TaskInstance: etl_22024-08-21.fetch_the_api scheduled__2024-06-19T00:00:00+00:00 [queued]>
[2024-08-21T06:14:54.974+0000] {taskinstance.py:2076} INFO - Dependencies all met for dep_context=requeueable deps ti=<TaskInstance: etl_22024-08-21.fetch_the_api scheduled__2024-06-19T00:00:00+00:00 [queued]>
[2024-08-21T06:14:54.977+0000] {taskinstance.py:2306} INFO - Starting attempt 1 of 2
[2024-08-21T06:14:55.239+0000] {taskinstance.py:2330} INFO - Executing <Task(BashOperator): fetch_the_api> on 2024-06-19 00:00:00+00:00
[2024-08-21T06:14:55.325+0000] {standard_task_runner.py:90} INFO - Running: ['***', 'tasks', 'run', 'etl_22024-08-21', 'fetch_the_api', 'scheduled__2024-06-19T00:00:00+00:00', '--job-id', '352', '--raw', '--subdir', 'DAGS_FOLDER/final_etl.py', '--cfg-path', '/tmp/tmpkicz7esc']
[2024-08-21T06:14:55.339+0000] {standard_task_runner.py:91} INFO - Job 352: Subtask fetch_the_api
[2024-08-21T06:14:55.359+0000] {logging_mixin.py:188} WARNING - /home/***/.local/lib/python3.12/site-packages/***/task/task_runner/standard_task_runner.py:61 DeprecationWarning: This process (pid=2198) is multi-threaded, use of fork() may lead to deadlocks in the child.
[2024-08-21T06:14:55.368+0000] {standard_task_runner.py:63} INFO - Started process 2214 to run task
[2024-08-21T06:14:55.609+0000] {task_command.py:426} INFO - Running <TaskInstance: etl_22024-08-21.fetch_the_api scheduled__2024-06-19T00:00:00+00:00 [running]> on host 7e1333882d71
[2024-08-21T06:14:56.011+0000] {taskinstance.py:2648} INFO - Exporting env vars: AIRFLOW_CTX_DAG_OWNER='***' AIRFLOW_CTX_DAG_ID='etl_22024-08-21' AIRFLOW_CTX_TASK_ID='fetch_the_api' AIRFLOW_CTX_EXECUTION_DATE='2024-06-19T00:00:00+00:00' AIRFLOW_CTX_TRY_NUMBER='1' AIRFLOW_CTX_DAG_RUN_ID='scheduled__2024-06-19T00:00:00+00:00'
[2024-08-21T06:14:56.014+0000] {taskinstance.py:430} INFO - ::endgroup::
[2024-08-21T06:14:56.294+0000] {subprocess.py:63} INFO - Tmp dir root location: /tmp
[2024-08-21T06:14:56.302+0000] {subprocess.py:75} INFO - Running command: ['/usr/bin/bash', '-c', 'python3 /opt/***/data/config.py']
[2024-08-21T06:14:56.367+0000] {subprocess.py:86} INFO - Output:
[2024-08-21T06:14:56.947+0000] {subprocess.py:97} INFO - Command exited with return code 0
[2024-08-21T06:14:56.972+0000] {taskinstance.py:441} INFO - ::group::Post task execution logs
[2024-08-21T06:14:57.547+0000] {taskinstance.py:1206} INFO - Marking task as SUCCESS. dag_id=etl_22024-08-21, task_id=fetch_the_api, run_id=scheduled__2024-06-19T00:00:00+00:00, execution_date=20240619T000000, start_date=20240821T061454, end_date=20240821T061457
[2024-08-21T06:14:58.237+0000] {local_task_job_runner.py:240} INFO - Task exited with return code 0
[2024-08-21T06:14:59.442+0000] {taskinstance.py:3503} INFO - 0 downstream tasks scheduled from follow-on schedule check
[2024-08-21T06:14:59.465+0000] {local_task_job_runner.py:222} INFO - ::endgroup::
