[2024-08-12T08:55:54.289+0000] {local_task_job_runner.py:120} INFO - ::group::Pre task execution logs
[2024-08-12T08:55:54.317+0000] {taskinstance.py:2076} INFO - Dependencies all met for dep_context=non-requeueable deps ti=<TaskInstance: etl_2024-08-12.fetch_the_api scheduled__2024-06-05T00:00:00+00:00 [queued]>
[2024-08-12T08:55:54.324+0000] {taskinstance.py:2076} INFO - Dependencies all met for dep_context=requeueable deps ti=<TaskInstance: etl_2024-08-12.fetch_the_api scheduled__2024-06-05T00:00:00+00:00 [queued]>
[2024-08-12T08:55:54.324+0000] {taskinstance.py:2306} INFO - Starting attempt 1 of 2
[2024-08-12T08:55:54.379+0000] {taskinstance.py:2330} INFO - Executing <Task(BashOperator): fetch_the_api> on 2024-06-05 00:00:00+00:00
[2024-08-12T08:55:54.384+0000] {standard_task_runner.py:63} INFO - Started process 4659 to run task
[2024-08-12T08:55:54.386+0000] {standard_task_runner.py:90} INFO - Running: ['***', 'tasks', 'run', 'etl_2024-08-12', 'fetch_the_api', 'scheduled__2024-06-05T00:00:00+00:00', '--job-id', '2728', '--raw', '--subdir', 'DAGS_FOLDER/final_etl.py', '--cfg-path', '/tmp/tmphu_5lwr2']
[2024-08-12T08:55:54.387+0000] {standard_task_runner.py:91} INFO - Job 2728: Subtask fetch_the_api
[2024-08-12T08:55:54.464+0000] {task_command.py:426} INFO - Running <TaskInstance: etl_2024-08-12.fetch_the_api scheduled__2024-06-05T00:00:00+00:00 [running]> on host 88a939613e48
[2024-08-12T08:55:54.656+0000] {taskinstance.py:2648} INFO - Exporting env vars: AIRFLOW_CTX_DAG_OWNER='***' AIRFLOW_CTX_DAG_ID='etl_2024-08-12' AIRFLOW_CTX_TASK_ID='fetch_the_api' AIRFLOW_CTX_EXECUTION_DATE='2024-06-05T00:00:00+00:00' AIRFLOW_CTX_TRY_NUMBER='1' AIRFLOW_CTX_DAG_RUN_ID='scheduled__2024-06-05T00:00:00+00:00'
[2024-08-12T08:55:54.658+0000] {taskinstance.py:430} INFO - ::endgroup::
[2024-08-12T08:55:54.665+0000] {subprocess.py:63} INFO - Tmp dir root location: /tmp
[2024-08-12T08:55:54.666+0000] {subprocess.py:75} INFO - Running command: ['/usr/bin/bash', '-c', 'python3 /opt/***/data/config.py']
[2024-08-12T08:55:54.675+0000] {subprocess.py:86} INFO - Output:
[2024-08-12T08:55:54.775+0000] {subprocess.py:97} INFO - Command exited with return code 0
[2024-08-12T08:55:54.776+0000] {taskinstance.py:441} INFO - ::group::Post task execution logs
[2024-08-12T08:55:54.830+0000] {taskinstance.py:1206} INFO - Marking task as SUCCESS. dag_id=etl_2024-08-12, task_id=fetch_the_api, run_id=scheduled__2024-06-05T00:00:00+00:00, execution_date=20240605T000000, start_date=20240812T085554, end_date=20240812T085554
[2024-08-12T08:55:54.920+0000] {local_task_job_runner.py:240} INFO - Task exited with return code 0
[2024-08-12T08:55:54.938+0000] {taskinstance.py:3503} INFO - 1 downstream tasks scheduled from follow-on schedule check
[2024-08-12T08:55:54.974+0000] {local_task_job_runner.py:222} INFO - ::endgroup::
