[2024-08-08T06:07:21.700+0000] {local_task_job_runner.py:120} INFO - ::group::Pre task execution logs
[2024-08-08T06:07:21.727+0000] {taskinstance.py:2076} INFO - Dependencies all met for dep_context=non-requeueable deps ti=<TaskInstance: etl_2024-08-08.log_the_data scheduled__2024-05-18T00:00:00+00:00 [queued]>
[2024-08-08T06:07:21.733+0000] {taskinstance.py:2076} INFO - Dependencies all met for dep_context=requeueable deps ti=<TaskInstance: etl_2024-08-08.log_the_data scheduled__2024-05-18T00:00:00+00:00 [queued]>
[2024-08-08T06:07:21.733+0000] {taskinstance.py:2306} INFO - Starting attempt 1 of 2
[2024-08-08T06:07:21.760+0000] {taskinstance.py:2330} INFO - Executing <Task(BashOperator): log_the_data> on 2024-05-18 00:00:00+00:00
[2024-08-08T06:07:21.765+0000] {standard_task_runner.py:63} INFO - Started process 3448 to run task
[2024-08-08T06:07:21.767+0000] {standard_task_runner.py:90} INFO - Running: ['***', 'tasks', 'run', 'etl_2024-08-08', 'log_the_data', 'scheduled__2024-05-18T00:00:00+00:00', '--job-id', '1141', '--raw', '--subdir', 'DAGS_FOLDER/final_etl.py', '--cfg-path', '/tmp/tmpew_f78fg']
[2024-08-08T06:07:21.768+0000] {standard_task_runner.py:91} INFO - Job 1141: Subtask log_the_data
[2024-08-08T06:07:21.825+0000] {task_command.py:426} INFO - Running <TaskInstance: etl_2024-08-08.log_the_data scheduled__2024-05-18T00:00:00+00:00 [running]> on host 05bc191a9412
[2024-08-08T06:07:21.928+0000] {taskinstance.py:2648} INFO - Exporting env vars: AIRFLOW_CTX_DAG_OWNER='***' AIRFLOW_CTX_DAG_ID='etl_2024-08-08' AIRFLOW_CTX_TASK_ID='log_the_data' AIRFLOW_CTX_EXECUTION_DATE='2024-05-18T00:00:00+00:00' AIRFLOW_CTX_TRY_NUMBER='1' AIRFLOW_CTX_DAG_RUN_ID='scheduled__2024-05-18T00:00:00+00:00'
[2024-08-08T06:07:21.929+0000] {taskinstance.py:430} INFO - ::endgroup::
[2024-08-08T06:07:21.943+0000] {subprocess.py:63} INFO - Tmp dir root location: /tmp
[2024-08-08T06:07:21.944+0000] {subprocess.py:75} INFO - Running command: ['/usr/bin/bash', '-c', 'python3 /opt/***/data/logging_config.py']
[2024-08-08T06:07:21.951+0000] {subprocess.py:86} INFO - Output:
[2024-08-08T06:07:22.034+0000] {subprocess.py:97} INFO - Command exited with return code 0
[2024-08-08T06:07:22.035+0000] {taskinstance.py:441} INFO - ::group::Post task execution logs
[2024-08-08T06:07:22.065+0000] {taskinstance.py:1206} INFO - Marking task as SUCCESS. dag_id=etl_2024-08-08, task_id=log_the_data, run_id=scheduled__2024-05-18T00:00:00+00:00, execution_date=20240518T000000, start_date=20240808T060721, end_date=20240808T060722
[2024-08-08T06:07:22.100+0000] {local_task_job_runner.py:240} INFO - Task exited with return code 0
[2024-08-08T06:07:22.124+0000] {taskinstance.py:3503} INFO - 1 downstream tasks scheduled from follow-on schedule check
[2024-08-08T06:07:22.623+0000] {local_task_job_runner.py:222} INFO - ::endgroup::
