[2024-08-07T11:13:12.381+0000] {local_task_job_runner.py:120} INFO - ::group::Pre task execution logs
[2024-08-07T11:13:12.400+0000] {taskinstance.py:2076} INFO - Dependencies all met for dep_context=non-requeueable deps ti=<TaskInstance: etl_2024-08-07.log_the_data manual__2024-08-07T11:13:05.932805+00:00 [queued]>
[2024-08-07T11:13:12.404+0000] {taskinstance.py:2076} INFO - Dependencies all met for dep_context=requeueable deps ti=<TaskInstance: etl_2024-08-07.log_the_data manual__2024-08-07T11:13:05.932805+00:00 [queued]>
[2024-08-07T11:13:12.404+0000] {taskinstance.py:2306} INFO - Starting attempt 1 of 2
[2024-08-07T11:13:12.428+0000] {taskinstance.py:2330} INFO - Executing <Task(BashOperator): log_the_data> on 2024-08-07 11:13:05.932805+00:00
[2024-08-07T11:13:12.431+0000] {standard_task_runner.py:63} INFO - Started process 5413 to run task
[2024-08-07T11:13:12.433+0000] {standard_task_runner.py:90} INFO - Running: ['***', 'tasks', 'run', 'etl_2024-08-07', 'log_the_data', 'manual__2024-08-07T11:13:05.932805+00:00', '--job-id', '949', '--raw', '--subdir', 'DAGS_FOLDER/final_etl.py', '--cfg-path', '/tmp/tmpvqch19fs']
[2024-08-07T11:13:12.434+0000] {standard_task_runner.py:91} INFO - Job 949: Subtask log_the_data
[2024-08-07T11:13:12.491+0000] {task_command.py:426} INFO - Running <TaskInstance: etl_2024-08-07.log_the_data manual__2024-08-07T11:13:05.932805+00:00 [running]> on host 8cffaad11d99
[2024-08-07T11:13:12.606+0000] {taskinstance.py:2648} INFO - Exporting env vars: AIRFLOW_CTX_DAG_OWNER='***' AIRFLOW_CTX_DAG_ID='etl_2024-08-07' AIRFLOW_CTX_TASK_ID='log_the_data' AIRFLOW_CTX_EXECUTION_DATE='2024-08-07T11:13:05.932805+00:00' AIRFLOW_CTX_TRY_NUMBER='1' AIRFLOW_CTX_DAG_RUN_ID='manual__2024-08-07T11:13:05.932805+00:00'
[2024-08-07T11:13:12.607+0000] {taskinstance.py:430} INFO - ::endgroup::
[2024-08-07T11:13:12.623+0000] {subprocess.py:63} INFO - Tmp dir root location: /tmp
[2024-08-07T11:13:12.624+0000] {subprocess.py:75} INFO - Running command: ['/usr/bin/bash', '-c', 'python3 /opt/***/data/logging_config.py']
[2024-08-07T11:13:12.629+0000] {subprocess.py:86} INFO - Output:
[2024-08-07T11:13:12.712+0000] {subprocess.py:97} INFO - Command exited with return code 0
[2024-08-07T11:13:12.713+0000] {taskinstance.py:441} INFO - ::group::Post task execution logs
[2024-08-07T11:13:13.860+0000] {taskinstance.py:1206} INFO - Marking task as SUCCESS. dag_id=etl_2024-08-07, task_id=log_the_data, run_id=manual__2024-08-07T11:13:05.932805+00:00, execution_date=20240807T111305, start_date=20240807T111312, end_date=20240807T111313
[2024-08-07T11:13:14.052+0000] {local_task_job_runner.py:240} INFO - Task exited with return code 0
[2024-08-07T11:13:14.096+0000] {taskinstance.py:3503} INFO - 1 downstream tasks scheduled from follow-on schedule check
[2024-08-07T11:13:14.120+0000] {local_task_job_runner.py:222} INFO - ::endgroup::
