[2024-08-07T10:43:36.254+0000] {local_task_job_runner.py:120} INFO - ::group::Pre task execution logs
[2024-08-07T10:43:36.284+0000] {taskinstance.py:2076} INFO - Dependencies all met for dep_context=non-requeueable deps ti=<TaskInstance: etl_2024-08-07.fetch_the_api scheduled__2024-05-16T00:00:00+00:00 [queued]>
[2024-08-07T10:43:36.292+0000] {taskinstance.py:2076} INFO - Dependencies all met for dep_context=requeueable deps ti=<TaskInstance: etl_2024-08-07.fetch_the_api scheduled__2024-05-16T00:00:00+00:00 [queued]>
[2024-08-07T10:43:36.292+0000] {taskinstance.py:2306} INFO - Starting attempt 1 of 2
[2024-08-07T10:43:36.315+0000] {taskinstance.py:2330} INFO - Executing <Task(BashOperator): fetch_the_api> on 2024-05-16 00:00:00+00:00
[2024-08-07T10:43:36.319+0000] {standard_task_runner.py:63} INFO - Started process 1759 to run task
[2024-08-07T10:43:36.323+0000] {standard_task_runner.py:90} INFO - Running: ['***', 'tasks', 'run', 'etl_2024-08-07', 'fetch_the_api', 'scheduled__2024-05-16T00:00:00+00:00', '--job-id', '114', '--raw', '--subdir', 'DAGS_FOLDER/final_etl.py', '--cfg-path', '/tmp/tmp52kz7l9m']
[2024-08-07T10:43:36.326+0000] {standard_task_runner.py:91} INFO - Job 114: Subtask fetch_the_api
[2024-08-07T10:43:36.392+0000] {task_command.py:426} INFO - Running <TaskInstance: etl_2024-08-07.fetch_the_api scheduled__2024-05-16T00:00:00+00:00 [running]> on host 8cffaad11d99
[2024-08-07T10:43:37.432+0000] {taskinstance.py:2648} INFO - Exporting env vars: AIRFLOW_CTX_DAG_OWNER='***' AIRFLOW_CTX_DAG_ID='etl_2024-08-07' AIRFLOW_CTX_TASK_ID='fetch_the_api' AIRFLOW_CTX_EXECUTION_DATE='2024-05-16T00:00:00+00:00' AIRFLOW_CTX_TRY_NUMBER='1' AIRFLOW_CTX_DAG_RUN_ID='scheduled__2024-05-16T00:00:00+00:00'
[2024-08-07T10:43:37.433+0000] {taskinstance.py:430} INFO - ::endgroup::
[2024-08-07T10:43:37.450+0000] {subprocess.py:63} INFO - Tmp dir root location: /tmp
[2024-08-07T10:43:37.451+0000] {subprocess.py:75} INFO - Running command: ['/usr/bin/bash', '-c', 'python3 /opt/***/data/config.py']
[2024-08-07T10:43:37.459+0000] {subprocess.py:86} INFO - Output:
[2024-08-07T10:43:37.529+0000] {subprocess.py:97} INFO - Command exited with return code 0
[2024-08-07T10:43:37.529+0000] {taskinstance.py:441} INFO - ::group::Post task execution logs
[2024-08-07T10:43:37.569+0000] {taskinstance.py:1206} INFO - Marking task as SUCCESS. dag_id=etl_2024-08-07, task_id=fetch_the_api, run_id=scheduled__2024-05-16T00:00:00+00:00, execution_date=20240516T000000, start_date=20240807T104336, end_date=20240807T104337
[2024-08-07T10:43:37.658+0000] {local_task_job_runner.py:240} INFO - Task exited with return code 0
[2024-08-07T10:43:37.679+0000] {taskinstance.py:3503} INFO - 1 downstream tasks scheduled from follow-on schedule check
[2024-08-07T10:43:37.704+0000] {local_task_job_runner.py:222} INFO - ::endgroup::
[2024-08-07T10:49:45.292+0000] {local_task_job_runner.py:120} INFO - ::group::Pre task execution logs
[2024-08-07T10:49:45.319+0000] {taskinstance.py:2076} INFO - Dependencies all met for dep_context=non-requeueable deps ti=<TaskInstance: etl_2024-08-07.fetch_the_api scheduled__2024-05-16T00:00:00+00:00 [queued]>
[2024-08-07T10:49:45.322+0000] {taskinstance.py:2076} INFO - Dependencies all met for dep_context=requeueable deps ti=<TaskInstance: etl_2024-08-07.fetch_the_api scheduled__2024-05-16T00:00:00+00:00 [queued]>
[2024-08-07T10:49:45.323+0000] {taskinstance.py:2306} INFO - Starting attempt 1 of 2
[2024-08-07T10:49:46.127+0000] {taskinstance.py:2330} INFO - Executing <Task(BashOperator): fetch_the_api> on 2024-05-16 00:00:00+00:00
[2024-08-07T10:49:46.134+0000] {standard_task_runner.py:63} INFO - Started process 2561 to run task
[2024-08-07T10:49:46.137+0000] {standard_task_runner.py:90} INFO - Running: ['***', 'tasks', 'run', 'etl_2024-08-07', 'fetch_the_api', 'scheduled__2024-05-16T00:00:00+00:00', '--job-id', '334', '--raw', '--subdir', 'DAGS_FOLDER/final_etl.py', '--cfg-path', '/tmp/tmpcp4biq7m']
[2024-08-07T10:49:46.139+0000] {standard_task_runner.py:91} INFO - Job 334: Subtask fetch_the_api
[2024-08-07T10:49:46.354+0000] {task_command.py:426} INFO - Running <TaskInstance: etl_2024-08-07.fetch_the_api scheduled__2024-05-16T00:00:00+00:00 [running]> on host 8cffaad11d99
[2024-08-07T10:49:46.785+0000] {taskinstance.py:2648} INFO - Exporting env vars: AIRFLOW_CTX_DAG_OWNER='***' AIRFLOW_CTX_DAG_ID='etl_2024-08-07' AIRFLOW_CTX_TASK_ID='fetch_the_api' AIRFLOW_CTX_EXECUTION_DATE='2024-05-16T00:00:00+00:00' AIRFLOW_CTX_TRY_NUMBER='1' AIRFLOW_CTX_DAG_RUN_ID='scheduled__2024-05-16T00:00:00+00:00'
[2024-08-07T10:49:46.786+0000] {taskinstance.py:430} INFO - ::endgroup::
[2024-08-07T10:49:46.795+0000] {subprocess.py:63} INFO - Tmp dir root location: /tmp
[2024-08-07T10:49:46.795+0000] {subprocess.py:75} INFO - Running command: ['/usr/bin/bash', '-c', 'python3 /opt/***/data/config.py']
[2024-08-07T10:49:46.801+0000] {subprocess.py:86} INFO - Output:
[2024-08-07T10:49:46.862+0000] {subprocess.py:97} INFO - Command exited with return code 0
[2024-08-07T10:49:46.862+0000] {taskinstance.py:441} INFO - ::group::Post task execution logs
[2024-08-07T10:49:46.977+0000] {taskinstance.py:1206} INFO - Marking task as SUCCESS. dag_id=etl_2024-08-07, task_id=fetch_the_api, run_id=scheduled__2024-05-16T00:00:00+00:00, execution_date=20240516T000000, start_date=20240807T104945, end_date=20240807T104946
[2024-08-07T10:49:47.032+0000] {local_task_job_runner.py:240} INFO - Task exited with return code 0
[2024-08-07T10:49:47.047+0000] {taskinstance.py:3503} INFO - 1 downstream tasks scheduled from follow-on schedule check
[2024-08-07T10:49:47.065+0000] {local_task_job_runner.py:222} INFO - ::endgroup::
