[2024-08-12T08:57:28.615+0000] {local_task_job_runner.py:120} INFO - ::group::Pre task execution logs
[2024-08-12T08:57:28.632+0000] {taskinstance.py:2076} INFO - Dependencies all met for dep_context=non-requeueable deps ti=<TaskInstance: etl_2024-08-12.fetch_the_api scheduled__2024-08-04T00:00:00+00:00 [queued]>
[2024-08-12T08:57:28.636+0000] {taskinstance.py:2076} INFO - Dependencies all met for dep_context=requeueable deps ti=<TaskInstance: etl_2024-08-12.fetch_the_api scheduled__2024-08-04T00:00:00+00:00 [queued]>
[2024-08-12T08:57:28.636+0000] {taskinstance.py:2306} INFO - Starting attempt 1 of 2
[2024-08-12T08:57:28.660+0000] {taskinstance.py:2330} INFO - Executing <Task(BashOperator): fetch_the_api> on 2024-08-04 00:00:00+00:00
[2024-08-12T08:57:28.664+0000] {standard_task_runner.py:63} INFO - Started process 6830 to run task
[2024-08-12T08:57:28.668+0000] {standard_task_runner.py:90} INFO - Running: ['***', 'tasks', 'run', 'etl_2024-08-12', 'fetch_the_api', 'scheduled__2024-08-04T00:00:00+00:00', '--job-id', '3093', '--raw', '--subdir', 'DAGS_FOLDER/final_etl.py', '--cfg-path', '/tmp/tmpk99ocgmv']
[2024-08-12T08:57:28.670+0000] {standard_task_runner.py:91} INFO - Job 3093: Subtask fetch_the_api
[2024-08-12T08:57:28.928+0000] {task_command.py:426} INFO - Running <TaskInstance: etl_2024-08-12.fetch_the_api scheduled__2024-08-04T00:00:00+00:00 [running]> on host 88a939613e48
[2024-08-12T08:57:29.047+0000] {taskinstance.py:2648} INFO - Exporting env vars: AIRFLOW_CTX_DAG_OWNER='***' AIRFLOW_CTX_DAG_ID='etl_2024-08-12' AIRFLOW_CTX_TASK_ID='fetch_the_api' AIRFLOW_CTX_EXECUTION_DATE='2024-08-04T00:00:00+00:00' AIRFLOW_CTX_TRY_NUMBER='1' AIRFLOW_CTX_DAG_RUN_ID='scheduled__2024-08-04T00:00:00+00:00'
[2024-08-12T08:57:29.047+0000] {taskinstance.py:430} INFO - ::endgroup::
[2024-08-12T08:57:29.056+0000] {subprocess.py:63} INFO - Tmp dir root location: /tmp
[2024-08-12T08:57:29.056+0000] {subprocess.py:75} INFO - Running command: ['/usr/bin/bash', '-c', 'python3 /opt/***/data/config.py']
[2024-08-12T08:57:29.064+0000] {subprocess.py:86} INFO - Output:
[2024-08-12T08:57:29.174+0000] {subprocess.py:97} INFO - Command exited with return code 0
[2024-08-12T08:57:29.175+0000] {taskinstance.py:441} INFO - ::group::Post task execution logs
[2024-08-12T08:57:29.220+0000] {taskinstance.py:1206} INFO - Marking task as SUCCESS. dag_id=etl_2024-08-12, task_id=fetch_the_api, run_id=scheduled__2024-08-04T00:00:00+00:00, execution_date=20240804T000000, start_date=20240812T085728, end_date=20240812T085729
[2024-08-12T08:57:29.281+0000] {local_task_job_runner.py:240} INFO - Task exited with return code 0
[2024-08-12T08:57:29.301+0000] {taskinstance.py:3503} INFO - 1 downstream tasks scheduled from follow-on schedule check
[2024-08-12T08:57:29.325+0000] {local_task_job_runner.py:222} INFO - ::endgroup::
