[2024-08-07T10:43:41.811+0000] {local_task_job_runner.py:120} INFO - ::group::Pre task execution logs
[2024-08-07T10:43:41.846+0000] {taskinstance.py:2076} INFO - Dependencies all met for dep_context=non-requeueable deps ti=<TaskInstance: etl_2024-08-07.decrypt_the_data scheduled__2024-05-16T00:00:00+00:00 [queued]>
[2024-08-07T10:43:41.852+0000] {taskinstance.py:2076} INFO - Dependencies all met for dep_context=requeueable deps ti=<TaskInstance: etl_2024-08-07.decrypt_the_data scheduled__2024-05-16T00:00:00+00:00 [queued]>
[2024-08-07T10:43:41.853+0000] {taskinstance.py:2306} INFO - Starting attempt 1 of 2
[2024-08-07T10:43:41.900+0000] {taskinstance.py:2330} INFO - Executing <Task(BashOperator): decrypt_the_data> on 2024-05-16 00:00:00+00:00
[2024-08-07T10:43:41.906+0000] {standard_task_runner.py:63} INFO - Started process 1878 to run task
[2024-08-07T10:43:41.912+0000] {standard_task_runner.py:90} INFO - Running: ['***', 'tasks', 'run', 'etl_2024-08-07', 'decrypt_the_data', 'scheduled__2024-05-16T00:00:00+00:00', '--job-id', '160', '--raw', '--subdir', 'DAGS_FOLDER/final_etl.py', '--cfg-path', '/tmp/tmp5o3f159m']
[2024-08-07T10:43:41.914+0000] {standard_task_runner.py:91} INFO - Job 160: Subtask decrypt_the_data
[2024-08-07T10:43:42.030+0000] {task_command.py:426} INFO - Running <TaskInstance: etl_2024-08-07.decrypt_the_data scheduled__2024-05-16T00:00:00+00:00 [running]> on host 8cffaad11d99
[2024-08-07T10:43:42.158+0000] {taskinstance.py:2648} INFO - Exporting env vars: AIRFLOW_CTX_DAG_OWNER='***' AIRFLOW_CTX_DAG_ID='etl_2024-08-07' AIRFLOW_CTX_TASK_ID='decrypt_the_data' AIRFLOW_CTX_EXECUTION_DATE='2024-05-16T00:00:00+00:00' AIRFLOW_CTX_TRY_NUMBER='1' AIRFLOW_CTX_DAG_RUN_ID='scheduled__2024-05-16T00:00:00+00:00'
[2024-08-07T10:43:42.160+0000] {taskinstance.py:430} INFO - ::endgroup::
[2024-08-07T10:43:42.182+0000] {subprocess.py:63} INFO - Tmp dir root location: /tmp
[2024-08-07T10:43:42.182+0000] {subprocess.py:75} INFO - Running command: ['/usr/bin/bash', '-c', 'python3 /opt/***/data/decryption_utils.py']
[2024-08-07T10:43:42.192+0000] {subprocess.py:86} INFO - Output:
[2024-08-07T10:43:42.289+0000] {subprocess.py:97} INFO - Command exited with return code 0
[2024-08-07T10:43:42.291+0000] {taskinstance.py:441} INFO - ::group::Post task execution logs
[2024-08-07T10:43:42.336+0000] {taskinstance.py:1206} INFO - Marking task as SUCCESS. dag_id=etl_2024-08-07, task_id=decrypt_the_data, run_id=scheduled__2024-05-16T00:00:00+00:00, execution_date=20240516T000000, start_date=20240807T104341, end_date=20240807T104342
[2024-08-07T10:43:42.405+0000] {local_task_job_runner.py:240} INFO - Task exited with return code 0
[2024-08-07T10:43:42.434+0000] {taskinstance.py:3503} INFO - 1 downstream tasks scheduled from follow-on schedule check
[2024-08-07T10:43:42.470+0000] {local_task_job_runner.py:222} INFO - ::endgroup::
[2024-08-07T10:49:50.795+0000] {local_task_job_runner.py:120} INFO - ::group::Pre task execution logs
[2024-08-07T10:49:50.820+0000] {taskinstance.py:2076} INFO - Dependencies all met for dep_context=non-requeueable deps ti=<TaskInstance: etl_2024-08-07.decrypt_the_data scheduled__2024-05-16T00:00:00+00:00 [queued]>
[2024-08-07T10:49:50.826+0000] {taskinstance.py:2076} INFO - Dependencies all met for dep_context=requeueable deps ti=<TaskInstance: etl_2024-08-07.decrypt_the_data scheduled__2024-05-16T00:00:00+00:00 [queued]>
[2024-08-07T10:49:50.826+0000] {taskinstance.py:2306} INFO - Starting attempt 1 of 2
[2024-08-07T10:49:50.880+0000] {taskinstance.py:2330} INFO - Executing <Task(BashOperator): decrypt_the_data> on 2024-05-16 00:00:00+00:00
[2024-08-07T10:49:50.886+0000] {standard_task_runner.py:63} INFO - Started process 2696 to run task
[2024-08-07T10:49:50.888+0000] {standard_task_runner.py:90} INFO - Running: ['***', 'tasks', 'run', 'etl_2024-08-07', 'decrypt_the_data', 'scheduled__2024-05-16T00:00:00+00:00', '--job-id', '377', '--raw', '--subdir', 'DAGS_FOLDER/final_etl.py', '--cfg-path', '/tmp/tmpl88oq878']
[2024-08-07T10:49:50.890+0000] {standard_task_runner.py:91} INFO - Job 377: Subtask decrypt_the_data
[2024-08-07T10:49:50.968+0000] {task_command.py:426} INFO - Running <TaskInstance: etl_2024-08-07.decrypt_the_data scheduled__2024-05-16T00:00:00+00:00 [running]> on host 8cffaad11d99
[2024-08-07T10:49:51.127+0000] {taskinstance.py:2648} INFO - Exporting env vars: AIRFLOW_CTX_DAG_OWNER='***' AIRFLOW_CTX_DAG_ID='etl_2024-08-07' AIRFLOW_CTX_TASK_ID='decrypt_the_data' AIRFLOW_CTX_EXECUTION_DATE='2024-05-16T00:00:00+00:00' AIRFLOW_CTX_TRY_NUMBER='1' AIRFLOW_CTX_DAG_RUN_ID='scheduled__2024-05-16T00:00:00+00:00'
[2024-08-07T10:49:51.129+0000] {taskinstance.py:430} INFO - ::endgroup::
[2024-08-07T10:49:51.144+0000] {subprocess.py:63} INFO - Tmp dir root location: /tmp
[2024-08-07T10:49:51.145+0000] {subprocess.py:75} INFO - Running command: ['/usr/bin/bash', '-c', 'python3 /opt/***/data/decryption_utils.py']
[2024-08-07T10:49:51.151+0000] {subprocess.py:86} INFO - Output:
[2024-08-07T10:49:51.242+0000] {subprocess.py:97} INFO - Command exited with return code 0
[2024-08-07T10:49:51.243+0000] {taskinstance.py:441} INFO - ::group::Post task execution logs
[2024-08-07T10:49:51.314+0000] {taskinstance.py:1206} INFO - Marking task as SUCCESS. dag_id=etl_2024-08-07, task_id=decrypt_the_data, run_id=scheduled__2024-05-16T00:00:00+00:00, execution_date=20240516T000000, start_date=20240807T104950, end_date=20240807T104951
[2024-08-07T10:49:51.384+0000] {local_task_job_runner.py:240} INFO - Task exited with return code 0
[2024-08-07T10:49:51.400+0000] {taskinstance.py:3503} INFO - 1 downstream tasks scheduled from follow-on schedule check
[2024-08-07T10:49:51.430+0000] {local_task_job_runner.py:222} INFO - ::endgroup::
