[2024-08-12T08:55:38.869+0000] {local_task_job_runner.py:120} INFO - ::group::Pre task execution logs
[2024-08-12T08:55:38.891+0000] {taskinstance.py:2076} INFO - Dependencies all met for dep_context=non-requeueable deps ti=<TaskInstance: etl_2024-08-12.log_the_data manual__2024-08-12T08:55:26.163949+00:00 [queued]>
[2024-08-12T08:55:38.896+0000] {taskinstance.py:2076} INFO - Dependencies all met for dep_context=requeueable deps ti=<TaskInstance: etl_2024-08-12.log_the_data manual__2024-08-12T08:55:26.163949+00:00 [queued]>
[2024-08-12T08:55:38.896+0000] {taskinstance.py:2306} INFO - Starting attempt 1 of 2
[2024-08-12T08:55:39.332+0000] {taskinstance.py:2330} INFO - Executing <Task(BashOperator): log_the_data> on 2024-08-12 08:55:26.163949+00:00
[2024-08-12T08:55:39.338+0000] {standard_task_runner.py:63} INFO - Started process 4503 to run task
[2024-08-12T08:55:39.342+0000] {standard_task_runner.py:90} INFO - Running: ['***', 'tasks', 'run', 'etl_2024-08-12', 'log_the_data', 'manual__2024-08-12T08:55:26.163949+00:00', '--job-id', '2689', '--raw', '--subdir', 'DAGS_FOLDER/final_etl.py', '--cfg-path', '/tmp/tmpfcxeoi6i']
[2024-08-12T08:55:39.343+0000] {standard_task_runner.py:91} INFO - Job 2689: Subtask log_the_data
[2024-08-12T08:55:39.438+0000] {task_command.py:426} INFO - Running <TaskInstance: etl_2024-08-12.log_the_data manual__2024-08-12T08:55:26.163949+00:00 [running]> on host 88a939613e48
[2024-08-12T08:55:39.575+0000] {taskinstance.py:2648} INFO - Exporting env vars: AIRFLOW_CTX_DAG_OWNER='***' AIRFLOW_CTX_DAG_ID='etl_2024-08-12' AIRFLOW_CTX_TASK_ID='log_the_data' AIRFLOW_CTX_EXECUTION_DATE='2024-08-12T08:55:26.163949+00:00' AIRFLOW_CTX_TRY_NUMBER='1' AIRFLOW_CTX_DAG_RUN_ID='manual__2024-08-12T08:55:26.163949+00:00'
[2024-08-12T08:55:39.576+0000] {taskinstance.py:430} INFO - ::endgroup::
[2024-08-12T08:55:39.583+0000] {subprocess.py:63} INFO - Tmp dir root location: /tmp
[2024-08-12T08:55:39.583+0000] {subprocess.py:75} INFO - Running command: ['/usr/bin/bash', '-c', 'python3 /opt/***/data/logging_config.py']
[2024-08-12T08:55:39.588+0000] {subprocess.py:86} INFO - Output:
[2024-08-12T08:55:39.669+0000] {subprocess.py:97} INFO - Command exited with return code 0
[2024-08-12T08:55:39.669+0000] {taskinstance.py:441} INFO - ::group::Post task execution logs
[2024-08-12T08:55:39.742+0000] {taskinstance.py:1206} INFO - Marking task as SUCCESS. dag_id=etl_2024-08-12, task_id=log_the_data, run_id=manual__2024-08-12T08:55:26.163949+00:00, execution_date=20240812T085526, start_date=20240812T085538, end_date=20240812T085539
[2024-08-12T08:55:39.795+0000] {local_task_job_runner.py:240} INFO - Task exited with return code 0
[2024-08-12T08:55:39.822+0000] {taskinstance.py:3503} INFO - 1 downstream tasks scheduled from follow-on schedule check
[2024-08-12T08:55:40.021+0000] {local_task_job_runner.py:222} INFO - ::endgroup::
