[2024-08-07T10:48:58.167+0000] {local_task_job_runner.py:120} INFO - ::group::Pre task execution logs
[2024-08-07T10:48:58.195+0000] {taskinstance.py:2076} INFO - Dependencies all met for dep_context=non-requeueable deps ti=<TaskInstance: etl_2024-08-07.fetch_the_api scheduled__2024-05-31T00:00:00+00:00 [queued]>
[2024-08-07T10:48:58.199+0000] {taskinstance.py:2076} INFO - Dependencies all met for dep_context=requeueable deps ti=<TaskInstance: etl_2024-08-07.fetch_the_api scheduled__2024-05-31T00:00:00+00:00 [queued]>
[2024-08-07T10:48:58.200+0000] {taskinstance.py:2306} INFO - Starting attempt 1 of 2
[2024-08-07T10:48:58.252+0000] {taskinstance.py:2330} INFO - Executing <Task(BashOperator): fetch_the_api> on 2024-05-31 00:00:00+00:00
[2024-08-07T10:48:58.256+0000] {standard_task_runner.py:63} INFO - Started process 2235 to run task
[2024-08-07T10:48:58.260+0000] {standard_task_runner.py:90} INFO - Running: ['***', 'tasks', 'run', 'etl_2024-08-07', 'fetch_the_api', 'scheduled__2024-05-31T00:00:00+00:00', '--job-id', '229', '--raw', '--subdir', 'DAGS_FOLDER/final_etl.py', '--cfg-path', '/tmp/tmppoa2peao']
[2024-08-07T10:48:58.262+0000] {standard_task_runner.py:91} INFO - Job 229: Subtask fetch_the_api
[2024-08-07T10:48:58.313+0000] {task_command.py:426} INFO - Running <TaskInstance: etl_2024-08-07.fetch_the_api scheduled__2024-05-31T00:00:00+00:00 [running]> on host 8cffaad11d99
[2024-08-07T10:48:58.408+0000] {taskinstance.py:2648} INFO - Exporting env vars: AIRFLOW_CTX_DAG_OWNER='***' AIRFLOW_CTX_DAG_ID='etl_2024-08-07' AIRFLOW_CTX_TASK_ID='fetch_the_api' AIRFLOW_CTX_EXECUTION_DATE='2024-05-31T00:00:00+00:00' AIRFLOW_CTX_TRY_NUMBER='1' AIRFLOW_CTX_DAG_RUN_ID='scheduled__2024-05-31T00:00:00+00:00'
[2024-08-07T10:48:58.409+0000] {taskinstance.py:430} INFO - ::endgroup::
[2024-08-07T10:48:58.422+0000] {subprocess.py:63} INFO - Tmp dir root location: /tmp
[2024-08-07T10:48:58.423+0000] {subprocess.py:75} INFO - Running command: ['/usr/bin/bash', '-c', 'python3 /opt/***/data/config.py']
[2024-08-07T10:48:58.430+0000] {subprocess.py:86} INFO - Output:
[2024-08-07T10:48:58.496+0000] {subprocess.py:97} INFO - Command exited with return code 0
[2024-08-07T10:48:58.497+0000] {taskinstance.py:441} INFO - ::group::Post task execution logs
[2024-08-07T10:48:58.539+0000] {taskinstance.py:1206} INFO - Marking task as SUCCESS. dag_id=etl_2024-08-07, task_id=fetch_the_api, run_id=scheduled__2024-05-31T00:00:00+00:00, execution_date=20240531T000000, start_date=20240807T104858, end_date=20240807T104858
[2024-08-07T10:48:58.592+0000] {local_task_job_runner.py:240} INFO - Task exited with return code 0
[2024-08-07T10:48:58.621+0000] {taskinstance.py:3503} INFO - 1 downstream tasks scheduled from follow-on schedule check
[2024-08-07T10:48:58.637+0000] {local_task_job_runner.py:222} INFO - ::endgroup::
[2024-08-07T10:55:09.221+0000] {local_task_job_runner.py:120} INFO - ::group::Pre task execution logs
[2024-08-07T10:55:09.241+0000] {taskinstance.py:2076} INFO - Dependencies all met for dep_context=non-requeueable deps ti=<TaskInstance: etl_2024-08-07.fetch_the_api scheduled__2024-05-31T00:00:00+00:00 [queued]>
[2024-08-07T10:55:09.245+0000] {taskinstance.py:2076} INFO - Dependencies all met for dep_context=requeueable deps ti=<TaskInstance: etl_2024-08-07.fetch_the_api scheduled__2024-05-31T00:00:00+00:00 [queued]>
[2024-08-07T10:55:09.246+0000] {taskinstance.py:2306} INFO - Starting attempt 1 of 2
[2024-08-07T10:55:09.265+0000] {taskinstance.py:2330} INFO - Executing <Task(BashOperator): fetch_the_api> on 2024-05-31 00:00:00+00:00
[2024-08-07T10:55:09.268+0000] {standard_task_runner.py:63} INFO - Started process 3029 to run task
[2024-08-07T10:55:09.272+0000] {standard_task_runner.py:90} INFO - Running: ['***', 'tasks', 'run', 'etl_2024-08-07', 'fetch_the_api', 'scheduled__2024-05-31T00:00:00+00:00', '--job-id', '445', '--raw', '--subdir', 'DAGS_FOLDER/final_etl.py', '--cfg-path', '/tmp/tmp3qnp4xas']
[2024-08-07T10:55:09.275+0000] {standard_task_runner.py:91} INFO - Job 445: Subtask fetch_the_api
[2024-08-07T10:55:09.347+0000] {task_command.py:426} INFO - Running <TaskInstance: etl_2024-08-07.fetch_the_api scheduled__2024-05-31T00:00:00+00:00 [running]> on host 8cffaad11d99
[2024-08-07T10:55:09.434+0000] {taskinstance.py:2648} INFO - Exporting env vars: AIRFLOW_CTX_DAG_OWNER='***' AIRFLOW_CTX_DAG_ID='etl_2024-08-07' AIRFLOW_CTX_TASK_ID='fetch_the_api' AIRFLOW_CTX_EXECUTION_DATE='2024-05-31T00:00:00+00:00' AIRFLOW_CTX_TRY_NUMBER='1' AIRFLOW_CTX_DAG_RUN_ID='scheduled__2024-05-31T00:00:00+00:00'
[2024-08-07T10:55:09.435+0000] {taskinstance.py:430} INFO - ::endgroup::
[2024-08-07T10:55:09.442+0000] {subprocess.py:63} INFO - Tmp dir root location: /tmp
[2024-08-07T10:55:09.442+0000] {subprocess.py:75} INFO - Running command: ['/usr/bin/bash', '-c', 'python3 /opt/***/data/config.py']
[2024-08-07T10:55:09.449+0000] {subprocess.py:86} INFO - Output:
[2024-08-07T10:55:09.534+0000] {subprocess.py:97} INFO - Command exited with return code 0
[2024-08-07T10:55:09.535+0000] {taskinstance.py:441} INFO - ::group::Post task execution logs
[2024-08-07T10:55:09.584+0000] {taskinstance.py:1206} INFO - Marking task as SUCCESS. dag_id=etl_2024-08-07, task_id=fetch_the_api, run_id=scheduled__2024-05-31T00:00:00+00:00, execution_date=20240531T000000, start_date=20240807T105509, end_date=20240807T105509
[2024-08-07T10:55:10.568+0000] {local_task_job_runner.py:240} INFO - Task exited with return code 0
[2024-08-07T10:55:10.587+0000] {taskinstance.py:3503} INFO - 1 downstream tasks scheduled from follow-on schedule check
[2024-08-07T10:55:10.606+0000] {local_task_job_runner.py:222} INFO - ::endgroup::
