[2024-08-07T11:11:14.106+0000] {local_task_job_runner.py:120} INFO - ::group::Pre task execution logs
[2024-08-07T11:11:14.144+0000] {taskinstance.py:2076} INFO - Dependencies all met for dep_context=non-requeueable deps ti=<TaskInstance: etl_2024-08-07.fetch_the_api scheduled__2024-07-15T00:00:00+00:00 [queued]>
[2024-08-07T11:11:14.151+0000] {taskinstance.py:2076} INFO - Dependencies all met for dep_context=requeueable deps ti=<TaskInstance: etl_2024-08-07.fetch_the_api scheduled__2024-07-15T00:00:00+00:00 [queued]>
[2024-08-07T11:11:14.151+0000] {taskinstance.py:2306} INFO - Starting attempt 1 of 2
[2024-08-07T11:11:14.179+0000] {taskinstance.py:2330} INFO - Executing <Task(BashOperator): fetch_the_api> on 2024-07-15 00:00:00+00:00
[2024-08-07T11:11:14.183+0000] {standard_task_runner.py:63} INFO - Started process 4461 to run task
[2024-08-07T11:11:14.186+0000] {standard_task_runner.py:90} INFO - Running: ['***', 'tasks', 'run', 'etl_2024-08-07', 'fetch_the_api', 'scheduled__2024-07-15T00:00:00+00:00', '--job-id', '785', '--raw', '--subdir', 'DAGS_FOLDER/final_etl.py', '--cfg-path', '/tmp/tmp58c4b4s2']
[2024-08-07T11:11:14.188+0000] {standard_task_runner.py:91} INFO - Job 785: Subtask fetch_the_api
[2024-08-07T11:11:14.241+0000] {task_command.py:426} INFO - Running <TaskInstance: etl_2024-08-07.fetch_the_api scheduled__2024-07-15T00:00:00+00:00 [running]> on host 8cffaad11d99
[2024-08-07T11:11:14.821+0000] {taskinstance.py:2648} INFO - Exporting env vars: AIRFLOW_CTX_DAG_OWNER='***' AIRFLOW_CTX_DAG_ID='etl_2024-08-07' AIRFLOW_CTX_TASK_ID='fetch_the_api' AIRFLOW_CTX_EXECUTION_DATE='2024-07-15T00:00:00+00:00' AIRFLOW_CTX_TRY_NUMBER='1' AIRFLOW_CTX_DAG_RUN_ID='scheduled__2024-07-15T00:00:00+00:00'
[2024-08-07T11:11:14.823+0000] {taskinstance.py:430} INFO - ::endgroup::
[2024-08-07T11:11:14.836+0000] {subprocess.py:63} INFO - Tmp dir root location: /tmp
[2024-08-07T11:11:14.837+0000] {subprocess.py:75} INFO - Running command: ['/usr/bin/bash', '-c', 'python3 /opt/***/data/config.py']
[2024-08-07T11:11:14.842+0000] {subprocess.py:86} INFO - Output:
[2024-08-07T11:11:14.901+0000] {subprocess.py:97} INFO - Command exited with return code 0
[2024-08-07T11:11:14.902+0000] {taskinstance.py:441} INFO - ::group::Post task execution logs
[2024-08-07T11:11:15.256+0000] {taskinstance.py:1206} INFO - Marking task as SUCCESS. dag_id=etl_2024-08-07, task_id=fetch_the_api, run_id=scheduled__2024-07-15T00:00:00+00:00, execution_date=20240715T000000, start_date=20240807T111114, end_date=20240807T111115
[2024-08-07T11:11:15.364+0000] {local_task_job_runner.py:240} INFO - Task exited with return code 0
[2024-08-07T11:11:15.393+0000] {taskinstance.py:3503} INFO - 1 downstream tasks scheduled from follow-on schedule check
[2024-08-07T11:11:15.425+0000] {local_task_job_runner.py:222} INFO - ::endgroup::
