[2024-08-07T10:49:02.268+0000] {local_task_job_runner.py:120} INFO - ::group::Pre task execution logs
[2024-08-07T10:49:02.293+0000] {taskinstance.py:2076} INFO - Dependencies all met for dep_context=non-requeueable deps ti=<TaskInstance: etl_2024-08-07.log_the_data scheduled__2024-06-04T00:00:00+00:00 [queued]>
[2024-08-07T10:49:02.298+0000] {taskinstance.py:2076} INFO - Dependencies all met for dep_context=requeueable deps ti=<TaskInstance: etl_2024-08-07.log_the_data scheduled__2024-06-04T00:00:00+00:00 [queued]>
[2024-08-07T10:49:02.298+0000] {taskinstance.py:2306} INFO - Starting attempt 1 of 2
[2024-08-07T10:49:02.321+0000] {taskinstance.py:2330} INFO - Executing <Task(BashOperator): log_the_data> on 2024-06-04 00:00:00+00:00
[2024-08-07T10:49:02.325+0000] {standard_task_runner.py:63} INFO - Started process 2356 to run task
[2024-08-07T10:49:02.332+0000] {standard_task_runner.py:90} INFO - Running: ['***', 'tasks', 'run', 'etl_2024-08-07', 'log_the_data', 'scheduled__2024-06-04T00:00:00+00:00', '--job-id', '275', '--raw', '--subdir', 'DAGS_FOLDER/final_etl.py', '--cfg-path', '/tmp/tmpcttx7gon']
[2024-08-07T10:49:02.335+0000] {standard_task_runner.py:91} INFO - Job 275: Subtask log_the_data
[2024-08-07T10:49:02.401+0000] {task_command.py:426} INFO - Running <TaskInstance: etl_2024-08-07.log_the_data scheduled__2024-06-04T00:00:00+00:00 [running]> on host 8cffaad11d99
[2024-08-07T10:49:02.549+0000] {taskinstance.py:2648} INFO - Exporting env vars: AIRFLOW_CTX_DAG_OWNER='***' AIRFLOW_CTX_DAG_ID='etl_2024-08-07' AIRFLOW_CTX_TASK_ID='log_the_data' AIRFLOW_CTX_EXECUTION_DATE='2024-06-04T00:00:00+00:00' AIRFLOW_CTX_TRY_NUMBER='1' AIRFLOW_CTX_DAG_RUN_ID='scheduled__2024-06-04T00:00:00+00:00'
[2024-08-07T10:49:02.550+0000] {taskinstance.py:430} INFO - ::endgroup::
[2024-08-07T10:49:02.564+0000] {subprocess.py:63} INFO - Tmp dir root location: /tmp
[2024-08-07T10:49:02.564+0000] {subprocess.py:75} INFO - Running command: ['/usr/bin/bash', '-c', 'python3 /opt/***/data/logging_config.py']
[2024-08-07T10:49:02.573+0000] {subprocess.py:86} INFO - Output:
[2024-08-07T10:49:02.669+0000] {subprocess.py:97} INFO - Command exited with return code 0
[2024-08-07T10:49:02.670+0000] {taskinstance.py:441} INFO - ::group::Post task execution logs
[2024-08-07T10:49:02.717+0000] {taskinstance.py:1206} INFO - Marking task as SUCCESS. dag_id=etl_2024-08-07, task_id=log_the_data, run_id=scheduled__2024-06-04T00:00:00+00:00, execution_date=20240604T000000, start_date=20240807T104902, end_date=20240807T104902
[2024-08-07T10:49:02.783+0000] {local_task_job_runner.py:240} INFO - Task exited with return code 0
[2024-08-07T10:49:02.814+0000] {taskinstance.py:3503} INFO - 1 downstream tasks scheduled from follow-on schedule check
[2024-08-07T10:49:02.829+0000] {local_task_job_runner.py:222} INFO - ::endgroup::
[2024-08-07T10:55:13.755+0000] {local_task_job_runner.py:120} INFO - ::group::Pre task execution logs
[2024-08-07T10:55:13.774+0000] {taskinstance.py:2076} INFO - Dependencies all met for dep_context=non-requeueable deps ti=<TaskInstance: etl_2024-08-07.log_the_data scheduled__2024-06-04T00:00:00+00:00 [queued]>
[2024-08-07T10:55:13.778+0000] {taskinstance.py:2076} INFO - Dependencies all met for dep_context=requeueable deps ti=<TaskInstance: etl_2024-08-07.log_the_data scheduled__2024-06-04T00:00:00+00:00 [queued]>
[2024-08-07T10:55:13.779+0000] {taskinstance.py:2306} INFO - Starting attempt 1 of 2
[2024-08-07T10:55:13.803+0000] {taskinstance.py:2330} INFO - Executing <Task(BashOperator): log_the_data> on 2024-06-04 00:00:00+00:00
[2024-08-07T10:55:13.806+0000] {standard_task_runner.py:63} INFO - Started process 3166 to run task
[2024-08-07T10:55:13.809+0000] {standard_task_runner.py:90} INFO - Running: ['***', 'tasks', 'run', 'etl_2024-08-07', 'log_the_data', 'scheduled__2024-06-04T00:00:00+00:00', '--job-id', '491', '--raw', '--subdir', 'DAGS_FOLDER/final_etl.py', '--cfg-path', '/tmp/tmpbtfy72sh']
[2024-08-07T10:55:13.810+0000] {standard_task_runner.py:91} INFO - Job 491: Subtask log_the_data
[2024-08-07T10:55:13.884+0000] {task_command.py:426} INFO - Running <TaskInstance: etl_2024-08-07.log_the_data scheduled__2024-06-04T00:00:00+00:00 [running]> on host 8cffaad11d99
[2024-08-07T10:55:14.031+0000] {taskinstance.py:2648} INFO - Exporting env vars: AIRFLOW_CTX_DAG_OWNER='***' AIRFLOW_CTX_DAG_ID='etl_2024-08-07' AIRFLOW_CTX_TASK_ID='log_the_data' AIRFLOW_CTX_EXECUTION_DATE='2024-06-04T00:00:00+00:00' AIRFLOW_CTX_TRY_NUMBER='1' AIRFLOW_CTX_DAG_RUN_ID='scheduled__2024-06-04T00:00:00+00:00'
[2024-08-07T10:55:14.032+0000] {taskinstance.py:430} INFO - ::endgroup::
[2024-08-07T10:55:14.054+0000] {subprocess.py:63} INFO - Tmp dir root location: /tmp
[2024-08-07T10:55:14.054+0000] {subprocess.py:75} INFO - Running command: ['/usr/bin/bash', '-c', 'python3 /opt/***/data/logging_config.py']
[2024-08-07T10:55:14.064+0000] {subprocess.py:86} INFO - Output:
[2024-08-07T10:55:14.186+0000] {subprocess.py:97} INFO - Command exited with return code 0
[2024-08-07T10:55:14.187+0000] {taskinstance.py:441} INFO - ::group::Post task execution logs
[2024-08-07T10:55:14.438+0000] {taskinstance.py:1206} INFO - Marking task as SUCCESS. dag_id=etl_2024-08-07, task_id=log_the_data, run_id=scheduled__2024-06-04T00:00:00+00:00, execution_date=20240604T000000, start_date=20240807T105513, end_date=20240807T105514
[2024-08-07T10:55:14.865+0000] {local_task_job_runner.py:240} INFO - Task exited with return code 0
[2024-08-07T10:55:14.880+0000] {taskinstance.py:3503} INFO - 1 downstream tasks scheduled from follow-on schedule check
[2024-08-07T10:55:14.924+0000] {local_task_job_runner.py:222} INFO - ::endgroup::
