[2024-08-07T10:43:36.291+0000] {local_task_job_runner.py:120} INFO - ::group::Pre task execution logs
[2024-08-07T10:43:36.318+0000] {taskinstance.py:2076} INFO - Dependencies all met for dep_context=non-requeueable deps ti=<TaskInstance: etl_2024-08-07.log_the_data scheduled__2024-05-08T00:00:00+00:00 [queued]>
[2024-08-07T10:43:36.325+0000] {taskinstance.py:2076} INFO - Dependencies all met for dep_context=requeueable deps ti=<TaskInstance: etl_2024-08-07.log_the_data scheduled__2024-05-08T00:00:00+00:00 [queued]>
[2024-08-07T10:43:36.325+0000] {taskinstance.py:2306} INFO - Starting attempt 1 of 2
[2024-08-07T10:43:36.354+0000] {taskinstance.py:2330} INFO - Executing <Task(BashOperator): log_the_data> on 2024-05-08 00:00:00+00:00
[2024-08-07T10:43:36.357+0000] {standard_task_runner.py:63} INFO - Started process 1763 to run task
[2024-08-07T10:43:36.363+0000] {standard_task_runner.py:90} INFO - Running: ['***', 'tasks', 'run', 'etl_2024-08-07', 'log_the_data', 'scheduled__2024-05-08T00:00:00+00:00', '--job-id', '116', '--raw', '--subdir', 'DAGS_FOLDER/final_etl.py', '--cfg-path', '/tmp/tmpc_vzob1d']
[2024-08-07T10:43:36.367+0000] {standard_task_runner.py:91} INFO - Job 116: Subtask log_the_data
[2024-08-07T10:43:36.431+0000] {task_command.py:426} INFO - Running <TaskInstance: etl_2024-08-07.log_the_data scheduled__2024-05-08T00:00:00+00:00 [running]> on host 8cffaad11d99
[2024-08-07T10:43:37.446+0000] {taskinstance.py:2648} INFO - Exporting env vars: AIRFLOW_CTX_DAG_OWNER='***' AIRFLOW_CTX_DAG_ID='etl_2024-08-07' AIRFLOW_CTX_TASK_ID='log_the_data' AIRFLOW_CTX_EXECUTION_DATE='2024-05-08T00:00:00+00:00' AIRFLOW_CTX_TRY_NUMBER='1' AIRFLOW_CTX_DAG_RUN_ID='scheduled__2024-05-08T00:00:00+00:00'
[2024-08-07T10:43:37.446+0000] {taskinstance.py:430} INFO - ::endgroup::
[2024-08-07T10:43:37.454+0000] {subprocess.py:63} INFO - Tmp dir root location: /tmp
[2024-08-07T10:43:37.455+0000] {subprocess.py:75} INFO - Running command: ['/usr/bin/bash', '-c', 'python3 /opt/***/data/logging_config.py']
[2024-08-07T10:43:37.461+0000] {subprocess.py:86} INFO - Output:
[2024-08-07T10:43:37.545+0000] {subprocess.py:97} INFO - Command exited with return code 0
[2024-08-07T10:43:37.545+0000] {taskinstance.py:441} INFO - ::group::Post task execution logs
[2024-08-07T10:43:37.600+0000] {taskinstance.py:1206} INFO - Marking task as SUCCESS. dag_id=etl_2024-08-07, task_id=log_the_data, run_id=scheduled__2024-05-08T00:00:00+00:00, execution_date=20240508T000000, start_date=20240807T104336, end_date=20240807T104337
[2024-08-07T10:43:37.657+0000] {local_task_job_runner.py:240} INFO - Task exited with return code 0
[2024-08-07T10:43:37.686+0000] {taskinstance.py:3503} INFO - 1 downstream tasks scheduled from follow-on schedule check
[2024-08-07T10:43:37.704+0000] {local_task_job_runner.py:222} INFO - ::endgroup::
[2024-08-07T10:49:46.686+0000] {local_task_job_runner.py:120} INFO - ::group::Pre task execution logs
[2024-08-07T10:49:46.705+0000] {taskinstance.py:2076} INFO - Dependencies all met for dep_context=non-requeueable deps ti=<TaskInstance: etl_2024-08-07.log_the_data scheduled__2024-05-08T00:00:00+00:00 [queued]>
[2024-08-07T10:49:46.712+0000] {taskinstance.py:2076} INFO - Dependencies all met for dep_context=requeueable deps ti=<TaskInstance: etl_2024-08-07.log_the_data scheduled__2024-05-08T00:00:00+00:00 [queued]>
[2024-08-07T10:49:46.712+0000] {taskinstance.py:2306} INFO - Starting attempt 1 of 2
[2024-08-07T10:49:46.871+0000] {taskinstance.py:2330} INFO - Executing <Task(BashOperator): log_the_data> on 2024-05-08 00:00:00+00:00
[2024-08-07T10:49:46.874+0000] {standard_task_runner.py:63} INFO - Started process 2572 to run task
[2024-08-07T10:49:46.878+0000] {standard_task_runner.py:90} INFO - Running: ['***', 'tasks', 'run', 'etl_2024-08-07', 'log_the_data', 'scheduled__2024-05-08T00:00:00+00:00', '--job-id', '336', '--raw', '--subdir', 'DAGS_FOLDER/final_etl.py', '--cfg-path', '/tmp/tmpnwsmrbh4']
[2024-08-07T10:49:46.880+0000] {standard_task_runner.py:91} INFO - Job 336: Subtask log_the_data
[2024-08-07T10:49:46.993+0000] {task_command.py:426} INFO - Running <TaskInstance: etl_2024-08-07.log_the_data scheduled__2024-05-08T00:00:00+00:00 [running]> on host 8cffaad11d99
[2024-08-07T10:49:47.099+0000] {taskinstance.py:2648} INFO - Exporting env vars: AIRFLOW_CTX_DAG_OWNER='***' AIRFLOW_CTX_DAG_ID='etl_2024-08-07' AIRFLOW_CTX_TASK_ID='log_the_data' AIRFLOW_CTX_EXECUTION_DATE='2024-05-08T00:00:00+00:00' AIRFLOW_CTX_TRY_NUMBER='1' AIRFLOW_CTX_DAG_RUN_ID='scheduled__2024-05-08T00:00:00+00:00'
[2024-08-07T10:49:47.100+0000] {taskinstance.py:430} INFO - ::endgroup::
[2024-08-07T10:49:47.110+0000] {subprocess.py:63} INFO - Tmp dir root location: /tmp
[2024-08-07T10:49:47.110+0000] {subprocess.py:75} INFO - Running command: ['/usr/bin/bash', '-c', 'python3 /opt/***/data/logging_config.py']
[2024-08-07T10:49:47.117+0000] {subprocess.py:86} INFO - Output:
[2024-08-07T10:49:47.201+0000] {subprocess.py:97} INFO - Command exited with return code 0
[2024-08-07T10:49:47.202+0000] {taskinstance.py:441} INFO - ::group::Post task execution logs
[2024-08-07T10:49:47.257+0000] {taskinstance.py:1206} INFO - Marking task as SUCCESS. dag_id=etl_2024-08-07, task_id=log_the_data, run_id=scheduled__2024-05-08T00:00:00+00:00, execution_date=20240508T000000, start_date=20240807T104946, end_date=20240807T104947
[2024-08-07T10:49:47.329+0000] {local_task_job_runner.py:240} INFO - Task exited with return code 0
[2024-08-07T10:49:47.337+0000] {local_task_job_runner.py:222} INFO - ::endgroup::
