[2024-08-07T10:48:59.305+0000] {local_task_job_runner.py:120} INFO - ::group::Pre task execution logs
[2024-08-07T10:48:59.329+0000] {taskinstance.py:2076} INFO - Dependencies all met for dep_context=non-requeueable deps ti=<TaskInstance: etl_2024-08-07.fetch_the_api scheduled__2024-06-04T00:00:00+00:00 [queued]>
[2024-08-07T10:48:59.333+0000] {taskinstance.py:2076} INFO - Dependencies all met for dep_context=requeueable deps ti=<TaskInstance: etl_2024-08-07.fetch_the_api scheduled__2024-06-04T00:00:00+00:00 [queued]>
[2024-08-07T10:48:59.333+0000] {taskinstance.py:2306} INFO - Starting attempt 1 of 2
[2024-08-07T10:48:59.541+0000] {taskinstance.py:2330} INFO - Executing <Task(BashOperator): fetch_the_api> on 2024-06-04 00:00:00+00:00
[2024-08-07T10:48:59.552+0000] {standard_task_runner.py:63} INFO - Started process 2271 to run task
[2024-08-07T10:48:59.554+0000] {standard_task_runner.py:90} INFO - Running: ['***', 'tasks', 'run', 'etl_2024-08-07', 'fetch_the_api', 'scheduled__2024-06-04T00:00:00+00:00', '--job-id', '243', '--raw', '--subdir', 'DAGS_FOLDER/final_etl.py', '--cfg-path', '/tmp/tmp0belv35j']
[2024-08-07T10:48:59.556+0000] {standard_task_runner.py:91} INFO - Job 243: Subtask fetch_the_api
[2024-08-07T10:48:59.737+0000] {task_command.py:426} INFO - Running <TaskInstance: etl_2024-08-07.fetch_the_api scheduled__2024-06-04T00:00:00+00:00 [running]> on host 8cffaad11d99
[2024-08-07T10:48:59.857+0000] {taskinstance.py:2648} INFO - Exporting env vars: AIRFLOW_CTX_DAG_OWNER='***' AIRFLOW_CTX_DAG_ID='etl_2024-08-07' AIRFLOW_CTX_TASK_ID='fetch_the_api' AIRFLOW_CTX_EXECUTION_DATE='2024-06-04T00:00:00+00:00' AIRFLOW_CTX_TRY_NUMBER='1' AIRFLOW_CTX_DAG_RUN_ID='scheduled__2024-06-04T00:00:00+00:00'
[2024-08-07T10:48:59.857+0000] {taskinstance.py:430} INFO - ::endgroup::
[2024-08-07T10:48:59.870+0000] {subprocess.py:63} INFO - Tmp dir root location: /tmp
[2024-08-07T10:48:59.871+0000] {subprocess.py:75} INFO - Running command: ['/usr/bin/bash', '-c', 'python3 /opt/***/data/config.py']
[2024-08-07T10:48:59.878+0000] {subprocess.py:86} INFO - Output:
[2024-08-07T10:48:59.945+0000] {subprocess.py:97} INFO - Command exited with return code 0
[2024-08-07T10:48:59.945+0000] {taskinstance.py:441} INFO - ::group::Post task execution logs
[2024-08-07T10:48:59.995+0000] {taskinstance.py:1206} INFO - Marking task as SUCCESS. dag_id=etl_2024-08-07, task_id=fetch_the_api, run_id=scheduled__2024-06-04T00:00:00+00:00, execution_date=20240604T000000, start_date=20240807T104859, end_date=20240807T104859
[2024-08-07T10:49:00.090+0000] {local_task_job_runner.py:240} INFO - Task exited with return code 0
[2024-08-07T10:49:00.108+0000] {taskinstance.py:3503} INFO - 1 downstream tasks scheduled from follow-on schedule check
[2024-08-07T10:49:00.123+0000] {local_task_job_runner.py:222} INFO - ::endgroup::
[2024-08-07T10:55:10.966+0000] {local_task_job_runner.py:120} INFO - ::group::Pre task execution logs
[2024-08-07T10:55:10.996+0000] {taskinstance.py:2076} INFO - Dependencies all met for dep_context=non-requeueable deps ti=<TaskInstance: etl_2024-08-07.fetch_the_api scheduled__2024-06-04T00:00:00+00:00 [queued]>
[2024-08-07T10:55:11.003+0000] {taskinstance.py:2076} INFO - Dependencies all met for dep_context=requeueable deps ti=<TaskInstance: etl_2024-08-07.fetch_the_api scheduled__2024-06-04T00:00:00+00:00 [queued]>
[2024-08-07T10:55:11.003+0000] {taskinstance.py:2306} INFO - Starting attempt 1 of 2
[2024-08-07T10:55:11.067+0000] {taskinstance.py:2330} INFO - Executing <Task(BashOperator): fetch_the_api> on 2024-06-04 00:00:00+00:00
[2024-08-07T10:55:11.070+0000] {standard_task_runner.py:63} INFO - Started process 3075 to run task
[2024-08-07T10:55:11.076+0000] {standard_task_runner.py:90} INFO - Running: ['***', 'tasks', 'run', 'etl_2024-08-07', 'fetch_the_api', 'scheduled__2024-06-04T00:00:00+00:00', '--job-id', '459', '--raw', '--subdir', 'DAGS_FOLDER/final_etl.py', '--cfg-path', '/tmp/tmpbmxdfb7j']
[2024-08-07T10:55:11.078+0000] {standard_task_runner.py:91} INFO - Job 459: Subtask fetch_the_api
[2024-08-07T10:55:11.160+0000] {task_command.py:426} INFO - Running <TaskInstance: etl_2024-08-07.fetch_the_api scheduled__2024-06-04T00:00:00+00:00 [running]> on host 8cffaad11d99
[2024-08-07T10:55:11.307+0000] {taskinstance.py:2648} INFO - Exporting env vars: AIRFLOW_CTX_DAG_OWNER='***' AIRFLOW_CTX_DAG_ID='etl_2024-08-07' AIRFLOW_CTX_TASK_ID='fetch_the_api' AIRFLOW_CTX_EXECUTION_DATE='2024-06-04T00:00:00+00:00' AIRFLOW_CTX_TRY_NUMBER='1' AIRFLOW_CTX_DAG_RUN_ID='scheduled__2024-06-04T00:00:00+00:00'
[2024-08-07T10:55:11.308+0000] {taskinstance.py:430} INFO - ::endgroup::
[2024-08-07T10:55:11.316+0000] {subprocess.py:63} INFO - Tmp dir root location: /tmp
[2024-08-07T10:55:11.316+0000] {subprocess.py:75} INFO - Running command: ['/usr/bin/bash', '-c', 'python3 /opt/***/data/config.py']
[2024-08-07T10:55:11.324+0000] {subprocess.py:86} INFO - Output:
[2024-08-07T10:55:11.431+0000] {subprocess.py:97} INFO - Command exited with return code 0
[2024-08-07T10:55:11.432+0000] {taskinstance.py:441} INFO - ::group::Post task execution logs
[2024-08-07T10:55:11.489+0000] {taskinstance.py:1206} INFO - Marking task as SUCCESS. dag_id=etl_2024-08-07, task_id=fetch_the_api, run_id=scheduled__2024-06-04T00:00:00+00:00, execution_date=20240604T000000, start_date=20240807T105510, end_date=20240807T105511
[2024-08-07T10:55:11.526+0000] {local_task_job_runner.py:240} INFO - Task exited with return code 0
[2024-08-07T10:55:11.551+0000] {taskinstance.py:3503} INFO - 1 downstream tasks scheduled from follow-on schedule check
[2024-08-07T10:55:11.573+0000] {local_task_job_runner.py:222} INFO - ::endgroup::
