[2024-08-07T10:43:41.772+0000] {local_task_job_runner.py:120} INFO - ::group::Pre task execution logs
[2024-08-07T10:43:41.828+0000] {taskinstance.py:2076} INFO - Dependencies all met for dep_context=non-requeueable deps ti=<TaskInstance: etl_2024-08-07.decrypt_the_data scheduled__2024-05-15T00:00:00+00:00 [queued]>
[2024-08-07T10:43:41.836+0000] {taskinstance.py:2076} INFO - Dependencies all met for dep_context=requeueable deps ti=<TaskInstance: etl_2024-08-07.decrypt_the_data scheduled__2024-05-15T00:00:00+00:00 [queued]>
[2024-08-07T10:43:41.836+0000] {taskinstance.py:2306} INFO - Starting attempt 1 of 2
[2024-08-07T10:43:41.900+0000] {taskinstance.py:2330} INFO - Executing <Task(BashOperator): decrypt_the_data> on 2024-05-15 00:00:00+00:00
[2024-08-07T10:43:41.908+0000] {standard_task_runner.py:63} INFO - Started process 1881 to run task
[2024-08-07T10:43:41.918+0000] {standard_task_runner.py:90} INFO - Running: ['***', 'tasks', 'run', 'etl_2024-08-07', 'decrypt_the_data', 'scheduled__2024-05-15T00:00:00+00:00', '--job-id', '157', '--raw', '--subdir', 'DAGS_FOLDER/final_etl.py', '--cfg-path', '/tmp/tmptfcxoowa']
[2024-08-07T10:43:41.922+0000] {standard_task_runner.py:91} INFO - Job 157: Subtask decrypt_the_data
[2024-08-07T10:43:42.024+0000] {task_command.py:426} INFO - Running <TaskInstance: etl_2024-08-07.decrypt_the_data scheduled__2024-05-15T00:00:00+00:00 [running]> on host 8cffaad11d99
[2024-08-07T10:43:42.159+0000] {taskinstance.py:2648} INFO - Exporting env vars: AIRFLOW_CTX_DAG_OWNER='***' AIRFLOW_CTX_DAG_ID='etl_2024-08-07' AIRFLOW_CTX_TASK_ID='decrypt_the_data' AIRFLOW_CTX_EXECUTION_DATE='2024-05-15T00:00:00+00:00' AIRFLOW_CTX_TRY_NUMBER='1' AIRFLOW_CTX_DAG_RUN_ID='scheduled__2024-05-15T00:00:00+00:00'
[2024-08-07T10:43:42.160+0000] {taskinstance.py:430} INFO - ::endgroup::
[2024-08-07T10:43:42.186+0000] {subprocess.py:63} INFO - Tmp dir root location: /tmp
[2024-08-07T10:43:42.187+0000] {subprocess.py:75} INFO - Running command: ['/usr/bin/bash', '-c', 'python3 /opt/***/data/decryption_utils.py']
[2024-08-07T10:43:42.196+0000] {subprocess.py:86} INFO - Output:
[2024-08-07T10:43:42.341+0000] {subprocess.py:97} INFO - Command exited with return code 0
[2024-08-07T10:43:42.342+0000] {taskinstance.py:441} INFO - ::group::Post task execution logs
[2024-08-07T10:43:42.392+0000] {taskinstance.py:1206} INFO - Marking task as SUCCESS. dag_id=etl_2024-08-07, task_id=decrypt_the_data, run_id=scheduled__2024-05-15T00:00:00+00:00, execution_date=20240515T000000, start_date=20240807T104341, end_date=20240807T104342
[2024-08-07T10:43:42.447+0000] {local_task_job_runner.py:240} INFO - Task exited with return code 0
[2024-08-07T10:43:42.467+0000] {taskinstance.py:3503} INFO - 1 downstream tasks scheduled from follow-on schedule check
[2024-08-07T10:43:42.488+0000] {local_task_job_runner.py:222} INFO - ::endgroup::
[2024-08-07T10:49:50.717+0000] {local_task_job_runner.py:120} INFO - ::group::Pre task execution logs
[2024-08-07T10:49:50.741+0000] {taskinstance.py:2076} INFO - Dependencies all met for dep_context=non-requeueable deps ti=<TaskInstance: etl_2024-08-07.decrypt_the_data scheduled__2024-05-15T00:00:00+00:00 [queued]>
[2024-08-07T10:49:50.746+0000] {taskinstance.py:2076} INFO - Dependencies all met for dep_context=requeueable deps ti=<TaskInstance: etl_2024-08-07.decrypt_the_data scheduled__2024-05-15T00:00:00+00:00 [queued]>
[2024-08-07T10:49:50.746+0000] {taskinstance.py:2306} INFO - Starting attempt 1 of 2
[2024-08-07T10:49:50.813+0000] {taskinstance.py:2330} INFO - Executing <Task(BashOperator): decrypt_the_data> on 2024-05-15 00:00:00+00:00
[2024-08-07T10:49:50.816+0000] {standard_task_runner.py:63} INFO - Started process 2689 to run task
[2024-08-07T10:49:50.824+0000] {standard_task_runner.py:90} INFO - Running: ['***', 'tasks', 'run', 'etl_2024-08-07', 'decrypt_the_data', 'scheduled__2024-05-15T00:00:00+00:00', '--job-id', '374', '--raw', '--subdir', 'DAGS_FOLDER/final_etl.py', '--cfg-path', '/tmp/tmp5k79oze8']
[2024-08-07T10:49:50.835+0000] {standard_task_runner.py:91} INFO - Job 374: Subtask decrypt_the_data
[2024-08-07T10:49:50.913+0000] {task_command.py:426} INFO - Running <TaskInstance: etl_2024-08-07.decrypt_the_data scheduled__2024-05-15T00:00:00+00:00 [running]> on host 8cffaad11d99
[2024-08-07T10:49:51.042+0000] {taskinstance.py:2648} INFO - Exporting env vars: AIRFLOW_CTX_DAG_OWNER='***' AIRFLOW_CTX_DAG_ID='etl_2024-08-07' AIRFLOW_CTX_TASK_ID='decrypt_the_data' AIRFLOW_CTX_EXECUTION_DATE='2024-05-15T00:00:00+00:00' AIRFLOW_CTX_TRY_NUMBER='1' AIRFLOW_CTX_DAG_RUN_ID='scheduled__2024-05-15T00:00:00+00:00'
[2024-08-07T10:49:51.043+0000] {taskinstance.py:430} INFO - ::endgroup::
[2024-08-07T10:49:51.057+0000] {subprocess.py:63} INFO - Tmp dir root location: /tmp
[2024-08-07T10:49:51.058+0000] {subprocess.py:75} INFO - Running command: ['/usr/bin/bash', '-c', 'python3 /opt/***/data/decryption_utils.py']
[2024-08-07T10:49:51.066+0000] {subprocess.py:86} INFO - Output:
[2024-08-07T10:49:51.164+0000] {subprocess.py:97} INFO - Command exited with return code 0
[2024-08-07T10:49:51.165+0000] {taskinstance.py:441} INFO - ::group::Post task execution logs
[2024-08-07T10:49:51.210+0000] {taskinstance.py:1206} INFO - Marking task as SUCCESS. dag_id=etl_2024-08-07, task_id=decrypt_the_data, run_id=scheduled__2024-05-15T00:00:00+00:00, execution_date=20240515T000000, start_date=20240807T104950, end_date=20240807T104951
[2024-08-07T10:49:51.271+0000] {local_task_job_runner.py:240} INFO - Task exited with return code 0
[2024-08-07T10:49:51.286+0000] {taskinstance.py:3503} INFO - 1 downstream tasks scheduled from follow-on schedule check
[2024-08-07T10:49:51.307+0000] {local_task_job_runner.py:222} INFO - ::endgroup::
