[2024-08-07T10:48:59.900+0000] {local_task_job_runner.py:120} INFO - ::group::Pre task execution logs
[2024-08-07T10:48:59.926+0000] {taskinstance.py:2076} INFO - Dependencies all met for dep_context=non-requeueable deps ti=<TaskInstance: etl_2024-08-07.decrypt_the_data scheduled__2024-05-25T00:00:00+00:00 [queued]>
[2024-08-07T10:48:59.930+0000] {taskinstance.py:2076} INFO - Dependencies all met for dep_context=requeueable deps ti=<TaskInstance: etl_2024-08-07.decrypt_the_data scheduled__2024-05-25T00:00:00+00:00 [queued]>
[2024-08-07T10:48:59.931+0000] {taskinstance.py:2306} INFO - Starting attempt 1 of 2
[2024-08-07T10:48:59.953+0000] {taskinstance.py:2330} INFO - Executing <Task(BashOperator): decrypt_the_data> on 2024-05-25 00:00:00+00:00
[2024-08-07T10:48:59.957+0000] {standard_task_runner.py:63} INFO - Started process 2292 to run task
[2024-08-07T10:48:59.962+0000] {standard_task_runner.py:90} INFO - Running: ['***', 'tasks', 'run', 'etl_2024-08-07', 'decrypt_the_data', 'scheduled__2024-05-25T00:00:00+00:00', '--job-id', '250', '--raw', '--subdir', 'DAGS_FOLDER/final_etl.py', '--cfg-path', '/tmp/tmpgyp_5cuv']
[2024-08-07T10:48:59.965+0000] {standard_task_runner.py:91} INFO - Job 250: Subtask decrypt_the_data
[2024-08-07T10:49:00.022+0000] {task_command.py:426} INFO - Running <TaskInstance: etl_2024-08-07.decrypt_the_data scheduled__2024-05-25T00:00:00+00:00 [running]> on host 8cffaad11d99
[2024-08-07T10:49:00.144+0000] {taskinstance.py:2648} INFO - Exporting env vars: AIRFLOW_CTX_DAG_OWNER='***' AIRFLOW_CTX_DAG_ID='etl_2024-08-07' AIRFLOW_CTX_TASK_ID='decrypt_the_data' AIRFLOW_CTX_EXECUTION_DATE='2024-05-25T00:00:00+00:00' AIRFLOW_CTX_TRY_NUMBER='1' AIRFLOW_CTX_DAG_RUN_ID='scheduled__2024-05-25T00:00:00+00:00'
[2024-08-07T10:49:00.145+0000] {taskinstance.py:430} INFO - ::endgroup::
[2024-08-07T10:49:00.153+0000] {subprocess.py:63} INFO - Tmp dir root location: /tmp
[2024-08-07T10:49:00.153+0000] {subprocess.py:75} INFO - Running command: ['/usr/bin/bash', '-c', 'python3 /opt/***/data/decryption_utils.py']
[2024-08-07T10:49:00.159+0000] {subprocess.py:86} INFO - Output:
[2024-08-07T10:49:00.252+0000] {subprocess.py:97} INFO - Command exited with return code 0
[2024-08-07T10:49:00.253+0000] {taskinstance.py:441} INFO - ::group::Post task execution logs
[2024-08-07T10:49:00.297+0000] {taskinstance.py:1206} INFO - Marking task as SUCCESS. dag_id=etl_2024-08-07, task_id=decrypt_the_data, run_id=scheduled__2024-05-25T00:00:00+00:00, execution_date=20240525T000000, start_date=20240807T104859, end_date=20240807T104900
[2024-08-07T10:49:00.413+0000] {local_task_job_runner.py:240} INFO - Task exited with return code 0
[2024-08-07T10:49:00.441+0000] {taskinstance.py:3503} INFO - 1 downstream tasks scheduled from follow-on schedule check
[2024-08-07T10:49:00.464+0000] {local_task_job_runner.py:222} INFO - ::endgroup::
[2024-08-07T10:55:11.495+0000] {local_task_job_runner.py:120} INFO - ::group::Pre task execution logs
[2024-08-07T10:55:11.515+0000] {taskinstance.py:2076} INFO - Dependencies all met for dep_context=non-requeueable deps ti=<TaskInstance: etl_2024-08-07.decrypt_the_data scheduled__2024-05-25T00:00:00+00:00 [queued]>
[2024-08-07T10:55:11.519+0000] {taskinstance.py:2076} INFO - Dependencies all met for dep_context=requeueable deps ti=<TaskInstance: etl_2024-08-07.decrypt_the_data scheduled__2024-05-25T00:00:00+00:00 [queued]>
[2024-08-07T10:55:11.519+0000] {taskinstance.py:2306} INFO - Starting attempt 1 of 2
[2024-08-07T10:55:11.556+0000] {taskinstance.py:2330} INFO - Executing <Task(BashOperator): decrypt_the_data> on 2024-05-25 00:00:00+00:00
[2024-08-07T10:55:11.560+0000] {standard_task_runner.py:63} INFO - Started process 3102 to run task
[2024-08-07T10:55:11.561+0000] {standard_task_runner.py:90} INFO - Running: ['***', 'tasks', 'run', 'etl_2024-08-07', 'decrypt_the_data', 'scheduled__2024-05-25T00:00:00+00:00', '--job-id', '470', '--raw', '--subdir', 'DAGS_FOLDER/final_etl.py', '--cfg-path', '/tmp/tmp_fc7h1rx']
[2024-08-07T10:55:11.563+0000] {standard_task_runner.py:91} INFO - Job 470: Subtask decrypt_the_data
[2024-08-07T10:55:11.628+0000] {task_command.py:426} INFO - Running <TaskInstance: etl_2024-08-07.decrypt_the_data scheduled__2024-05-25T00:00:00+00:00 [running]> on host 8cffaad11d99
[2024-08-07T10:55:11.767+0000] {taskinstance.py:2648} INFO - Exporting env vars: AIRFLOW_CTX_DAG_OWNER='***' AIRFLOW_CTX_DAG_ID='etl_2024-08-07' AIRFLOW_CTX_TASK_ID='decrypt_the_data' AIRFLOW_CTX_EXECUTION_DATE='2024-05-25T00:00:00+00:00' AIRFLOW_CTX_TRY_NUMBER='1' AIRFLOW_CTX_DAG_RUN_ID='scheduled__2024-05-25T00:00:00+00:00'
[2024-08-07T10:55:11.767+0000] {taskinstance.py:430} INFO - ::endgroup::
[2024-08-07T10:55:11.775+0000] {subprocess.py:63} INFO - Tmp dir root location: /tmp
[2024-08-07T10:55:11.775+0000] {subprocess.py:75} INFO - Running command: ['/usr/bin/bash', '-c', 'python3 /opt/***/data/decryption_utils.py']
[2024-08-07T10:55:11.783+0000] {subprocess.py:86} INFO - Output:
[2024-08-07T10:55:11.890+0000] {subprocess.py:97} INFO - Command exited with return code 0
[2024-08-07T10:55:11.891+0000] {taskinstance.py:441} INFO - ::group::Post task execution logs
[2024-08-07T10:55:12.269+0000] {taskinstance.py:1206} INFO - Marking task as SUCCESS. dag_id=etl_2024-08-07, task_id=decrypt_the_data, run_id=scheduled__2024-05-25T00:00:00+00:00, execution_date=20240525T000000, start_date=20240807T105511, end_date=20240807T105512
[2024-08-07T10:55:12.781+0000] {local_task_job_runner.py:240} INFO - Task exited with return code 0
[2024-08-07T10:55:12.810+0000] {taskinstance.py:3503} INFO - 1 downstream tasks scheduled from follow-on schedule check
[2024-08-07T10:55:12.842+0000] {local_task_job_runner.py:222} INFO - ::endgroup::
