[2024-08-07T10:43:42.843+0000] {local_task_job_runner.py:120} INFO - ::group::Pre task execution logs
[2024-08-07T10:43:42.868+0000] {taskinstance.py:2076} INFO - Dependencies all met for dep_context=non-requeueable deps ti=<TaskInstance: etl_2024-08-07.decrypt_the_data scheduled__2024-05-20T00:00:00+00:00 [queued]>
[2024-08-07T10:43:42.876+0000] {taskinstance.py:2076} INFO - Dependencies all met for dep_context=requeueable deps ti=<TaskInstance: etl_2024-08-07.decrypt_the_data scheduled__2024-05-20T00:00:00+00:00 [queued]>
[2024-08-07T10:43:42.876+0000] {taskinstance.py:2306} INFO - Starting attempt 1 of 2
[2024-08-07T10:43:42.944+0000] {taskinstance.py:2330} INFO - Executing <Task(BashOperator): decrypt_the_data> on 2024-05-20 00:00:00+00:00
[2024-08-07T10:43:42.952+0000] {standard_task_runner.py:63} INFO - Started process 1921 to run task
[2024-08-07T10:43:42.955+0000] {standard_task_runner.py:90} INFO - Running: ['***', 'tasks', 'run', 'etl_2024-08-07', 'decrypt_the_data', 'scheduled__2024-05-20T00:00:00+00:00', '--job-id', '167', '--raw', '--subdir', 'DAGS_FOLDER/final_etl.py', '--cfg-path', '/tmp/tmpx9t8snf9']
[2024-08-07T10:43:42.957+0000] {standard_task_runner.py:91} INFO - Job 167: Subtask decrypt_the_data
[2024-08-07T10:43:43.033+0000] {task_command.py:426} INFO - Running <TaskInstance: etl_2024-08-07.decrypt_the_data scheduled__2024-05-20T00:00:00+00:00 [running]> on host 8cffaad11d99
[2024-08-07T10:43:43.942+0000] {taskinstance.py:2648} INFO - Exporting env vars: AIRFLOW_CTX_DAG_OWNER='***' AIRFLOW_CTX_DAG_ID='etl_2024-08-07' AIRFLOW_CTX_TASK_ID='decrypt_the_data' AIRFLOW_CTX_EXECUTION_DATE='2024-05-20T00:00:00+00:00' AIRFLOW_CTX_TRY_NUMBER='1' AIRFLOW_CTX_DAG_RUN_ID='scheduled__2024-05-20T00:00:00+00:00'
[2024-08-07T10:43:43.943+0000] {taskinstance.py:430} INFO - ::endgroup::
[2024-08-07T10:43:43.950+0000] {subprocess.py:63} INFO - Tmp dir root location: /tmp
[2024-08-07T10:43:43.951+0000] {subprocess.py:75} INFO - Running command: ['/usr/bin/bash', '-c', 'python3 /opt/***/data/decryption_utils.py']
[2024-08-07T10:43:43.964+0000] {subprocess.py:86} INFO - Output:
[2024-08-07T10:43:44.060+0000] {subprocess.py:97} INFO - Command exited with return code 0
[2024-08-07T10:43:44.061+0000] {taskinstance.py:441} INFO - ::group::Post task execution logs
[2024-08-07T10:43:44.127+0000] {taskinstance.py:1206} INFO - Marking task as SUCCESS. dag_id=etl_2024-08-07, task_id=decrypt_the_data, run_id=scheduled__2024-05-20T00:00:00+00:00, execution_date=20240520T000000, start_date=20240807T104342, end_date=20240807T104344
[2024-08-07T10:43:44.174+0000] {local_task_job_runner.py:240} INFO - Task exited with return code 0
[2024-08-07T10:43:44.187+0000] {taskinstance.py:3503} INFO - 1 downstream tasks scheduled from follow-on schedule check
[2024-08-07T10:43:44.208+0000] {local_task_job_runner.py:222} INFO - ::endgroup::
[2024-08-07T10:49:52.798+0000] {local_task_job_runner.py:120} INFO - ::group::Pre task execution logs
[2024-08-07T10:49:52.831+0000] {taskinstance.py:2076} INFO - Dependencies all met for dep_context=non-requeueable deps ti=<TaskInstance: etl_2024-08-07.decrypt_the_data scheduled__2024-05-20T00:00:00+00:00 [queued]>
[2024-08-07T10:49:52.836+0000] {taskinstance.py:2076} INFO - Dependencies all met for dep_context=requeueable deps ti=<TaskInstance: etl_2024-08-07.decrypt_the_data scheduled__2024-05-20T00:00:00+00:00 [queued]>
[2024-08-07T10:49:52.837+0000] {taskinstance.py:2306} INFO - Starting attempt 1 of 2
[2024-08-07T10:49:52.948+0000] {taskinstance.py:2330} INFO - Executing <Task(BashOperator): decrypt_the_data> on 2024-05-20 00:00:00+00:00
[2024-08-07T10:49:52.952+0000] {standard_task_runner.py:63} INFO - Started process 2732 to run task
[2024-08-07T10:49:52.965+0000] {standard_task_runner.py:90} INFO - Running: ['***', 'tasks', 'run', 'etl_2024-08-07', 'decrypt_the_data', 'scheduled__2024-05-20T00:00:00+00:00', '--job-id', '393', '--raw', '--subdir', 'DAGS_FOLDER/final_etl.py', '--cfg-path', '/tmp/tmpi659zjzp']
[2024-08-07T10:49:52.968+0000] {standard_task_runner.py:91} INFO - Job 393: Subtask decrypt_the_data
[2024-08-07T10:49:53.144+0000] {task_command.py:426} INFO - Running <TaskInstance: etl_2024-08-07.decrypt_the_data scheduled__2024-05-20T00:00:00+00:00 [running]> on host 8cffaad11d99
[2024-08-07T10:49:53.271+0000] {taskinstance.py:2648} INFO - Exporting env vars: AIRFLOW_CTX_DAG_OWNER='***' AIRFLOW_CTX_DAG_ID='etl_2024-08-07' AIRFLOW_CTX_TASK_ID='decrypt_the_data' AIRFLOW_CTX_EXECUTION_DATE='2024-05-20T00:00:00+00:00' AIRFLOW_CTX_TRY_NUMBER='1' AIRFLOW_CTX_DAG_RUN_ID='scheduled__2024-05-20T00:00:00+00:00'
[2024-08-07T10:49:53.271+0000] {taskinstance.py:430} INFO - ::endgroup::
[2024-08-07T10:49:53.284+0000] {subprocess.py:63} INFO - Tmp dir root location: /tmp
[2024-08-07T10:49:53.285+0000] {subprocess.py:75} INFO - Running command: ['/usr/bin/bash', '-c', 'python3 /opt/***/data/decryption_utils.py']
[2024-08-07T10:49:53.292+0000] {subprocess.py:86} INFO - Output:
[2024-08-07T10:49:53.393+0000] {subprocess.py:97} INFO - Command exited with return code 0
[2024-08-07T10:49:53.393+0000] {taskinstance.py:441} INFO - ::group::Post task execution logs
[2024-08-07T10:49:53.479+0000] {taskinstance.py:1206} INFO - Marking task as SUCCESS. dag_id=etl_2024-08-07, task_id=decrypt_the_data, run_id=scheduled__2024-05-20T00:00:00+00:00, execution_date=20240520T000000, start_date=20240807T104952, end_date=20240807T104953
[2024-08-07T10:49:53.610+0000] {local_task_job_runner.py:240} INFO - Task exited with return code 0
[2024-08-07T10:49:53.638+0000] {taskinstance.py:3503} INFO - 1 downstream tasks scheduled from follow-on schedule check
[2024-08-07T10:49:53.659+0000] {local_task_job_runner.py:222} INFO - ::endgroup::
