[2024-08-07T10:49:05.305+0000] {local_task_job_runner.py:120} INFO - ::group::Pre task execution logs
[2024-08-07T10:49:05.339+0000] {taskinstance.py:2076} INFO - Dependencies all met for dep_context=non-requeueable deps ti=<TaskInstance: etl_2024-08-07.decrypt_the_data scheduled__2024-06-07T00:00:00+00:00 [queued]>
[2024-08-07T10:49:05.349+0000] {taskinstance.py:2076} INFO - Dependencies all met for dep_context=requeueable deps ti=<TaskInstance: etl_2024-08-07.decrypt_the_data scheduled__2024-06-07T00:00:00+00:00 [queued]>
[2024-08-07T10:49:05.349+0000] {taskinstance.py:2306} INFO - Starting attempt 1 of 2
[2024-08-07T10:49:05.393+0000] {taskinstance.py:2330} INFO - Executing <Task(BashOperator): decrypt_the_data> on 2024-06-07 00:00:00+00:00
[2024-08-07T10:49:05.397+0000] {standard_task_runner.py:63} INFO - Started process 2445 to run task
[2024-08-07T10:49:05.399+0000] {standard_task_runner.py:90} INFO - Running: ['***', 'tasks', 'run', 'etl_2024-08-07', 'decrypt_the_data', 'scheduled__2024-06-07T00:00:00+00:00', '--job-id', '301', '--raw', '--subdir', 'DAGS_FOLDER/final_etl.py', '--cfg-path', '/tmp/tmpifdwrefx']
[2024-08-07T10:49:05.401+0000] {standard_task_runner.py:91} INFO - Job 301: Subtask decrypt_the_data
[2024-08-07T10:49:05.473+0000] {task_command.py:426} INFO - Running <TaskInstance: etl_2024-08-07.decrypt_the_data scheduled__2024-06-07T00:00:00+00:00 [running]> on host 8cffaad11d99
[2024-08-07T10:49:05.642+0000] {taskinstance.py:2648} INFO - Exporting env vars: AIRFLOW_CTX_DAG_OWNER='***' AIRFLOW_CTX_DAG_ID='etl_2024-08-07' AIRFLOW_CTX_TASK_ID='decrypt_the_data' AIRFLOW_CTX_EXECUTION_DATE='2024-06-07T00:00:00+00:00' AIRFLOW_CTX_TRY_NUMBER='1' AIRFLOW_CTX_DAG_RUN_ID='scheduled__2024-06-07T00:00:00+00:00'
[2024-08-07T10:49:05.642+0000] {taskinstance.py:430} INFO - ::endgroup::
[2024-08-07T10:49:05.650+0000] {subprocess.py:63} INFO - Tmp dir root location: /tmp
[2024-08-07T10:49:05.650+0000] {subprocess.py:75} INFO - Running command: ['/usr/bin/bash', '-c', 'python3 /opt/***/data/decryption_utils.py']
[2024-08-07T10:49:05.657+0000] {subprocess.py:86} INFO - Output:
[2024-08-07T10:49:05.751+0000] {subprocess.py:97} INFO - Command exited with return code 0
[2024-08-07T10:49:05.752+0000] {taskinstance.py:441} INFO - ::group::Post task execution logs
[2024-08-07T10:49:05.802+0000] {taskinstance.py:1206} INFO - Marking task as SUCCESS. dag_id=etl_2024-08-07, task_id=decrypt_the_data, run_id=scheduled__2024-06-07T00:00:00+00:00, execution_date=20240607T000000, start_date=20240807T104905, end_date=20240807T104905
[2024-08-07T10:49:05.854+0000] {local_task_job_runner.py:240} INFO - Task exited with return code 0
[2024-08-07T10:49:05.881+0000] {taskinstance.py:3503} INFO - 1 downstream tasks scheduled from follow-on schedule check
[2024-08-07T10:49:05.908+0000] {local_task_job_runner.py:222} INFO - ::endgroup::
[2024-08-07T11:00:30.396+0000] {local_task_job_runner.py:120} INFO - ::group::Pre task execution logs
[2024-08-07T11:00:30.418+0000] {taskinstance.py:2076} INFO - Dependencies all met for dep_context=non-requeueable deps ti=<TaskInstance: etl_2024-08-07.decrypt_the_data scheduled__2024-06-07T00:00:00+00:00 [queued]>
[2024-08-07T11:00:30.424+0000] {taskinstance.py:2076} INFO - Dependencies all met for dep_context=requeueable deps ti=<TaskInstance: etl_2024-08-07.decrypt_the_data scheduled__2024-06-07T00:00:00+00:00 [queued]>
[2024-08-07T11:00:30.424+0000] {taskinstance.py:2306} INFO - Starting attempt 1 of 2
[2024-08-07T11:00:30.456+0000] {taskinstance.py:2330} INFO - Executing <Task(BashOperator): decrypt_the_data> on 2024-06-07 00:00:00+00:00
[2024-08-07T11:00:30.459+0000] {standard_task_runner.py:63} INFO - Started process 3549 to run task
[2024-08-07T11:00:30.465+0000] {standard_task_runner.py:90} INFO - Running: ['***', 'tasks', 'run', 'etl_2024-08-07', 'decrypt_the_data', 'scheduled__2024-06-07T00:00:00+00:00', '--job-id', '573', '--raw', '--subdir', 'DAGS_FOLDER/final_etl.py', '--cfg-path', '/tmp/tmppiepco5q']
[2024-08-07T11:00:30.466+0000] {standard_task_runner.py:91} INFO - Job 573: Subtask decrypt_the_data
[2024-08-07T11:00:30.521+0000] {task_command.py:426} INFO - Running <TaskInstance: etl_2024-08-07.decrypt_the_data scheduled__2024-06-07T00:00:00+00:00 [running]> on host 8cffaad11d99
[2024-08-07T11:00:30.673+0000] {taskinstance.py:2648} INFO - Exporting env vars: AIRFLOW_CTX_DAG_OWNER='***' AIRFLOW_CTX_DAG_ID='etl_2024-08-07' AIRFLOW_CTX_TASK_ID='decrypt_the_data' AIRFLOW_CTX_EXECUTION_DATE='2024-06-07T00:00:00+00:00' AIRFLOW_CTX_TRY_NUMBER='1' AIRFLOW_CTX_DAG_RUN_ID='scheduled__2024-06-07T00:00:00+00:00'
[2024-08-07T11:00:30.675+0000] {taskinstance.py:430} INFO - ::endgroup::
[2024-08-07T11:00:30.688+0000] {subprocess.py:63} INFO - Tmp dir root location: /tmp
[2024-08-07T11:00:30.689+0000] {subprocess.py:75} INFO - Running command: ['/usr/bin/bash', '-c', 'python3 /opt/***/data/decryption_utils.py']
[2024-08-07T11:00:30.697+0000] {subprocess.py:86} INFO - Output:
[2024-08-07T11:00:30.832+0000] {subprocess.py:97} INFO - Command exited with return code 0
[2024-08-07T11:00:30.833+0000] {taskinstance.py:441} INFO - ::group::Post task execution logs
[2024-08-07T11:00:31.251+0000] {taskinstance.py:1206} INFO - Marking task as SUCCESS. dag_id=etl_2024-08-07, task_id=decrypt_the_data, run_id=scheduled__2024-06-07T00:00:00+00:00, execution_date=20240607T000000, start_date=20240807T110030, end_date=20240807T110031
[2024-08-07T11:00:31.879+0000] {local_task_job_runner.py:240} INFO - Task exited with return code 0
[2024-08-07T11:00:31.899+0000] {taskinstance.py:3503} INFO - 1 downstream tasks scheduled from follow-on schedule check
[2024-08-07T11:00:31.919+0000] {local_task_job_runner.py:222} INFO - ::endgroup::
