[2024-08-21T06:02:30.154+0000] {local_task_job_runner.py:120} INFO - ::group::Pre task execution logs
[2024-08-21T06:02:30.281+0000] {taskinstance.py:2076} INFO - Dependencies all met for dep_context=non-requeueable deps ti=<TaskInstance: etl_22024-08-21.fetch_the_api scheduled__2024-05-15T00:00:00+00:00 [queued]>
[2024-08-21T06:02:30.304+0000] {taskinstance.py:2076} INFO - Dependencies all met for dep_context=requeueable deps ti=<TaskInstance: etl_22024-08-21.fetch_the_api scheduled__2024-05-15T00:00:00+00:00 [queued]>
[2024-08-21T06:02:30.306+0000] {taskinstance.py:2306} INFO - Starting attempt 1 of 2
[2024-08-21T06:02:30.353+0000] {taskinstance.py:2330} INFO - Executing <Task(BashOperator): fetch_the_api> on 2024-05-15 00:00:00+00:00
[2024-08-21T06:02:30.369+0000] {standard_task_runner.py:90} INFO - Running: ['***', 'tasks', 'run', 'etl_22024-08-21', 'fetch_the_api', 'scheduled__2024-05-15T00:00:00+00:00', '--job-id', '108', '--raw', '--subdir', 'DAGS_FOLDER/final_etl.py', '--cfg-path', '/tmp/tmpn3b8a5vy']
[2024-08-21T06:02:30.379+0000] {standard_task_runner.py:91} INFO - Job 108: Subtask fetch_the_api
[2024-08-21T06:02:30.374+0000] {logging_mixin.py:188} WARNING - /home/***/.local/lib/python3.12/site-packages/***/task/task_runner/standard_task_runner.py:61 DeprecationWarning: This process (pid=570) is multi-threaded, use of fork() may lead to deadlocks in the child.
[2024-08-21T06:02:30.391+0000] {standard_task_runner.py:63} INFO - Started process 585 to run task
[2024-08-21T06:02:30.520+0000] {task_command.py:426} INFO - Running <TaskInstance: etl_22024-08-21.fetch_the_api scheduled__2024-05-15T00:00:00+00:00 [running]> on host 7e1333882d71
[2024-08-21T06:02:31.113+0000] {taskinstance.py:2648} INFO - Exporting env vars: AIRFLOW_CTX_DAG_OWNER='***' AIRFLOW_CTX_DAG_ID='etl_22024-08-21' AIRFLOW_CTX_TASK_ID='fetch_the_api' AIRFLOW_CTX_EXECUTION_DATE='2024-05-15T00:00:00+00:00' AIRFLOW_CTX_TRY_NUMBER='1' AIRFLOW_CTX_DAG_RUN_ID='scheduled__2024-05-15T00:00:00+00:00'
[2024-08-21T06:02:31.130+0000] {taskinstance.py:430} INFO - ::endgroup::
[2024-08-21T06:02:31.222+0000] {subprocess.py:63} INFO - Tmp dir root location: /tmp
[2024-08-21T06:02:31.235+0000] {subprocess.py:75} INFO - Running command: ['/usr/bin/bash', '-c', 'python3 /opt/***/data/config.py']
[2024-08-21T06:02:31.289+0000] {subprocess.py:86} INFO - Output:
[2024-08-21T06:02:31.505+0000] {subprocess.py:97} INFO - Command exited with return code 0
[2024-08-21T06:02:31.509+0000] {taskinstance.py:441} INFO - ::group::Post task execution logs
[2024-08-21T06:02:31.660+0000] {taskinstance.py:1206} INFO - Marking task as SUCCESS. dag_id=etl_22024-08-21, task_id=fetch_the_api, run_id=scheduled__2024-05-15T00:00:00+00:00, execution_date=20240515T000000, start_date=20240821T060230, end_date=20240821T060231
[2024-08-21T06:02:31.904+0000] {local_task_job_runner.py:240} INFO - Task exited with return code 0
[2024-08-21T06:02:32.228+0000] {taskinstance.py:3503} INFO - 1 downstream tasks scheduled from follow-on schedule check
[2024-08-21T06:02:32.234+0000] {local_task_job_runner.py:222} INFO - ::endgroup::
