[2024-08-12T08:55:24.874+0000] {local_task_job_runner.py:120} INFO - ::group::Pre task execution logs
[2024-08-12T08:55:24.903+0000] {taskinstance.py:2076} INFO - Dependencies all met for dep_context=non-requeueable deps ti=<TaskInstance: etl_2024-08-12.fetch_the_api scheduled__2024-05-22T00:00:00+00:00 [queued]>
[2024-08-12T08:55:24.908+0000] {taskinstance.py:2076} INFO - Dependencies all met for dep_context=requeueable deps ti=<TaskInstance: etl_2024-08-12.fetch_the_api scheduled__2024-05-22T00:00:00+00:00 [queued]>
[2024-08-12T08:55:24.908+0000] {taskinstance.py:2306} INFO - Starting attempt 1 of 2
[2024-08-12T08:55:25.309+0000] {taskinstance.py:2330} INFO - Executing <Task(BashOperator): fetch_the_api> on 2024-05-22 00:00:00+00:00
[2024-08-12T08:55:25.318+0000] {standard_task_runner.py:63} INFO - Started process 4084 to run task
[2024-08-12T08:55:25.320+0000] {standard_task_runner.py:90} INFO - Running: ['***', 'tasks', 'run', 'etl_2024-08-12', 'fetch_the_api', 'scheduled__2024-05-22T00:00:00+00:00', '--job-id', '2630', '--raw', '--subdir', 'DAGS_FOLDER/final_etl.py', '--cfg-path', '/tmp/tmpw6sev2w2']
[2024-08-12T08:55:25.322+0000] {standard_task_runner.py:91} INFO - Job 2630: Subtask fetch_the_api
[2024-08-12T08:55:25.800+0000] {task_command.py:426} INFO - Running <TaskInstance: etl_2024-08-12.fetch_the_api scheduled__2024-05-22T00:00:00+00:00 [running]> on host 88a939613e48
[2024-08-12T08:55:26.068+0000] {taskinstance.py:2648} INFO - Exporting env vars: AIRFLOW_CTX_DAG_OWNER='***' AIRFLOW_CTX_DAG_ID='etl_2024-08-12' AIRFLOW_CTX_TASK_ID='fetch_the_api' AIRFLOW_CTX_EXECUTION_DATE='2024-05-22T00:00:00+00:00' AIRFLOW_CTX_TRY_NUMBER='1' AIRFLOW_CTX_DAG_RUN_ID='scheduled__2024-05-22T00:00:00+00:00'
[2024-08-12T08:55:26.070+0000] {taskinstance.py:430} INFO - ::endgroup::
[2024-08-12T08:55:26.096+0000] {subprocess.py:63} INFO - Tmp dir root location: /tmp
[2024-08-12T08:55:26.097+0000] {subprocess.py:75} INFO - Running command: ['/usr/bin/bash', '-c', 'python3 /opt/***/data/config.py']
[2024-08-12T08:55:26.111+0000] {subprocess.py:86} INFO - Output:
[2024-08-12T08:55:26.195+0000] {subprocess.py:97} INFO - Command exited with return code 0
[2024-08-12T08:55:26.196+0000] {taskinstance.py:441} INFO - ::group::Post task execution logs
[2024-08-12T08:55:26.251+0000] {taskinstance.py:1206} INFO - Marking task as SUCCESS. dag_id=etl_2024-08-12, task_id=fetch_the_api, run_id=scheduled__2024-05-22T00:00:00+00:00, execution_date=20240522T000000, start_date=20240812T085524, end_date=20240812T085526
[2024-08-12T08:55:26.537+0000] {local_task_job_runner.py:240} INFO - Task exited with return code 0
[2024-08-12T08:55:26.556+0000] {taskinstance.py:3503} INFO - 1 downstream tasks scheduled from follow-on schedule check
[2024-08-12T08:55:26.609+0000] {local_task_job_runner.py:222} INFO - ::endgroup::
