[2024-08-09T07:19:55.148+0000] {local_task_job_runner.py:120} INFO - ::group::Pre task execution logs
[2024-08-09T07:19:55.168+0000] {taskinstance.py:2076} INFO - Dependencies all met for dep_context=non-requeueable deps ti=<TaskInstance: data_migrations2024-08-09.fetch_the_api scheduled__2024-07-01T00:00:00+00:00 [queued]>
[2024-08-09T07:19:55.173+0000] {taskinstance.py:2076} INFO - Dependencies all met for dep_context=requeueable deps ti=<TaskInstance: data_migrations2024-08-09.fetch_the_api scheduled__2024-07-01T00:00:00+00:00 [queued]>
[2024-08-09T07:19:55.173+0000] {taskinstance.py:2306} INFO - Starting attempt 1 of 2
[2024-08-09T07:19:55.197+0000] {taskinstance.py:2330} INFO - Executing <Task(BashOperator): fetch_the_api> on 2024-07-01 00:00:00+00:00
[2024-08-09T07:19:55.200+0000] {standard_task_runner.py:63} INFO - Started process 5561 to run task
[2024-08-09T07:19:55.201+0000] {standard_task_runner.py:90} INFO - Running: ['***', 'tasks', 'run', 'data_migrations2024-08-09', 'fetch_the_api', 'scheduled__2024-07-01T00:00:00+00:00', '--job-id', '1722', '--raw', '--subdir', 'DAGS_FOLDER/data_migrations.py', '--cfg-path', '/tmp/tmp_3cs_ez3']
[2024-08-09T07:19:55.203+0000] {standard_task_runner.py:91} INFO - Job 1722: Subtask fetch_the_api
[2024-08-09T07:19:55.248+0000] {task_command.py:426} INFO - Running <TaskInstance: data_migrations2024-08-09.fetch_the_api scheduled__2024-07-01T00:00:00+00:00 [running]> on host 05bc191a9412
[2024-08-09T07:19:55.353+0000] {taskinstance.py:2648} INFO - Exporting env vars: AIRFLOW_CTX_DAG_OWNER='***' AIRFLOW_CTX_DAG_ID='data_migrations2024-08-09' AIRFLOW_CTX_TASK_ID='fetch_the_api' AIRFLOW_CTX_EXECUTION_DATE='2024-07-01T00:00:00+00:00' AIRFLOW_CTX_TRY_NUMBER='1' AIRFLOW_CTX_DAG_RUN_ID='scheduled__2024-07-01T00:00:00+00:00'
[2024-08-09T07:19:55.353+0000] {taskinstance.py:430} INFO - ::endgroup::
[2024-08-09T07:19:55.361+0000] {subprocess.py:63} INFO - Tmp dir root location: /tmp
[2024-08-09T07:19:55.362+0000] {subprocess.py:75} INFO - Running command: ['/usr/bin/bash', '-c', 'python3 /opt/***/data/etl_m12_local_db.py']
[2024-08-09T07:19:55.367+0000] {subprocess.py:86} INFO - Output:
[2024-08-09T07:19:56.249+0000] {subprocess.py:93} INFO - Database tables created successfully.
[2024-08-09T07:19:56.280+0000] {subprocess.py:97} INFO - Command exited with return code 0
[2024-08-09T07:19:56.280+0000] {taskinstance.py:441} INFO - ::group::Post task execution logs
[2024-08-09T07:19:56.320+0000] {taskinstance.py:1206} INFO - Marking task as SUCCESS. dag_id=data_migrations2024-08-09, task_id=fetch_the_api, run_id=scheduled__2024-07-01T00:00:00+00:00, execution_date=20240701T000000, start_date=20240809T071955, end_date=20240809T071956
[2024-08-09T07:19:56.377+0000] {local_task_job_runner.py:240} INFO - Task exited with return code 0
[2024-08-09T07:19:56.384+0000] {local_task_job_runner.py:222} INFO - ::endgroup::
