[2024-08-07T10:43:37.833+0000] {local_task_job_runner.py:120} INFO - ::group::Pre task execution logs
[2024-08-07T10:43:37.866+0000] {taskinstance.py:2076} INFO - Dependencies all met for dep_context=non-requeueable deps ti=<TaskInstance: etl_2024-08-07.decrypt_the_data scheduled__2024-05-09T00:00:00+00:00 [queued]>
[2024-08-07T10:43:37.874+0000] {taskinstance.py:2076} INFO - Dependencies all met for dep_context=requeueable deps ti=<TaskInstance: etl_2024-08-07.decrypt_the_data scheduled__2024-05-09T00:00:00+00:00 [queued]>
[2024-08-07T10:43:37.874+0000] {taskinstance.py:2306} INFO - Starting attempt 1 of 2
[2024-08-07T10:43:37.904+0000] {taskinstance.py:2330} INFO - Executing <Task(BashOperator): decrypt_the_data> on 2024-05-09 00:00:00+00:00
[2024-08-07T10:43:37.908+0000] {standard_task_runner.py:63} INFO - Started process 1789 to run task
[2024-08-07T10:43:37.911+0000] {standard_task_runner.py:90} INFO - Running: ['***', 'tasks', 'run', 'etl_2024-08-07', 'decrypt_the_data', 'scheduled__2024-05-09T00:00:00+00:00', '--job-id', '126', '--raw', '--subdir', 'DAGS_FOLDER/final_etl.py', '--cfg-path', '/tmp/tmptbo5s4l6']
[2024-08-07T10:43:37.913+0000] {standard_task_runner.py:91} INFO - Job 126: Subtask decrypt_the_data
[2024-08-07T10:43:38.003+0000] {task_command.py:426} INFO - Running <TaskInstance: etl_2024-08-07.decrypt_the_data scheduled__2024-05-09T00:00:00+00:00 [running]> on host 8cffaad11d99
[2024-08-07T10:43:38.306+0000] {taskinstance.py:2648} INFO - Exporting env vars: AIRFLOW_CTX_DAG_OWNER='***' AIRFLOW_CTX_DAG_ID='etl_2024-08-07' AIRFLOW_CTX_TASK_ID='decrypt_the_data' AIRFLOW_CTX_EXECUTION_DATE='2024-05-09T00:00:00+00:00' AIRFLOW_CTX_TRY_NUMBER='1' AIRFLOW_CTX_DAG_RUN_ID='scheduled__2024-05-09T00:00:00+00:00'
[2024-08-07T10:43:38.307+0000] {taskinstance.py:430} INFO - ::endgroup::
[2024-08-07T10:43:38.315+0000] {subprocess.py:63} INFO - Tmp dir root location: /tmp
[2024-08-07T10:43:38.315+0000] {subprocess.py:75} INFO - Running command: ['/usr/bin/bash', '-c', 'python3 /opt/***/data/decryption_utils.py']
[2024-08-07T10:43:38.323+0000] {subprocess.py:86} INFO - Output:
[2024-08-07T10:43:38.409+0000] {subprocess.py:97} INFO - Command exited with return code 0
[2024-08-07T10:43:38.410+0000] {taskinstance.py:441} INFO - ::group::Post task execution logs
[2024-08-07T10:43:38.500+0000] {taskinstance.py:1206} INFO - Marking task as SUCCESS. dag_id=etl_2024-08-07, task_id=decrypt_the_data, run_id=scheduled__2024-05-09T00:00:00+00:00, execution_date=20240509T000000, start_date=20240807T104337, end_date=20240807T104338
[2024-08-07T10:43:38.564+0000] {local_task_job_runner.py:240} INFO - Task exited with return code 0
[2024-08-07T10:43:38.573+0000] {local_task_job_runner.py:222} INFO - ::endgroup::
[2024-08-07T10:49:48.002+0000] {local_task_job_runner.py:120} INFO - ::group::Pre task execution logs
[2024-08-07T10:49:48.027+0000] {taskinstance.py:2076} INFO - Dependencies all met for dep_context=non-requeueable deps ti=<TaskInstance: etl_2024-08-07.decrypt_the_data scheduled__2024-05-09T00:00:00+00:00 [queued]>
[2024-08-07T10:49:48.032+0000] {taskinstance.py:2076} INFO - Dependencies all met for dep_context=requeueable deps ti=<TaskInstance: etl_2024-08-07.decrypt_the_data scheduled__2024-05-09T00:00:00+00:00 [queued]>
[2024-08-07T10:49:48.038+0000] {taskinstance.py:2306} INFO - Starting attempt 1 of 2
[2024-08-07T10:49:48.082+0000] {taskinstance.py:2330} INFO - Executing <Task(BashOperator): decrypt_the_data> on 2024-05-09 00:00:00+00:00
[2024-08-07T10:49:48.089+0000] {standard_task_runner.py:63} INFO - Started process 2633 to run task
[2024-08-07T10:49:48.092+0000] {standard_task_runner.py:90} INFO - Running: ['***', 'tasks', 'run', 'etl_2024-08-07', 'decrypt_the_data', 'scheduled__2024-05-09T00:00:00+00:00', '--job-id', '355', '--raw', '--subdir', 'DAGS_FOLDER/final_etl.py', '--cfg-path', '/tmp/tmpu7sn7f8u']
[2024-08-07T10:49:48.093+0000] {standard_task_runner.py:91} INFO - Job 355: Subtask decrypt_the_data
[2024-08-07T10:49:48.153+0000] {task_command.py:426} INFO - Running <TaskInstance: etl_2024-08-07.decrypt_the_data scheduled__2024-05-09T00:00:00+00:00 [running]> on host 8cffaad11d99
[2024-08-07T10:49:48.340+0000] {taskinstance.py:2648} INFO - Exporting env vars: AIRFLOW_CTX_DAG_OWNER='***' AIRFLOW_CTX_DAG_ID='etl_2024-08-07' AIRFLOW_CTX_TASK_ID='decrypt_the_data' AIRFLOW_CTX_EXECUTION_DATE='2024-05-09T00:00:00+00:00' AIRFLOW_CTX_TRY_NUMBER='1' AIRFLOW_CTX_DAG_RUN_ID='scheduled__2024-05-09T00:00:00+00:00'
[2024-08-07T10:49:48.341+0000] {taskinstance.py:430} INFO - ::endgroup::
[2024-08-07T10:49:48.348+0000] {subprocess.py:63} INFO - Tmp dir root location: /tmp
[2024-08-07T10:49:48.349+0000] {subprocess.py:75} INFO - Running command: ['/usr/bin/bash', '-c', 'python3 /opt/***/data/decryption_utils.py']
[2024-08-07T10:49:48.356+0000] {subprocess.py:86} INFO - Output:
[2024-08-07T10:49:48.443+0000] {subprocess.py:97} INFO - Command exited with return code 0
[2024-08-07T10:49:48.444+0000] {taskinstance.py:441} INFO - ::group::Post task execution logs
[2024-08-07T10:49:48.565+0000] {taskinstance.py:1206} INFO - Marking task as SUCCESS. dag_id=etl_2024-08-07, task_id=decrypt_the_data, run_id=scheduled__2024-05-09T00:00:00+00:00, execution_date=20240509T000000, start_date=20240807T104948, end_date=20240807T104948
[2024-08-07T10:49:48.625+0000] {local_task_job_runner.py:240} INFO - Task exited with return code 0
[2024-08-07T10:49:48.639+0000] {local_task_job_runner.py:222} INFO - ::endgroup::
