[2024-08-08T06:08:45.256+0000] {local_task_job_runner.py:120} INFO - ::group::Pre task execution logs
[2024-08-08T06:08:45.274+0000] {taskinstance.py:2076} INFO - Dependencies all met for dep_context=non-requeueable deps ti=<TaskInstance: etl_2024-08-08.fetch_the_api scheduled__2024-07-13T00:00:00+00:00 [queued]>
[2024-08-08T06:08:45.279+0000] {taskinstance.py:2076} INFO - Dependencies all met for dep_context=requeueable deps ti=<TaskInstance: etl_2024-08-08.fetch_the_api scheduled__2024-07-13T00:00:00+00:00 [queued]>
[2024-08-08T06:08:45.279+0000] {taskinstance.py:2306} INFO - Starting attempt 1 of 2
[2024-08-08T06:08:45.307+0000] {taskinstance.py:2330} INFO - Executing <Task(BashOperator): fetch_the_api> on 2024-07-13 00:00:00+00:00
[2024-08-08T06:08:45.313+0000] {standard_task_runner.py:63} INFO - Started process 5537 to run task
[2024-08-08T06:08:45.321+0000] {standard_task_runner.py:90} INFO - Running: ['***', 'tasks', 'run', 'etl_2024-08-08', 'fetch_the_api', 'scheduled__2024-07-13T00:00:00+00:00', '--job-id', '1477', '--raw', '--subdir', 'DAGS_FOLDER/final_etl.py', '--cfg-path', '/tmp/tmph7q5294b']
[2024-08-08T06:08:45.323+0000] {standard_task_runner.py:91} INFO - Job 1477: Subtask fetch_the_api
[2024-08-08T06:08:45.394+0000] {task_command.py:426} INFO - Running <TaskInstance: etl_2024-08-08.fetch_the_api scheduled__2024-07-13T00:00:00+00:00 [running]> on host 05bc191a9412
[2024-08-08T06:08:45.537+0000] {taskinstance.py:2648} INFO - Exporting env vars: AIRFLOW_CTX_DAG_OWNER='***' AIRFLOW_CTX_DAG_ID='etl_2024-08-08' AIRFLOW_CTX_TASK_ID='fetch_the_api' AIRFLOW_CTX_EXECUTION_DATE='2024-07-13T00:00:00+00:00' AIRFLOW_CTX_TRY_NUMBER='1' AIRFLOW_CTX_DAG_RUN_ID='scheduled__2024-07-13T00:00:00+00:00'
[2024-08-08T06:08:45.539+0000] {taskinstance.py:430} INFO - ::endgroup::
[2024-08-08T06:08:45.556+0000] {subprocess.py:63} INFO - Tmp dir root location: /tmp
[2024-08-08T06:08:45.557+0000] {subprocess.py:75} INFO - Running command: ['/usr/bin/bash', '-c', 'python3 /opt/***/data/config.py']
[2024-08-08T06:08:45.562+0000] {subprocess.py:86} INFO - Output:
[2024-08-08T06:08:45.627+0000] {subprocess.py:97} INFO - Command exited with return code 0
[2024-08-08T06:08:45.627+0000] {taskinstance.py:441} INFO - ::group::Post task execution logs
[2024-08-08T06:08:45.671+0000] {taskinstance.py:1206} INFO - Marking task as SUCCESS. dag_id=etl_2024-08-08, task_id=fetch_the_api, run_id=scheduled__2024-07-13T00:00:00+00:00, execution_date=20240713T000000, start_date=20240808T060845, end_date=20240808T060845
[2024-08-08T06:08:45.733+0000] {local_task_job_runner.py:240} INFO - Task exited with return code 0
[2024-08-08T06:08:45.747+0000] {taskinstance.py:3503} INFO - 1 downstream tasks scheduled from follow-on schedule check
[2024-08-08T06:08:45.768+0000] {local_task_job_runner.py:222} INFO - ::endgroup::
