[2024-08-09T09:27:22.479+0000] {local_task_job_runner.py:120} INFO - ::group::Pre task execution logs
[2024-08-09T09:27:22.498+0000] {taskinstance.py:2076} INFO - Dependencies all met for dep_context=non-requeueable deps ti=<TaskInstance: etl_2024-08-09.decrypt_the_data scheduled__2024-07-09T00:00:00+00:00 [queued]>
[2024-08-09T09:27:22.504+0000] {taskinstance.py:2076} INFO - Dependencies all met for dep_context=requeueable deps ti=<TaskInstance: etl_2024-08-09.decrypt_the_data scheduled__2024-07-09T00:00:00+00:00 [queued]>
[2024-08-09T09:27:22.505+0000] {taskinstance.py:2306} INFO - Starting attempt 1 of 2
[2024-08-09T09:27:22.534+0000] {taskinstance.py:2330} INFO - Executing <Task(BashOperator): decrypt_the_data> on 2024-07-09 00:00:00+00:00
[2024-08-09T09:27:22.537+0000] {standard_task_runner.py:63} INFO - Started process 11751 to run task
[2024-08-09T09:27:22.539+0000] {standard_task_runner.py:90} INFO - Running: ['***', 'tasks', 'run', 'etl_2024-08-09', 'decrypt_the_data', 'scheduled__2024-07-09T00:00:00+00:00', '--job-id', '2152', '--raw', '--subdir', 'DAGS_FOLDER/final_etl.py', '--cfg-path', '/tmp/tmpjzgm9max']
[2024-08-09T09:27:22.541+0000] {standard_task_runner.py:91} INFO - Job 2152: Subtask decrypt_the_data
[2024-08-09T09:27:22.606+0000] {task_command.py:426} INFO - Running <TaskInstance: etl_2024-08-09.decrypt_the_data scheduled__2024-07-09T00:00:00+00:00 [running]> on host 05bc191a9412
[2024-08-09T09:27:22.739+0000] {taskinstance.py:2648} INFO - Exporting env vars: AIRFLOW_CTX_DAG_OWNER='***' AIRFLOW_CTX_DAG_ID='etl_2024-08-09' AIRFLOW_CTX_TASK_ID='decrypt_the_data' AIRFLOW_CTX_EXECUTION_DATE='2024-07-09T00:00:00+00:00' AIRFLOW_CTX_TRY_NUMBER='1' AIRFLOW_CTX_DAG_RUN_ID='scheduled__2024-07-09T00:00:00+00:00'
[2024-08-09T09:27:22.740+0000] {taskinstance.py:430} INFO - ::endgroup::
[2024-08-09T09:27:22.747+0000] {subprocess.py:63} INFO - Tmp dir root location: /tmp
[2024-08-09T09:27:22.747+0000] {subprocess.py:75} INFO - Running command: ['/usr/bin/bash', '-c', 'python3 /opt/***/data/decryption_utils.py']
[2024-08-09T09:27:22.753+0000] {subprocess.py:86} INFO - Output:
[2024-08-09T09:27:22.842+0000] {subprocess.py:97} INFO - Command exited with return code 0
[2024-08-09T09:27:22.843+0000] {taskinstance.py:441} INFO - ::group::Post task execution logs
[2024-08-09T09:27:22.883+0000] {taskinstance.py:1206} INFO - Marking task as SUCCESS. dag_id=etl_2024-08-09, task_id=decrypt_the_data, run_id=scheduled__2024-07-09T00:00:00+00:00, execution_date=20240709T000000, start_date=20240809T092722, end_date=20240809T092722
[2024-08-09T09:27:22.952+0000] {local_task_job_runner.py:240} INFO - Task exited with return code 0
[2024-08-09T09:27:22.968+0000] {taskinstance.py:3503} INFO - 1 downstream tasks scheduled from follow-on schedule check
[2024-08-09T09:27:22.987+0000] {local_task_job_runner.py:222} INFO - ::endgroup::
