[2024-08-07T10:43:38.454+0000] {local_task_job_runner.py:120} INFO - ::group::Pre task execution logs
[2024-08-07T10:43:38.471+0000] {taskinstance.py:2076} INFO - Dependencies all met for dep_context=non-requeueable deps ti=<TaskInstance: etl_2024-08-07.decrypt_the_data scheduled__2024-05-08T00:00:00+00:00 [queued]>
[2024-08-07T10:43:38.475+0000] {taskinstance.py:2076} INFO - Dependencies all met for dep_context=requeueable deps ti=<TaskInstance: etl_2024-08-07.decrypt_the_data scheduled__2024-05-08T00:00:00+00:00 [queued]>
[2024-08-07T10:43:38.475+0000] {taskinstance.py:2306} INFO - Starting attempt 1 of 2
[2024-08-07T10:43:38.513+0000] {taskinstance.py:2330} INFO - Executing <Task(BashOperator): decrypt_the_data> on 2024-05-08 00:00:00+00:00
[2024-08-07T10:43:38.518+0000] {standard_task_runner.py:63} INFO - Started process 1804 to run task
[2024-08-07T10:43:38.522+0000] {standard_task_runner.py:90} INFO - Running: ['***', 'tasks', 'run', 'etl_2024-08-07', 'decrypt_the_data', 'scheduled__2024-05-08T00:00:00+00:00', '--job-id', '130', '--raw', '--subdir', 'DAGS_FOLDER/final_etl.py', '--cfg-path', '/tmp/tmpa0t0mrk4']
[2024-08-07T10:43:38.524+0000] {standard_task_runner.py:91} INFO - Job 130: Subtask decrypt_the_data
[2024-08-07T10:43:38.584+0000] {task_command.py:426} INFO - Running <TaskInstance: etl_2024-08-07.decrypt_the_data scheduled__2024-05-08T00:00:00+00:00 [running]> on host 8cffaad11d99
[2024-08-07T10:43:38.719+0000] {taskinstance.py:2648} INFO - Exporting env vars: AIRFLOW_CTX_DAG_OWNER='***' AIRFLOW_CTX_DAG_ID='etl_2024-08-07' AIRFLOW_CTX_TASK_ID='decrypt_the_data' AIRFLOW_CTX_EXECUTION_DATE='2024-05-08T00:00:00+00:00' AIRFLOW_CTX_TRY_NUMBER='1' AIRFLOW_CTX_DAG_RUN_ID='scheduled__2024-05-08T00:00:00+00:00'
[2024-08-07T10:43:38.720+0000] {taskinstance.py:430} INFO - ::endgroup::
[2024-08-07T10:43:38.729+0000] {subprocess.py:63} INFO - Tmp dir root location: /tmp
[2024-08-07T10:43:38.730+0000] {subprocess.py:75} INFO - Running command: ['/usr/bin/bash', '-c', 'python3 /opt/***/data/decryption_utils.py']
[2024-08-07T10:43:38.741+0000] {subprocess.py:86} INFO - Output:
[2024-08-07T10:43:38.835+0000] {subprocess.py:97} INFO - Command exited with return code 0
[2024-08-07T10:43:38.836+0000] {taskinstance.py:441} INFO - ::group::Post task execution logs
[2024-08-07T10:43:39.016+0000] {taskinstance.py:1206} INFO - Marking task as SUCCESS. dag_id=etl_2024-08-07, task_id=decrypt_the_data, run_id=scheduled__2024-05-08T00:00:00+00:00, execution_date=20240508T000000, start_date=20240807T104338, end_date=20240807T104339
[2024-08-07T10:43:39.135+0000] {local_task_job_runner.py:240} INFO - Task exited with return code 0
[2024-08-07T10:43:39.151+0000] {taskinstance.py:3503} INFO - 1 downstream tasks scheduled from follow-on schedule check
[2024-08-07T10:43:39.228+0000] {local_task_job_runner.py:222} INFO - ::endgroup::
[2024-08-07T10:49:47.632+0000] {local_task_job_runner.py:120} INFO - ::group::Pre task execution logs
[2024-08-07T10:49:47.654+0000] {taskinstance.py:2076} INFO - Dependencies all met for dep_context=non-requeueable deps ti=<TaskInstance: etl_2024-08-07.decrypt_the_data scheduled__2024-05-08T00:00:00+00:00 [queued]>
[2024-08-07T10:49:47.659+0000] {taskinstance.py:2076} INFO - Dependencies all met for dep_context=requeueable deps ti=<TaskInstance: etl_2024-08-07.decrypt_the_data scheduled__2024-05-08T00:00:00+00:00 [queued]>
[2024-08-07T10:49:47.660+0000] {taskinstance.py:2306} INFO - Starting attempt 1 of 2
[2024-08-07T10:49:47.692+0000] {taskinstance.py:2330} INFO - Executing <Task(BashOperator): decrypt_the_data> on 2024-05-08 00:00:00+00:00
[2024-08-07T10:49:47.696+0000] {standard_task_runner.py:63} INFO - Started process 2614 to run task
[2024-08-07T10:49:47.699+0000] {standard_task_runner.py:90} INFO - Running: ['***', 'tasks', 'run', 'etl_2024-08-07', 'decrypt_the_data', 'scheduled__2024-05-08T00:00:00+00:00', '--job-id', '351', '--raw', '--subdir', 'DAGS_FOLDER/final_etl.py', '--cfg-path', '/tmp/tmpf_d61in6']
[2024-08-07T10:49:47.700+0000] {standard_task_runner.py:91} INFO - Job 351: Subtask decrypt_the_data
[2024-08-07T10:49:47.766+0000] {task_command.py:426} INFO - Running <TaskInstance: etl_2024-08-07.decrypt_the_data scheduled__2024-05-08T00:00:00+00:00 [running]> on host 8cffaad11d99
[2024-08-07T10:49:47.865+0000] {taskinstance.py:2648} INFO - Exporting env vars: AIRFLOW_CTX_DAG_OWNER='***' AIRFLOW_CTX_DAG_ID='etl_2024-08-07' AIRFLOW_CTX_TASK_ID='decrypt_the_data' AIRFLOW_CTX_EXECUTION_DATE='2024-05-08T00:00:00+00:00' AIRFLOW_CTX_TRY_NUMBER='1' AIRFLOW_CTX_DAG_RUN_ID='scheduled__2024-05-08T00:00:00+00:00'
[2024-08-07T10:49:47.866+0000] {taskinstance.py:430} INFO - ::endgroup::
[2024-08-07T10:49:47.878+0000] {subprocess.py:63} INFO - Tmp dir root location: /tmp
[2024-08-07T10:49:47.879+0000] {subprocess.py:75} INFO - Running command: ['/usr/bin/bash', '-c', 'python3 /opt/***/data/decryption_utils.py']
[2024-08-07T10:49:47.884+0000] {subprocess.py:86} INFO - Output:
[2024-08-07T10:49:48.019+0000] {subprocess.py:97} INFO - Command exited with return code 0
[2024-08-07T10:49:48.020+0000] {taskinstance.py:441} INFO - ::group::Post task execution logs
[2024-08-07T10:49:48.076+0000] {taskinstance.py:1206} INFO - Marking task as SUCCESS. dag_id=etl_2024-08-07, task_id=decrypt_the_data, run_id=scheduled__2024-05-08T00:00:00+00:00, execution_date=20240508T000000, start_date=20240807T104947, end_date=20240807T104948
[2024-08-07T10:49:48.152+0000] {local_task_job_runner.py:240} INFO - Task exited with return code 0
[2024-08-07T10:49:48.178+0000] {taskinstance.py:3503} INFO - 1 downstream tasks scheduled from follow-on schedule check
[2024-08-07T10:49:48.256+0000] {local_task_job_runner.py:222} INFO - ::endgroup::
