[2024-08-07T10:48:59.901+0000] {local_task_job_runner.py:120} INFO - ::group::Pre task execution logs
[2024-08-07T10:48:59.927+0000] {taskinstance.py:2076} INFO - Dependencies all met for dep_context=non-requeueable deps ti=<TaskInstance: etl_2024-08-07.fetch_the_api scheduled__2024-06-05T00:00:00+00:00 [queued]>
[2024-08-07T10:48:59.932+0000] {taskinstance.py:2076} INFO - Dependencies all met for dep_context=requeueable deps ti=<TaskInstance: etl_2024-08-07.fetch_the_api scheduled__2024-06-05T00:00:00+00:00 [queued]>
[2024-08-07T10:48:59.932+0000] {taskinstance.py:2306} INFO - Starting attempt 1 of 2
[2024-08-07T10:48:59.953+0000] {taskinstance.py:2330} INFO - Executing <Task(BashOperator): fetch_the_api> on 2024-06-05 00:00:00+00:00
[2024-08-07T10:48:59.957+0000] {standard_task_runner.py:63} INFO - Started process 2293 to run task
[2024-08-07T10:48:59.964+0000] {standard_task_runner.py:90} INFO - Running: ['***', 'tasks', 'run', 'etl_2024-08-07', 'fetch_the_api', 'scheduled__2024-06-05T00:00:00+00:00', '--job-id', '252', '--raw', '--subdir', 'DAGS_FOLDER/final_etl.py', '--cfg-path', '/tmp/tmp45l09h5k']
[2024-08-07T10:48:59.966+0000] {standard_task_runner.py:91} INFO - Job 252: Subtask fetch_the_api
[2024-08-07T10:49:00.031+0000] {task_command.py:426} INFO - Running <TaskInstance: etl_2024-08-07.fetch_the_api scheduled__2024-06-05T00:00:00+00:00 [running]> on host 8cffaad11d99
[2024-08-07T10:49:00.146+0000] {taskinstance.py:2648} INFO - Exporting env vars: AIRFLOW_CTX_DAG_OWNER='***' AIRFLOW_CTX_DAG_ID='etl_2024-08-07' AIRFLOW_CTX_TASK_ID='fetch_the_api' AIRFLOW_CTX_EXECUTION_DATE='2024-06-05T00:00:00+00:00' AIRFLOW_CTX_TRY_NUMBER='1' AIRFLOW_CTX_DAG_RUN_ID='scheduled__2024-06-05T00:00:00+00:00'
[2024-08-07T10:49:00.146+0000] {taskinstance.py:430} INFO - ::endgroup::
[2024-08-07T10:49:00.154+0000] {subprocess.py:63} INFO - Tmp dir root location: /tmp
[2024-08-07T10:49:00.155+0000] {subprocess.py:75} INFO - Running command: ['/usr/bin/bash', '-c', 'python3 /opt/***/data/config.py']
[2024-08-07T10:49:00.161+0000] {subprocess.py:86} INFO - Output:
[2024-08-07T10:49:00.226+0000] {subprocess.py:97} INFO - Command exited with return code 0
[2024-08-07T10:49:00.227+0000] {taskinstance.py:441} INFO - ::group::Post task execution logs
[2024-08-07T10:49:00.268+0000] {taskinstance.py:1206} INFO - Marking task as SUCCESS. dag_id=etl_2024-08-07, task_id=fetch_the_api, run_id=scheduled__2024-06-05T00:00:00+00:00, execution_date=20240605T000000, start_date=20240807T104859, end_date=20240807T104900
[2024-08-07T10:49:00.414+0000] {local_task_job_runner.py:240} INFO - Task exited with return code 0
[2024-08-07T10:49:00.430+0000] {taskinstance.py:3503} INFO - 1 downstream tasks scheduled from follow-on schedule check
[2024-08-07T10:49:00.450+0000] {local_task_job_runner.py:222} INFO - ::endgroup::
[2024-08-07T10:55:11.288+0000] {local_task_job_runner.py:120} INFO - ::group::Pre task execution logs
[2024-08-07T10:55:11.315+0000] {taskinstance.py:2076} INFO - Dependencies all met for dep_context=non-requeueable deps ti=<TaskInstance: etl_2024-08-07.fetch_the_api scheduled__2024-06-05T00:00:00+00:00 [queued]>
[2024-08-07T10:55:11.319+0000] {taskinstance.py:2076} INFO - Dependencies all met for dep_context=requeueable deps ti=<TaskInstance: etl_2024-08-07.fetch_the_api scheduled__2024-06-05T00:00:00+00:00 [queued]>
[2024-08-07T10:55:11.319+0000] {taskinstance.py:2306} INFO - Starting attempt 1 of 2
[2024-08-07T10:55:11.361+0000] {taskinstance.py:2330} INFO - Executing <Task(BashOperator): fetch_the_api> on 2024-06-05 00:00:00+00:00
[2024-08-07T10:55:11.365+0000] {standard_task_runner.py:63} INFO - Started process 3097 to run task
[2024-08-07T10:55:11.367+0000] {standard_task_runner.py:90} INFO - Running: ['***', 'tasks', 'run', 'etl_2024-08-07', 'fetch_the_api', 'scheduled__2024-06-05T00:00:00+00:00', '--job-id', '467', '--raw', '--subdir', 'DAGS_FOLDER/final_etl.py', '--cfg-path', '/tmp/tmpzinjdnn4']
[2024-08-07T10:55:11.369+0000] {standard_task_runner.py:91} INFO - Job 467: Subtask fetch_the_api
[2024-08-07T10:55:11.422+0000] {task_command.py:426} INFO - Running <TaskInstance: etl_2024-08-07.fetch_the_api scheduled__2024-06-05T00:00:00+00:00 [running]> on host 8cffaad11d99
[2024-08-07T10:55:11.574+0000] {taskinstance.py:2648} INFO - Exporting env vars: AIRFLOW_CTX_DAG_OWNER='***' AIRFLOW_CTX_DAG_ID='etl_2024-08-07' AIRFLOW_CTX_TASK_ID='fetch_the_api' AIRFLOW_CTX_EXECUTION_DATE='2024-06-05T00:00:00+00:00' AIRFLOW_CTX_TRY_NUMBER='1' AIRFLOW_CTX_DAG_RUN_ID='scheduled__2024-06-05T00:00:00+00:00'
[2024-08-07T10:55:11.574+0000] {taskinstance.py:430} INFO - ::endgroup::
[2024-08-07T10:55:11.582+0000] {subprocess.py:63} INFO - Tmp dir root location: /tmp
[2024-08-07T10:55:11.582+0000] {subprocess.py:75} INFO - Running command: ['/usr/bin/bash', '-c', 'python3 /opt/***/data/config.py']
[2024-08-07T10:55:11.589+0000] {subprocess.py:86} INFO - Output:
[2024-08-07T10:55:11.667+0000] {subprocess.py:97} INFO - Command exited with return code 0
[2024-08-07T10:55:11.667+0000] {taskinstance.py:441} INFO - ::group::Post task execution logs
[2024-08-07T10:55:11.709+0000] {taskinstance.py:1206} INFO - Marking task as SUCCESS. dag_id=etl_2024-08-07, task_id=fetch_the_api, run_id=scheduled__2024-06-05T00:00:00+00:00, execution_date=20240605T000000, start_date=20240807T105511, end_date=20240807T105511
[2024-08-07T10:55:11.782+0000] {local_task_job_runner.py:240} INFO - Task exited with return code 0
[2024-08-07T10:55:11.790+0000] {local_task_job_runner.py:222} INFO - ::endgroup::
