[2024-08-07T10:40:26.444+0000] {local_task_job_runner.py:120} INFO - ::group::Pre task execution logs
[2024-08-07T10:40:26.463+0000] {taskinstance.py:2076} INFO - Dependencies all met for dep_context=non-requeueable deps ti=<TaskInstance: data_migrations2024-08-07.fetch_the_api scheduled__2024-06-12T00:00:00+00:00 [queued]>
[2024-08-07T10:40:26.468+0000] {taskinstance.py:2076} INFO - Dependencies all met for dep_context=requeueable deps ti=<TaskInstance: data_migrations2024-08-07.fetch_the_api scheduled__2024-06-12T00:00:00+00:00 [queued]>
[2024-08-07T10:40:26.468+0000] {taskinstance.py:2306} INFO - Starting attempt 1 of 2
[2024-08-07T10:40:26.496+0000] {taskinstance.py:2330} INFO - Executing <Task(BashOperator): fetch_the_api> on 2024-06-12 00:00:00+00:00
[2024-08-07T10:40:26.498+0000] {standard_task_runner.py:63} INFO - Started process 1429 to run task
[2024-08-07T10:40:26.502+0000] {standard_task_runner.py:90} INFO - Running: ['***', 'tasks', 'run', 'data_migrations2024-08-07', 'fetch_the_api', 'scheduled__2024-06-12T00:00:00+00:00', '--job-id', '39', '--raw', '--subdir', 'DAGS_FOLDER/data_migrations.py', '--cfg-path', '/tmp/tmpau6uso0s']
[2024-08-07T10:40:26.504+0000] {standard_task_runner.py:91} INFO - Job 39: Subtask fetch_the_api
[2024-08-07T10:40:26.556+0000] {task_command.py:426} INFO - Running <TaskInstance: data_migrations2024-08-07.fetch_the_api scheduled__2024-06-12T00:00:00+00:00 [running]> on host 8cffaad11d99
[2024-08-07T10:40:26.719+0000] {taskinstance.py:2648} INFO - Exporting env vars: AIRFLOW_CTX_DAG_OWNER='***' AIRFLOW_CTX_DAG_ID='data_migrations2024-08-07' AIRFLOW_CTX_TASK_ID='fetch_the_api' AIRFLOW_CTX_EXECUTION_DATE='2024-06-12T00:00:00+00:00' AIRFLOW_CTX_TRY_NUMBER='1' AIRFLOW_CTX_DAG_RUN_ID='scheduled__2024-06-12T00:00:00+00:00'
[2024-08-07T10:40:26.720+0000] {taskinstance.py:430} INFO - ::endgroup::
[2024-08-07T10:40:26.735+0000] {subprocess.py:63} INFO - Tmp dir root location: /tmp
[2024-08-07T10:40:26.736+0000] {subprocess.py:75} INFO - Running command: ['/usr/bin/bash', '-c', 'python3 /opt/***/data/etl_m12_local_db.py']
[2024-08-07T10:40:26.745+0000] {subprocess.py:86} INFO - Output:
[2024-08-07T10:40:28.461+0000] {subprocess.py:93} INFO - Database tables created successfully.
[2024-08-07T10:40:28.507+0000] {subprocess.py:97} INFO - Command exited with return code 0
[2024-08-07T10:40:28.509+0000] {taskinstance.py:441} INFO - ::group::Post task execution logs
[2024-08-07T10:40:28.707+0000] {taskinstance.py:1206} INFO - Marking task as SUCCESS. dag_id=data_migrations2024-08-07, task_id=fetch_the_api, run_id=scheduled__2024-06-12T00:00:00+00:00, execution_date=20240612T000000, start_date=20240807T104026, end_date=20240807T104028
[2024-08-07T10:40:28.840+0000] {local_task_job_runner.py:240} INFO - Task exited with return code 0
[2024-08-07T10:40:28.848+0000] {local_task_job_runner.py:222} INFO - ::endgroup::
