[2024-08-21T06:08:33.727+0000] {local_task_job_runner.py:120} INFO - ::group::Pre task execution logs
[2024-08-21T06:08:33.878+0000] {taskinstance.py:2076} INFO - Dependencies all met for dep_context=non-requeueable deps ti=<TaskInstance: etl_22024-08-21.fetch_the_api scheduled__2024-06-01T00:00:00+00:00 [queued]>
[2024-08-21T06:08:34.031+0000] {taskinstance.py:2076} INFO - Dependencies all met for dep_context=requeueable deps ti=<TaskInstance: etl_22024-08-21.fetch_the_api scheduled__2024-06-01T00:00:00+00:00 [queued]>
[2024-08-21T06:08:34.043+0000] {taskinstance.py:2306} INFO - Starting attempt 1 of 2
[2024-08-21T06:08:34.538+0000] {taskinstance.py:2330} INFO - Executing <Task(BashOperator): fetch_the_api> on 2024-06-01 00:00:00+00:00
[2024-08-21T06:08:34.930+0000] {standard_task_runner.py:90} INFO - Running: ['***', 'tasks', 'run', 'etl_22024-08-21', 'fetch_the_api', 'scheduled__2024-06-01T00:00:00+00:00', '--job-id', '222', '--raw', '--subdir', 'DAGS_FOLDER/final_etl.py', '--cfg-path', '/tmp/tmpb8jjvv2r']
[2024-08-21T06:08:34.982+0000] {standard_task_runner.py:91} INFO - Job 222: Subtask fetch_the_api
[2024-08-21T06:08:35.025+0000] {logging_mixin.py:188} WARNING - /home/***/.local/lib/python3.12/site-packages/***/task/task_runner/standard_task_runner.py:61 DeprecationWarning: This process (pid=1359) is multi-threaded, use of fork() may lead to deadlocks in the child.
[2024-08-21T06:08:35.036+0000] {standard_task_runner.py:63} INFO - Started process 1371 to run task
[2024-08-21T06:08:35.380+0000] {task_command.py:426} INFO - Running <TaskInstance: etl_22024-08-21.fetch_the_api scheduled__2024-06-01T00:00:00+00:00 [running]> on host 7e1333882d71
[2024-08-21T06:08:36.050+0000] {taskinstance.py:2648} INFO - Exporting env vars: AIRFLOW_CTX_DAG_OWNER='***' AIRFLOW_CTX_DAG_ID='etl_22024-08-21' AIRFLOW_CTX_TASK_ID='fetch_the_api' AIRFLOW_CTX_EXECUTION_DATE='2024-06-01T00:00:00+00:00' AIRFLOW_CTX_TRY_NUMBER='1' AIRFLOW_CTX_DAG_RUN_ID='scheduled__2024-06-01T00:00:00+00:00'
[2024-08-21T06:08:36.068+0000] {taskinstance.py:430} INFO - ::endgroup::
[2024-08-21T06:08:36.220+0000] {subprocess.py:63} INFO - Tmp dir root location: /tmp
[2024-08-21T06:08:36.227+0000] {subprocess.py:75} INFO - Running command: ['/usr/bin/bash', '-c', 'python3 /opt/***/data/config.py']
[2024-08-21T06:08:36.292+0000] {subprocess.py:86} INFO - Output:
[2024-08-21T06:08:36.518+0000] {subprocess.py:97} INFO - Command exited with return code 0
[2024-08-21T06:08:36.533+0000] {taskinstance.py:441} INFO - ::group::Post task execution logs
[2024-08-21T06:08:36.734+0000] {taskinstance.py:1206} INFO - Marking task as SUCCESS. dag_id=etl_22024-08-21, task_id=fetch_the_api, run_id=scheduled__2024-06-01T00:00:00+00:00, execution_date=20240601T000000, start_date=20240821T060833, end_date=20240821T060836
[2024-08-21T06:08:36.933+0000] {local_task_job_runner.py:240} INFO - Task exited with return code 0
[2024-08-21T06:08:37.282+0000] {taskinstance.py:3503} INFO - 1 downstream tasks scheduled from follow-on schedule check
[2024-08-21T06:08:37.299+0000] {local_task_job_runner.py:222} INFO - ::endgroup::
