[2024-08-07T11:00:36.235+0000] {local_task_job_runner.py:120} INFO - ::group::Pre task execution logs
[2024-08-07T11:00:36.253+0000] {taskinstance.py:2076} INFO - Dependencies all met for dep_context=non-requeueable deps ti=<TaskInstance: etl_2024-08-07.decrypt_the_data scheduled__2024-06-19T00:00:00+00:00 [queued]>
[2024-08-07T11:00:36.260+0000] {taskinstance.py:2076} INFO - Dependencies all met for dep_context=requeueable deps ti=<TaskInstance: etl_2024-08-07.decrypt_the_data scheduled__2024-06-19T00:00:00+00:00 [queued]>
[2024-08-07T11:00:36.261+0000] {taskinstance.py:2306} INFO - Starting attempt 1 of 2
[2024-08-07T11:00:36.305+0000] {taskinstance.py:2330} INFO - Executing <Task(BashOperator): decrypt_the_data> on 2024-06-19 00:00:00+00:00
[2024-08-07T11:00:36.309+0000] {standard_task_runner.py:63} INFO - Started process 3679 to run task
[2024-08-07T11:00:36.312+0000] {standard_task_runner.py:90} INFO - Running: ['***', 'tasks', 'run', 'etl_2024-08-07', 'decrypt_the_data', 'scheduled__2024-06-19T00:00:00+00:00', '--job-id', '613', '--raw', '--subdir', 'DAGS_FOLDER/final_etl.py', '--cfg-path', '/tmp/tmpo9v2krsp']
[2024-08-07T11:00:36.315+0000] {standard_task_runner.py:91} INFO - Job 613: Subtask decrypt_the_data
[2024-08-07T11:00:36.383+0000] {task_command.py:426} INFO - Running <TaskInstance: etl_2024-08-07.decrypt_the_data scheduled__2024-06-19T00:00:00+00:00 [running]> on host 8cffaad11d99
[2024-08-07T11:00:37.951+0000] {taskinstance.py:2648} INFO - Exporting env vars: AIRFLOW_CTX_DAG_OWNER='***' AIRFLOW_CTX_DAG_ID='etl_2024-08-07' AIRFLOW_CTX_TASK_ID='decrypt_the_data' AIRFLOW_CTX_EXECUTION_DATE='2024-06-19T00:00:00+00:00' AIRFLOW_CTX_TRY_NUMBER='1' AIRFLOW_CTX_DAG_RUN_ID='scheduled__2024-06-19T00:00:00+00:00'
[2024-08-07T11:00:37.952+0000] {taskinstance.py:430} INFO - ::endgroup::
[2024-08-07T11:00:37.971+0000] {subprocess.py:63} INFO - Tmp dir root location: /tmp
[2024-08-07T11:00:37.971+0000] {subprocess.py:75} INFO - Running command: ['/usr/bin/bash', '-c', 'python3 /opt/***/data/decryption_utils.py']
[2024-08-07T11:00:37.979+0000] {subprocess.py:86} INFO - Output:
[2024-08-07T11:00:38.066+0000] {subprocess.py:97} INFO - Command exited with return code 0
[2024-08-07T11:00:38.067+0000] {taskinstance.py:441} INFO - ::group::Post task execution logs
[2024-08-07T11:00:38.107+0000] {taskinstance.py:1206} INFO - Marking task as SUCCESS. dag_id=etl_2024-08-07, task_id=decrypt_the_data, run_id=scheduled__2024-06-19T00:00:00+00:00, execution_date=20240619T000000, start_date=20240807T110036, end_date=20240807T110038
[2024-08-07T11:00:38.171+0000] {local_task_job_runner.py:240} INFO - Task exited with return code 0
[2024-08-07T11:00:38.195+0000] {taskinstance.py:3503} INFO - 1 downstream tasks scheduled from follow-on schedule check
[2024-08-07T11:00:38.218+0000] {local_task_job_runner.py:222} INFO - ::endgroup::
