[2024-08-08T06:07:21.688+0000] {local_task_job_runner.py:120} INFO - ::group::Pre task execution logs
[2024-08-08T06:07:21.715+0000] {taskinstance.py:2076} INFO - Dependencies all met for dep_context=non-requeueable deps ti=<TaskInstance: etl_2024-08-08.decrypt_the_data scheduled__2024-05-12T00:00:00+00:00 [queued]>
[2024-08-08T06:07:21.720+0000] {taskinstance.py:2076} INFO - Dependencies all met for dep_context=requeueable deps ti=<TaskInstance: etl_2024-08-08.decrypt_the_data scheduled__2024-05-12T00:00:00+00:00 [queued]>
[2024-08-08T06:07:21.720+0000] {taskinstance.py:2306} INFO - Starting attempt 1 of 2
[2024-08-08T06:07:21.747+0000] {taskinstance.py:2330} INFO - Executing <Task(BashOperator): decrypt_the_data> on 2024-05-12 00:00:00+00:00
[2024-08-08T06:07:21.751+0000] {standard_task_runner.py:63} INFO - Started process 3446 to run task
[2024-08-08T06:07:21.755+0000] {standard_task_runner.py:90} INFO - Running: ['***', 'tasks', 'run', 'etl_2024-08-08', 'decrypt_the_data', 'scheduled__2024-05-12T00:00:00+00:00', '--job-id', '1140', '--raw', '--subdir', 'DAGS_FOLDER/final_etl.py', '--cfg-path', '/tmp/tmpit5putjz']
[2024-08-08T06:07:21.758+0000] {standard_task_runner.py:91} INFO - Job 1140: Subtask decrypt_the_data
[2024-08-08T06:07:21.814+0000] {task_command.py:426} INFO - Running <TaskInstance: etl_2024-08-08.decrypt_the_data scheduled__2024-05-12T00:00:00+00:00 [running]> on host 05bc191a9412
[2024-08-08T06:07:21.916+0000] {taskinstance.py:2648} INFO - Exporting env vars: AIRFLOW_CTX_DAG_OWNER='***' AIRFLOW_CTX_DAG_ID='etl_2024-08-08' AIRFLOW_CTX_TASK_ID='decrypt_the_data' AIRFLOW_CTX_EXECUTION_DATE='2024-05-12T00:00:00+00:00' AIRFLOW_CTX_TRY_NUMBER='1' AIRFLOW_CTX_DAG_RUN_ID='scheduled__2024-05-12T00:00:00+00:00'
[2024-08-08T06:07:21.918+0000] {taskinstance.py:430} INFO - ::endgroup::
[2024-08-08T06:07:21.932+0000] {subprocess.py:63} INFO - Tmp dir root location: /tmp
[2024-08-08T06:07:21.933+0000] {subprocess.py:75} INFO - Running command: ['/usr/bin/bash', '-c', 'python3 /opt/***/data/decryption_utils.py']
[2024-08-08T06:07:21.940+0000] {subprocess.py:86} INFO - Output:
[2024-08-08T06:07:22.029+0000] {subprocess.py:97} INFO - Command exited with return code 0
[2024-08-08T06:07:22.030+0000] {taskinstance.py:441} INFO - ::group::Post task execution logs
[2024-08-08T06:07:22.069+0000] {taskinstance.py:1206} INFO - Marking task as SUCCESS. dag_id=etl_2024-08-08, task_id=decrypt_the_data, run_id=scheduled__2024-05-12T00:00:00+00:00, execution_date=20240512T000000, start_date=20240808T060721, end_date=20240808T060722
[2024-08-08T06:07:22.127+0000] {local_task_job_runner.py:240} INFO - Task exited with return code 0
[2024-08-08T06:07:22.152+0000] {taskinstance.py:3503} INFO - 1 downstream tasks scheduled from follow-on schedule check
[2024-08-08T06:07:22.623+0000] {local_task_job_runner.py:222} INFO - ::endgroup::
