[2024-08-07T10:48:59.887+0000] {local_task_job_runner.py:120} INFO - ::group::Pre task execution logs
[2024-08-07T10:48:59.913+0000] {taskinstance.py:2076} INFO - Dependencies all met for dep_context=non-requeueable deps ti=<TaskInstance: etl_2024-08-07.log_the_data scheduled__2024-05-28T00:00:00+00:00 [queued]>
[2024-08-07T10:48:59.920+0000] {taskinstance.py:2076} INFO - Dependencies all met for dep_context=requeueable deps ti=<TaskInstance: etl_2024-08-07.log_the_data scheduled__2024-05-28T00:00:00+00:00 [queued]>
[2024-08-07T10:48:59.920+0000] {taskinstance.py:2306} INFO - Starting attempt 1 of 2
[2024-08-07T10:48:59.953+0000] {taskinstance.py:2330} INFO - Executing <Task(BashOperator): log_the_data> on 2024-05-28 00:00:00+00:00
[2024-08-07T10:48:59.956+0000] {standard_task_runner.py:63} INFO - Started process 2289 to run task
[2024-08-07T10:48:59.959+0000] {standard_task_runner.py:90} INFO - Running: ['***', 'tasks', 'run', 'etl_2024-08-07', 'log_the_data', 'scheduled__2024-05-28T00:00:00+00:00', '--job-id', '244', '--raw', '--subdir', 'DAGS_FOLDER/final_etl.py', '--cfg-path', '/tmp/tmphgo29_ir']
[2024-08-07T10:48:59.961+0000] {standard_task_runner.py:91} INFO - Job 244: Subtask log_the_data
[2024-08-07T10:49:00.013+0000] {task_command.py:426} INFO - Running <TaskInstance: etl_2024-08-07.log_the_data scheduled__2024-05-28T00:00:00+00:00 [running]> on host 8cffaad11d99
[2024-08-07T10:49:00.147+0000] {taskinstance.py:2648} INFO - Exporting env vars: AIRFLOW_CTX_DAG_OWNER='***' AIRFLOW_CTX_DAG_ID='etl_2024-08-07' AIRFLOW_CTX_TASK_ID='log_the_data' AIRFLOW_CTX_EXECUTION_DATE='2024-05-28T00:00:00+00:00' AIRFLOW_CTX_TRY_NUMBER='1' AIRFLOW_CTX_DAG_RUN_ID='scheduled__2024-05-28T00:00:00+00:00'
[2024-08-07T10:49:00.148+0000] {taskinstance.py:430} INFO - ::endgroup::
[2024-08-07T10:49:00.156+0000] {subprocess.py:63} INFO - Tmp dir root location: /tmp
[2024-08-07T10:49:00.156+0000] {subprocess.py:75} INFO - Running command: ['/usr/bin/bash', '-c', 'python3 /opt/***/data/logging_config.py']
[2024-08-07T10:49:00.162+0000] {subprocess.py:86} INFO - Output:
[2024-08-07T10:49:00.297+0000] {subprocess.py:97} INFO - Command exited with return code 0
[2024-08-07T10:49:00.297+0000] {taskinstance.py:441} INFO - ::group::Post task execution logs
[2024-08-07T10:49:00.344+0000] {taskinstance.py:1206} INFO - Marking task as SUCCESS. dag_id=etl_2024-08-07, task_id=log_the_data, run_id=scheduled__2024-05-28T00:00:00+00:00, execution_date=20240528T000000, start_date=20240807T104859, end_date=20240807T104900
[2024-08-07T10:49:00.412+0000] {local_task_job_runner.py:240} INFO - Task exited with return code 0
[2024-08-07T10:49:00.429+0000] {taskinstance.py:3503} INFO - 1 downstream tasks scheduled from follow-on schedule check
[2024-08-07T10:49:00.450+0000] {local_task_job_runner.py:222} INFO - ::endgroup::
[2024-08-07T10:55:10.968+0000] {local_task_job_runner.py:120} INFO - ::group::Pre task execution logs
[2024-08-07T10:55:10.992+0000] {taskinstance.py:2076} INFO - Dependencies all met for dep_context=non-requeueable deps ti=<TaskInstance: etl_2024-08-07.log_the_data scheduled__2024-05-28T00:00:00+00:00 [queued]>
[2024-08-07T10:55:10.999+0000] {taskinstance.py:2076} INFO - Dependencies all met for dep_context=requeueable deps ti=<TaskInstance: etl_2024-08-07.log_the_data scheduled__2024-05-28T00:00:00+00:00 [queued]>
[2024-08-07T10:55:10.999+0000] {taskinstance.py:2306} INFO - Starting attempt 1 of 2
[2024-08-07T10:55:11.032+0000] {taskinstance.py:2330} INFO - Executing <Task(BashOperator): log_the_data> on 2024-05-28 00:00:00+00:00
[2024-08-07T10:55:11.036+0000] {standard_task_runner.py:63} INFO - Started process 3073 to run task
[2024-08-07T10:55:11.038+0000] {standard_task_runner.py:90} INFO - Running: ['***', 'tasks', 'run', 'etl_2024-08-07', 'log_the_data', 'scheduled__2024-05-28T00:00:00+00:00', '--job-id', '458', '--raw', '--subdir', 'DAGS_FOLDER/final_etl.py', '--cfg-path', '/tmp/tmp068pmwvr']
[2024-08-07T10:55:11.039+0000] {standard_task_runner.py:91} INFO - Job 458: Subtask log_the_data
[2024-08-07T10:55:11.112+0000] {task_command.py:426} INFO - Running <TaskInstance: etl_2024-08-07.log_the_data scheduled__2024-05-28T00:00:00+00:00 [running]> on host 8cffaad11d99
[2024-08-07T10:55:11.216+0000] {taskinstance.py:2648} INFO - Exporting env vars: AIRFLOW_CTX_DAG_OWNER='***' AIRFLOW_CTX_DAG_ID='etl_2024-08-07' AIRFLOW_CTX_TASK_ID='log_the_data' AIRFLOW_CTX_EXECUTION_DATE='2024-05-28T00:00:00+00:00' AIRFLOW_CTX_TRY_NUMBER='1' AIRFLOW_CTX_DAG_RUN_ID='scheduled__2024-05-28T00:00:00+00:00'
[2024-08-07T10:55:11.218+0000] {taskinstance.py:430} INFO - ::endgroup::
[2024-08-07T10:55:11.231+0000] {subprocess.py:63} INFO - Tmp dir root location: /tmp
[2024-08-07T10:55:11.232+0000] {subprocess.py:75} INFO - Running command: ['/usr/bin/bash', '-c', 'python3 /opt/***/data/logging_config.py']
[2024-08-07T10:55:11.239+0000] {subprocess.py:86} INFO - Output:
[2024-08-07T10:55:11.322+0000] {subprocess.py:97} INFO - Command exited with return code 0
[2024-08-07T10:55:11.322+0000] {taskinstance.py:441} INFO - ::group::Post task execution logs
[2024-08-07T10:55:11.377+0000] {taskinstance.py:1206} INFO - Marking task as SUCCESS. dag_id=etl_2024-08-07, task_id=log_the_data, run_id=scheduled__2024-05-28T00:00:00+00:00, execution_date=20240528T000000, start_date=20240807T105510, end_date=20240807T105511
[2024-08-07T10:55:11.532+0000] {local_task_job_runner.py:240} INFO - Task exited with return code 0
[2024-08-07T10:55:11.555+0000] {taskinstance.py:3503} INFO - 1 downstream tasks scheduled from follow-on schedule check
[2024-08-07T10:55:11.592+0000] {local_task_job_runner.py:222} INFO - ::endgroup::
