[2024-08-12T07:13:37.977+0000] {local_task_job_runner.py:120} INFO - ::group::Pre task execution logs
[2024-08-12T07:13:37.999+0000] {taskinstance.py:2076} INFO - Dependencies all met for dep_context=non-requeueable deps ti=<TaskInstance: data_migrations2024-08-12.fetch_the_api scheduled__2024-07-08T00:00:00+00:00 [queued]>
[2024-08-12T07:13:38.007+0000] {taskinstance.py:2076} INFO - Dependencies all met for dep_context=requeueable deps ti=<TaskInstance: data_migrations2024-08-12.fetch_the_api scheduled__2024-07-08T00:00:00+00:00 [queued]>
[2024-08-12T07:13:38.007+0000] {taskinstance.py:2306} INFO - Starting attempt 1 of 2
[2024-08-12T07:13:38.046+0000] {taskinstance.py:2330} INFO - Executing <Task(BashOperator): fetch_the_api> on 2024-07-08 00:00:00+00:00
[2024-08-12T07:13:38.051+0000] {standard_task_runner.py:63} INFO - Started process 563 to run task
[2024-08-12T07:13:38.057+0000] {standard_task_runner.py:90} INFO - Running: ['***', 'tasks', 'run', 'data_migrations2024-08-12', 'fetch_the_api', 'scheduled__2024-07-08T00:00:00+00:00', '--job-id', '2522', '--raw', '--subdir', 'DAGS_FOLDER/data_migrations.py', '--cfg-path', '/tmp/tmpiyv_qofj']
[2024-08-12T07:13:38.058+0000] {standard_task_runner.py:91} INFO - Job 2522: Subtask fetch_the_api
[2024-08-12T07:13:38.114+0000] {task_command.py:426} INFO - Running <TaskInstance: data_migrations2024-08-12.fetch_the_api scheduled__2024-07-08T00:00:00+00:00 [running]> on host 88a939613e48
[2024-08-12T07:13:38.291+0000] {taskinstance.py:2648} INFO - Exporting env vars: AIRFLOW_CTX_DAG_OWNER='***' AIRFLOW_CTX_DAG_ID='data_migrations2024-08-12' AIRFLOW_CTX_TASK_ID='fetch_the_api' AIRFLOW_CTX_EXECUTION_DATE='2024-07-08T00:00:00+00:00' AIRFLOW_CTX_TRY_NUMBER='1' AIRFLOW_CTX_DAG_RUN_ID='scheduled__2024-07-08T00:00:00+00:00'
[2024-08-12T07:13:38.292+0000] {taskinstance.py:430} INFO - ::endgroup::
[2024-08-12T07:13:38.305+0000] {subprocess.py:63} INFO - Tmp dir root location: /tmp
[2024-08-12T07:13:38.306+0000] {subprocess.py:75} INFO - Running command: ['/usr/bin/bash', '-c', 'python3 /opt/***/data/etl_m12_local_db.py']
[2024-08-12T07:13:38.317+0000] {subprocess.py:86} INFO - Output:
[2024-08-12T07:13:39.662+0000] {subprocess.py:93} INFO - Database tables created successfully.
[2024-08-12T07:13:39.723+0000] {subprocess.py:97} INFO - Command exited with return code 0
[2024-08-12T07:13:39.724+0000] {taskinstance.py:441} INFO - ::group::Post task execution logs
[2024-08-12T07:13:39.771+0000] {taskinstance.py:1206} INFO - Marking task as SUCCESS. dag_id=data_migrations2024-08-12, task_id=fetch_the_api, run_id=scheduled__2024-07-08T00:00:00+00:00, execution_date=20240708T000000, start_date=20240812T071338, end_date=20240812T071339
[2024-08-12T07:13:39.872+0000] {local_task_job_runner.py:240} INFO - Task exited with return code 0
[2024-08-12T07:13:39.896+0000] {taskinstance.py:3503} INFO - 0 downstream tasks scheduled from follow-on schedule check
[2024-08-12T07:13:39.925+0000] {local_task_job_runner.py:222} INFO - ::endgroup::
