[2024-08-09T09:28:05.544+0000] {local_task_job_runner.py:120} INFO - ::group::Pre task execution logs
[2024-08-09T09:28:05.571+0000] {taskinstance.py:2076} INFO - Dependencies all met for dep_context=non-requeueable deps ti=<TaskInstance: etl_2024-08-09.decrypt_the_data scheduled__2024-08-01T00:00:00+00:00 [queued]>
[2024-08-09T09:28:05.578+0000] {taskinstance.py:2076} INFO - Dependencies all met for dep_context=requeueable deps ti=<TaskInstance: etl_2024-08-09.decrypt_the_data scheduled__2024-08-01T00:00:00+00:00 [queued]>
[2024-08-09T09:28:05.579+0000] {taskinstance.py:2306} INFO - Starting attempt 1 of 2
[2024-08-09T09:28:05.657+0000] {taskinstance.py:2330} INFO - Executing <Task(BashOperator): decrypt_the_data> on 2024-08-01 00:00:00+00:00
[2024-08-09T09:28:05.661+0000] {standard_task_runner.py:63} INFO - Started process 12644 to run task
[2024-08-09T09:28:05.666+0000] {standard_task_runner.py:90} INFO - Running: ['***', 'tasks', 'run', 'etl_2024-08-09', 'decrypt_the_data', 'scheduled__2024-08-01T00:00:00+00:00', '--job-id', '2301', '--raw', '--subdir', 'DAGS_FOLDER/final_etl.py', '--cfg-path', '/tmp/tmp7whssvm8']
[2024-08-09T09:28:05.668+0000] {standard_task_runner.py:91} INFO - Job 2301: Subtask decrypt_the_data
[2024-08-09T09:28:05.731+0000] {task_command.py:426} INFO - Running <TaskInstance: etl_2024-08-09.decrypt_the_data scheduled__2024-08-01T00:00:00+00:00 [running]> on host 05bc191a9412
[2024-08-09T09:28:05.841+0000] {taskinstance.py:2648} INFO - Exporting env vars: AIRFLOW_CTX_DAG_OWNER='***' AIRFLOW_CTX_DAG_ID='etl_2024-08-09' AIRFLOW_CTX_TASK_ID='decrypt_the_data' AIRFLOW_CTX_EXECUTION_DATE='2024-08-01T00:00:00+00:00' AIRFLOW_CTX_TRY_NUMBER='1' AIRFLOW_CTX_DAG_RUN_ID='scheduled__2024-08-01T00:00:00+00:00'
[2024-08-09T09:28:05.842+0000] {taskinstance.py:430} INFO - ::endgroup::
[2024-08-09T09:28:05.853+0000] {subprocess.py:63} INFO - Tmp dir root location: /tmp
[2024-08-09T09:28:05.853+0000] {subprocess.py:75} INFO - Running command: ['/usr/bin/bash', '-c', 'python3 /opt/***/data/decryption_utils.py']
[2024-08-09T09:28:05.862+0000] {subprocess.py:86} INFO - Output:
[2024-08-09T09:28:05.980+0000] {subprocess.py:97} INFO - Command exited with return code 0
[2024-08-09T09:28:05.981+0000] {taskinstance.py:441} INFO - ::group::Post task execution logs
[2024-08-09T09:28:06.082+0000] {taskinstance.py:1206} INFO - Marking task as SUCCESS. dag_id=etl_2024-08-09, task_id=decrypt_the_data, run_id=scheduled__2024-08-01T00:00:00+00:00, execution_date=20240801T000000, start_date=20240809T092805, end_date=20240809T092806
[2024-08-09T09:28:06.237+0000] {local_task_job_runner.py:240} INFO - Task exited with return code 0
[2024-08-09T09:28:06.253+0000] {taskinstance.py:3503} INFO - 1 downstream tasks scheduled from follow-on schedule check
[2024-08-09T09:28:06.268+0000] {local_task_job_runner.py:222} INFO - ::endgroup::
