[2024-08-07T10:43:37.440+0000] {local_task_job_runner.py:120} INFO - ::group::Pre task execution logs
[2024-08-07T10:43:37.466+0000] {taskinstance.py:2076} INFO - Dependencies all met for dep_context=non-requeueable deps ti=<TaskInstance: etl_2024-08-07.fetch_the_api scheduled__2024-05-17T00:00:00+00:00 [queued]>
[2024-08-07T10:43:37.473+0000] {taskinstance.py:2076} INFO - Dependencies all met for dep_context=requeueable deps ti=<TaskInstance: etl_2024-08-07.fetch_the_api scheduled__2024-05-17T00:00:00+00:00 [queued]>
[2024-08-07T10:43:37.473+0000] {taskinstance.py:2306} INFO - Starting attempt 1 of 2
[2024-08-07T10:43:37.496+0000] {taskinstance.py:2330} INFO - Executing <Task(BashOperator): fetch_the_api> on 2024-05-17 00:00:00+00:00
[2024-08-07T10:43:37.500+0000] {standard_task_runner.py:63} INFO - Started process 1771 to run task
[2024-08-07T10:43:37.503+0000] {standard_task_runner.py:90} INFO - Running: ['***', 'tasks', 'run', 'etl_2024-08-07', 'fetch_the_api', 'scheduled__2024-05-17T00:00:00+00:00', '--job-id', '118', '--raw', '--subdir', 'DAGS_FOLDER/final_etl.py', '--cfg-path', '/tmp/tmp2s09j44k']
[2024-08-07T10:43:37.506+0000] {standard_task_runner.py:91} INFO - Job 118: Subtask fetch_the_api
[2024-08-07T10:43:37.570+0000] {task_command.py:426} INFO - Running <TaskInstance: etl_2024-08-07.fetch_the_api scheduled__2024-05-17T00:00:00+00:00 [running]> on host 8cffaad11d99
[2024-08-07T10:43:37.676+0000] {taskinstance.py:2648} INFO - Exporting env vars: AIRFLOW_CTX_DAG_OWNER='***' AIRFLOW_CTX_DAG_ID='etl_2024-08-07' AIRFLOW_CTX_TASK_ID='fetch_the_api' AIRFLOW_CTX_EXECUTION_DATE='2024-05-17T00:00:00+00:00' AIRFLOW_CTX_TRY_NUMBER='1' AIRFLOW_CTX_DAG_RUN_ID='scheduled__2024-05-17T00:00:00+00:00'
[2024-08-07T10:43:37.677+0000] {taskinstance.py:430} INFO - ::endgroup::
[2024-08-07T10:43:37.685+0000] {subprocess.py:63} INFO - Tmp dir root location: /tmp
[2024-08-07T10:43:37.685+0000] {subprocess.py:75} INFO - Running command: ['/usr/bin/bash', '-c', 'python3 /opt/***/data/config.py']
[2024-08-07T10:43:37.691+0000] {subprocess.py:86} INFO - Output:
[2024-08-07T10:43:37.781+0000] {subprocess.py:97} INFO - Command exited with return code 0
[2024-08-07T10:43:37.782+0000] {taskinstance.py:441} INFO - ::group::Post task execution logs
[2024-08-07T10:43:37.844+0000] {taskinstance.py:1206} INFO - Marking task as SUCCESS. dag_id=etl_2024-08-07, task_id=fetch_the_api, run_id=scheduled__2024-05-17T00:00:00+00:00, execution_date=20240517T000000, start_date=20240807T104337, end_date=20240807T104337
[2024-08-07T10:43:38.075+0000] {local_task_job_runner.py:240} INFO - Task exited with return code 0
[2024-08-07T10:43:38.088+0000] {taskinstance.py:3503} INFO - 1 downstream tasks scheduled from follow-on schedule check
[2024-08-07T10:43:38.228+0000] {local_task_job_runner.py:222} INFO - ::endgroup::
[2024-08-07T10:49:46.684+0000] {local_task_job_runner.py:120} INFO - ::group::Pre task execution logs
[2024-08-07T10:49:46.704+0000] {taskinstance.py:2076} INFO - Dependencies all met for dep_context=non-requeueable deps ti=<TaskInstance: etl_2024-08-07.fetch_the_api scheduled__2024-05-17T00:00:00+00:00 [queued]>
[2024-08-07T10:49:46.709+0000] {taskinstance.py:2076} INFO - Dependencies all met for dep_context=requeueable deps ti=<TaskInstance: etl_2024-08-07.fetch_the_api scheduled__2024-05-17T00:00:00+00:00 [queued]>
[2024-08-07T10:49:46.709+0000] {taskinstance.py:2306} INFO - Starting attempt 1 of 2
[2024-08-07T10:49:46.871+0000] {taskinstance.py:2330} INFO - Executing <Task(BashOperator): fetch_the_api> on 2024-05-17 00:00:00+00:00
[2024-08-07T10:49:46.874+0000] {standard_task_runner.py:63} INFO - Started process 2571 to run task
[2024-08-07T10:49:46.882+0000] {standard_task_runner.py:90} INFO - Running: ['***', 'tasks', 'run', 'etl_2024-08-07', 'fetch_the_api', 'scheduled__2024-05-17T00:00:00+00:00', '--job-id', '338', '--raw', '--subdir', 'DAGS_FOLDER/final_etl.py', '--cfg-path', '/tmp/tmp8c76ym2g']
[2024-08-07T10:49:46.883+0000] {standard_task_runner.py:91} INFO - Job 338: Subtask fetch_the_api
[2024-08-07T10:49:46.996+0000] {task_command.py:426} INFO - Running <TaskInstance: etl_2024-08-07.fetch_the_api scheduled__2024-05-17T00:00:00+00:00 [running]> on host 8cffaad11d99
[2024-08-07T10:49:47.085+0000] {taskinstance.py:2648} INFO - Exporting env vars: AIRFLOW_CTX_DAG_OWNER='***' AIRFLOW_CTX_DAG_ID='etl_2024-08-07' AIRFLOW_CTX_TASK_ID='fetch_the_api' AIRFLOW_CTX_EXECUTION_DATE='2024-05-17T00:00:00+00:00' AIRFLOW_CTX_TRY_NUMBER='1' AIRFLOW_CTX_DAG_RUN_ID='scheduled__2024-05-17T00:00:00+00:00'
[2024-08-07T10:49:47.086+0000] {taskinstance.py:430} INFO - ::endgroup::
[2024-08-07T10:49:47.093+0000] {subprocess.py:63} INFO - Tmp dir root location: /tmp
[2024-08-07T10:49:47.094+0000] {subprocess.py:75} INFO - Running command: ['/usr/bin/bash', '-c', 'python3 /opt/***/data/config.py']
[2024-08-07T10:49:47.102+0000] {subprocess.py:86} INFO - Output:
[2024-08-07T10:49:47.188+0000] {subprocess.py:97} INFO - Command exited with return code 0
[2024-08-07T10:49:47.188+0000] {taskinstance.py:441} INFO - ::group::Post task execution logs
[2024-08-07T10:49:47.230+0000] {taskinstance.py:1206} INFO - Marking task as SUCCESS. dag_id=etl_2024-08-07, task_id=fetch_the_api, run_id=scheduled__2024-05-17T00:00:00+00:00, execution_date=20240517T000000, start_date=20240807T104946, end_date=20240807T104947
[2024-08-07T10:49:47.289+0000] {local_task_job_runner.py:240} INFO - Task exited with return code 0
[2024-08-07T10:49:47.310+0000] {taskinstance.py:3503} INFO - 1 downstream tasks scheduled from follow-on schedule check
[2024-08-07T10:49:47.332+0000] {local_task_job_runner.py:222} INFO - ::endgroup::
