[2024-08-21T06:02:38.569+0000] {local_task_job_runner.py:120} INFO - ::group::Pre task execution logs
[2024-08-21T06:02:38.884+0000] {taskinstance.py:2076} INFO - Dependencies all met for dep_context=non-requeueable deps ti=<TaskInstance: etl_22024-08-21.log_the_data scheduled__2024-05-10T00:00:00+00:00 [queued]>
[2024-08-21T06:02:38.956+0000] {taskinstance.py:2076} INFO - Dependencies all met for dep_context=requeueable deps ti=<TaskInstance: etl_22024-08-21.log_the_data scheduled__2024-05-10T00:00:00+00:00 [queued]>
[2024-08-21T06:02:38.957+0000] {taskinstance.py:2306} INFO - Starting attempt 1 of 2
[2024-08-21T06:02:39.211+0000] {taskinstance.py:2330} INFO - Executing <Task(BashOperator): log_the_data> on 2024-05-10 00:00:00+00:00
[2024-08-21T06:02:39.312+0000] {logging_mixin.py:188} WARNING - /home/***/.local/lib/python3.12/site-packages/***/task/task_runner/standard_task_runner.py:61 DeprecationWarning: This process (pid=648) is multi-threaded, use of fork() may lead to deadlocks in the child.
[2024-08-21T06:02:39.319+0000] {standard_task_runner.py:63} INFO - Started process 658 to run task
[2024-08-21T06:02:39.315+0000] {standard_task_runner.py:90} INFO - Running: ['***', 'tasks', 'run', 'etl_22024-08-21', 'log_the_data', 'scheduled__2024-05-10T00:00:00+00:00', '--job-id', '133', '--raw', '--subdir', 'DAGS_FOLDER/final_etl.py', '--cfg-path', '/tmp/tmp635ls4h8']
[2024-08-21T06:02:39.352+0000] {standard_task_runner.py:91} INFO - Job 133: Subtask log_the_data
[2024-08-21T06:02:39.744+0000] {task_command.py:426} INFO - Running <TaskInstance: etl_22024-08-21.log_the_data scheduled__2024-05-10T00:00:00+00:00 [running]> on host 7e1333882d71
[2024-08-21T06:02:40.130+0000] {taskinstance.py:2648} INFO - Exporting env vars: AIRFLOW_CTX_DAG_OWNER='***' AIRFLOW_CTX_DAG_ID='etl_22024-08-21' AIRFLOW_CTX_TASK_ID='log_the_data' AIRFLOW_CTX_EXECUTION_DATE='2024-05-10T00:00:00+00:00' AIRFLOW_CTX_TRY_NUMBER='1' AIRFLOW_CTX_DAG_RUN_ID='scheduled__2024-05-10T00:00:00+00:00'
[2024-08-21T06:02:40.135+0000] {taskinstance.py:430} INFO - ::endgroup::
[2024-08-21T06:02:40.174+0000] {subprocess.py:63} INFO - Tmp dir root location: /tmp
[2024-08-21T06:02:40.181+0000] {subprocess.py:75} INFO - Running command: ['/usr/bin/bash', '-c', 'python3 /opt/***/data/logging_config.py']
[2024-08-21T06:02:40.216+0000] {subprocess.py:86} INFO - Output:
[2024-08-21T06:02:41.408+0000] {subprocess.py:97} INFO - Command exited with return code 0
[2024-08-21T06:02:41.423+0000] {taskinstance.py:441} INFO - ::group::Post task execution logs
[2024-08-21T06:02:41.695+0000] {taskinstance.py:1206} INFO - Marking task as SUCCESS. dag_id=etl_22024-08-21, task_id=log_the_data, run_id=scheduled__2024-05-10T00:00:00+00:00, execution_date=20240510T000000, start_date=20240821T060238, end_date=20240821T060241
[2024-08-21T06:02:42.300+0000] {local_task_job_runner.py:240} INFO - Task exited with return code 0
[2024-08-21T06:02:42.583+0000] {taskinstance.py:3503} INFO - 1 downstream tasks scheduled from follow-on schedule check
[2024-08-21T06:02:42.646+0000] {local_task_job_runner.py:222} INFO - ::endgroup::
