[2024-08-09T09:26:18.962+0000] {local_task_job_runner.py:120} INFO - ::group::Pre task execution logs
[2024-08-09T09:26:18.990+0000] {taskinstance.py:2076} INFO - Dependencies all met for dep_context=non-requeueable deps ti=<TaskInstance: etl_2024-08-09.decrypt_the_data scheduled__2024-06-02T00:00:00+00:00 [queued]>
[2024-08-09T09:26:18.999+0000] {taskinstance.py:2076} INFO - Dependencies all met for dep_context=requeueable deps ti=<TaskInstance: etl_2024-08-09.decrypt_the_data scheduled__2024-06-02T00:00:00+00:00 [queued]>
[2024-08-09T09:26:18.999+0000] {taskinstance.py:2306} INFO - Starting attempt 1 of 2
[2024-08-09T09:26:19.080+0000] {taskinstance.py:2330} INFO - Executing <Task(BashOperator): decrypt_the_data> on 2024-06-02 00:00:00+00:00
[2024-08-09T09:26:19.084+0000] {standard_task_runner.py:63} INFO - Started process 10409 to run task
[2024-08-09T09:26:19.089+0000] {standard_task_runner.py:90} INFO - Running: ['***', 'tasks', 'run', 'etl_2024-08-09', 'decrypt_the_data', 'scheduled__2024-06-02T00:00:00+00:00', '--job-id', '1926', '--raw', '--subdir', 'DAGS_FOLDER/final_etl.py', '--cfg-path', '/tmp/tmpp2yfpnk9']
[2024-08-09T09:26:19.091+0000] {standard_task_runner.py:91} INFO - Job 1926: Subtask decrypt_the_data
[2024-08-09T09:26:19.164+0000] {task_command.py:426} INFO - Running <TaskInstance: etl_2024-08-09.decrypt_the_data scheduled__2024-06-02T00:00:00+00:00 [running]> on host 05bc191a9412
[2024-08-09T09:26:19.340+0000] {taskinstance.py:2648} INFO - Exporting env vars: AIRFLOW_CTX_DAG_OWNER='***' AIRFLOW_CTX_DAG_ID='etl_2024-08-09' AIRFLOW_CTX_TASK_ID='decrypt_the_data' AIRFLOW_CTX_EXECUTION_DATE='2024-06-02T00:00:00+00:00' AIRFLOW_CTX_TRY_NUMBER='1' AIRFLOW_CTX_DAG_RUN_ID='scheduled__2024-06-02T00:00:00+00:00'
[2024-08-09T09:26:19.341+0000] {taskinstance.py:430} INFO - ::endgroup::
[2024-08-09T09:26:19.348+0000] {subprocess.py:63} INFO - Tmp dir root location: /tmp
[2024-08-09T09:26:19.354+0000] {subprocess.py:75} INFO - Running command: ['/usr/bin/bash', '-c', 'python3 /opt/***/data/decryption_utils.py']
[2024-08-09T09:26:19.369+0000] {subprocess.py:86} INFO - Output:
[2024-08-09T09:26:19.474+0000] {subprocess.py:97} INFO - Command exited with return code 0
[2024-08-09T09:26:19.475+0000] {taskinstance.py:441} INFO - ::group::Post task execution logs
[2024-08-09T09:26:19.737+0000] {taskinstance.py:1206} INFO - Marking task as SUCCESS. dag_id=etl_2024-08-09, task_id=decrypt_the_data, run_id=scheduled__2024-06-02T00:00:00+00:00, execution_date=20240602T000000, start_date=20240809T092618, end_date=20240809T092619
[2024-08-09T09:26:20.183+0000] {local_task_job_runner.py:240} INFO - Task exited with return code 0
[2024-08-09T09:26:20.209+0000] {taskinstance.py:3503} INFO - 1 downstream tasks scheduled from follow-on schedule check
[2024-08-09T09:26:20.279+0000] {local_task_job_runner.py:222} INFO - ::endgroup::
