[2024-08-07T10:41:29.204+0000] {local_task_job_runner.py:120} INFO - ::group::Pre task execution logs
[2024-08-07T10:41:29.220+0000] {taskinstance.py:2076} INFO - Dependencies all met for dep_context=non-requeueable deps ti=<TaskInstance: data_migrations2024-08-07.fetch_the_api manual__2024-08-07T10:41:26.085502+00:00 [queued]>
[2024-08-07T10:41:29.224+0000] {taskinstance.py:2076} INFO - Dependencies all met for dep_context=requeueable deps ti=<TaskInstance: data_migrations2024-08-07.fetch_the_api manual__2024-08-07T10:41:26.085502+00:00 [queued]>
[2024-08-07T10:41:29.224+0000] {taskinstance.py:2306} INFO - Starting attempt 1 of 2
[2024-08-07T10:41:29.246+0000] {taskinstance.py:2330} INFO - Executing <Task(BashOperator): fetch_the_api> on 2024-08-07 10:41:26.085502+00:00
[2024-08-07T10:41:29.249+0000] {standard_task_runner.py:63} INFO - Started process 1639 to run task
[2024-08-07T10:41:29.253+0000] {standard_task_runner.py:90} INFO - Running: ['***', 'tasks', 'run', 'data_migrations2024-08-07', 'fetch_the_api', 'manual__2024-08-07T10:41:26.085502+00:00', '--job-id', '95', '--raw', '--subdir', 'DAGS_FOLDER/data_migrations.py', '--cfg-path', '/tmp/tmpggf79tia']
[2024-08-07T10:41:29.254+0000] {standard_task_runner.py:91} INFO - Job 95: Subtask fetch_the_api
[2024-08-07T10:41:29.331+0000] {task_command.py:426} INFO - Running <TaskInstance: data_migrations2024-08-07.fetch_the_api manual__2024-08-07T10:41:26.085502+00:00 [running]> on host 8cffaad11d99
[2024-08-07T10:41:29.462+0000] {taskinstance.py:2648} INFO - Exporting env vars: AIRFLOW_CTX_DAG_OWNER='***' AIRFLOW_CTX_DAG_ID='data_migrations2024-08-07' AIRFLOW_CTX_TASK_ID='fetch_the_api' AIRFLOW_CTX_EXECUTION_DATE='2024-08-07T10:41:26.085502+00:00' AIRFLOW_CTX_TRY_NUMBER='1' AIRFLOW_CTX_DAG_RUN_ID='manual__2024-08-07T10:41:26.085502+00:00'
[2024-08-07T10:41:29.464+0000] {taskinstance.py:430} INFO - ::endgroup::
[2024-08-07T10:41:29.480+0000] {subprocess.py:63} INFO - Tmp dir root location: /tmp
[2024-08-07T10:41:29.481+0000] {subprocess.py:75} INFO - Running command: ['/usr/bin/bash', '-c', 'python3 /opt/***/data/etl_m12_local_db.py']
[2024-08-07T10:41:29.485+0000] {subprocess.py:86} INFO - Output:
[2024-08-07T10:41:30.725+0000] {subprocess.py:93} INFO - Database tables created successfully.
[2024-08-07T10:41:30.752+0000] {subprocess.py:97} INFO - Command exited with return code 0
[2024-08-07T10:41:30.752+0000] {taskinstance.py:441} INFO - ::group::Post task execution logs
[2024-08-07T10:41:30.857+0000] {taskinstance.py:1206} INFO - Marking task as SUCCESS. dag_id=data_migrations2024-08-07, task_id=fetch_the_api, run_id=manual__2024-08-07T10:41:26.085502+00:00, execution_date=20240807T104126, start_date=20240807T104129, end_date=20240807T104130
[2024-08-07T10:41:30.910+0000] {local_task_job_runner.py:240} INFO - Task exited with return code 0
[2024-08-07T10:41:30.939+0000] {taskinstance.py:3503} INFO - 0 downstream tasks scheduled from follow-on schedule check
[2024-08-07T10:41:30.953+0000] {local_task_job_runner.py:222} INFO - ::endgroup::
