[2024-08-09T09:26:10.475+0000] {local_task_job_runner.py:120} INFO - ::group::Pre task execution logs
[2024-08-09T09:26:10.496+0000] {taskinstance.py:2076} INFO - Dependencies all met for dep_context=non-requeueable deps ti=<TaskInstance: etl_2024-08-09.fetch_the_api scheduled__2024-05-29T00:00:00+00:00 [queued]>
[2024-08-09T09:26:10.500+0000] {taskinstance.py:2076} INFO - Dependencies all met for dep_context=requeueable deps ti=<TaskInstance: etl_2024-08-09.fetch_the_api scheduled__2024-05-29T00:00:00+00:00 [queued]>
[2024-08-09T09:26:10.501+0000] {taskinstance.py:2306} INFO - Starting attempt 1 of 2
[2024-08-09T09:26:10.842+0000] {taskinstance.py:2330} INFO - Executing <Task(BashOperator): fetch_the_api> on 2024-05-29 00:00:00+00:00
[2024-08-09T09:26:10.848+0000] {standard_task_runner.py:63} INFO - Started process 10201 to run task
[2024-08-09T09:26:10.854+0000] {standard_task_runner.py:90} INFO - Running: ['***', 'tasks', 'run', 'etl_2024-08-09', 'fetch_the_api', 'scheduled__2024-05-29T00:00:00+00:00', '--job-id', '1868', '--raw', '--subdir', 'DAGS_FOLDER/final_etl.py', '--cfg-path', '/tmp/tmpi20rxs63']
[2024-08-09T09:26:10.856+0000] {standard_task_runner.py:91} INFO - Job 1868: Subtask fetch_the_api
[2024-08-09T09:26:10.936+0000] {task_command.py:426} INFO - Running <TaskInstance: etl_2024-08-09.fetch_the_api scheduled__2024-05-29T00:00:00+00:00 [running]> on host 05bc191a9412
[2024-08-09T09:26:11.067+0000] {taskinstance.py:2648} INFO - Exporting env vars: AIRFLOW_CTX_DAG_OWNER='***' AIRFLOW_CTX_DAG_ID='etl_2024-08-09' AIRFLOW_CTX_TASK_ID='fetch_the_api' AIRFLOW_CTX_EXECUTION_DATE='2024-05-29T00:00:00+00:00' AIRFLOW_CTX_TRY_NUMBER='1' AIRFLOW_CTX_DAG_RUN_ID='scheduled__2024-05-29T00:00:00+00:00'
[2024-08-09T09:26:11.068+0000] {taskinstance.py:430} INFO - ::endgroup::
[2024-08-09T09:26:11.079+0000] {subprocess.py:63} INFO - Tmp dir root location: /tmp
[2024-08-09T09:26:11.080+0000] {subprocess.py:75} INFO - Running command: ['/usr/bin/bash', '-c', 'python3 /opt/***/data/config.py']
[2024-08-09T09:26:11.086+0000] {subprocess.py:86} INFO - Output:
[2024-08-09T09:26:11.150+0000] {subprocess.py:97} INFO - Command exited with return code 0
[2024-08-09T09:26:11.150+0000] {taskinstance.py:441} INFO - ::group::Post task execution logs
[2024-08-09T09:26:11.210+0000] {taskinstance.py:1206} INFO - Marking task as SUCCESS. dag_id=etl_2024-08-09, task_id=fetch_the_api, run_id=scheduled__2024-05-29T00:00:00+00:00, execution_date=20240529T000000, start_date=20240809T092610, end_date=20240809T092611
[2024-08-09T09:26:11.264+0000] {local_task_job_runner.py:240} INFO - Task exited with return code 0
[2024-08-09T09:26:11.288+0000] {taskinstance.py:3503} INFO - 1 downstream tasks scheduled from follow-on schedule check
[2024-08-09T09:26:11.327+0000] {local_task_job_runner.py:222} INFO - ::endgroup::
