[2024-08-09T09:26:38.758+0000] {local_task_job_runner.py:120} INFO - ::group::Pre task execution logs
[2024-08-09T09:26:38.776+0000] {taskinstance.py:2076} INFO - Dependencies all met for dep_context=non-requeueable deps ti=<TaskInstance: etl_2024-08-09.log_the_data scheduled__2024-06-10T00:00:00+00:00 [queued]>
[2024-08-09T09:26:38.781+0000] {taskinstance.py:2076} INFO - Dependencies all met for dep_context=requeueable deps ti=<TaskInstance: etl_2024-08-09.log_the_data scheduled__2024-06-10T00:00:00+00:00 [queued]>
[2024-08-09T09:26:38.781+0000] {taskinstance.py:2306} INFO - Starting attempt 1 of 2
[2024-08-09T09:26:38.862+0000] {taskinstance.py:2330} INFO - Executing <Task(BashOperator): log_the_data> on 2024-06-10 00:00:00+00:00
[2024-08-09T09:26:38.872+0000] {standard_task_runner.py:63} INFO - Started process 10791 to run task
[2024-08-09T09:26:38.878+0000] {standard_task_runner.py:90} INFO - Running: ['***', 'tasks', 'run', 'etl_2024-08-09', 'log_the_data', 'scheduled__2024-06-10T00:00:00+00:00', '--job-id', '1977', '--raw', '--subdir', 'DAGS_FOLDER/final_etl.py', '--cfg-path', '/tmp/tmpa63idgx1']
[2024-08-09T09:26:38.886+0000] {standard_task_runner.py:91} INFO - Job 1977: Subtask log_the_data
[2024-08-09T09:26:38.959+0000] {task_command.py:426} INFO - Running <TaskInstance: etl_2024-08-09.log_the_data scheduled__2024-06-10T00:00:00+00:00 [running]> on host 05bc191a9412
[2024-08-09T09:26:39.103+0000] {taskinstance.py:2648} INFO - Exporting env vars: AIRFLOW_CTX_DAG_OWNER='***' AIRFLOW_CTX_DAG_ID='etl_2024-08-09' AIRFLOW_CTX_TASK_ID='log_the_data' AIRFLOW_CTX_EXECUTION_DATE='2024-06-10T00:00:00+00:00' AIRFLOW_CTX_TRY_NUMBER='1' AIRFLOW_CTX_DAG_RUN_ID='scheduled__2024-06-10T00:00:00+00:00'
[2024-08-09T09:26:39.104+0000] {taskinstance.py:430} INFO - ::endgroup::
[2024-08-09T09:26:39.117+0000] {subprocess.py:63} INFO - Tmp dir root location: /tmp
[2024-08-09T09:26:39.118+0000] {subprocess.py:75} INFO - Running command: ['/usr/bin/bash', '-c', 'python3 /opt/***/data/logging_config.py']
[2024-08-09T09:26:39.126+0000] {subprocess.py:86} INFO - Output:
[2024-08-09T09:26:39.209+0000] {subprocess.py:97} INFO - Command exited with return code 0
[2024-08-09T09:26:39.209+0000] {taskinstance.py:441} INFO - ::group::Post task execution logs
[2024-08-09T09:26:39.280+0000] {taskinstance.py:1206} INFO - Marking task as SUCCESS. dag_id=etl_2024-08-09, task_id=log_the_data, run_id=scheduled__2024-06-10T00:00:00+00:00, execution_date=20240610T000000, start_date=20240809T092638, end_date=20240809T092639
[2024-08-09T09:26:39.334+0000] {local_task_job_runner.py:240} INFO - Task exited with return code 0
[2024-08-09T09:26:39.359+0000] {taskinstance.py:3503} INFO - 1 downstream tasks scheduled from follow-on schedule check
[2024-08-09T09:26:39.381+0000] {local_task_job_runner.py:222} INFO - ::endgroup::
