[2024-08-07T10:43:41.655+0000] {local_task_job_runner.py:120} INFO - ::group::Pre task execution logs
[2024-08-07T10:43:41.671+0000] {taskinstance.py:2076} INFO - Dependencies all met for dep_context=non-requeueable deps ti=<TaskInstance: etl_2024-08-07.log_the_data scheduled__2024-05-20T00:00:00+00:00 [queued]>
[2024-08-07T10:43:41.677+0000] {taskinstance.py:2076} INFO - Dependencies all met for dep_context=requeueable deps ti=<TaskInstance: etl_2024-08-07.log_the_data scheduled__2024-05-20T00:00:00+00:00 [queued]>
[2024-08-07T10:43:41.677+0000] {taskinstance.py:2306} INFO - Starting attempt 1 of 2
[2024-08-07T10:43:41.779+0000] {taskinstance.py:2330} INFO - Executing <Task(BashOperator): log_the_data> on 2024-05-20 00:00:00+00:00
[2024-08-07T10:43:41.789+0000] {standard_task_runner.py:63} INFO - Started process 1873 to run task
[2024-08-07T10:43:41.803+0000] {standard_task_runner.py:90} INFO - Running: ['***', 'tasks', 'run', 'etl_2024-08-07', 'log_the_data', 'scheduled__2024-05-20T00:00:00+00:00', '--job-id', '147', '--raw', '--subdir', 'DAGS_FOLDER/final_etl.py', '--cfg-path', '/tmp/tmp_8dxb0f6']
[2024-08-07T10:43:41.808+0000] {standard_task_runner.py:91} INFO - Job 147: Subtask log_the_data
[2024-08-07T10:43:41.885+0000] {task_command.py:426} INFO - Running <TaskInstance: etl_2024-08-07.log_the_data scheduled__2024-05-20T00:00:00+00:00 [running]> on host 8cffaad11d99
[2024-08-07T10:43:42.000+0000] {taskinstance.py:2648} INFO - Exporting env vars: AIRFLOW_CTX_DAG_OWNER='***' AIRFLOW_CTX_DAG_ID='etl_2024-08-07' AIRFLOW_CTX_TASK_ID='log_the_data' AIRFLOW_CTX_EXECUTION_DATE='2024-05-20T00:00:00+00:00' AIRFLOW_CTX_TRY_NUMBER='1' AIRFLOW_CTX_DAG_RUN_ID='scheduled__2024-05-20T00:00:00+00:00'
[2024-08-07T10:43:42.003+0000] {taskinstance.py:430} INFO - ::endgroup::
[2024-08-07T10:43:42.013+0000] {subprocess.py:63} INFO - Tmp dir root location: /tmp
[2024-08-07T10:43:42.014+0000] {subprocess.py:75} INFO - Running command: ['/usr/bin/bash', '-c', 'python3 /opt/***/data/logging_config.py']
[2024-08-07T10:43:42.025+0000] {subprocess.py:86} INFO - Output:
[2024-08-07T10:43:42.112+0000] {subprocess.py:97} INFO - Command exited with return code 0
[2024-08-07T10:43:42.113+0000] {taskinstance.py:441} INFO - ::group::Post task execution logs
[2024-08-07T10:43:42.180+0000] {taskinstance.py:1206} INFO - Marking task as SUCCESS. dag_id=etl_2024-08-07, task_id=log_the_data, run_id=scheduled__2024-05-20T00:00:00+00:00, execution_date=20240520T000000, start_date=20240807T104341, end_date=20240807T104342
[2024-08-07T10:43:42.253+0000] {local_task_job_runner.py:240} INFO - Task exited with return code 0
[2024-08-07T10:43:42.271+0000] {taskinstance.py:3503} INFO - 1 downstream tasks scheduled from follow-on schedule check
[2024-08-07T10:43:42.292+0000] {local_task_job_runner.py:222} INFO - ::endgroup::
[2024-08-07T10:49:51.021+0000] {local_task_job_runner.py:120} INFO - ::group::Pre task execution logs
[2024-08-07T10:49:51.047+0000] {taskinstance.py:2076} INFO - Dependencies all met for dep_context=non-requeueable deps ti=<TaskInstance: etl_2024-08-07.log_the_data scheduled__2024-05-20T00:00:00+00:00 [queued]>
[2024-08-07T10:49:51.056+0000] {taskinstance.py:2076} INFO - Dependencies all met for dep_context=requeueable deps ti=<TaskInstance: etl_2024-08-07.log_the_data scheduled__2024-05-20T00:00:00+00:00 [queued]>
[2024-08-07T10:49:51.057+0000] {taskinstance.py:2306} INFO - Starting attempt 1 of 2
[2024-08-07T10:49:51.183+0000] {taskinstance.py:2330} INFO - Executing <Task(BashOperator): log_the_data> on 2024-05-20 00:00:00+00:00
[2024-08-07T10:49:51.187+0000] {standard_task_runner.py:63} INFO - Started process 2710 to run task
[2024-08-07T10:49:51.190+0000] {standard_task_runner.py:90} INFO - Running: ['***', 'tasks', 'run', 'etl_2024-08-07', 'log_the_data', 'scheduled__2024-05-20T00:00:00+00:00', '--job-id', '383', '--raw', '--subdir', 'DAGS_FOLDER/final_etl.py', '--cfg-path', '/tmp/tmpakxupweq']
[2024-08-07T10:49:51.191+0000] {standard_task_runner.py:91} INFO - Job 383: Subtask log_the_data
[2024-08-07T10:49:51.248+0000] {task_command.py:426} INFO - Running <TaskInstance: etl_2024-08-07.log_the_data scheduled__2024-05-20T00:00:00+00:00 [running]> on host 8cffaad11d99
[2024-08-07T10:49:51.407+0000] {taskinstance.py:2648} INFO - Exporting env vars: AIRFLOW_CTX_DAG_OWNER='***' AIRFLOW_CTX_DAG_ID='etl_2024-08-07' AIRFLOW_CTX_TASK_ID='log_the_data' AIRFLOW_CTX_EXECUTION_DATE='2024-05-20T00:00:00+00:00' AIRFLOW_CTX_TRY_NUMBER='1' AIRFLOW_CTX_DAG_RUN_ID='scheduled__2024-05-20T00:00:00+00:00'
[2024-08-07T10:49:51.408+0000] {taskinstance.py:430} INFO - ::endgroup::
[2024-08-07T10:49:51.416+0000] {subprocess.py:63} INFO - Tmp dir root location: /tmp
[2024-08-07T10:49:51.416+0000] {subprocess.py:75} INFO - Running command: ['/usr/bin/bash', '-c', 'python3 /opt/***/data/logging_config.py']
[2024-08-07T10:49:51.422+0000] {subprocess.py:86} INFO - Output:
[2024-08-07T10:49:51.502+0000] {subprocess.py:97} INFO - Command exited with return code 0
[2024-08-07T10:49:51.503+0000] {taskinstance.py:441} INFO - ::group::Post task execution logs
[2024-08-07T10:49:51.551+0000] {taskinstance.py:1206} INFO - Marking task as SUCCESS. dag_id=etl_2024-08-07, task_id=log_the_data, run_id=scheduled__2024-05-20T00:00:00+00:00, execution_date=20240520T000000, start_date=20240807T104951, end_date=20240807T104951
[2024-08-07T10:49:51.602+0000] {local_task_job_runner.py:240} INFO - Task exited with return code 0
[2024-08-07T10:49:51.608+0000] {local_task_job_runner.py:222} INFO - ::endgroup::
