[2024-08-21T06:26:16.660+0000] {local_task_job_runner.py:120} INFO - ::group::Pre task execution logs
[2024-08-21T06:26:16.853+0000] {taskinstance.py:2076} INFO - Dependencies all met for dep_context=non-requeueable deps ti=<TaskInstance: etl_22024-08-21.log_the_data scheduled__2024-07-20T00:00:00+00:00 [queued]>
[2024-08-21T06:26:16.909+0000] {taskinstance.py:2076} INFO - Dependencies all met for dep_context=requeueable deps ti=<TaskInstance: etl_22024-08-21.log_the_data scheduled__2024-07-20T00:00:00+00:00 [queued]>
[2024-08-21T06:26:16.912+0000] {taskinstance.py:2306} INFO - Starting attempt 1 of 2
[2024-08-21T06:26:17.019+0000] {taskinstance.py:2330} INFO - Executing <Task(BashOperator): log_the_data> on 2024-07-20 00:00:00+00:00
[2024-08-21T06:26:17.180+0000] {standard_task_runner.py:90} INFO - Running: ['***', 'tasks', 'run', 'etl_22024-08-21', 'log_the_data', 'scheduled__2024-07-20T00:00:00+00:00', '--job-id', '606', '--raw', '--subdir', 'DAGS_FOLDER/final_etl.py', '--cfg-path', '/tmp/tmpw406qm4d']
[2024-08-21T06:26:17.185+0000] {logging_mixin.py:188} WARNING - /home/***/.local/lib/python3.12/site-packages/***/task/task_runner/standard_task_runner.py:61 DeprecationWarning: This process (pid=3841) is multi-threaded, use of fork() may lead to deadlocks in the child.
[2024-08-21T06:26:17.221+0000] {standard_task_runner.py:63} INFO - Started process 3866 to run task
[2024-08-21T06:26:17.216+0000] {standard_task_runner.py:91} INFO - Job 606: Subtask log_the_data
[2024-08-21T06:26:17.672+0000] {task_command.py:426} INFO - Running <TaskInstance: etl_22024-08-21.log_the_data scheduled__2024-07-20T00:00:00+00:00 [running]> on host 7e1333882d71
[2024-08-21T06:26:18.437+0000] {taskinstance.py:2648} INFO - Exporting env vars: AIRFLOW_CTX_DAG_OWNER='***' AIRFLOW_CTX_DAG_ID='etl_22024-08-21' AIRFLOW_CTX_TASK_ID='log_the_data' AIRFLOW_CTX_EXECUTION_DATE='2024-07-20T00:00:00+00:00' AIRFLOW_CTX_TRY_NUMBER='1' AIRFLOW_CTX_DAG_RUN_ID='scheduled__2024-07-20T00:00:00+00:00'
[2024-08-21T06:26:18.443+0000] {taskinstance.py:430} INFO - ::endgroup::
[2024-08-21T06:26:18.506+0000] {subprocess.py:63} INFO - Tmp dir root location: /tmp
[2024-08-21T06:26:18.515+0000] {subprocess.py:75} INFO - Running command: ['/usr/bin/bash', '-c', 'python3 /opt/***/data/logging_config.py']
[2024-08-21T06:26:18.542+0000] {subprocess.py:86} INFO - Output:
[2024-08-21T06:26:18.822+0000] {subprocess.py:97} INFO - Command exited with return code 0
[2024-08-21T06:26:18.850+0000] {taskinstance.py:441} INFO - ::group::Post task execution logs
[2024-08-21T06:26:18.982+0000] {taskinstance.py:1206} INFO - Marking task as SUCCESS. dag_id=etl_22024-08-21, task_id=log_the_data, run_id=scheduled__2024-07-20T00:00:00+00:00, execution_date=20240720T000000, start_date=20240821T062616, end_date=20240821T062618
[2024-08-21T06:26:19.347+0000] {local_task_job_runner.py:240} INFO - Task exited with return code 0
[2024-08-21T06:26:19.685+0000] {taskinstance.py:3503} INFO - 1 downstream tasks scheduled from follow-on schedule check
[2024-08-21T06:26:19.688+0000] {local_task_job_runner.py:222} INFO - ::endgroup::
