[2024-08-07T10:48:58.911+0000] {local_task_job_runner.py:120} INFO - ::group::Pre task execution logs
[2024-08-07T10:48:58.944+0000] {taskinstance.py:2076} INFO - Dependencies all met for dep_context=non-requeueable deps ti=<TaskInstance: etl_2024-08-07.log_the_data scheduled__2024-05-26T00:00:00+00:00 [queued]>
[2024-08-07T10:48:58.951+0000] {taskinstance.py:2076} INFO - Dependencies all met for dep_context=requeueable deps ti=<TaskInstance: etl_2024-08-07.log_the_data scheduled__2024-05-26T00:00:00+00:00 [queued]>
[2024-08-07T10:48:58.951+0000] {taskinstance.py:2306} INFO - Starting attempt 1 of 2
[2024-08-07T10:48:59.103+0000] {taskinstance.py:2330} INFO - Executing <Task(BashOperator): log_the_data> on 2024-05-26 00:00:00+00:00
[2024-08-07T10:48:59.107+0000] {standard_task_runner.py:63} INFO - Started process 2269 to run task
[2024-08-07T10:48:59.109+0000] {standard_task_runner.py:90} INFO - Running: ['***', 'tasks', 'run', 'etl_2024-08-07', 'log_the_data', 'scheduled__2024-05-26T00:00:00+00:00', '--job-id', '240', '--raw', '--subdir', 'DAGS_FOLDER/final_etl.py', '--cfg-path', '/tmp/tmp2257wyei']
[2024-08-07T10:48:59.111+0000] {standard_task_runner.py:91} INFO - Job 240: Subtask log_the_data
[2024-08-07T10:48:59.325+0000] {task_command.py:426} INFO - Running <TaskInstance: etl_2024-08-07.log_the_data scheduled__2024-05-26T00:00:00+00:00 [running]> on host 8cffaad11d99
[2024-08-07T10:48:59.718+0000] {taskinstance.py:2648} INFO - Exporting env vars: AIRFLOW_CTX_DAG_OWNER='***' AIRFLOW_CTX_DAG_ID='etl_2024-08-07' AIRFLOW_CTX_TASK_ID='log_the_data' AIRFLOW_CTX_EXECUTION_DATE='2024-05-26T00:00:00+00:00' AIRFLOW_CTX_TRY_NUMBER='1' AIRFLOW_CTX_DAG_RUN_ID='scheduled__2024-05-26T00:00:00+00:00'
[2024-08-07T10:48:59.718+0000] {taskinstance.py:430} INFO - ::endgroup::
[2024-08-07T10:48:59.726+0000] {subprocess.py:63} INFO - Tmp dir root location: /tmp
[2024-08-07T10:48:59.726+0000] {subprocess.py:75} INFO - Running command: ['/usr/bin/bash', '-c', 'python3 /opt/***/data/logging_config.py']
[2024-08-07T10:48:59.731+0000] {subprocess.py:86} INFO - Output:
[2024-08-07T10:48:59.812+0000] {subprocess.py:97} INFO - Command exited with return code 0
[2024-08-07T10:48:59.812+0000] {taskinstance.py:441} INFO - ::group::Post task execution logs
[2024-08-07T10:48:59.857+0000] {taskinstance.py:1206} INFO - Marking task as SUCCESS. dag_id=etl_2024-08-07, task_id=log_the_data, run_id=scheduled__2024-05-26T00:00:00+00:00, execution_date=20240526T000000, start_date=20240807T104858, end_date=20240807T104859
[2024-08-07T10:48:59.964+0000] {local_task_job_runner.py:240} INFO - Task exited with return code 0
[2024-08-07T10:48:59.981+0000] {taskinstance.py:3503} INFO - 1 downstream tasks scheduled from follow-on schedule check
[2024-08-07T10:49:00.000+0000] {local_task_job_runner.py:222} INFO - ::endgroup::
[2024-08-07T10:55:10.970+0000] {local_task_job_runner.py:120} INFO - ::group::Pre task execution logs
[2024-08-07T10:55:11.001+0000] {taskinstance.py:2076} INFO - Dependencies all met for dep_context=non-requeueable deps ti=<TaskInstance: etl_2024-08-07.log_the_data scheduled__2024-05-26T00:00:00+00:00 [queued]>
[2024-08-07T10:55:11.007+0000] {taskinstance.py:2076} INFO - Dependencies all met for dep_context=requeueable deps ti=<TaskInstance: etl_2024-08-07.log_the_data scheduled__2024-05-26T00:00:00+00:00 [queued]>
[2024-08-07T10:55:11.008+0000] {taskinstance.py:2306} INFO - Starting attempt 1 of 2
[2024-08-07T10:55:11.067+0000] {taskinstance.py:2330} INFO - Executing <Task(BashOperator): log_the_data> on 2024-05-26 00:00:00+00:00
[2024-08-07T10:55:11.071+0000] {standard_task_runner.py:63} INFO - Started process 3078 to run task
[2024-08-07T10:55:11.073+0000] {standard_task_runner.py:90} INFO - Running: ['***', 'tasks', 'run', 'etl_2024-08-07', 'log_the_data', 'scheduled__2024-05-26T00:00:00+00:00', '--job-id', '461', '--raw', '--subdir', 'DAGS_FOLDER/final_etl.py', '--cfg-path', '/tmp/tmpts4a47nk']
[2024-08-07T10:55:11.074+0000] {standard_task_runner.py:91} INFO - Job 461: Subtask log_the_data
[2024-08-07T10:55:11.141+0000] {task_command.py:426} INFO - Running <TaskInstance: etl_2024-08-07.log_the_data scheduled__2024-05-26T00:00:00+00:00 [running]> on host 8cffaad11d99
[2024-08-07T10:55:11.264+0000] {taskinstance.py:2648} INFO - Exporting env vars: AIRFLOW_CTX_DAG_OWNER='***' AIRFLOW_CTX_DAG_ID='etl_2024-08-07' AIRFLOW_CTX_TASK_ID='log_the_data' AIRFLOW_CTX_EXECUTION_DATE='2024-05-26T00:00:00+00:00' AIRFLOW_CTX_TRY_NUMBER='1' AIRFLOW_CTX_DAG_RUN_ID='scheduled__2024-05-26T00:00:00+00:00'
[2024-08-07T10:55:11.265+0000] {taskinstance.py:430} INFO - ::endgroup::
[2024-08-07T10:55:11.273+0000] {subprocess.py:63} INFO - Tmp dir root location: /tmp
[2024-08-07T10:55:11.274+0000] {subprocess.py:75} INFO - Running command: ['/usr/bin/bash', '-c', 'python3 /opt/***/data/logging_config.py']
[2024-08-07T10:55:11.280+0000] {subprocess.py:86} INFO - Output:
[2024-08-07T10:55:11.360+0000] {subprocess.py:97} INFO - Command exited with return code 0
[2024-08-07T10:55:11.361+0000] {taskinstance.py:441} INFO - ::group::Post task execution logs
[2024-08-07T10:55:11.435+0000] {taskinstance.py:1206} INFO - Marking task as SUCCESS. dag_id=etl_2024-08-07, task_id=log_the_data, run_id=scheduled__2024-05-26T00:00:00+00:00, execution_date=20240526T000000, start_date=20240807T105511, end_date=20240807T105511
[2024-08-07T10:55:11.527+0000] {local_task_job_runner.py:240} INFO - Task exited with return code 0
[2024-08-07T10:55:11.544+0000] {taskinstance.py:3503} INFO - 1 downstream tasks scheduled from follow-on schedule check
[2024-08-07T10:55:11.573+0000] {local_task_job_runner.py:222} INFO - ::endgroup::
