[2024-08-07T11:00:30.396+0000] {local_task_job_runner.py:120} INFO - ::group::Pre task execution logs
[2024-08-07T11:00:30.415+0000] {taskinstance.py:2076} INFO - Dependencies all met for dep_context=non-requeueable deps ti=<TaskInstance: etl_2024-08-07.log_the_data scheduled__2024-06-13T00:00:00+00:00 [queued]>
[2024-08-07T11:00:30.420+0000] {taskinstance.py:2076} INFO - Dependencies all met for dep_context=requeueable deps ti=<TaskInstance: etl_2024-08-07.log_the_data scheduled__2024-06-13T00:00:00+00:00 [queued]>
[2024-08-07T11:00:30.420+0000] {taskinstance.py:2306} INFO - Starting attempt 1 of 2
[2024-08-07T11:00:30.456+0000] {taskinstance.py:2330} INFO - Executing <Task(BashOperator): log_the_data> on 2024-06-13 00:00:00+00:00
[2024-08-07T11:00:30.459+0000] {standard_task_runner.py:63} INFO - Started process 3548 to run task
[2024-08-07T11:00:30.462+0000] {standard_task_runner.py:90} INFO - Running: ['***', 'tasks', 'run', 'etl_2024-08-07', 'log_the_data', 'scheduled__2024-06-13T00:00:00+00:00', '--job-id', '570', '--raw', '--subdir', 'DAGS_FOLDER/final_etl.py', '--cfg-path', '/tmp/tmp2m6m4r8p']
[2024-08-07T11:00:30.463+0000] {standard_task_runner.py:91} INFO - Job 570: Subtask log_the_data
[2024-08-07T11:00:30.522+0000] {task_command.py:426} INFO - Running <TaskInstance: etl_2024-08-07.log_the_data scheduled__2024-06-13T00:00:00+00:00 [running]> on host 8cffaad11d99
[2024-08-07T11:00:30.708+0000] {taskinstance.py:2648} INFO - Exporting env vars: AIRFLOW_CTX_DAG_OWNER='***' AIRFLOW_CTX_DAG_ID='etl_2024-08-07' AIRFLOW_CTX_TASK_ID='log_the_data' AIRFLOW_CTX_EXECUTION_DATE='2024-06-13T00:00:00+00:00' AIRFLOW_CTX_TRY_NUMBER='1' AIRFLOW_CTX_DAG_RUN_ID='scheduled__2024-06-13T00:00:00+00:00'
[2024-08-07T11:00:30.709+0000] {taskinstance.py:430} INFO - ::endgroup::
[2024-08-07T11:00:30.723+0000] {subprocess.py:63} INFO - Tmp dir root location: /tmp
[2024-08-07T11:00:30.724+0000] {subprocess.py:75} INFO - Running command: ['/usr/bin/bash', '-c', 'python3 /opt/***/data/logging_config.py']
[2024-08-07T11:00:30.732+0000] {subprocess.py:86} INFO - Output:
[2024-08-07T11:00:30.810+0000] {subprocess.py:97} INFO - Command exited with return code 0
[2024-08-07T11:00:30.811+0000] {taskinstance.py:441} INFO - ::group::Post task execution logs
[2024-08-07T11:00:31.251+0000] {taskinstance.py:1206} INFO - Marking task as SUCCESS. dag_id=etl_2024-08-07, task_id=log_the_data, run_id=scheduled__2024-06-13T00:00:00+00:00, execution_date=20240613T000000, start_date=20240807T110030, end_date=20240807T110031
[2024-08-07T11:00:31.883+0000] {local_task_job_runner.py:240} INFO - Task exited with return code 0
[2024-08-07T11:00:31.899+0000] {taskinstance.py:3503} INFO - 1 downstream tasks scheduled from follow-on schedule check
[2024-08-07T11:00:31.920+0000] {local_task_job_runner.py:222} INFO - ::endgroup::
