[2024-08-07T10:49:02.984+0000] {local_task_job_runner.py:120} INFO - ::group::Pre task execution logs
[2024-08-07T10:49:03.022+0000] {taskinstance.py:2076} INFO - Dependencies all met for dep_context=non-requeueable deps ti=<TaskInstance: etl_2024-08-07.decrypt_the_data scheduled__2024-06-02T00:00:00+00:00 [queued]>
[2024-08-07T10:49:03.030+0000] {taskinstance.py:2076} INFO - Dependencies all met for dep_context=requeueable deps ti=<TaskInstance: etl_2024-08-07.decrypt_the_data scheduled__2024-06-02T00:00:00+00:00 [queued]>
[2024-08-07T10:49:03.030+0000] {taskinstance.py:2306} INFO - Starting attempt 1 of 2
[2024-08-07T10:49:03.065+0000] {taskinstance.py:2330} INFO - Executing <Task(BashOperator): decrypt_the_data> on 2024-06-02 00:00:00+00:00
[2024-08-07T10:49:03.070+0000] {standard_task_runner.py:63} INFO - Started process 2403 to run task
[2024-08-07T10:49:03.073+0000] {standard_task_runner.py:90} INFO - Running: ['***', 'tasks', 'run', 'etl_2024-08-07', 'decrypt_the_data', 'scheduled__2024-06-02T00:00:00+00:00', '--job-id', '284', '--raw', '--subdir', 'DAGS_FOLDER/final_etl.py', '--cfg-path', '/tmp/tmpifwkki69']
[2024-08-07T10:49:03.075+0000] {standard_task_runner.py:91} INFO - Job 284: Subtask decrypt_the_data
[2024-08-07T10:49:03.155+0000] {task_command.py:426} INFO - Running <TaskInstance: etl_2024-08-07.decrypt_the_data scheduled__2024-06-02T00:00:00+00:00 [running]> on host 8cffaad11d99
[2024-08-07T10:49:03.271+0000] {taskinstance.py:2648} INFO - Exporting env vars: AIRFLOW_CTX_DAG_OWNER='***' AIRFLOW_CTX_DAG_ID='etl_2024-08-07' AIRFLOW_CTX_TASK_ID='decrypt_the_data' AIRFLOW_CTX_EXECUTION_DATE='2024-06-02T00:00:00+00:00' AIRFLOW_CTX_TRY_NUMBER='1' AIRFLOW_CTX_DAG_RUN_ID='scheduled__2024-06-02T00:00:00+00:00'
[2024-08-07T10:49:03.272+0000] {taskinstance.py:430} INFO - ::endgroup::
[2024-08-07T10:49:03.279+0000] {subprocess.py:63} INFO - Tmp dir root location: /tmp
[2024-08-07T10:49:03.280+0000] {subprocess.py:75} INFO - Running command: ['/usr/bin/bash', '-c', 'python3 /opt/***/data/decryption_utils.py']
[2024-08-07T10:49:03.290+0000] {subprocess.py:86} INFO - Output:
[2024-08-07T10:49:03.419+0000] {subprocess.py:97} INFO - Command exited with return code 0
[2024-08-07T10:49:03.420+0000] {taskinstance.py:441} INFO - ::group::Post task execution logs
[2024-08-07T10:49:03.465+0000] {taskinstance.py:1206} INFO - Marking task as SUCCESS. dag_id=etl_2024-08-07, task_id=decrypt_the_data, run_id=scheduled__2024-06-02T00:00:00+00:00, execution_date=20240602T000000, start_date=20240807T104903, end_date=20240807T104903
[2024-08-07T10:49:03.887+0000] {local_task_job_runner.py:240} INFO - Task exited with return code 0
[2024-08-07T10:49:03.906+0000] {taskinstance.py:3503} INFO - 1 downstream tasks scheduled from follow-on schedule check
[2024-08-07T10:49:04.436+0000] {local_task_job_runner.py:222} INFO - ::endgroup::
[2024-08-07T10:55:14.457+0000] {local_task_job_runner.py:120} INFO - ::group::Pre task execution logs
[2024-08-07T10:55:14.486+0000] {taskinstance.py:2076} INFO - Dependencies all met for dep_context=non-requeueable deps ti=<TaskInstance: etl_2024-08-07.decrypt_the_data scheduled__2024-06-02T00:00:00+00:00 [queued]>
[2024-08-07T10:55:14.493+0000] {taskinstance.py:2076} INFO - Dependencies all met for dep_context=requeueable deps ti=<TaskInstance: etl_2024-08-07.decrypt_the_data scheduled__2024-06-02T00:00:00+00:00 [queued]>
[2024-08-07T10:55:14.493+0000] {taskinstance.py:2306} INFO - Starting attempt 1 of 2
[2024-08-07T10:55:14.829+0000] {taskinstance.py:2330} INFO - Executing <Task(BashOperator): decrypt_the_data> on 2024-06-02 00:00:00+00:00
[2024-08-07T10:55:14.838+0000] {standard_task_runner.py:63} INFO - Started process 3188 to run task
[2024-08-07T10:55:14.844+0000] {standard_task_runner.py:90} INFO - Running: ['***', 'tasks', 'run', 'etl_2024-08-07', 'decrypt_the_data', 'scheduled__2024-06-02T00:00:00+00:00', '--job-id', '496', '--raw', '--subdir', 'DAGS_FOLDER/final_etl.py', '--cfg-path', '/tmp/tmpitjym5k2']
[2024-08-07T10:55:14.847+0000] {standard_task_runner.py:91} INFO - Job 496: Subtask decrypt_the_data
[2024-08-07T10:55:14.963+0000] {task_command.py:426} INFO - Running <TaskInstance: etl_2024-08-07.decrypt_the_data scheduled__2024-06-02T00:00:00+00:00 [running]> on host 8cffaad11d99
[2024-08-07T10:55:15.173+0000] {taskinstance.py:2648} INFO - Exporting env vars: AIRFLOW_CTX_DAG_OWNER='***' AIRFLOW_CTX_DAG_ID='etl_2024-08-07' AIRFLOW_CTX_TASK_ID='decrypt_the_data' AIRFLOW_CTX_EXECUTION_DATE='2024-06-02T00:00:00+00:00' AIRFLOW_CTX_TRY_NUMBER='1' AIRFLOW_CTX_DAG_RUN_ID='scheduled__2024-06-02T00:00:00+00:00'
[2024-08-07T10:55:15.173+0000] {taskinstance.py:430} INFO - ::endgroup::
[2024-08-07T10:55:15.180+0000] {subprocess.py:63} INFO - Tmp dir root location: /tmp
[2024-08-07T10:55:15.181+0000] {subprocess.py:75} INFO - Running command: ['/usr/bin/bash', '-c', 'python3 /opt/***/data/decryption_utils.py']
[2024-08-07T10:55:15.186+0000] {subprocess.py:86} INFO - Output:
[2024-08-07T10:55:15.271+0000] {subprocess.py:97} INFO - Command exited with return code 0
[2024-08-07T10:55:15.272+0000] {taskinstance.py:441} INFO - ::group::Post task execution logs
[2024-08-07T10:55:15.318+0000] {taskinstance.py:1206} INFO - Marking task as SUCCESS. dag_id=etl_2024-08-07, task_id=decrypt_the_data, run_id=scheduled__2024-06-02T00:00:00+00:00, execution_date=20240602T000000, start_date=20240807T105514, end_date=20240807T105515
[2024-08-07T10:55:15.375+0000] {local_task_job_runner.py:240} INFO - Task exited with return code 0
[2024-08-07T10:55:15.387+0000] {taskinstance.py:3503} INFO - 1 downstream tasks scheduled from follow-on schedule check
[2024-08-07T10:55:15.406+0000] {local_task_job_runner.py:222} INFO - ::endgroup::
