[2024-08-21T06:27:39.221+0000] {local_task_job_runner.py:120} INFO - ::group::Pre task execution logs
[2024-08-21T06:27:39.281+0000] {taskinstance.py:2076} INFO - Dependencies all met for dep_context=non-requeueable deps ti=<TaskInstance: etl_22024-08-21.decrypt_the_data scheduled__2024-08-07T00:00:00+00:00 [queued]>
[2024-08-21T06:27:39.296+0000] {taskinstance.py:2076} INFO - Dependencies all met for dep_context=requeueable deps ti=<TaskInstance: etl_22024-08-21.decrypt_the_data scheduled__2024-08-07T00:00:00+00:00 [queued]>
[2024-08-21T06:27:39.301+0000] {taskinstance.py:2306} INFO - Starting attempt 1 of 2
[2024-08-21T06:27:39.357+0000] {taskinstance.py:2330} INFO - Executing <Task(BashOperator): decrypt_the_data> on 2024-08-07 00:00:00+00:00
[2024-08-21T06:27:39.388+0000] {logging_mixin.py:188} WARNING - /home/***/.local/lib/python3.12/site-packages/***/task/task_runner/standard_task_runner.py:61 DeprecationWarning: This process (pid=4472) is multi-threaded, use of fork() may lead to deadlocks in the child.
[2024-08-21T06:27:39.395+0000] {standard_task_runner.py:63} INFO - Started process 4481 to run task
[2024-08-21T06:27:39.399+0000] {standard_task_runner.py:90} INFO - Running: ['***', 'tasks', 'run', 'etl_22024-08-21', 'decrypt_the_data', 'scheduled__2024-08-07T00:00:00+00:00', '--job-id', '747', '--raw', '--subdir', 'DAGS_FOLDER/final_etl.py', '--cfg-path', '/tmp/tmpz_0sovcs']
[2024-08-21T06:27:39.411+0000] {standard_task_runner.py:91} INFO - Job 747: Subtask decrypt_the_data
[2024-08-21T06:27:39.536+0000] {task_command.py:426} INFO - Running <TaskInstance: etl_22024-08-21.decrypt_the_data scheduled__2024-08-07T00:00:00+00:00 [running]> on host 7e1333882d71
[2024-08-21T06:27:39.726+0000] {taskinstance.py:2648} INFO - Exporting env vars: AIRFLOW_CTX_DAG_OWNER='***' AIRFLOW_CTX_DAG_ID='etl_22024-08-21' AIRFLOW_CTX_TASK_ID='decrypt_the_data' AIRFLOW_CTX_EXECUTION_DATE='2024-08-07T00:00:00+00:00' AIRFLOW_CTX_TRY_NUMBER='1' AIRFLOW_CTX_DAG_RUN_ID='scheduled__2024-08-07T00:00:00+00:00'
[2024-08-21T06:27:39.727+0000] {taskinstance.py:430} INFO - ::endgroup::
[2024-08-21T06:27:39.756+0000] {subprocess.py:63} INFO - Tmp dir root location: /tmp
[2024-08-21T06:27:39.763+0000] {subprocess.py:75} INFO - Running command: ['/usr/bin/bash', '-c', 'python3 /opt/***/data/decryption_utils.py']
[2024-08-21T06:27:39.789+0000] {subprocess.py:86} INFO - Output:
[2024-08-21T06:27:40.167+0000] {subprocess.py:97} INFO - Command exited with return code 0
[2024-08-21T06:27:40.170+0000] {taskinstance.py:441} INFO - ::group::Post task execution logs
[2024-08-21T06:27:40.275+0000] {taskinstance.py:1206} INFO - Marking task as SUCCESS. dag_id=etl_22024-08-21, task_id=decrypt_the_data, run_id=scheduled__2024-08-07T00:00:00+00:00, execution_date=20240807T000000, start_date=20240821T062739, end_date=20240821T062740
[2024-08-21T06:27:40.348+0000] {local_task_job_runner.py:240} INFO - Task exited with return code 0
[2024-08-21T06:27:40.515+0000] {taskinstance.py:3503} INFO - 1 downstream tasks scheduled from follow-on schedule check
[2024-08-21T06:27:40.552+0000] {local_task_job_runner.py:222} INFO - ::endgroup::
