[2024-08-07T10:43:42.844+0000] {local_task_job_runner.py:120} INFO - ::group::Pre task execution logs
[2024-08-07T10:43:42.864+0000] {taskinstance.py:2076} INFO - Dependencies all met for dep_context=non-requeueable deps ti=<TaskInstance: etl_2024-08-07.log_the_data scheduled__2024-05-21T00:00:00+00:00 [queued]>
[2024-08-07T10:43:42.869+0000] {taskinstance.py:2076} INFO - Dependencies all met for dep_context=requeueable deps ti=<TaskInstance: etl_2024-08-07.log_the_data scheduled__2024-05-21T00:00:00+00:00 [queued]>
[2024-08-07T10:43:42.870+0000] {taskinstance.py:2306} INFO - Starting attempt 1 of 2
[2024-08-07T10:43:42.944+0000] {taskinstance.py:2330} INFO - Executing <Task(BashOperator): log_the_data> on 2024-05-21 00:00:00+00:00
[2024-08-07T10:43:42.952+0000] {standard_task_runner.py:63} INFO - Started process 1919 to run task
[2024-08-07T10:43:42.955+0000] {standard_task_runner.py:90} INFO - Running: ['***', 'tasks', 'run', 'etl_2024-08-07', 'log_the_data', 'scheduled__2024-05-21T00:00:00+00:00', '--job-id', '171', '--raw', '--subdir', 'DAGS_FOLDER/final_etl.py', '--cfg-path', '/tmp/tmp9ad0oexg']
[2024-08-07T10:43:42.958+0000] {standard_task_runner.py:91} INFO - Job 171: Subtask log_the_data
[2024-08-07T10:43:43.024+0000] {task_command.py:426} INFO - Running <TaskInstance: etl_2024-08-07.log_the_data scheduled__2024-05-21T00:00:00+00:00 [running]> on host 8cffaad11d99
[2024-08-07T10:43:43.932+0000] {taskinstance.py:2648} INFO - Exporting env vars: AIRFLOW_CTX_DAG_OWNER='***' AIRFLOW_CTX_DAG_ID='etl_2024-08-07' AIRFLOW_CTX_TASK_ID='log_the_data' AIRFLOW_CTX_EXECUTION_DATE='2024-05-21T00:00:00+00:00' AIRFLOW_CTX_TRY_NUMBER='1' AIRFLOW_CTX_DAG_RUN_ID='scheduled__2024-05-21T00:00:00+00:00'
[2024-08-07T10:43:43.933+0000] {taskinstance.py:430} INFO - ::endgroup::
[2024-08-07T10:43:43.947+0000] {subprocess.py:63} INFO - Tmp dir root location: /tmp
[2024-08-07T10:43:43.948+0000] {subprocess.py:75} INFO - Running command: ['/usr/bin/bash', '-c', 'python3 /opt/***/data/logging_config.py']
[2024-08-07T10:43:43.959+0000] {subprocess.py:86} INFO - Output:
[2024-08-07T10:43:44.081+0000] {subprocess.py:97} INFO - Command exited with return code 0
[2024-08-07T10:43:44.082+0000] {taskinstance.py:441} INFO - ::group::Post task execution logs
[2024-08-07T10:43:44.143+0000] {taskinstance.py:1206} INFO - Marking task as SUCCESS. dag_id=etl_2024-08-07, task_id=log_the_data, run_id=scheduled__2024-05-21T00:00:00+00:00, execution_date=20240521T000000, start_date=20240807T104342, end_date=20240807T104344
[2024-08-07T10:43:44.214+0000] {local_task_job_runner.py:240} INFO - Task exited with return code 0
[2024-08-07T10:43:44.235+0000] {taskinstance.py:3503} INFO - 1 downstream tasks scheduled from follow-on schedule check
[2024-08-07T10:43:44.262+0000] {local_task_job_runner.py:222} INFO - ::endgroup::
[2024-08-07T10:49:50.999+0000] {local_task_job_runner.py:120} INFO - ::group::Pre task execution logs
[2024-08-07T10:49:51.021+0000] {taskinstance.py:2076} INFO - Dependencies all met for dep_context=non-requeueable deps ti=<TaskInstance: etl_2024-08-07.log_the_data scheduled__2024-05-21T00:00:00+00:00 [queued]>
[2024-08-07T10:49:51.026+0000] {taskinstance.py:2076} INFO - Dependencies all met for dep_context=requeueable deps ti=<TaskInstance: etl_2024-08-07.log_the_data scheduled__2024-05-21T00:00:00+00:00 [queued]>
[2024-08-07T10:49:51.026+0000] {taskinstance.py:2306} INFO - Starting attempt 1 of 2
[2024-08-07T10:49:51.067+0000] {taskinstance.py:2330} INFO - Executing <Task(BashOperator): log_the_data> on 2024-05-21 00:00:00+00:00
[2024-08-07T10:49:51.074+0000] {standard_task_runner.py:63} INFO - Started process 2706 to run task
[2024-08-07T10:49:51.078+0000] {standard_task_runner.py:90} INFO - Running: ['***', 'tasks', 'run', 'etl_2024-08-07', 'log_the_data', 'scheduled__2024-05-21T00:00:00+00:00', '--job-id', '381', '--raw', '--subdir', 'DAGS_FOLDER/final_etl.py', '--cfg-path', '/tmp/tmpfswy69ok']
[2024-08-07T10:49:51.082+0000] {standard_task_runner.py:91} INFO - Job 381: Subtask log_the_data
[2024-08-07T10:49:51.157+0000] {task_command.py:426} INFO - Running <TaskInstance: etl_2024-08-07.log_the_data scheduled__2024-05-21T00:00:00+00:00 [running]> on host 8cffaad11d99
[2024-08-07T10:49:51.266+0000] {taskinstance.py:2648} INFO - Exporting env vars: AIRFLOW_CTX_DAG_OWNER='***' AIRFLOW_CTX_DAG_ID='etl_2024-08-07' AIRFLOW_CTX_TASK_ID='log_the_data' AIRFLOW_CTX_EXECUTION_DATE='2024-05-21T00:00:00+00:00' AIRFLOW_CTX_TRY_NUMBER='1' AIRFLOW_CTX_DAG_RUN_ID='scheduled__2024-05-21T00:00:00+00:00'
[2024-08-07T10:49:51.267+0000] {taskinstance.py:430} INFO - ::endgroup::
[2024-08-07T10:49:51.280+0000] {subprocess.py:63} INFO - Tmp dir root location: /tmp
[2024-08-07T10:49:51.280+0000] {subprocess.py:75} INFO - Running command: ['/usr/bin/bash', '-c', 'python3 /opt/***/data/logging_config.py']
[2024-08-07T10:49:51.287+0000] {subprocess.py:86} INFO - Output:
[2024-08-07T10:49:51.371+0000] {subprocess.py:97} INFO - Command exited with return code 0
[2024-08-07T10:49:51.372+0000] {taskinstance.py:441} INFO - ::group::Post task execution logs
[2024-08-07T10:49:51.421+0000] {taskinstance.py:1206} INFO - Marking task as SUCCESS. dag_id=etl_2024-08-07, task_id=log_the_data, run_id=scheduled__2024-05-21T00:00:00+00:00, execution_date=20240521T000000, start_date=20240807T104951, end_date=20240807T104951
[2024-08-07T10:49:51.491+0000] {local_task_job_runner.py:240} INFO - Task exited with return code 0
[2024-08-07T10:49:51.511+0000] {taskinstance.py:3503} INFO - 1 downstream tasks scheduled from follow-on schedule check
[2024-08-07T10:49:51.545+0000] {local_task_job_runner.py:222} INFO - ::endgroup::
