[2024-08-07T10:43:41.770+0000] {local_task_job_runner.py:120} INFO - ::group::Pre task execution logs
[2024-08-07T10:43:41.809+0000] {taskinstance.py:2076} INFO - Dependencies all met for dep_context=non-requeueable deps ti=<TaskInstance: etl_2024-08-07.log_the_data scheduled__2024-05-18T00:00:00+00:00 [queued]>
[2024-08-07T10:43:41.815+0000] {taskinstance.py:2076} INFO - Dependencies all met for dep_context=requeueable deps ti=<TaskInstance: etl_2024-08-07.log_the_data scheduled__2024-05-18T00:00:00+00:00 [queued]>
[2024-08-07T10:43:41.816+0000] {taskinstance.py:2306} INFO - Starting attempt 1 of 2
[2024-08-07T10:43:41.900+0000] {taskinstance.py:2330} INFO - Executing <Task(BashOperator): log_the_data> on 2024-05-18 00:00:00+00:00
[2024-08-07T10:43:41.911+0000] {standard_task_runner.py:63} INFO - Started process 1886 to run task
[2024-08-07T10:43:41.914+0000] {standard_task_runner.py:90} INFO - Running: ['***', 'tasks', 'run', 'etl_2024-08-07', 'log_the_data', 'scheduled__2024-05-18T00:00:00+00:00', '--job-id', '152', '--raw', '--subdir', 'DAGS_FOLDER/final_etl.py', '--cfg-path', '/tmp/tmp_zf9u4vh']
[2024-08-07T10:43:41.915+0000] {standard_task_runner.py:91} INFO - Job 152: Subtask log_the_data
[2024-08-07T10:43:42.029+0000] {task_command.py:426} INFO - Running <TaskInstance: etl_2024-08-07.log_the_data scheduled__2024-05-18T00:00:00+00:00 [running]> on host 8cffaad11d99
[2024-08-07T10:43:42.156+0000] {taskinstance.py:2648} INFO - Exporting env vars: AIRFLOW_CTX_DAG_OWNER='***' AIRFLOW_CTX_DAG_ID='etl_2024-08-07' AIRFLOW_CTX_TASK_ID='log_the_data' AIRFLOW_CTX_EXECUTION_DATE='2024-05-18T00:00:00+00:00' AIRFLOW_CTX_TRY_NUMBER='1' AIRFLOW_CTX_DAG_RUN_ID='scheduled__2024-05-18T00:00:00+00:00'
[2024-08-07T10:43:42.157+0000] {taskinstance.py:430} INFO - ::endgroup::
[2024-08-07T10:43:42.172+0000] {subprocess.py:63} INFO - Tmp dir root location: /tmp
[2024-08-07T10:43:42.173+0000] {subprocess.py:75} INFO - Running command: ['/usr/bin/bash', '-c', 'python3 /opt/***/data/logging_config.py']
[2024-08-07T10:43:42.184+0000] {subprocess.py:86} INFO - Output:
[2024-08-07T10:43:42.320+0000] {subprocess.py:97} INFO - Command exited with return code 0
[2024-08-07T10:43:42.321+0000] {taskinstance.py:441} INFO - ::group::Post task execution logs
[2024-08-07T10:43:42.372+0000] {taskinstance.py:1206} INFO - Marking task as SUCCESS. dag_id=etl_2024-08-07, task_id=log_the_data, run_id=scheduled__2024-05-18T00:00:00+00:00, execution_date=20240518T000000, start_date=20240807T104341, end_date=20240807T104342
[2024-08-07T10:43:42.411+0000] {local_task_job_runner.py:240} INFO - Task exited with return code 0
[2024-08-07T10:43:42.436+0000] {taskinstance.py:3503} INFO - 1 downstream tasks scheduled from follow-on schedule check
[2024-08-07T10:43:42.470+0000] {local_task_job_runner.py:222} INFO - ::endgroup::
[2024-08-07T10:49:50.186+0000] {local_task_job_runner.py:120} INFO - ::group::Pre task execution logs
[2024-08-07T10:49:50.203+0000] {taskinstance.py:2076} INFO - Dependencies all met for dep_context=non-requeueable deps ti=<TaskInstance: etl_2024-08-07.log_the_data scheduled__2024-05-18T00:00:00+00:00 [queued]>
[2024-08-07T10:49:50.207+0000] {taskinstance.py:2076} INFO - Dependencies all met for dep_context=requeueable deps ti=<TaskInstance: etl_2024-08-07.log_the_data scheduled__2024-05-18T00:00:00+00:00 [queued]>
[2024-08-07T10:49:50.207+0000] {taskinstance.py:2306} INFO - Starting attempt 1 of 2
[2024-08-07T10:49:50.245+0000] {taskinstance.py:2330} INFO - Executing <Task(BashOperator): log_the_data> on 2024-05-18 00:00:00+00:00
[2024-08-07T10:49:50.248+0000] {standard_task_runner.py:63} INFO - Started process 2675 to run task
[2024-08-07T10:49:50.252+0000] {standard_task_runner.py:90} INFO - Running: ['***', 'tasks', 'run', 'etl_2024-08-07', 'log_the_data', 'scheduled__2024-05-18T00:00:00+00:00', '--job-id', '372', '--raw', '--subdir', 'DAGS_FOLDER/final_etl.py', '--cfg-path', '/tmp/tmpqseqa0jk']
[2024-08-07T10:49:50.255+0000] {standard_task_runner.py:91} INFO - Job 372: Subtask log_the_data
[2024-08-07T10:49:50.327+0000] {task_command.py:426} INFO - Running <TaskInstance: etl_2024-08-07.log_the_data scheduled__2024-05-18T00:00:00+00:00 [running]> on host 8cffaad11d99
[2024-08-07T10:49:50.433+0000] {taskinstance.py:2648} INFO - Exporting env vars: AIRFLOW_CTX_DAG_OWNER='***' AIRFLOW_CTX_DAG_ID='etl_2024-08-07' AIRFLOW_CTX_TASK_ID='log_the_data' AIRFLOW_CTX_EXECUTION_DATE='2024-05-18T00:00:00+00:00' AIRFLOW_CTX_TRY_NUMBER='1' AIRFLOW_CTX_DAG_RUN_ID='scheduled__2024-05-18T00:00:00+00:00'
[2024-08-07T10:49:50.434+0000] {taskinstance.py:430} INFO - ::endgroup::
[2024-08-07T10:49:50.442+0000] {subprocess.py:63} INFO - Tmp dir root location: /tmp
[2024-08-07T10:49:50.442+0000] {subprocess.py:75} INFO - Running command: ['/usr/bin/bash', '-c', 'python3 /opt/***/data/logging_config.py']
[2024-08-07T10:49:50.448+0000] {subprocess.py:86} INFO - Output:
[2024-08-07T10:49:50.531+0000] {subprocess.py:97} INFO - Command exited with return code 0
[2024-08-07T10:49:50.532+0000] {taskinstance.py:441} INFO - ::group::Post task execution logs
[2024-08-07T10:49:50.788+0000] {taskinstance.py:1206} INFO - Marking task as SUCCESS. dag_id=etl_2024-08-07, task_id=log_the_data, run_id=scheduled__2024-05-18T00:00:00+00:00, execution_date=20240518T000000, start_date=20240807T104950, end_date=20240807T104950
[2024-08-07T10:49:50.863+0000] {local_task_job_runner.py:240} INFO - Task exited with return code 0
[2024-08-07T10:49:50.877+0000] {taskinstance.py:3503} INFO - 1 downstream tasks scheduled from follow-on schedule check
[2024-08-07T10:49:50.897+0000] {local_task_job_runner.py:222} INFO - ::endgroup::
