[2024-08-07T10:49:03.173+0000] {local_task_job_runner.py:120} INFO - ::group::Pre task execution logs
[2024-08-07T10:49:03.191+0000] {taskinstance.py:2076} INFO - Dependencies all met for dep_context=non-requeueable deps ti=<TaskInstance: etl_2024-08-07.decrypt_the_data scheduled__2024-06-03T00:00:00+00:00 [queued]>
[2024-08-07T10:49:03.197+0000] {taskinstance.py:2076} INFO - Dependencies all met for dep_context=requeueable deps ti=<TaskInstance: etl_2024-08-07.decrypt_the_data scheduled__2024-06-03T00:00:00+00:00 [queued]>
[2024-08-07T10:49:03.197+0000] {taskinstance.py:2306} INFO - Starting attempt 1 of 2
[2024-08-07T10:49:03.241+0000] {taskinstance.py:2330} INFO - Executing <Task(BashOperator): decrypt_the_data> on 2024-06-03 00:00:00+00:00
[2024-08-07T10:49:03.245+0000] {standard_task_runner.py:63} INFO - Started process 2406 to run task
[2024-08-07T10:49:03.249+0000] {standard_task_runner.py:90} INFO - Running: ['***', 'tasks', 'run', 'etl_2024-08-07', 'decrypt_the_data', 'scheduled__2024-06-03T00:00:00+00:00', '--job-id', '285', '--raw', '--subdir', 'DAGS_FOLDER/final_etl.py', '--cfg-path', '/tmp/tmpuvlggbrg']
[2024-08-07T10:49:03.251+0000] {standard_task_runner.py:91} INFO - Job 285: Subtask decrypt_the_data
[2024-08-07T10:49:03.333+0000] {task_command.py:426} INFO - Running <TaskInstance: etl_2024-08-07.decrypt_the_data scheduled__2024-06-03T00:00:00+00:00 [running]> on host 8cffaad11d99
[2024-08-07T10:49:03.450+0000] {taskinstance.py:2648} INFO - Exporting env vars: AIRFLOW_CTX_DAG_OWNER='***' AIRFLOW_CTX_DAG_ID='etl_2024-08-07' AIRFLOW_CTX_TASK_ID='decrypt_the_data' AIRFLOW_CTX_EXECUTION_DATE='2024-06-03T00:00:00+00:00' AIRFLOW_CTX_TRY_NUMBER='1' AIRFLOW_CTX_DAG_RUN_ID='scheduled__2024-06-03T00:00:00+00:00'
[2024-08-07T10:49:03.450+0000] {taskinstance.py:430} INFO - ::endgroup::
[2024-08-07T10:49:03.460+0000] {subprocess.py:63} INFO - Tmp dir root location: /tmp
[2024-08-07T10:49:03.461+0000] {subprocess.py:75} INFO - Running command: ['/usr/bin/bash', '-c', 'python3 /opt/***/data/decryption_utils.py']
[2024-08-07T10:49:03.466+0000] {subprocess.py:86} INFO - Output:
[2024-08-07T10:49:03.552+0000] {subprocess.py:97} INFO - Command exited with return code 0
[2024-08-07T10:49:03.553+0000] {taskinstance.py:441} INFO - ::group::Post task execution logs
[2024-08-07T10:49:03.879+0000] {taskinstance.py:1206} INFO - Marking task as SUCCESS. dag_id=etl_2024-08-07, task_id=decrypt_the_data, run_id=scheduled__2024-06-03T00:00:00+00:00, execution_date=20240603T000000, start_date=20240807T104903, end_date=20240807T104903
[2024-08-07T10:49:04.466+0000] {local_task_job_runner.py:240} INFO - Task exited with return code 0
[2024-08-07T10:49:04.487+0000] {local_task_job_runner.py:222} INFO - ::endgroup::
[2024-08-07T10:55:14.456+0000] {local_task_job_runner.py:120} INFO - ::group::Pre task execution logs
[2024-08-07T10:55:14.488+0000] {taskinstance.py:2076} INFO - Dependencies all met for dep_context=non-requeueable deps ti=<TaskInstance: etl_2024-08-07.decrypt_the_data scheduled__2024-06-03T00:00:00+00:00 [queued]>
[2024-08-07T10:55:14.492+0000] {taskinstance.py:2076} INFO - Dependencies all met for dep_context=requeueable deps ti=<TaskInstance: etl_2024-08-07.decrypt_the_data scheduled__2024-06-03T00:00:00+00:00 [queued]>
[2024-08-07T10:55:14.493+0000] {taskinstance.py:2306} INFO - Starting attempt 1 of 2
[2024-08-07T10:55:14.828+0000] {taskinstance.py:2330} INFO - Executing <Task(BashOperator): decrypt_the_data> on 2024-06-03 00:00:00+00:00
[2024-08-07T10:55:14.837+0000] {standard_task_runner.py:63} INFO - Started process 3186 to run task
[2024-08-07T10:55:14.840+0000] {standard_task_runner.py:90} INFO - Running: ['***', 'tasks', 'run', 'etl_2024-08-07', 'decrypt_the_data', 'scheduled__2024-06-03T00:00:00+00:00', '--job-id', '497', '--raw', '--subdir', 'DAGS_FOLDER/final_etl.py', '--cfg-path', '/tmp/tmp45mwn094']
[2024-08-07T10:55:14.842+0000] {standard_task_runner.py:91} INFO - Job 497: Subtask decrypt_the_data
[2024-08-07T10:55:14.976+0000] {task_command.py:426} INFO - Running <TaskInstance: etl_2024-08-07.decrypt_the_data scheduled__2024-06-03T00:00:00+00:00 [running]> on host 8cffaad11d99
[2024-08-07T10:55:15.153+0000] {taskinstance.py:2648} INFO - Exporting env vars: AIRFLOW_CTX_DAG_OWNER='***' AIRFLOW_CTX_DAG_ID='etl_2024-08-07' AIRFLOW_CTX_TASK_ID='decrypt_the_data' AIRFLOW_CTX_EXECUTION_DATE='2024-06-03T00:00:00+00:00' AIRFLOW_CTX_TRY_NUMBER='1' AIRFLOW_CTX_DAG_RUN_ID='scheduled__2024-06-03T00:00:00+00:00'
[2024-08-07T10:55:15.154+0000] {taskinstance.py:430} INFO - ::endgroup::
[2024-08-07T10:55:15.161+0000] {subprocess.py:63} INFO - Tmp dir root location: /tmp
[2024-08-07T10:55:15.161+0000] {subprocess.py:75} INFO - Running command: ['/usr/bin/bash', '-c', 'python3 /opt/***/data/decryption_utils.py']
[2024-08-07T10:55:15.167+0000] {subprocess.py:86} INFO - Output:
[2024-08-07T10:55:15.254+0000] {subprocess.py:97} INFO - Command exited with return code 0
[2024-08-07T10:55:15.255+0000] {taskinstance.py:441} INFO - ::group::Post task execution logs
[2024-08-07T10:55:15.297+0000] {taskinstance.py:1206} INFO - Marking task as SUCCESS. dag_id=etl_2024-08-07, task_id=decrypt_the_data, run_id=scheduled__2024-06-03T00:00:00+00:00, execution_date=20240603T000000, start_date=20240807T105514, end_date=20240807T105515
[2024-08-07T10:55:15.334+0000] {local_task_job_runner.py:240} INFO - Task exited with return code 0
[2024-08-07T10:55:15.350+0000] {taskinstance.py:3503} INFO - 1 downstream tasks scheduled from follow-on schedule check
[2024-08-07T10:55:15.371+0000] {local_task_job_runner.py:222} INFO - ::endgroup::
