[2024-08-09T09:27:58.238+0000] {local_task_job_runner.py:120} INFO - ::group::Pre task execution logs
[2024-08-09T09:27:58.269+0000] {taskinstance.py:2076} INFO - Dependencies all met for dep_context=non-requeueable deps ti=<TaskInstance: etl_2024-08-09.fetch_the_api scheduled__2024-07-29T00:00:00+00:00 [queued]>
[2024-08-09T09:27:58.273+0000] {taskinstance.py:2076} INFO - Dependencies all met for dep_context=requeueable deps ti=<TaskInstance: etl_2024-08-09.fetch_the_api scheduled__2024-07-29T00:00:00+00:00 [queued]>
[2024-08-09T09:27:58.274+0000] {taskinstance.py:2306} INFO - Starting attempt 1 of 2
[2024-08-09T09:27:59.547+0000] {taskinstance.py:2330} INFO - Executing <Task(BashOperator): fetch_the_api> on 2024-07-29 00:00:00+00:00
[2024-08-09T09:27:59.554+0000] {standard_task_runner.py:63} INFO - Started process 12514 to run task
[2024-08-09T09:27:59.561+0000] {standard_task_runner.py:90} INFO - Running: ['***', 'tasks', 'run', 'etl_2024-08-09', 'fetch_the_api', 'scheduled__2024-07-29T00:00:00+00:00', '--job-id', '2263', '--raw', '--subdir', 'DAGS_FOLDER/final_etl.py', '--cfg-path', '/tmp/tmpb0mqt6iv']
[2024-08-09T09:27:59.565+0000] {standard_task_runner.py:91} INFO - Job 2263: Subtask fetch_the_api
[2024-08-09T09:27:59.638+0000] {task_command.py:426} INFO - Running <TaskInstance: etl_2024-08-09.fetch_the_api scheduled__2024-07-29T00:00:00+00:00 [running]> on host 05bc191a9412
[2024-08-09T09:27:59.773+0000] {taskinstance.py:2648} INFO - Exporting env vars: AIRFLOW_CTX_DAG_OWNER='***' AIRFLOW_CTX_DAG_ID='etl_2024-08-09' AIRFLOW_CTX_TASK_ID='fetch_the_api' AIRFLOW_CTX_EXECUTION_DATE='2024-07-29T00:00:00+00:00' AIRFLOW_CTX_TRY_NUMBER='1' AIRFLOW_CTX_DAG_RUN_ID='scheduled__2024-07-29T00:00:00+00:00'
[2024-08-09T09:27:59.774+0000] {taskinstance.py:430} INFO - ::endgroup::
[2024-08-09T09:27:59.782+0000] {subprocess.py:63} INFO - Tmp dir root location: /tmp
[2024-08-09T09:27:59.782+0000] {subprocess.py:75} INFO - Running command: ['/usr/bin/bash', '-c', 'python3 /opt/***/data/config.py']
[2024-08-09T09:27:59.789+0000] {subprocess.py:86} INFO - Output:
[2024-08-09T09:27:59.861+0000] {subprocess.py:97} INFO - Command exited with return code 0
[2024-08-09T09:27:59.862+0000] {taskinstance.py:441} INFO - ::group::Post task execution logs
[2024-08-09T09:27:59.947+0000] {taskinstance.py:1206} INFO - Marking task as SUCCESS. dag_id=etl_2024-08-09, task_id=fetch_the_api, run_id=scheduled__2024-07-29T00:00:00+00:00, execution_date=20240729T000000, start_date=20240809T092758, end_date=20240809T092759
[2024-08-09T09:28:00.014+0000] {local_task_job_runner.py:240} INFO - Task exited with return code 0
[2024-08-09T09:28:00.031+0000] {taskinstance.py:3503} INFO - 1 downstream tasks scheduled from follow-on schedule check
[2024-08-09T09:28:00.053+0000] {local_task_job_runner.py:222} INFO - ::endgroup::
