[2024-08-21T06:26:58.500+0000] {local_task_job_runner.py:120} INFO - ::group::Pre task execution logs
[2024-08-21T06:26:58.928+0000] {taskinstance.py:2076} INFO - Dependencies all met for dep_context=non-requeueable deps ti=<TaskInstance: etl_22024-08-21.final_etl_processing scheduled__2024-07-21T00:00:00+00:00 [queued]>
[2024-08-21T06:26:58.977+0000] {taskinstance.py:2076} INFO - Dependencies all met for dep_context=requeueable deps ti=<TaskInstance: etl_22024-08-21.final_etl_processing scheduled__2024-07-21T00:00:00+00:00 [queued]>
[2024-08-21T06:26:58.978+0000] {taskinstance.py:2306} INFO - Starting attempt 1 of 2
[2024-08-21T06:26:59.231+0000] {taskinstance.py:2330} INFO - Executing <Task(BashOperator): final_etl_processing> on 2024-07-21 00:00:00+00:00
[2024-08-21T06:26:59.299+0000] {standard_task_runner.py:90} INFO - Running: ['***', 'tasks', 'run', 'etl_22024-08-21', 'final_etl_processing', 'scheduled__2024-07-21T00:00:00+00:00', '--job-id', '699', '--raw', '--subdir', 'DAGS_FOLDER/final_etl.py', '--cfg-path', '/tmp/tmp47cb5zbj']
[2024-08-21T06:26:59.308+0000] {standard_task_runner.py:91} INFO - Job 699: Subtask final_etl_processing
[2024-08-21T06:26:59.301+0000] {logging_mixin.py:188} WARNING - /home/***/.local/lib/python3.12/site-packages/***/task/task_runner/standard_task_runner.py:61 DeprecationWarning: This process (pid=4218) is multi-threaded, use of fork() may lead to deadlocks in the child.
[2024-08-21T06:26:59.320+0000] {standard_task_runner.py:63} INFO - Started process 4241 to run task
[2024-08-21T06:26:59.581+0000] {task_command.py:426} INFO - Running <TaskInstance: etl_22024-08-21.final_etl_processing scheduled__2024-07-21T00:00:00+00:00 [running]> on host 7e1333882d71
[2024-08-21T06:27:00.402+0000] {taskinstance.py:2648} INFO - Exporting env vars: AIRFLOW_CTX_DAG_OWNER='***' AIRFLOW_CTX_DAG_ID='etl_22024-08-21' AIRFLOW_CTX_TASK_ID='final_etl_processing' AIRFLOW_CTX_EXECUTION_DATE='2024-07-21T00:00:00+00:00' AIRFLOW_CTX_TRY_NUMBER='1' AIRFLOW_CTX_DAG_RUN_ID='scheduled__2024-07-21T00:00:00+00:00'
[2024-08-21T06:27:00.411+0000] {taskinstance.py:430} INFO - ::endgroup::
[2024-08-21T06:27:00.493+0000] {subprocess.py:63} INFO - Tmp dir root location: /tmp
[2024-08-21T06:27:00.523+0000] {subprocess.py:75} INFO - Running command: ['/usr/bin/bash', '-c', "python3 /opt/***/data/etl_m12.py --connection postgresql+psycopg2://***:***@postgres/postgres --csv ''"]
[2024-08-21T06:27:00.784+0000] {subprocess.py:86} INFO - Output:
[2024-08-21T06:27:09.339+0000] {subprocess.py:97} INFO - Command exited with return code 0
[2024-08-21T06:27:09.350+0000] {taskinstance.py:441} INFO - ::group::Post task execution logs
[2024-08-21T06:27:09.926+0000] {taskinstance.py:1206} INFO - Marking task as SUCCESS. dag_id=etl_22024-08-21, task_id=final_etl_processing, run_id=scheduled__2024-07-21T00:00:00+00:00, execution_date=20240721T000000, start_date=20240821T062658, end_date=20240821T062709
[2024-08-21T06:27:10.862+0000] {local_task_job_runner.py:240} INFO - Task exited with return code 0
[2024-08-21T06:27:11.171+0000] {taskinstance.py:3503} INFO - 0 downstream tasks scheduled from follow-on schedule check
[2024-08-21T06:27:11.202+0000] {local_task_job_runner.py:222} INFO - ::endgroup::
