[2024-08-08T06:09:10.359+0000] {local_task_job_runner.py:120} INFO - ::group::Pre task execution logs
[2024-08-08T06:09:10.375+0000] {taskinstance.py:2076} INFO - Dependencies all met for dep_context=non-requeueable deps ti=<TaskInstance: etl_2024-08-08.fetch_the_api scheduled__2024-07-29T00:00:00+00:00 [queued]>
[2024-08-08T06:09:10.379+0000] {taskinstance.py:2076} INFO - Dependencies all met for dep_context=requeueable deps ti=<TaskInstance: etl_2024-08-08.fetch_the_api scheduled__2024-07-29T00:00:00+00:00 [queued]>
[2024-08-08T06:09:10.379+0000] {taskinstance.py:2306} INFO - Starting attempt 1 of 2
[2024-08-08T06:09:10.420+0000] {taskinstance.py:2330} INFO - Executing <Task(BashOperator): fetch_the_api> on 2024-07-29 00:00:00+00:00
[2024-08-08T06:09:10.424+0000] {standard_task_runner.py:63} INFO - Started process 6085 to run task
[2024-08-08T06:09:10.426+0000] {standard_task_runner.py:90} INFO - Running: ['***', 'tasks', 'run', 'etl_2024-08-08', 'fetch_the_api', 'scheduled__2024-07-29T00:00:00+00:00', '--job-id', '1570', '--raw', '--subdir', 'DAGS_FOLDER/final_etl.py', '--cfg-path', '/tmp/tmpf5x72c1t']
[2024-08-08T06:09:10.428+0000] {standard_task_runner.py:91} INFO - Job 1570: Subtask fetch_the_api
[2024-08-08T06:09:10.497+0000] {task_command.py:426} INFO - Running <TaskInstance: etl_2024-08-08.fetch_the_api scheduled__2024-07-29T00:00:00+00:00 [running]> on host 05bc191a9412
[2024-08-08T06:09:10.671+0000] {taskinstance.py:2648} INFO - Exporting env vars: AIRFLOW_CTX_DAG_OWNER='***' AIRFLOW_CTX_DAG_ID='etl_2024-08-08' AIRFLOW_CTX_TASK_ID='fetch_the_api' AIRFLOW_CTX_EXECUTION_DATE='2024-07-29T00:00:00+00:00' AIRFLOW_CTX_TRY_NUMBER='1' AIRFLOW_CTX_DAG_RUN_ID='scheduled__2024-07-29T00:00:00+00:00'
[2024-08-08T06:09:10.671+0000] {taskinstance.py:430} INFO - ::endgroup::
[2024-08-08T06:09:10.679+0000] {subprocess.py:63} INFO - Tmp dir root location: /tmp
[2024-08-08T06:09:10.680+0000] {subprocess.py:75} INFO - Running command: ['/usr/bin/bash', '-c', 'python3 /opt/***/data/config.py']
[2024-08-08T06:09:10.685+0000] {subprocess.py:86} INFO - Output:
[2024-08-08T06:09:10.747+0000] {subprocess.py:97} INFO - Command exited with return code 0
[2024-08-08T06:09:10.748+0000] {taskinstance.py:441} INFO - ::group::Post task execution logs
[2024-08-08T06:09:11.114+0000] {taskinstance.py:1206} INFO - Marking task as SUCCESS. dag_id=etl_2024-08-08, task_id=fetch_the_api, run_id=scheduled__2024-07-29T00:00:00+00:00, execution_date=20240729T000000, start_date=20240808T060910, end_date=20240808T060911
[2024-08-08T06:09:11.644+0000] {local_task_job_runner.py:240} INFO - Task exited with return code 0
[2024-08-08T06:09:11.665+0000] {taskinstance.py:3503} INFO - 1 downstream tasks scheduled from follow-on schedule check
[2024-08-08T06:09:11.710+0000] {local_task_job_runner.py:222} INFO - ::endgroup::
