[2024-08-07T10:43:39.023+0000] {local_task_job_runner.py:120} INFO - ::group::Pre task execution logs
[2024-08-07T10:43:39.042+0000] {taskinstance.py:2076} INFO - Dependencies all met for dep_context=non-requeueable deps ti=<TaskInstance: etl_2024-08-07.log_the_data scheduled__2024-05-14T00:00:00+00:00 [queued]>
[2024-08-07T10:43:39.047+0000] {taskinstance.py:2076} INFO - Dependencies all met for dep_context=requeueable deps ti=<TaskInstance: etl_2024-08-07.log_the_data scheduled__2024-05-14T00:00:00+00:00 [queued]>
[2024-08-07T10:43:39.047+0000] {taskinstance.py:2306} INFO - Starting attempt 1 of 2
[2024-08-07T10:43:39.123+0000] {taskinstance.py:2330} INFO - Executing <Task(BashOperator): log_the_data> on 2024-05-14 00:00:00+00:00
[2024-08-07T10:43:39.127+0000] {standard_task_runner.py:63} INFO - Started process 1818 to run task
[2024-08-07T10:43:39.129+0000] {standard_task_runner.py:90} INFO - Running: ['***', 'tasks', 'run', 'etl_2024-08-07', 'log_the_data', 'scheduled__2024-05-14T00:00:00+00:00', '--job-id', '136', '--raw', '--subdir', 'DAGS_FOLDER/final_etl.py', '--cfg-path', '/tmp/tmpbevcoyjm']
[2024-08-07T10:43:39.130+0000] {standard_task_runner.py:91} INFO - Job 136: Subtask log_the_data
[2024-08-07T10:43:39.254+0000] {task_command.py:426} INFO - Running <TaskInstance: etl_2024-08-07.log_the_data scheduled__2024-05-14T00:00:00+00:00 [running]> on host 8cffaad11d99
[2024-08-07T10:43:39.378+0000] {taskinstance.py:2648} INFO - Exporting env vars: AIRFLOW_CTX_DAG_OWNER='***' AIRFLOW_CTX_DAG_ID='etl_2024-08-07' AIRFLOW_CTX_TASK_ID='log_the_data' AIRFLOW_CTX_EXECUTION_DATE='2024-05-14T00:00:00+00:00' AIRFLOW_CTX_TRY_NUMBER='1' AIRFLOW_CTX_DAG_RUN_ID='scheduled__2024-05-14T00:00:00+00:00'
[2024-08-07T10:43:39.378+0000] {taskinstance.py:430} INFO - ::endgroup::
[2024-08-07T10:43:39.386+0000] {subprocess.py:63} INFO - Tmp dir root location: /tmp
[2024-08-07T10:43:39.387+0000] {subprocess.py:75} INFO - Running command: ['/usr/bin/bash', '-c', 'python3 /opt/***/data/logging_config.py']
[2024-08-07T10:43:39.396+0000] {subprocess.py:86} INFO - Output:
[2024-08-07T10:43:39.506+0000] {subprocess.py:97} INFO - Command exited with return code 0
[2024-08-07T10:43:39.506+0000] {taskinstance.py:441} INFO - ::group::Post task execution logs
[2024-08-07T10:43:39.563+0000] {taskinstance.py:1206} INFO - Marking task as SUCCESS. dag_id=etl_2024-08-07, task_id=log_the_data, run_id=scheduled__2024-05-14T00:00:00+00:00, execution_date=20240514T000000, start_date=20240807T104339, end_date=20240807T104339
[2024-08-07T10:43:39.702+0000] {local_task_job_runner.py:240} INFO - Task exited with return code 0
[2024-08-07T10:43:39.719+0000] {taskinstance.py:3503} INFO - 1 downstream tasks scheduled from follow-on schedule check
[2024-08-07T10:43:39.738+0000] {local_task_job_runner.py:222} INFO - ::endgroup::
[2024-08-07T10:49:48.281+0000] {local_task_job_runner.py:120} INFO - ::group::Pre task execution logs
[2024-08-07T10:49:48.303+0000] {taskinstance.py:2076} INFO - Dependencies all met for dep_context=non-requeueable deps ti=<TaskInstance: etl_2024-08-07.log_the_data scheduled__2024-05-14T00:00:00+00:00 [queued]>
[2024-08-07T10:49:48.309+0000] {taskinstance.py:2076} INFO - Dependencies all met for dep_context=requeueable deps ti=<TaskInstance: etl_2024-08-07.log_the_data scheduled__2024-05-14T00:00:00+00:00 [queued]>
[2024-08-07T10:49:48.309+0000] {taskinstance.py:2306} INFO - Starting attempt 1 of 2
[2024-08-07T10:49:48.551+0000] {taskinstance.py:2330} INFO - Executing <Task(BashOperator): log_the_data> on 2024-05-14 00:00:00+00:00
[2024-08-07T10:49:48.556+0000] {standard_task_runner.py:63} INFO - Started process 2644 to run task
[2024-08-07T10:49:48.561+0000] {standard_task_runner.py:90} INFO - Running: ['***', 'tasks', 'run', 'etl_2024-08-07', 'log_the_data', 'scheduled__2024-05-14T00:00:00+00:00', '--job-id', '358', '--raw', '--subdir', 'DAGS_FOLDER/final_etl.py', '--cfg-path', '/tmp/tmpcvzlbqw_']
[2024-08-07T10:49:48.565+0000] {standard_task_runner.py:91} INFO - Job 358: Subtask log_the_data
[2024-08-07T10:49:48.634+0000] {task_command.py:426} INFO - Running <TaskInstance: etl_2024-08-07.log_the_data scheduled__2024-05-14T00:00:00+00:00 [running]> on host 8cffaad11d99
[2024-08-07T10:49:48.763+0000] {taskinstance.py:2648} INFO - Exporting env vars: AIRFLOW_CTX_DAG_OWNER='***' AIRFLOW_CTX_DAG_ID='etl_2024-08-07' AIRFLOW_CTX_TASK_ID='log_the_data' AIRFLOW_CTX_EXECUTION_DATE='2024-05-14T00:00:00+00:00' AIRFLOW_CTX_TRY_NUMBER='1' AIRFLOW_CTX_DAG_RUN_ID='scheduled__2024-05-14T00:00:00+00:00'
[2024-08-07T10:49:48.764+0000] {taskinstance.py:430} INFO - ::endgroup::
[2024-08-07T10:49:48.771+0000] {subprocess.py:63} INFO - Tmp dir root location: /tmp
[2024-08-07T10:49:48.772+0000] {subprocess.py:75} INFO - Running command: ['/usr/bin/bash', '-c', 'python3 /opt/***/data/logging_config.py']
[2024-08-07T10:49:48.779+0000] {subprocess.py:86} INFO - Output:
[2024-08-07T10:49:48.919+0000] {subprocess.py:97} INFO - Command exited with return code 0
[2024-08-07T10:49:48.920+0000] {taskinstance.py:441} INFO - ::group::Post task execution logs
[2024-08-07T10:49:50.041+0000] {taskinstance.py:1206} INFO - Marking task as SUCCESS. dag_id=etl_2024-08-07, task_id=log_the_data, run_id=scheduled__2024-05-14T00:00:00+00:00, execution_date=20240514T000000, start_date=20240807T104948, end_date=20240807T104950
[2024-08-07T10:49:50.146+0000] {local_task_job_runner.py:240} INFO - Task exited with return code 0
[2024-08-07T10:49:50.165+0000] {taskinstance.py:3503} INFO - 1 downstream tasks scheduled from follow-on schedule check
[2024-08-07T10:49:50.209+0000] {local_task_job_runner.py:222} INFO - ::endgroup::
