[2024-08-07T10:43:36.050+0000] {local_task_job_runner.py:120} INFO - ::group::Pre task execution logs
[2024-08-07T10:43:36.072+0000] {taskinstance.py:2076} INFO - Dependencies all met for dep_context=non-requeueable deps ti=<TaskInstance: etl_2024-08-07.fetch_the_api scheduled__2024-05-15T00:00:00+00:00 [queued]>
[2024-08-07T10:43:36.077+0000] {taskinstance.py:2076} INFO - Dependencies all met for dep_context=requeueable deps ti=<TaskInstance: etl_2024-08-07.fetch_the_api scheduled__2024-05-15T00:00:00+00:00 [queued]>
[2024-08-07T10:43:36.077+0000] {taskinstance.py:2306} INFO - Starting attempt 1 of 2
[2024-08-07T10:43:36.111+0000] {taskinstance.py:2330} INFO - Executing <Task(BashOperator): fetch_the_api> on 2024-05-15 00:00:00+00:00
[2024-08-07T10:43:36.114+0000] {standard_task_runner.py:63} INFO - Started process 1748 to run task
[2024-08-07T10:43:36.116+0000] {standard_task_runner.py:90} INFO - Running: ['***', 'tasks', 'run', 'etl_2024-08-07', 'fetch_the_api', 'scheduled__2024-05-15T00:00:00+00:00', '--job-id', '109', '--raw', '--subdir', 'DAGS_FOLDER/final_etl.py', '--cfg-path', '/tmp/tmp9a9hg42s']
[2024-08-07T10:43:36.118+0000] {standard_task_runner.py:91} INFO - Job 109: Subtask fetch_the_api
[2024-08-07T10:43:36.186+0000] {task_command.py:426} INFO - Running <TaskInstance: etl_2024-08-07.fetch_the_api scheduled__2024-05-15T00:00:00+00:00 [running]> on host 8cffaad11d99
[2024-08-07T10:43:36.286+0000] {taskinstance.py:2648} INFO - Exporting env vars: AIRFLOW_CTX_DAG_OWNER='***' AIRFLOW_CTX_DAG_ID='etl_2024-08-07' AIRFLOW_CTX_TASK_ID='fetch_the_api' AIRFLOW_CTX_EXECUTION_DATE='2024-05-15T00:00:00+00:00' AIRFLOW_CTX_TRY_NUMBER='1' AIRFLOW_CTX_DAG_RUN_ID='scheduled__2024-05-15T00:00:00+00:00'
[2024-08-07T10:43:36.286+0000] {taskinstance.py:430} INFO - ::endgroup::
[2024-08-07T10:43:36.294+0000] {subprocess.py:63} INFO - Tmp dir root location: /tmp
[2024-08-07T10:43:36.294+0000] {subprocess.py:75} INFO - Running command: ['/usr/bin/bash', '-c', 'python3 /opt/***/data/config.py']
[2024-08-07T10:43:36.301+0000] {subprocess.py:86} INFO - Output:
[2024-08-07T10:43:36.400+0000] {subprocess.py:97} INFO - Command exited with return code 0
[2024-08-07T10:43:36.401+0000] {taskinstance.py:441} INFO - ::group::Post task execution logs
[2024-08-07T10:43:36.470+0000] {taskinstance.py:1206} INFO - Marking task as SUCCESS. dag_id=etl_2024-08-07, task_id=fetch_the_api, run_id=scheduled__2024-05-15T00:00:00+00:00, execution_date=20240515T000000, start_date=20240807T104336, end_date=20240807T104336
[2024-08-07T10:43:37.453+0000] {local_task_job_runner.py:240} INFO - Task exited with return code 0
[2024-08-07T10:43:37.477+0000] {taskinstance.py:3503} INFO - 1 downstream tasks scheduled from follow-on schedule check
[2024-08-07T10:43:37.496+0000] {local_task_job_runner.py:222} INFO - ::endgroup::
[2024-08-07T10:49:44.768+0000] {local_task_job_runner.py:120} INFO - ::group::Pre task execution logs
[2024-08-07T10:49:44.787+0000] {taskinstance.py:2076} INFO - Dependencies all met for dep_context=non-requeueable deps ti=<TaskInstance: etl_2024-08-07.fetch_the_api scheduled__2024-05-15T00:00:00+00:00 [queued]>
[2024-08-07T10:49:44.793+0000] {taskinstance.py:2076} INFO - Dependencies all met for dep_context=requeueable deps ti=<TaskInstance: etl_2024-08-07.fetch_the_api scheduled__2024-05-15T00:00:00+00:00 [queued]>
[2024-08-07T10:49:44.793+0000] {taskinstance.py:2306} INFO - Starting attempt 1 of 2
[2024-08-07T10:49:44.821+0000] {taskinstance.py:2330} INFO - Executing <Task(BashOperator): fetch_the_api> on 2024-05-15 00:00:00+00:00
[2024-08-07T10:49:44.824+0000] {standard_task_runner.py:63} INFO - Started process 2558 to run task
[2024-08-07T10:49:44.827+0000] {standard_task_runner.py:90} INFO - Running: ['***', 'tasks', 'run', 'etl_2024-08-07', 'fetch_the_api', 'scheduled__2024-05-15T00:00:00+00:00', '--job-id', '331', '--raw', '--subdir', 'DAGS_FOLDER/final_etl.py', '--cfg-path', '/tmp/tmpjc4fn4_2']
[2024-08-07T10:49:44.829+0000] {standard_task_runner.py:91} INFO - Job 331: Subtask fetch_the_api
[2024-08-07T10:49:44.894+0000] {task_command.py:426} INFO - Running <TaskInstance: etl_2024-08-07.fetch_the_api scheduled__2024-05-15T00:00:00+00:00 [running]> on host 8cffaad11d99
[2024-08-07T10:49:46.141+0000] {taskinstance.py:2648} INFO - Exporting env vars: AIRFLOW_CTX_DAG_OWNER='***' AIRFLOW_CTX_DAG_ID='etl_2024-08-07' AIRFLOW_CTX_TASK_ID='fetch_the_api' AIRFLOW_CTX_EXECUTION_DATE='2024-05-15T00:00:00+00:00' AIRFLOW_CTX_TRY_NUMBER='1' AIRFLOW_CTX_DAG_RUN_ID='scheduled__2024-05-15T00:00:00+00:00'
[2024-08-07T10:49:46.142+0000] {taskinstance.py:430} INFO - ::endgroup::
[2024-08-07T10:49:46.156+0000] {subprocess.py:63} INFO - Tmp dir root location: /tmp
[2024-08-07T10:49:46.157+0000] {subprocess.py:75} INFO - Running command: ['/usr/bin/bash', '-c', 'python3 /opt/***/data/config.py']
[2024-08-07T10:49:46.168+0000] {subprocess.py:86} INFO - Output:
[2024-08-07T10:49:46.237+0000] {subprocess.py:97} INFO - Command exited with return code 0
[2024-08-07T10:49:46.238+0000] {taskinstance.py:441} INFO - ::group::Post task execution logs
[2024-08-07T10:49:46.451+0000] {taskinstance.py:1206} INFO - Marking task as SUCCESS. dag_id=etl_2024-08-07, task_id=fetch_the_api, run_id=scheduled__2024-05-15T00:00:00+00:00, execution_date=20240515T000000, start_date=20240807T104944, end_date=20240807T104946
[2024-08-07T10:49:46.686+0000] {local_task_job_runner.py:240} INFO - Task exited with return code 0
[2024-08-07T10:49:46.711+0000] {taskinstance.py:3503} INFO - 1 downstream tasks scheduled from follow-on schedule check
[2024-08-07T10:49:46.871+0000] {local_task_job_runner.py:222} INFO - ::endgroup::
