[2024-08-21T06:25:56.011+0000] {local_task_job_runner.py:120} INFO - ::group::Pre task execution logs
[2024-08-21T06:25:56.045+0000] {taskinstance.py:2076} INFO - Dependencies all met for dep_context=non-requeueable deps ti=<TaskInstance: etl_22024-08-21.final_etl_processing scheduled__2024-07-11T00:00:00+00:00 [queued]>
[2024-08-21T06:25:56.050+0000] {taskinstance.py:2076} INFO - Dependencies all met for dep_context=requeueable deps ti=<TaskInstance: etl_22024-08-21.final_etl_processing scheduled__2024-07-11T00:00:00+00:00 [queued]>
[2024-08-21T06:25:56.050+0000] {taskinstance.py:2306} INFO - Starting attempt 1 of 2
[2024-08-21T06:25:56.059+0000] {taskinstance.py:2330} INFO - Executing <Task(BashOperator): final_etl_processing> on 2024-07-11 00:00:00+00:00
[2024-08-21T06:25:56.066+0000] {logging_mixin.py:188} WARNING - /home/***/.local/lib/python3.12/site-packages/***/task/task_runner/standard_task_runner.py:61 DeprecationWarning: This process (pid=3579) is multi-threaded, use of fork() may lead to deadlocks in the child.
[2024-08-21T06:25:56.067+0000] {standard_task_runner.py:63} INFO - Started process 3582 to run task
[2024-08-21T06:25:56.069+0000] {standard_task_runner.py:90} INFO - Running: ['***', 'tasks', 'run', 'etl_22024-08-21', 'final_etl_processing', 'scheduled__2024-07-11T00:00:00+00:00', '--job-id', '556', '--raw', '--subdir', 'DAGS_FOLDER/final_etl.py', '--cfg-path', '/tmp/tmpdic0du_v']
[2024-08-21T06:25:56.070+0000] {standard_task_runner.py:91} INFO - Job 556: Subtask final_etl_processing
[2024-08-21T06:25:56.128+0000] {task_command.py:426} INFO - Running <TaskInstance: etl_22024-08-21.final_etl_processing scheduled__2024-07-11T00:00:00+00:00 [running]> on host 7e1333882d71
[2024-08-21T06:25:56.207+0000] {taskinstance.py:2648} INFO - Exporting env vars: AIRFLOW_CTX_DAG_OWNER='***' AIRFLOW_CTX_DAG_ID='etl_22024-08-21' AIRFLOW_CTX_TASK_ID='final_etl_processing' AIRFLOW_CTX_EXECUTION_DATE='2024-07-11T00:00:00+00:00' AIRFLOW_CTX_TRY_NUMBER='1' AIRFLOW_CTX_DAG_RUN_ID='scheduled__2024-07-11T00:00:00+00:00'
[2024-08-21T06:25:56.208+0000] {taskinstance.py:430} INFO - ::endgroup::
[2024-08-21T06:25:56.221+0000] {subprocess.py:63} INFO - Tmp dir root location: /tmp
[2024-08-21T06:25:56.222+0000] {subprocess.py:75} INFO - Running command: ['/usr/bin/bash', '-c', "python3 /opt/***/data/etl_m12.py --connection postgresql+psycopg2://***:***@postgres/postgres --csv ''"]
[2024-08-21T06:25:56.227+0000] {subprocess.py:86} INFO - Output:
[2024-08-21T06:25:57.398+0000] {subprocess.py:93} INFO - /opt/***/data/etl_m12.py:23: MovedIn20Warning: Deprecated API features detected! These feature(s) are not compatible with SQLAlchemy 2.0. To prevent incompatible upgrades prior to updating applications, ensure requirements files are pinned to "sqlalchemy<2.0". Set environment variable SQLALCHEMY_WARN_20=1 to show all deprecation warnings.  Set environment variable SQLALCHEMY_SILENCE_UBER_WARNING=1 to silence this message. (Background on SQLAlchemy 2.0 at: https://sqlalche.me/e/b8d9)
[2024-08-21T06:25:57.406+0000] {subprocess.py:93} INFO -   Base = declarative_base()
[2024-08-21T06:25:57.556+0000] {subprocess.py:97} INFO - Command exited with return code 0
[2024-08-21T06:25:57.558+0000] {taskinstance.py:441} INFO - ::group::Post task execution logs
[2024-08-21T06:25:57.620+0000] {taskinstance.py:1206} INFO - Marking task as SUCCESS. dag_id=etl_22024-08-21, task_id=final_etl_processing, run_id=scheduled__2024-07-11T00:00:00+00:00, execution_date=20240711T000000, start_date=20240821T062556, end_date=20240821T062557
[2024-08-21T06:25:57.647+0000] {local_task_job_runner.py:240} INFO - Task exited with return code 0
[2024-08-21T06:25:57.741+0000] {taskinstance.py:3503} INFO - 0 downstream tasks scheduled from follow-on schedule check
[2024-08-21T06:25:57.743+0000] {local_task_job_runner.py:222} INFO - ::endgroup::
