[2024-08-07T10:43:37.835+0000] {local_task_job_runner.py:120} INFO - ::group::Pre task execution logs
[2024-08-07T10:43:37.864+0000] {taskinstance.py:2076} INFO - Dependencies all met for dep_context=non-requeueable deps ti=<TaskInstance: etl_2024-08-07.decrypt_the_data scheduled__2024-05-07T00:00:00+00:00 [queued]>
[2024-08-07T10:43:37.870+0000] {taskinstance.py:2076} INFO - Dependencies all met for dep_context=requeueable deps ti=<TaskInstance: etl_2024-08-07.decrypt_the_data scheduled__2024-05-07T00:00:00+00:00 [queued]>
[2024-08-07T10:43:37.870+0000] {taskinstance.py:2306} INFO - Starting attempt 1 of 2
[2024-08-07T10:43:37.890+0000] {taskinstance.py:2330} INFO - Executing <Task(BashOperator): decrypt_the_data> on 2024-05-07 00:00:00+00:00
[2024-08-07T10:43:37.895+0000] {standard_task_runner.py:63} INFO - Started process 1787 to run task
[2024-08-07T10:43:37.897+0000] {standard_task_runner.py:90} INFO - Running: ['***', 'tasks', 'run', 'etl_2024-08-07', 'decrypt_the_data', 'scheduled__2024-05-07T00:00:00+00:00', '--job-id', '122', '--raw', '--subdir', 'DAGS_FOLDER/final_etl.py', '--cfg-path', '/tmp/tmpso0slcql']
[2024-08-07T10:43:37.899+0000] {standard_task_runner.py:91} INFO - Job 122: Subtask decrypt_the_data
[2024-08-07T10:43:38.010+0000] {task_command.py:426} INFO - Running <TaskInstance: etl_2024-08-07.decrypt_the_data scheduled__2024-05-07T00:00:00+00:00 [running]> on host 8cffaad11d99
[2024-08-07T10:43:38.306+0000] {taskinstance.py:2648} INFO - Exporting env vars: AIRFLOW_CTX_DAG_OWNER='***' AIRFLOW_CTX_DAG_ID='etl_2024-08-07' AIRFLOW_CTX_TASK_ID='decrypt_the_data' AIRFLOW_CTX_EXECUTION_DATE='2024-05-07T00:00:00+00:00' AIRFLOW_CTX_TRY_NUMBER='1' AIRFLOW_CTX_DAG_RUN_ID='scheduled__2024-05-07T00:00:00+00:00'
[2024-08-07T10:43:38.307+0000] {taskinstance.py:430} INFO - ::endgroup::
[2024-08-07T10:43:38.315+0000] {subprocess.py:63} INFO - Tmp dir root location: /tmp
[2024-08-07T10:43:38.315+0000] {subprocess.py:75} INFO - Running command: ['/usr/bin/bash', '-c', 'python3 /opt/***/data/decryption_utils.py']
[2024-08-07T10:43:38.323+0000] {subprocess.py:86} INFO - Output:
[2024-08-07T10:43:38.448+0000] {subprocess.py:97} INFO - Command exited with return code 0
[2024-08-07T10:43:38.449+0000] {taskinstance.py:441} INFO - ::group::Post task execution logs
[2024-08-07T10:43:38.522+0000] {taskinstance.py:1206} INFO - Marking task as SUCCESS. dag_id=etl_2024-08-07, task_id=decrypt_the_data, run_id=scheduled__2024-05-07T00:00:00+00:00, execution_date=20240507T000000, start_date=20240807T104337, end_date=20240807T104338
[2024-08-07T10:43:38.592+0000] {local_task_job_runner.py:240} INFO - Task exited with return code 0
[2024-08-07T10:43:38.598+0000] {local_task_job_runner.py:222} INFO - ::endgroup::
[2024-08-07T10:49:47.372+0000] {local_task_job_runner.py:120} INFO - ::group::Pre task execution logs
[2024-08-07T10:49:47.396+0000] {taskinstance.py:2076} INFO - Dependencies all met for dep_context=non-requeueable deps ti=<TaskInstance: etl_2024-08-07.decrypt_the_data scheduled__2024-05-07T00:00:00+00:00 [queued]>
[2024-08-07T10:49:47.403+0000] {taskinstance.py:2076} INFO - Dependencies all met for dep_context=requeueable deps ti=<TaskInstance: etl_2024-08-07.decrypt_the_data scheduled__2024-05-07T00:00:00+00:00 [queued]>
[2024-08-07T10:49:47.404+0000] {taskinstance.py:2306} INFO - Starting attempt 1 of 2
[2024-08-07T10:49:47.436+0000] {taskinstance.py:2330} INFO - Executing <Task(BashOperator): decrypt_the_data> on 2024-05-07 00:00:00+00:00
[2024-08-07T10:49:47.440+0000] {standard_task_runner.py:63} INFO - Started process 2596 to run task
[2024-08-07T10:49:47.442+0000] {standard_task_runner.py:90} INFO - Running: ['***', 'tasks', 'run', 'etl_2024-08-07', 'decrypt_the_data', 'scheduled__2024-05-07T00:00:00+00:00', '--job-id', '347', '--raw', '--subdir', 'DAGS_FOLDER/final_etl.py', '--cfg-path', '/tmp/tmp5sz34yyi']
[2024-08-07T10:49:47.444+0000] {standard_task_runner.py:91} INFO - Job 347: Subtask decrypt_the_data
[2024-08-07T10:49:47.511+0000] {task_command.py:426} INFO - Running <TaskInstance: etl_2024-08-07.decrypt_the_data scheduled__2024-05-07T00:00:00+00:00 [running]> on host 8cffaad11d99
[2024-08-07T10:49:47.625+0000] {taskinstance.py:2648} INFO - Exporting env vars: AIRFLOW_CTX_DAG_OWNER='***' AIRFLOW_CTX_DAG_ID='etl_2024-08-07' AIRFLOW_CTX_TASK_ID='decrypt_the_data' AIRFLOW_CTX_EXECUTION_DATE='2024-05-07T00:00:00+00:00' AIRFLOW_CTX_TRY_NUMBER='1' AIRFLOW_CTX_DAG_RUN_ID='scheduled__2024-05-07T00:00:00+00:00'
[2024-08-07T10:49:47.626+0000] {taskinstance.py:430} INFO - ::endgroup::
[2024-08-07T10:49:47.633+0000] {subprocess.py:63} INFO - Tmp dir root location: /tmp
[2024-08-07T10:49:47.634+0000] {subprocess.py:75} INFO - Running command: ['/usr/bin/bash', '-c', 'python3 /opt/***/data/decryption_utils.py']
[2024-08-07T10:49:47.639+0000] {subprocess.py:86} INFO - Output:
[2024-08-07T10:49:47.728+0000] {subprocess.py:97} INFO - Command exited with return code 0
[2024-08-07T10:49:47.729+0000] {taskinstance.py:441} INFO - ::group::Post task execution logs
[2024-08-07T10:49:47.772+0000] {taskinstance.py:1206} INFO - Marking task as SUCCESS. dag_id=etl_2024-08-07, task_id=decrypt_the_data, run_id=scheduled__2024-05-07T00:00:00+00:00, execution_date=20240507T000000, start_date=20240807T104947, end_date=20240807T104947
[2024-08-07T10:49:47.897+0000] {local_task_job_runner.py:240} INFO - Task exited with return code 0
[2024-08-07T10:49:47.904+0000] {local_task_job_runner.py:222} INFO - ::endgroup::
