[2024-08-09T07:18:58.755+0000] {local_task_job_runner.py:120} INFO - ::group::Pre task execution logs
[2024-08-09T07:18:58.791+0000] {taskinstance.py:2076} INFO - Dependencies all met for dep_context=non-requeueable deps ti=<TaskInstance: data_migrations2024-08-09.fetch_the_api scheduled__2024-05-07T00:00:00+00:00 [queued]>
[2024-08-09T07:18:58.797+0000] {taskinstance.py:2076} INFO - Dependencies all met for dep_context=requeueable deps ti=<TaskInstance: data_migrations2024-08-09.fetch_the_api scheduled__2024-05-07T00:00:00+00:00 [queued]>
[2024-08-09T07:18:58.797+0000] {taskinstance.py:2306} INFO - Starting attempt 2 of 2
[2024-08-09T07:18:59.003+0000] {taskinstance.py:2330} INFO - Executing <Task(BashOperator): fetch_the_api> on 2024-05-07 00:00:00+00:00
[2024-08-09T07:18:59.008+0000] {standard_task_runner.py:63} INFO - Started process 5368 to run task
[2024-08-09T07:18:59.013+0000] {standard_task_runner.py:90} INFO - Running: ['***', 'tasks', 'run', 'data_migrations2024-08-09', 'fetch_the_api', 'scheduled__2024-05-07T00:00:00+00:00', '--job-id', '1664', '--raw', '--subdir', 'DAGS_FOLDER/data_migrations.py', '--cfg-path', '/tmp/tmpl693ekbq']
[2024-08-09T07:18:59.016+0000] {standard_task_runner.py:91} INFO - Job 1664: Subtask fetch_the_api
[2024-08-09T07:18:59.176+0000] {task_command.py:426} INFO - Running <TaskInstance: data_migrations2024-08-09.fetch_the_api scheduled__2024-05-07T00:00:00+00:00 [running]> on host 05bc191a9412
[2024-08-09T07:18:59.300+0000] {taskinstance.py:2648} INFO - Exporting env vars: AIRFLOW_CTX_DAG_OWNER='***' AIRFLOW_CTX_DAG_ID='data_migrations2024-08-09' AIRFLOW_CTX_TASK_ID='fetch_the_api' AIRFLOW_CTX_EXECUTION_DATE='2024-05-07T00:00:00+00:00' AIRFLOW_CTX_TRY_NUMBER='2' AIRFLOW_CTX_DAG_RUN_ID='scheduled__2024-05-07T00:00:00+00:00'
[2024-08-09T07:18:59.301+0000] {taskinstance.py:430} INFO - ::endgroup::
[2024-08-09T07:18:59.314+0000] {subprocess.py:63} INFO - Tmp dir root location: /tmp
[2024-08-09T07:18:59.315+0000] {subprocess.py:75} INFO - Running command: ['/usr/bin/bash', '-c', 'python3 /opt/***/data/etl_m12_local_db.py']
[2024-08-09T07:18:59.324+0000] {subprocess.py:86} INFO - Output:
[2024-08-09T07:19:00.291+0000] {subprocess.py:93} INFO - Database tables created successfully.
[2024-08-09T07:19:00.370+0000] {subprocess.py:97} INFO - Command exited with return code 0
[2024-08-09T07:19:00.371+0000] {taskinstance.py:441} INFO - ::group::Post task execution logs
[2024-08-09T07:19:00.515+0000] {taskinstance.py:1206} INFO - Marking task as SUCCESS. dag_id=data_migrations2024-08-09, task_id=fetch_the_api, run_id=scheduled__2024-05-07T00:00:00+00:00, execution_date=20240507T000000, start_date=20240809T071858, end_date=20240809T071900
[2024-08-09T07:19:00.587+0000] {local_task_job_runner.py:240} INFO - Task exited with return code 0
[2024-08-09T07:19:00.602+0000] {taskinstance.py:3503} INFO - 0 downstream tasks scheduled from follow-on schedule check
[2024-08-09T07:19:00.799+0000] {local_task_job_runner.py:222} INFO - ::endgroup::
