[2024-08-13T05:28:45.474+0000] {local_task_job_runner.py:120} INFO - ::group::Pre task execution logs
[2024-08-13T05:28:45.492+0000] {taskinstance.py:2076} INFO - Dependencies all met for dep_context=non-requeueable deps ti=<TaskInstance: data_migrations2024-08-13.table_created scheduled__2024-07-19T00:00:00+00:00 [queued]>
[2024-08-13T05:28:45.496+0000] {taskinstance.py:2076} INFO - Dependencies all met for dep_context=requeueable deps ti=<TaskInstance: data_migrations2024-08-13.table_created scheduled__2024-07-19T00:00:00+00:00 [queued]>
[2024-08-13T05:28:45.496+0000] {taskinstance.py:2306} INFO - Starting attempt 1 of 2
[2024-08-13T05:28:45.516+0000] {taskinstance.py:2330} INFO - Executing <Task(BashOperator): table_created> on 2024-07-19 00:00:00+00:00
[2024-08-13T05:28:45.518+0000] {standard_task_runner.py:63} INFO - Started process 2362 to run task
[2024-08-13T05:28:45.522+0000] {standard_task_runner.py:90} INFO - Running: ['***', 'tasks', 'run', 'data_migrations2024-08-13', 'table_created', 'scheduled__2024-07-19T00:00:00+00:00', '--job-id', '3341', '--raw', '--subdir', 'DAGS_FOLDER/data_migrations.py', '--cfg-path', '/tmp/tmp1zxj63dw']
[2024-08-13T05:28:45.524+0000] {standard_task_runner.py:91} INFO - Job 3341: Subtask table_created
[2024-08-13T05:28:45.569+0000] {task_command.py:426} INFO - Running <TaskInstance: data_migrations2024-08-13.table_created scheduled__2024-07-19T00:00:00+00:00 [running]> on host 22a1a79ba5d1
[2024-08-13T05:28:46.633+0000] {taskinstance.py:2648} INFO - Exporting env vars: AIRFLOW_CTX_DAG_OWNER='***' AIRFLOW_CTX_DAG_ID='data_migrations2024-08-13' AIRFLOW_CTX_TASK_ID='table_created' AIRFLOW_CTX_EXECUTION_DATE='2024-07-19T00:00:00+00:00' AIRFLOW_CTX_TRY_NUMBER='1' AIRFLOW_CTX_DAG_RUN_ID='scheduled__2024-07-19T00:00:00+00:00'
[2024-08-13T05:28:46.635+0000] {taskinstance.py:430} INFO - ::endgroup::
[2024-08-13T05:28:46.654+0000] {subprocess.py:63} INFO - Tmp dir root location: /tmp
[2024-08-13T05:28:46.655+0000] {subprocess.py:75} INFO - Running command: ['/usr/bin/bash', '-c', 'python3 /opt/***/data/database.py']
[2024-08-13T05:28:46.662+0000] {subprocess.py:86} INFO - Output:
[2024-08-13T05:28:46.949+0000] {subprocess.py:97} INFO - Command exited with return code 0
[2024-08-13T05:28:46.950+0000] {taskinstance.py:441} INFO - ::group::Post task execution logs
[2024-08-13T05:28:47.059+0000] {taskinstance.py:1206} INFO - Marking task as SUCCESS. dag_id=data_migrations2024-08-13, task_id=table_created, run_id=scheduled__2024-07-19T00:00:00+00:00, execution_date=20240719T000000, start_date=20240813T052845, end_date=20240813T052847
[2024-08-13T05:28:47.179+0000] {local_task_job_runner.py:240} INFO - Task exited with return code 0
[2024-08-13T05:28:47.218+0000] {taskinstance.py:3503} INFO - 1 downstream tasks scheduled from follow-on schedule check
[2024-08-13T05:28:47.327+0000] {local_task_job_runner.py:222} INFO - ::endgroup::
