[2024-08-07T10:48:56.014+0000] {local_task_job_runner.py:120} INFO - ::group::Pre task execution logs
[2024-08-07T10:48:56.031+0000] {taskinstance.py:2076} INFO - Dependencies all met for dep_context=non-requeueable deps ti=<TaskInstance: etl_2024-08-07.fetch_the_api scheduled__2024-05-26T00:00:00+00:00 [queued]>
[2024-08-07T10:48:56.035+0000] {taskinstance.py:2076} INFO - Dependencies all met for dep_context=requeueable deps ti=<TaskInstance: etl_2024-08-07.fetch_the_api scheduled__2024-05-26T00:00:00+00:00 [queued]>
[2024-08-07T10:48:56.036+0000] {taskinstance.py:2306} INFO - Starting attempt 1 of 2
[2024-08-07T10:48:56.065+0000] {taskinstance.py:2330} INFO - Executing <Task(BashOperator): fetch_the_api> on 2024-05-26 00:00:00+00:00
[2024-08-07T10:48:56.067+0000] {standard_task_runner.py:63} INFO - Started process 2205 to run task
[2024-08-07T10:48:56.069+0000] {standard_task_runner.py:90} INFO - Running: ['***', 'tasks', 'run', 'etl_2024-08-07', 'fetch_the_api', 'scheduled__2024-05-26T00:00:00+00:00', '--job-id', '220', '--raw', '--subdir', 'DAGS_FOLDER/final_etl.py', '--cfg-path', '/tmp/tmpg4loah1w']
[2024-08-07T10:48:56.070+0000] {standard_task_runner.py:91} INFO - Job 220: Subtask fetch_the_api
[2024-08-07T10:48:56.113+0000] {task_command.py:426} INFO - Running <TaskInstance: etl_2024-08-07.fetch_the_api scheduled__2024-05-26T00:00:00+00:00 [running]> on host 8cffaad11d99
[2024-08-07T10:48:56.187+0000] {taskinstance.py:2648} INFO - Exporting env vars: AIRFLOW_CTX_DAG_OWNER='***' AIRFLOW_CTX_DAG_ID='etl_2024-08-07' AIRFLOW_CTX_TASK_ID='fetch_the_api' AIRFLOW_CTX_EXECUTION_DATE='2024-05-26T00:00:00+00:00' AIRFLOW_CTX_TRY_NUMBER='1' AIRFLOW_CTX_DAG_RUN_ID='scheduled__2024-05-26T00:00:00+00:00'
[2024-08-07T10:48:56.188+0000] {taskinstance.py:430} INFO - ::endgroup::
[2024-08-07T10:48:56.195+0000] {subprocess.py:63} INFO - Tmp dir root location: /tmp
[2024-08-07T10:48:56.195+0000] {subprocess.py:75} INFO - Running command: ['/usr/bin/bash', '-c', 'python3 /opt/***/data/config.py']
[2024-08-07T10:48:56.200+0000] {subprocess.py:86} INFO - Output:
[2024-08-07T10:48:56.266+0000] {subprocess.py:97} INFO - Command exited with return code 0
[2024-08-07T10:48:56.266+0000] {taskinstance.py:441} INFO - ::group::Post task execution logs
[2024-08-07T10:48:56.302+0000] {taskinstance.py:1206} INFO - Marking task as SUCCESS. dag_id=etl_2024-08-07, task_id=fetch_the_api, run_id=scheduled__2024-05-26T00:00:00+00:00, execution_date=20240526T000000, start_date=20240807T104856, end_date=20240807T104856
[2024-08-07T10:48:56.361+0000] {local_task_job_runner.py:240} INFO - Task exited with return code 0
[2024-08-07T10:48:56.375+0000] {taskinstance.py:3503} INFO - 1 downstream tasks scheduled from follow-on schedule check
[2024-08-07T10:48:56.396+0000] {local_task_job_runner.py:222} INFO - ::endgroup::
[2024-08-07T10:55:08.374+0000] {local_task_job_runner.py:120} INFO - ::group::Pre task execution logs
[2024-08-07T10:55:08.391+0000] {taskinstance.py:2076} INFO - Dependencies all met for dep_context=non-requeueable deps ti=<TaskInstance: etl_2024-08-07.fetch_the_api scheduled__2024-05-26T00:00:00+00:00 [queued]>
[2024-08-07T10:55:08.395+0000] {taskinstance.py:2076} INFO - Dependencies all met for dep_context=requeueable deps ti=<TaskInstance: etl_2024-08-07.fetch_the_api scheduled__2024-05-26T00:00:00+00:00 [queued]>
[2024-08-07T10:55:08.395+0000] {taskinstance.py:2306} INFO - Starting attempt 1 of 2
[2024-08-07T10:55:08.422+0000] {taskinstance.py:2330} INFO - Executing <Task(BashOperator): fetch_the_api> on 2024-05-26 00:00:00+00:00
[2024-08-07T10:55:08.425+0000] {standard_task_runner.py:63} INFO - Started process 3002 to run task
[2024-08-07T10:55:08.427+0000] {standard_task_runner.py:90} INFO - Running: ['***', 'tasks', 'run', 'etl_2024-08-07', 'fetch_the_api', 'scheduled__2024-05-26T00:00:00+00:00', '--job-id', '435', '--raw', '--subdir', 'DAGS_FOLDER/final_etl.py', '--cfg-path', '/tmp/tmpeknu0o0v']
[2024-08-07T10:55:08.428+0000] {standard_task_runner.py:91} INFO - Job 435: Subtask fetch_the_api
[2024-08-07T10:55:08.478+0000] {task_command.py:426} INFO - Running <TaskInstance: etl_2024-08-07.fetch_the_api scheduled__2024-05-26T00:00:00+00:00 [running]> on host 8cffaad11d99
[2024-08-07T10:55:08.574+0000] {taskinstance.py:2648} INFO - Exporting env vars: AIRFLOW_CTX_DAG_OWNER='***' AIRFLOW_CTX_DAG_ID='etl_2024-08-07' AIRFLOW_CTX_TASK_ID='fetch_the_api' AIRFLOW_CTX_EXECUTION_DATE='2024-05-26T00:00:00+00:00' AIRFLOW_CTX_TRY_NUMBER='1' AIRFLOW_CTX_DAG_RUN_ID='scheduled__2024-05-26T00:00:00+00:00'
[2024-08-07T10:55:08.574+0000] {taskinstance.py:430} INFO - ::endgroup::
[2024-08-07T10:55:08.581+0000] {subprocess.py:63} INFO - Tmp dir root location: /tmp
[2024-08-07T10:55:08.582+0000] {subprocess.py:75} INFO - Running command: ['/usr/bin/bash', '-c', 'python3 /opt/***/data/config.py']
[2024-08-07T10:55:08.587+0000] {subprocess.py:86} INFO - Output:
[2024-08-07T10:55:08.650+0000] {subprocess.py:97} INFO - Command exited with return code 0
[2024-08-07T10:55:08.651+0000] {taskinstance.py:441} INFO - ::group::Post task execution logs
[2024-08-07T10:55:08.696+0000] {taskinstance.py:1206} INFO - Marking task as SUCCESS. dag_id=etl_2024-08-07, task_id=fetch_the_api, run_id=scheduled__2024-05-26T00:00:00+00:00, execution_date=20240526T000000, start_date=20240807T105508, end_date=20240807T105508
[2024-08-07T10:55:08.759+0000] {local_task_job_runner.py:240} INFO - Task exited with return code 0
[2024-08-07T10:55:08.784+0000] {taskinstance.py:3503} INFO - 1 downstream tasks scheduled from follow-on schedule check
[2024-08-07T10:55:08.802+0000] {local_task_job_runner.py:222} INFO - ::endgroup::
