[2024-08-08T06:09:20.543+0000] {local_task_job_runner.py:120} INFO - ::group::Pre task execution logs
[2024-08-08T06:09:20.567+0000] {taskinstance.py:2076} INFO - Dependencies all met for dep_context=non-requeueable deps ti=<TaskInstance: etl_2024-08-08.decrypt_the_data scheduled__2024-08-04T00:00:00+00:00 [queued]>
[2024-08-08T06:09:20.574+0000] {taskinstance.py:2076} INFO - Dependencies all met for dep_context=requeueable deps ti=<TaskInstance: etl_2024-08-08.decrypt_the_data scheduled__2024-08-04T00:00:00+00:00 [queued]>
[2024-08-08T06:09:20.574+0000] {taskinstance.py:2306} INFO - Starting attempt 1 of 2
[2024-08-08T06:09:20.639+0000] {taskinstance.py:2330} INFO - Executing <Task(BashOperator): decrypt_the_data> on 2024-08-04 00:00:00+00:00
[2024-08-08T06:09:20.644+0000] {standard_task_runner.py:63} INFO - Started process 6250 to run task
[2024-08-08T06:09:20.646+0000] {standard_task_runner.py:90} INFO - Running: ['***', 'tasks', 'run', 'etl_2024-08-08', 'decrypt_the_data', 'scheduled__2024-08-04T00:00:00+00:00', '--job-id', '1627', '--raw', '--subdir', 'DAGS_FOLDER/final_etl.py', '--cfg-path', '/tmp/tmpmfftlc13']
[2024-08-08T06:09:20.648+0000] {standard_task_runner.py:91} INFO - Job 1627: Subtask decrypt_the_data
[2024-08-08T06:09:20.719+0000] {task_command.py:426} INFO - Running <TaskInstance: etl_2024-08-08.decrypt_the_data scheduled__2024-08-04T00:00:00+00:00 [running]> on host 05bc191a9412
[2024-08-08T06:09:20.918+0000] {taskinstance.py:2648} INFO - Exporting env vars: AIRFLOW_CTX_DAG_OWNER='***' AIRFLOW_CTX_DAG_ID='etl_2024-08-08' AIRFLOW_CTX_TASK_ID='decrypt_the_data' AIRFLOW_CTX_EXECUTION_DATE='2024-08-04T00:00:00+00:00' AIRFLOW_CTX_TRY_NUMBER='1' AIRFLOW_CTX_DAG_RUN_ID='scheduled__2024-08-04T00:00:00+00:00'
[2024-08-08T06:09:20.919+0000] {taskinstance.py:430} INFO - ::endgroup::
[2024-08-08T06:09:20.926+0000] {subprocess.py:63} INFO - Tmp dir root location: /tmp
[2024-08-08T06:09:20.933+0000] {subprocess.py:75} INFO - Running command: ['/usr/bin/bash', '-c', 'python3 /opt/***/data/decryption_utils.py']
[2024-08-08T06:09:20.941+0000] {subprocess.py:86} INFO - Output:
[2024-08-08T06:09:21.097+0000] {subprocess.py:97} INFO - Command exited with return code 0
[2024-08-08T06:09:21.098+0000] {taskinstance.py:441} INFO - ::group::Post task execution logs
[2024-08-08T06:09:21.461+0000] {taskinstance.py:1206} INFO - Marking task as SUCCESS. dag_id=etl_2024-08-08, task_id=decrypt_the_data, run_id=scheduled__2024-08-04T00:00:00+00:00, execution_date=20240804T000000, start_date=20240808T060920, end_date=20240808T060921
[2024-08-08T06:09:22.103+0000] {local_task_job_runner.py:240} INFO - Task exited with return code 0
[2024-08-08T06:09:22.122+0000] {taskinstance.py:3503} INFO - 1 downstream tasks scheduled from follow-on schedule check
[2024-08-08T06:09:22.323+0000] {local_task_job_runner.py:222} INFO - ::endgroup::
