[2024-08-12T07:13:34.780+0000] {local_task_job_runner.py:120} INFO - ::group::Pre task execution logs
[2024-08-12T07:13:34.801+0000] {taskinstance.py:2076} INFO - Dependencies all met for dep_context=non-requeueable deps ti=<TaskInstance: data_migrations2024-08-12.table_created scheduled__2024-07-05T00:00:00+00:00 [queued]>
[2024-08-12T07:13:34.805+0000] {taskinstance.py:2076} INFO - Dependencies all met for dep_context=requeueable deps ti=<TaskInstance: data_migrations2024-08-12.table_created scheduled__2024-07-05T00:00:00+00:00 [queued]>
[2024-08-12T07:13:34.806+0000] {taskinstance.py:2306} INFO - Starting attempt 1 of 2
[2024-08-12T07:13:34.841+0000] {taskinstance.py:2330} INFO - Executing <Task(BashOperator): table_created> on 2024-07-05 00:00:00+00:00
[2024-08-12T07:13:34.845+0000] {standard_task_runner.py:63} INFO - Started process 522 to run task
[2024-08-12T07:13:34.848+0000] {standard_task_runner.py:90} INFO - Running: ['***', 'tasks', 'run', 'data_migrations2024-08-12', 'table_created', 'scheduled__2024-07-05T00:00:00+00:00', '--job-id', '2510', '--raw', '--subdir', 'DAGS_FOLDER/data_migrations.py', '--cfg-path', '/tmp/tmpfy2hijc8']
[2024-08-12T07:13:34.850+0000] {standard_task_runner.py:91} INFO - Job 2510: Subtask table_created
[2024-08-12T07:13:34.900+0000] {task_command.py:426} INFO - Running <TaskInstance: data_migrations2024-08-12.table_created scheduled__2024-07-05T00:00:00+00:00 [running]> on host 88a939613e48
[2024-08-12T07:13:35.917+0000] {taskinstance.py:2648} INFO - Exporting env vars: AIRFLOW_CTX_DAG_OWNER='***' AIRFLOW_CTX_DAG_ID='data_migrations2024-08-12' AIRFLOW_CTX_TASK_ID='table_created' AIRFLOW_CTX_EXECUTION_DATE='2024-07-05T00:00:00+00:00' AIRFLOW_CTX_TRY_NUMBER='1' AIRFLOW_CTX_DAG_RUN_ID='scheduled__2024-07-05T00:00:00+00:00'
[2024-08-12T07:13:35.917+0000] {taskinstance.py:430} INFO - ::endgroup::
[2024-08-12T07:13:35.925+0000] {subprocess.py:63} INFO - Tmp dir root location: /tmp
[2024-08-12T07:13:35.925+0000] {subprocess.py:75} INFO - Running command: ['/usr/bin/bash', '-c', 'python3 /opt/***/data/database.py']
[2024-08-12T07:13:35.931+0000] {subprocess.py:86} INFO - Output:
[2024-08-12T07:13:36.234+0000] {subprocess.py:97} INFO - Command exited with return code 0
[2024-08-12T07:13:36.235+0000] {taskinstance.py:441} INFO - ::group::Post task execution logs
[2024-08-12T07:13:36.286+0000] {taskinstance.py:1206} INFO - Marking task as SUCCESS. dag_id=data_migrations2024-08-12, task_id=table_created, run_id=scheduled__2024-07-05T00:00:00+00:00, execution_date=20240705T000000, start_date=20240812T071334, end_date=20240812T071336
[2024-08-12T07:13:36.426+0000] {local_task_job_runner.py:240} INFO - Task exited with return code 0
[2024-08-12T07:13:36.437+0000] {taskinstance.py:3503} INFO - 1 downstream tasks scheduled from follow-on schedule check
[2024-08-12T07:13:36.463+0000] {local_task_job_runner.py:222} INFO - ::endgroup::
