[2024-08-12T08:57:02.681+0000] {local_task_job_runner.py:120} INFO - ::group::Pre task execution logs
[2024-08-12T08:57:02.707+0000] {taskinstance.py:2076} INFO - Dependencies all met for dep_context=non-requeueable deps ti=<TaskInstance: etl_2024-08-12.fetch_the_api scheduled__2024-07-18T00:00:00+00:00 [queued]>
[2024-08-12T08:57:02.711+0000] {taskinstance.py:2076} INFO - Dependencies all met for dep_context=requeueable deps ti=<TaskInstance: etl_2024-08-12.fetch_the_api scheduled__2024-07-18T00:00:00+00:00 [queued]>
[2024-08-12T08:57:02.711+0000] {taskinstance.py:2306} INFO - Starting attempt 1 of 2
[2024-08-12T08:57:03.543+0000] {taskinstance.py:2330} INFO - Executing <Task(BashOperator): fetch_the_api> on 2024-07-18 00:00:00+00:00
[2024-08-12T08:57:03.553+0000] {standard_task_runner.py:63} INFO - Started process 6263 to run task
[2024-08-12T08:57:03.561+0000] {standard_task_runner.py:90} INFO - Running: ['***', 'tasks', 'run', 'etl_2024-08-12', 'fetch_the_api', 'scheduled__2024-07-18T00:00:00+00:00', '--job-id', '2995', '--raw', '--subdir', 'DAGS_FOLDER/final_etl.py', '--cfg-path', '/tmp/tmp7u530bth']
[2024-08-12T08:57:03.563+0000] {standard_task_runner.py:91} INFO - Job 2995: Subtask fetch_the_api
[2024-08-12T08:57:03.931+0000] {task_command.py:426} INFO - Running <TaskInstance: etl_2024-08-12.fetch_the_api scheduled__2024-07-18T00:00:00+00:00 [running]> on host 88a939613e48
[2024-08-12T08:57:04.079+0000] {taskinstance.py:2648} INFO - Exporting env vars: AIRFLOW_CTX_DAG_OWNER='***' AIRFLOW_CTX_DAG_ID='etl_2024-08-12' AIRFLOW_CTX_TASK_ID='fetch_the_api' AIRFLOW_CTX_EXECUTION_DATE='2024-07-18T00:00:00+00:00' AIRFLOW_CTX_TRY_NUMBER='1' AIRFLOW_CTX_DAG_RUN_ID='scheduled__2024-07-18T00:00:00+00:00'
[2024-08-12T08:57:04.080+0000] {taskinstance.py:430} INFO - ::endgroup::
[2024-08-12T08:57:04.088+0000] {subprocess.py:63} INFO - Tmp dir root location: /tmp
[2024-08-12T08:57:04.088+0000] {subprocess.py:75} INFO - Running command: ['/usr/bin/bash', '-c', 'python3 /opt/***/data/config.py']
[2024-08-12T08:57:04.096+0000] {subprocess.py:86} INFO - Output:
[2024-08-12T08:57:04.163+0000] {subprocess.py:97} INFO - Command exited with return code 0
[2024-08-12T08:57:04.164+0000] {taskinstance.py:441} INFO - ::group::Post task execution logs
[2024-08-12T08:57:04.213+0000] {taskinstance.py:1206} INFO - Marking task as SUCCESS. dag_id=etl_2024-08-12, task_id=fetch_the_api, run_id=scheduled__2024-07-18T00:00:00+00:00, execution_date=20240718T000000, start_date=20240812T085702, end_date=20240812T085704
[2024-08-12T08:57:04.373+0000] {local_task_job_runner.py:240} INFO - Task exited with return code 0
[2024-08-12T08:57:04.393+0000] {taskinstance.py:3503} INFO - 1 downstream tasks scheduled from follow-on schedule check
[2024-08-12T08:57:04.414+0000] {local_task_job_runner.py:222} INFO - ::endgroup::
