[2024-08-07T10:43:34.938+0000] {local_task_job_runner.py:120} INFO - ::group::Pre task execution logs
[2024-08-07T10:43:34.956+0000] {taskinstance.py:2076} INFO - Dependencies all met for dep_context=non-requeueable deps ti=<TaskInstance: etl_2024-08-07.fetch_the_api scheduled__2024-05-10T00:00:00+00:00 [queued]>
[2024-08-07T10:43:34.961+0000] {taskinstance.py:2076} INFO - Dependencies all met for dep_context=requeueable deps ti=<TaskInstance: etl_2024-08-07.fetch_the_api scheduled__2024-05-10T00:00:00+00:00 [queued]>
[2024-08-07T10:43:34.961+0000] {taskinstance.py:2306} INFO - Starting attempt 1 of 2
[2024-08-07T10:43:34.994+0000] {taskinstance.py:2330} INFO - Executing <Task(BashOperator): fetch_the_api> on 2024-05-10 00:00:00+00:00
[2024-08-07T10:43:34.997+0000] {standard_task_runner.py:63} INFO - Started process 1719 to run task
[2024-08-07T10:43:35.000+0000] {standard_task_runner.py:90} INFO - Running: ['***', 'tasks', 'run', 'etl_2024-08-07', 'fetch_the_api', 'scheduled__2024-05-10T00:00:00+00:00', '--job-id', '100', '--raw', '--subdir', 'DAGS_FOLDER/final_etl.py', '--cfg-path', '/tmp/tmpeglyeq6g']
[2024-08-07T10:43:35.002+0000] {standard_task_runner.py:91} INFO - Job 100: Subtask fetch_the_api
[2024-08-07T10:43:35.066+0000] {task_command.py:426} INFO - Running <TaskInstance: etl_2024-08-07.fetch_the_api scheduled__2024-05-10T00:00:00+00:00 [running]> on host 8cffaad11d99
[2024-08-07T10:43:35.159+0000] {taskinstance.py:2648} INFO - Exporting env vars: AIRFLOW_CTX_DAG_OWNER='***' AIRFLOW_CTX_DAG_ID='etl_2024-08-07' AIRFLOW_CTX_TASK_ID='fetch_the_api' AIRFLOW_CTX_EXECUTION_DATE='2024-05-10T00:00:00+00:00' AIRFLOW_CTX_TRY_NUMBER='1' AIRFLOW_CTX_DAG_RUN_ID='scheduled__2024-05-10T00:00:00+00:00'
[2024-08-07T10:43:35.160+0000] {taskinstance.py:430} INFO - ::endgroup::
[2024-08-07T10:43:35.170+0000] {subprocess.py:63} INFO - Tmp dir root location: /tmp
[2024-08-07T10:43:35.171+0000] {subprocess.py:75} INFO - Running command: ['/usr/bin/bash', '-c', 'python3 /opt/***/data/config.py']
[2024-08-07T10:43:35.176+0000] {subprocess.py:86} INFO - Output:
[2024-08-07T10:43:35.240+0000] {subprocess.py:97} INFO - Command exited with return code 0
[2024-08-07T10:43:35.240+0000] {taskinstance.py:441} INFO - ::group::Post task execution logs
[2024-08-07T10:43:35.286+0000] {taskinstance.py:1206} INFO - Marking task as SUCCESS. dag_id=etl_2024-08-07, task_id=fetch_the_api, run_id=scheduled__2024-05-10T00:00:00+00:00, execution_date=20240510T000000, start_date=20240807T104334, end_date=20240807T104335
[2024-08-07T10:43:35.331+0000] {local_task_job_runner.py:240} INFO - Task exited with return code 0
[2024-08-07T10:43:35.352+0000] {taskinstance.py:3503} INFO - 1 downstream tasks scheduled from follow-on schedule check
[2024-08-07T10:43:35.370+0000] {local_task_job_runner.py:222} INFO - ::endgroup::
[2024-08-07T10:49:43.880+0000] {local_task_job_runner.py:120} INFO - ::group::Pre task execution logs
[2024-08-07T10:49:43.898+0000] {taskinstance.py:2076} INFO - Dependencies all met for dep_context=non-requeueable deps ti=<TaskInstance: etl_2024-08-07.fetch_the_api scheduled__2024-05-10T00:00:00+00:00 [queued]>
[2024-08-07T10:49:43.902+0000] {taskinstance.py:2076} INFO - Dependencies all met for dep_context=requeueable deps ti=<TaskInstance: etl_2024-08-07.fetch_the_api scheduled__2024-05-10T00:00:00+00:00 [queued]>
[2024-08-07T10:49:43.902+0000] {taskinstance.py:2306} INFO - Starting attempt 1 of 2
[2024-08-07T10:49:43.928+0000] {taskinstance.py:2330} INFO - Executing <Task(BashOperator): fetch_the_api> on 2024-05-10 00:00:00+00:00
[2024-08-07T10:49:43.932+0000] {standard_task_runner.py:63} INFO - Started process 2524 to run task
[2024-08-07T10:49:43.933+0000] {standard_task_runner.py:90} INFO - Running: ['***', 'tasks', 'run', 'etl_2024-08-07', 'fetch_the_api', 'scheduled__2024-05-10T00:00:00+00:00', '--job-id', '320', '--raw', '--subdir', 'DAGS_FOLDER/final_etl.py', '--cfg-path', '/tmp/tmpll5ywodf']
[2024-08-07T10:49:43.935+0000] {standard_task_runner.py:91} INFO - Job 320: Subtask fetch_the_api
[2024-08-07T10:49:43.978+0000] {task_command.py:426} INFO - Running <TaskInstance: etl_2024-08-07.fetch_the_api scheduled__2024-05-10T00:00:00+00:00 [running]> on host 8cffaad11d99
[2024-08-07T10:49:44.074+0000] {taskinstance.py:2648} INFO - Exporting env vars: AIRFLOW_CTX_DAG_OWNER='***' AIRFLOW_CTX_DAG_ID='etl_2024-08-07' AIRFLOW_CTX_TASK_ID='fetch_the_api' AIRFLOW_CTX_EXECUTION_DATE='2024-05-10T00:00:00+00:00' AIRFLOW_CTX_TRY_NUMBER='1' AIRFLOW_CTX_DAG_RUN_ID='scheduled__2024-05-10T00:00:00+00:00'
[2024-08-07T10:49:44.075+0000] {taskinstance.py:430} INFO - ::endgroup::
[2024-08-07T10:49:44.086+0000] {subprocess.py:63} INFO - Tmp dir root location: /tmp
[2024-08-07T10:49:44.086+0000] {subprocess.py:75} INFO - Running command: ['/usr/bin/bash', '-c', 'python3 /opt/***/data/config.py']
[2024-08-07T10:49:44.091+0000] {subprocess.py:86} INFO - Output:
[2024-08-07T10:49:44.155+0000] {subprocess.py:97} INFO - Command exited with return code 0
[2024-08-07T10:49:44.155+0000] {taskinstance.py:441} INFO - ::group::Post task execution logs
[2024-08-07T10:49:44.194+0000] {taskinstance.py:1206} INFO - Marking task as SUCCESS. dag_id=etl_2024-08-07, task_id=fetch_the_api, run_id=scheduled__2024-05-10T00:00:00+00:00, execution_date=20240510T000000, start_date=20240807T104943, end_date=20240807T104944
[2024-08-07T10:49:44.267+0000] {local_task_job_runner.py:240} INFO - Task exited with return code 0
[2024-08-07T10:49:44.283+0000] {taskinstance.py:3503} INFO - 1 downstream tasks scheduled from follow-on schedule check
[2024-08-07T10:49:44.305+0000] {local_task_job_runner.py:222} INFO - ::endgroup::
