[2024-08-12T08:55:21.758+0000] {local_task_job_runner.py:120} INFO - ::group::Pre task execution logs
[2024-08-12T08:55:21.778+0000] {taskinstance.py:2076} INFO - Dependencies all met for dep_context=non-requeueable deps ti=<TaskInstance: etl_2024-08-12.fetch_the_api scheduled__2024-05-13T00:00:00+00:00 [queued]>
[2024-08-12T08:55:21.782+0000] {taskinstance.py:2076} INFO - Dependencies all met for dep_context=requeueable deps ti=<TaskInstance: etl_2024-08-12.fetch_the_api scheduled__2024-05-13T00:00:00+00:00 [queued]>
[2024-08-12T08:55:21.783+0000] {taskinstance.py:2306} INFO - Starting attempt 1 of 2
[2024-08-12T08:55:21.803+0000] {taskinstance.py:2330} INFO - Executing <Task(BashOperator): fetch_the_api> on 2024-05-13 00:00:00+00:00
[2024-08-12T08:55:21.806+0000] {standard_task_runner.py:63} INFO - Started process 3977 to run task
[2024-08-12T08:55:21.809+0000] {standard_task_runner.py:90} INFO - Running: ['***', 'tasks', 'run', 'etl_2024-08-12', 'fetch_the_api', 'scheduled__2024-05-13T00:00:00+00:00', '--job-id', '2600', '--raw', '--subdir', 'DAGS_FOLDER/final_etl.py', '--cfg-path', '/tmp/tmpsl2otnuk']
[2024-08-12T08:55:21.812+0000] {standard_task_runner.py:91} INFO - Job 2600: Subtask fetch_the_api
[2024-08-12T08:55:21.876+0000] {task_command.py:426} INFO - Running <TaskInstance: etl_2024-08-12.fetch_the_api scheduled__2024-05-13T00:00:00+00:00 [running]> on host 88a939613e48
[2024-08-12T08:55:21.970+0000] {taskinstance.py:2648} INFO - Exporting env vars: AIRFLOW_CTX_DAG_OWNER='***' AIRFLOW_CTX_DAG_ID='etl_2024-08-12' AIRFLOW_CTX_TASK_ID='fetch_the_api' AIRFLOW_CTX_EXECUTION_DATE='2024-05-13T00:00:00+00:00' AIRFLOW_CTX_TRY_NUMBER='1' AIRFLOW_CTX_DAG_RUN_ID='scheduled__2024-05-13T00:00:00+00:00'
[2024-08-12T08:55:21.971+0000] {taskinstance.py:430} INFO - ::endgroup::
[2024-08-12T08:55:21.979+0000] {subprocess.py:63} INFO - Tmp dir root location: /tmp
[2024-08-12T08:55:21.980+0000] {subprocess.py:75} INFO - Running command: ['/usr/bin/bash', '-c', 'python3 /opt/***/data/config.py']
[2024-08-12T08:55:21.986+0000] {subprocess.py:86} INFO - Output:
[2024-08-12T08:55:22.047+0000] {subprocess.py:97} INFO - Command exited with return code 0
[2024-08-12T08:55:22.047+0000] {taskinstance.py:441} INFO - ::group::Post task execution logs
[2024-08-12T08:55:22.083+0000] {taskinstance.py:1206} INFO - Marking task as SUCCESS. dag_id=etl_2024-08-12, task_id=fetch_the_api, run_id=scheduled__2024-05-13T00:00:00+00:00, execution_date=20240513T000000, start_date=20240812T085521, end_date=20240812T085522
[2024-08-12T08:55:22.180+0000] {local_task_job_runner.py:240} INFO - Task exited with return code 0
[2024-08-12T08:55:22.208+0000] {taskinstance.py:3503} INFO - 1 downstream tasks scheduled from follow-on schedule check
[2024-08-12T08:55:22.233+0000] {local_task_job_runner.py:222} INFO - ::endgroup::
