[2024-08-07T10:48:58.487+0000] {local_task_job_runner.py:120} INFO - ::group::Pre task execution logs
[2024-08-07T10:48:58.515+0000] {taskinstance.py:2076} INFO - Dependencies all met for dep_context=non-requeueable deps ti=<TaskInstance: etl_2024-08-07.fetch_the_api scheduled__2024-06-01T00:00:00+00:00 [queued]>
[2024-08-07T10:48:58.522+0000] {taskinstance.py:2076} INFO - Dependencies all met for dep_context=requeueable deps ti=<TaskInstance: etl_2024-08-07.fetch_the_api scheduled__2024-06-01T00:00:00+00:00 [queued]>
[2024-08-07T10:48:58.522+0000] {taskinstance.py:2306} INFO - Starting attempt 1 of 2
[2024-08-07T10:48:58.559+0000] {taskinstance.py:2330} INFO - Executing <Task(BashOperator): fetch_the_api> on 2024-06-01 00:00:00+00:00
[2024-08-07T10:48:58.563+0000] {standard_task_runner.py:63} INFO - Started process 2249 to run task
[2024-08-07T10:48:58.567+0000] {standard_task_runner.py:90} INFO - Running: ['***', 'tasks', 'run', 'etl_2024-08-07', 'fetch_the_api', 'scheduled__2024-06-01T00:00:00+00:00', '--job-id', '234', '--raw', '--subdir', 'DAGS_FOLDER/final_etl.py', '--cfg-path', '/tmp/tmpa8ynevee']
[2024-08-07T10:48:58.569+0000] {standard_task_runner.py:91} INFO - Job 234: Subtask fetch_the_api
[2024-08-07T10:48:58.632+0000] {task_command.py:426} INFO - Running <TaskInstance: etl_2024-08-07.fetch_the_api scheduled__2024-06-01T00:00:00+00:00 [running]> on host 8cffaad11d99
[2024-08-07T10:48:58.724+0000] {taskinstance.py:2648} INFO - Exporting env vars: AIRFLOW_CTX_DAG_OWNER='***' AIRFLOW_CTX_DAG_ID='etl_2024-08-07' AIRFLOW_CTX_TASK_ID='fetch_the_api' AIRFLOW_CTX_EXECUTION_DATE='2024-06-01T00:00:00+00:00' AIRFLOW_CTX_TRY_NUMBER='1' AIRFLOW_CTX_DAG_RUN_ID='scheduled__2024-06-01T00:00:00+00:00'
[2024-08-07T10:48:58.725+0000] {taskinstance.py:430} INFO - ::endgroup::
[2024-08-07T10:48:58.732+0000] {subprocess.py:63} INFO - Tmp dir root location: /tmp
[2024-08-07T10:48:58.732+0000] {subprocess.py:75} INFO - Running command: ['/usr/bin/bash', '-c', 'python3 /opt/***/data/config.py']
[2024-08-07T10:48:58.740+0000] {subprocess.py:86} INFO - Output:
[2024-08-07T10:48:58.818+0000] {subprocess.py:97} INFO - Command exited with return code 0
[2024-08-07T10:48:58.819+0000] {taskinstance.py:441} INFO - ::group::Post task execution logs
[2024-08-07T10:48:58.863+0000] {taskinstance.py:1206} INFO - Marking task as SUCCESS. dag_id=etl_2024-08-07, task_id=fetch_the_api, run_id=scheduled__2024-06-01T00:00:00+00:00, execution_date=20240601T000000, start_date=20240807T104858, end_date=20240807T104858
[2024-08-07T10:48:58.979+0000] {local_task_job_runner.py:240} INFO - Task exited with return code 0
[2024-08-07T10:48:59.002+0000] {taskinstance.py:3503} INFO - 1 downstream tasks scheduled from follow-on schedule check
[2024-08-07T10:48:59.104+0000] {local_task_job_runner.py:222} INFO - ::endgroup::
[2024-08-07T10:55:09.398+0000] {local_task_job_runner.py:120} INFO - ::group::Pre task execution logs
[2024-08-07T10:55:09.419+0000] {taskinstance.py:2076} INFO - Dependencies all met for dep_context=non-requeueable deps ti=<TaskInstance: etl_2024-08-07.fetch_the_api scheduled__2024-06-01T00:00:00+00:00 [queued]>
[2024-08-07T10:55:09.423+0000] {taskinstance.py:2076} INFO - Dependencies all met for dep_context=requeueable deps ti=<TaskInstance: etl_2024-08-07.fetch_the_api scheduled__2024-06-01T00:00:00+00:00 [queued]>
[2024-08-07T10:55:09.424+0000] {taskinstance.py:2306} INFO - Starting attempt 1 of 2
[2024-08-07T10:55:09.449+0000] {taskinstance.py:2330} INFO - Executing <Task(BashOperator): fetch_the_api> on 2024-06-01 00:00:00+00:00
[2024-08-07T10:55:09.452+0000] {standard_task_runner.py:63} INFO - Started process 3038 to run task
[2024-08-07T10:55:09.456+0000] {standard_task_runner.py:90} INFO - Running: ['***', 'tasks', 'run', 'etl_2024-08-07', 'fetch_the_api', 'scheduled__2024-06-01T00:00:00+00:00', '--job-id', '448', '--raw', '--subdir', 'DAGS_FOLDER/final_etl.py', '--cfg-path', '/tmp/tmp8hsfiyd2']
[2024-08-07T10:55:09.458+0000] {standard_task_runner.py:91} INFO - Job 448: Subtask fetch_the_api
[2024-08-07T10:55:09.514+0000] {task_command.py:426} INFO - Running <TaskInstance: etl_2024-08-07.fetch_the_api scheduled__2024-06-01T00:00:00+00:00 [running]> on host 8cffaad11d99
[2024-08-07T10:55:09.621+0000] {taskinstance.py:2648} INFO - Exporting env vars: AIRFLOW_CTX_DAG_OWNER='***' AIRFLOW_CTX_DAG_ID='etl_2024-08-07' AIRFLOW_CTX_TASK_ID='fetch_the_api' AIRFLOW_CTX_EXECUTION_DATE='2024-06-01T00:00:00+00:00' AIRFLOW_CTX_TRY_NUMBER='1' AIRFLOW_CTX_DAG_RUN_ID='scheduled__2024-06-01T00:00:00+00:00'
[2024-08-07T10:55:09.621+0000] {taskinstance.py:430} INFO - ::endgroup::
[2024-08-07T10:55:09.629+0000] {subprocess.py:63} INFO - Tmp dir root location: /tmp
[2024-08-07T10:55:09.629+0000] {subprocess.py:75} INFO - Running command: ['/usr/bin/bash', '-c', 'python3 /opt/***/data/config.py']
[2024-08-07T10:55:09.636+0000] {subprocess.py:86} INFO - Output:
[2024-08-07T10:55:09.697+0000] {subprocess.py:97} INFO - Command exited with return code 0
[2024-08-07T10:55:09.698+0000] {taskinstance.py:441} INFO - ::group::Post task execution logs
[2024-08-07T10:55:10.067+0000] {taskinstance.py:1206} INFO - Marking task as SUCCESS. dag_id=etl_2024-08-07, task_id=fetch_the_api, run_id=scheduled__2024-06-01T00:00:00+00:00, execution_date=20240601T000000, start_date=20240807T105509, end_date=20240807T105510
[2024-08-07T10:55:10.552+0000] {local_task_job_runner.py:240} INFO - Task exited with return code 0
[2024-08-07T10:55:10.571+0000] {taskinstance.py:3503} INFO - 1 downstream tasks scheduled from follow-on schedule check
[2024-08-07T10:55:10.607+0000] {local_task_job_runner.py:222} INFO - ::endgroup::
