[2024-08-07T10:49:02.086+0000] {local_task_job_runner.py:120} INFO - ::group::Pre task execution logs
[2024-08-07T10:49:02.122+0000] {taskinstance.py:2076} INFO - Dependencies all met for dep_context=non-requeueable deps ti=<TaskInstance: etl_2024-08-07.log_the_data scheduled__2024-06-01T00:00:00+00:00 [queued]>
[2024-08-07T10:49:02.126+0000] {taskinstance.py:2076} INFO - Dependencies all met for dep_context=requeueable deps ti=<TaskInstance: etl_2024-08-07.log_the_data scheduled__2024-06-01T00:00:00+00:00 [queued]>
[2024-08-07T10:49:02.126+0000] {taskinstance.py:2306} INFO - Starting attempt 1 of 2
[2024-08-07T10:49:02.156+0000] {taskinstance.py:2330} INFO - Executing <Task(BashOperator): log_the_data> on 2024-06-01 00:00:00+00:00
[2024-08-07T10:49:02.162+0000] {standard_task_runner.py:63} INFO - Started process 2351 to run task
[2024-08-07T10:49:02.164+0000] {standard_task_runner.py:90} INFO - Running: ['***', 'tasks', 'run', 'etl_2024-08-07', 'log_the_data', 'scheduled__2024-06-01T00:00:00+00:00', '--job-id', '267', '--raw', '--subdir', 'DAGS_FOLDER/final_etl.py', '--cfg-path', '/tmp/tmp9wdscp9k']
[2024-08-07T10:49:02.166+0000] {standard_task_runner.py:91} INFO - Job 267: Subtask log_the_data
[2024-08-07T10:49:02.221+0000] {task_command.py:426} INFO - Running <TaskInstance: etl_2024-08-07.log_the_data scheduled__2024-06-01T00:00:00+00:00 [running]> on host 8cffaad11d99
[2024-08-07T10:49:02.353+0000] {taskinstance.py:2648} INFO - Exporting env vars: AIRFLOW_CTX_DAG_OWNER='***' AIRFLOW_CTX_DAG_ID='etl_2024-08-07' AIRFLOW_CTX_TASK_ID='log_the_data' AIRFLOW_CTX_EXECUTION_DATE='2024-06-01T00:00:00+00:00' AIRFLOW_CTX_TRY_NUMBER='1' AIRFLOW_CTX_DAG_RUN_ID='scheduled__2024-06-01T00:00:00+00:00'
[2024-08-07T10:49:02.355+0000] {taskinstance.py:430} INFO - ::endgroup::
[2024-08-07T10:49:02.383+0000] {subprocess.py:63} INFO - Tmp dir root location: /tmp
[2024-08-07T10:49:02.384+0000] {subprocess.py:75} INFO - Running command: ['/usr/bin/bash', '-c', 'python3 /opt/***/data/logging_config.py']
[2024-08-07T10:49:02.392+0000] {subprocess.py:86} INFO - Output:
[2024-08-07T10:49:02.489+0000] {subprocess.py:97} INFO - Command exited with return code 0
[2024-08-07T10:49:02.489+0000] {taskinstance.py:441} INFO - ::group::Post task execution logs
[2024-08-07T10:49:02.544+0000] {taskinstance.py:1206} INFO - Marking task as SUCCESS. dag_id=etl_2024-08-07, task_id=log_the_data, run_id=scheduled__2024-06-01T00:00:00+00:00, execution_date=20240601T000000, start_date=20240807T104902, end_date=20240807T104902
[2024-08-07T10:49:02.618+0000] {local_task_job_runner.py:240} INFO - Task exited with return code 0
[2024-08-07T10:49:02.649+0000] {taskinstance.py:3503} INFO - 1 downstream tasks scheduled from follow-on schedule check
[2024-08-07T10:49:02.669+0000] {local_task_job_runner.py:222} INFO - ::endgroup::
[2024-08-07T10:55:12.939+0000] {local_task_job_runner.py:120} INFO - ::group::Pre task execution logs
[2024-08-07T10:55:12.963+0000] {taskinstance.py:2076} INFO - Dependencies all met for dep_context=non-requeueable deps ti=<TaskInstance: etl_2024-08-07.log_the_data scheduled__2024-06-01T00:00:00+00:00 [queued]>
[2024-08-07T10:55:12.971+0000] {taskinstance.py:2076} INFO - Dependencies all met for dep_context=requeueable deps ti=<TaskInstance: etl_2024-08-07.log_the_data scheduled__2024-06-01T00:00:00+00:00 [queued]>
[2024-08-07T10:55:12.973+0000] {taskinstance.py:2306} INFO - Starting attempt 1 of 2
[2024-08-07T10:55:13.022+0000] {taskinstance.py:2330} INFO - Executing <Task(BashOperator): log_the_data> on 2024-06-01 00:00:00+00:00
[2024-08-07T10:55:13.028+0000] {standard_task_runner.py:63} INFO - Started process 3135 to run task
[2024-08-07T10:55:13.036+0000] {standard_task_runner.py:90} INFO - Running: ['***', 'tasks', 'run', 'etl_2024-08-07', 'log_the_data', 'scheduled__2024-06-01T00:00:00+00:00', '--job-id', '481', '--raw', '--subdir', 'DAGS_FOLDER/final_etl.py', '--cfg-path', '/tmp/tmp41l_vr2x']
[2024-08-07T10:55:13.039+0000] {standard_task_runner.py:91} INFO - Job 481: Subtask log_the_data
[2024-08-07T10:55:13.130+0000] {task_command.py:426} INFO - Running <TaskInstance: etl_2024-08-07.log_the_data scheduled__2024-06-01T00:00:00+00:00 [running]> on host 8cffaad11d99
[2024-08-07T10:55:13.253+0000] {taskinstance.py:2648} INFO - Exporting env vars: AIRFLOW_CTX_DAG_OWNER='***' AIRFLOW_CTX_DAG_ID='etl_2024-08-07' AIRFLOW_CTX_TASK_ID='log_the_data' AIRFLOW_CTX_EXECUTION_DATE='2024-06-01T00:00:00+00:00' AIRFLOW_CTX_TRY_NUMBER='1' AIRFLOW_CTX_DAG_RUN_ID='scheduled__2024-06-01T00:00:00+00:00'
[2024-08-07T10:55:13.254+0000] {taskinstance.py:430} INFO - ::endgroup::
[2024-08-07T10:55:13.267+0000] {subprocess.py:63} INFO - Tmp dir root location: /tmp
[2024-08-07T10:55:13.268+0000] {subprocess.py:75} INFO - Running command: ['/usr/bin/bash', '-c', 'python3 /opt/***/data/logging_config.py']
[2024-08-07T10:55:13.277+0000] {subprocess.py:86} INFO - Output:
[2024-08-07T10:55:13.378+0000] {subprocess.py:97} INFO - Command exited with return code 0
[2024-08-07T10:55:13.380+0000] {taskinstance.py:441} INFO - ::group::Post task execution logs
[2024-08-07T10:55:13.422+0000] {taskinstance.py:1206} INFO - Marking task as SUCCESS. dag_id=etl_2024-08-07, task_id=log_the_data, run_id=scheduled__2024-06-01T00:00:00+00:00, execution_date=20240601T000000, start_date=20240807T105512, end_date=20240807T105513
[2024-08-07T10:55:13.565+0000] {local_task_job_runner.py:240} INFO - Task exited with return code 0
[2024-08-07T10:55:13.585+0000] {taskinstance.py:3503} INFO - 1 downstream tasks scheduled from follow-on schedule check
[2024-08-07T10:55:13.610+0000] {local_task_job_runner.py:222} INFO - ::endgroup::
