[2024-08-09T09:28:39.176+0000] {local_task_job_runner.py:120} INFO - ::group::Pre task execution logs
[2024-08-09T09:28:39.199+0000] {taskinstance.py:2076} INFO - Dependencies all met for dep_context=non-requeueable deps ti=<TaskInstance: etl_2024-08-09.fetch_the_api manual__2024-08-09T09:28:35.422372+00:00 [queued]>
[2024-08-09T09:28:39.205+0000] {taskinstance.py:2076} INFO - Dependencies all met for dep_context=requeueable deps ti=<TaskInstance: etl_2024-08-09.fetch_the_api manual__2024-08-09T09:28:35.422372+00:00 [queued]>
[2024-08-09T09:28:39.206+0000] {taskinstance.py:2306} INFO - Starting attempt 1 of 2
[2024-08-09T09:28:39.226+0000] {taskinstance.py:2330} INFO - Executing <Task(BashOperator): fetch_the_api> on 2024-08-09 09:28:35.422372+00:00
[2024-08-09T09:28:39.231+0000] {standard_task_runner.py:63} INFO - Started process 12932 to run task
[2024-08-09T09:28:39.236+0000] {standard_task_runner.py:90} INFO - Running: ['***', 'tasks', 'run', 'etl_2024-08-09', 'fetch_the_api', 'manual__2024-08-09T09:28:35.422372+00:00', '--job-id', '2331', '--raw', '--subdir', 'DAGS_FOLDER/final_etl.py', '--cfg-path', '/tmp/tmp2x5v9tuy']
[2024-08-09T09:28:39.237+0000] {standard_task_runner.py:91} INFO - Job 2331: Subtask fetch_the_api
[2024-08-09T09:28:39.293+0000] {task_command.py:426} INFO - Running <TaskInstance: etl_2024-08-09.fetch_the_api manual__2024-08-09T09:28:35.422372+00:00 [running]> on host 05bc191a9412
[2024-08-09T09:28:39.408+0000] {taskinstance.py:2648} INFO - Exporting env vars: AIRFLOW_CTX_DAG_OWNER='***' AIRFLOW_CTX_DAG_ID='etl_2024-08-09' AIRFLOW_CTX_TASK_ID='fetch_the_api' AIRFLOW_CTX_EXECUTION_DATE='2024-08-09T09:28:35.422372+00:00' AIRFLOW_CTX_TRY_NUMBER='1' AIRFLOW_CTX_DAG_RUN_ID='manual__2024-08-09T09:28:35.422372+00:00'
[2024-08-09T09:28:39.410+0000] {taskinstance.py:430} INFO - ::endgroup::
[2024-08-09T09:28:39.427+0000] {subprocess.py:63} INFO - Tmp dir root location: /tmp
[2024-08-09T09:28:39.428+0000] {subprocess.py:75} INFO - Running command: ['/usr/bin/bash', '-c', 'python3 /opt/***/data/config.py']
[2024-08-09T09:28:39.434+0000] {subprocess.py:86} INFO - Output:
[2024-08-09T09:28:39.496+0000] {subprocess.py:97} INFO - Command exited with return code 0
[2024-08-09T09:28:39.496+0000] {taskinstance.py:441} INFO - ::group::Post task execution logs
[2024-08-09T09:28:39.531+0000] {taskinstance.py:1206} INFO - Marking task as SUCCESS. dag_id=etl_2024-08-09, task_id=fetch_the_api, run_id=manual__2024-08-09T09:28:35.422372+00:00, execution_date=20240809T092835, start_date=20240809T092839, end_date=20240809T092839
[2024-08-09T09:28:39.568+0000] {local_task_job_runner.py:240} INFO - Task exited with return code 0
[2024-08-09T09:28:39.615+0000] {taskinstance.py:3503} INFO - 1 downstream tasks scheduled from follow-on schedule check
[2024-08-09T09:28:39.636+0000] {local_task_job_runner.py:222} INFO - ::endgroup::
