[2024-08-07T10:48:49.495+0000] {local_task_job_runner.py:120} INFO - ::group::Pre task execution logs
[2024-08-07T10:48:49.512+0000] {taskinstance.py:2076} INFO - Dependencies all met for dep_context=non-requeueable deps ti=<TaskInstance: etl_2024-08-07.final_etl_processing scheduled__2024-05-20T00:00:00+00:00 [queued]>
[2024-08-07T10:48:49.517+0000] {taskinstance.py:2076} INFO - Dependencies all met for dep_context=requeueable deps ti=<TaskInstance: etl_2024-08-07.final_etl_processing scheduled__2024-05-20T00:00:00+00:00 [queued]>
[2024-08-07T10:48:49.517+0000] {taskinstance.py:2306} INFO - Starting attempt 2 of 2
[2024-08-07T10:48:49.539+0000] {taskinstance.py:2330} INFO - Executing <Task(BashOperator): final_etl_processing> on 2024-05-20 00:00:00+00:00
[2024-08-07T10:48:49.541+0000] {standard_task_runner.py:63} INFO - Started process 2188 to run task
[2024-08-07T10:48:49.543+0000] {standard_task_runner.py:90} INFO - Running: ['***', 'tasks', 'run', 'etl_2024-08-07', 'final_etl_processing', 'scheduled__2024-05-20T00:00:00+00:00', '--job-id', '211', '--raw', '--subdir', 'DAGS_FOLDER/final_etl.py', '--cfg-path', '/tmp/tmp_kwo3ddi']
[2024-08-07T10:48:49.545+0000] {standard_task_runner.py:91} INFO - Job 211: Subtask final_etl_processing
[2024-08-07T10:48:49.589+0000] {task_command.py:426} INFO - Running <TaskInstance: etl_2024-08-07.final_etl_processing scheduled__2024-05-20T00:00:00+00:00 [running]> on host 8cffaad11d99
[2024-08-07T10:48:49.648+0000] {abstractoperator.py:725} ERROR - Exception rendering Jinja template for task 'final_etl_processing', field 'bash_command'. Template: "python3 /opt/***/data/etl_m12.py --connection {{ var.value.data_dev_connection }} --csv '{{ task_instance.xcom_pull(task_ids='fetch_the_api') }}'"
Traceback (most recent call last):
  File "/home/airflow/.local/lib/python3.9/site-packages/airflow/models/abstractoperator.py", line 717, in _do_render_template_fields
    rendered_content = self.render_template(
  File "/home/airflow/.local/lib/python3.9/site-packages/airflow/template/templater.py", line 169, in render_template
    return self._render(template, context)
  File "/home/airflow/.local/lib/python3.9/site-packages/airflow/models/abstractoperator.py", line 675, in _render
    return super()._render(template, context, dag=dag)
  File "/home/airflow/.local/lib/python3.9/site-packages/airflow/template/templater.py", line 126, in _render
    return render_template_to_string(template, context)
  File "/home/airflow/.local/lib/python3.9/site-packages/airflow/utils/helpers.py", line 289, in render_template_to_string
    return render_template(template, cast(MutableMapping[str, Any], context), native=False)
  File "/home/airflow/.local/lib/python3.9/site-packages/airflow/utils/helpers.py", line 284, in render_template
    return "".join(nodes)
  File "<template>", line 14, in root
  File "/home/airflow/.local/lib/python3.9/site-packages/jinja2/sandbox.py", line 327, in getattr
    value = getattr(obj, attribute)
  File "/home/airflow/.local/lib/python3.9/site-packages/airflow/utils/context.py", line 110, in __getattr__
    self.var = Variable.get(key, deserialize_json=self._deserialize_json)
  File "/home/airflow/.local/lib/python3.9/site-packages/airflow/models/variable.py", line 143, in get
    raise KeyError(f"Variable {key} does not exist")
KeyError: 'Variable data_dev_connection does not exist'
[2024-08-07T10:48:49.649+0000] {taskinstance.py:2905} ERROR - Task failed with exception
Traceback (most recent call last):
  File "/home/airflow/.local/lib/python3.9/site-packages/airflow/models/taskinstance.py", line 2479, in _run_raw_task
    self._execute_task_with_callbacks(context, test_mode, session=session)
  File "/home/airflow/.local/lib/python3.9/site-packages/airflow/models/taskinstance.py", line 2633, in _execute_task_with_callbacks
    task_orig = self.render_templates(context=context, jinja_env=jinja_env)
  File "/home/airflow/.local/lib/python3.9/site-packages/airflow/models/taskinstance.py", line 3094, in render_templates
    original_task.render_template_fields(context, jinja_env)
  File "/home/airflow/.local/lib/python3.9/site-packages/airflow/models/baseoperator.py", line 1337, in render_template_fields
    self._do_render_template_fields(self, self.template_fields, context, jinja_env, set())
  File "/home/airflow/.local/lib/python3.9/site-packages/airflow/models/abstractoperator.py", line 717, in _do_render_template_fields
    rendered_content = self.render_template(
  File "/home/airflow/.local/lib/python3.9/site-packages/airflow/template/templater.py", line 169, in render_template
    return self._render(template, context)
  File "/home/airflow/.local/lib/python3.9/site-packages/airflow/models/abstractoperator.py", line 675, in _render
    return super()._render(template, context, dag=dag)
  File "/home/airflow/.local/lib/python3.9/site-packages/airflow/template/templater.py", line 126, in _render
    return render_template_to_string(template, context)
  File "/home/airflow/.local/lib/python3.9/site-packages/airflow/utils/helpers.py", line 289, in render_template_to_string
    return render_template(template, cast(MutableMapping[str, Any], context), native=False)
  File "/home/airflow/.local/lib/python3.9/site-packages/airflow/utils/helpers.py", line 284, in render_template
    return "".join(nodes)
  File "<template>", line 14, in root
  File "/home/airflow/.local/lib/python3.9/site-packages/jinja2/sandbox.py", line 327, in getattr
    value = getattr(obj, attribute)
  File "/home/airflow/.local/lib/python3.9/site-packages/airflow/utils/context.py", line 110, in __getattr__
    self.var = Variable.get(key, deserialize_json=self._deserialize_json)
  File "/home/airflow/.local/lib/python3.9/site-packages/airflow/models/variable.py", line 143, in get
    raise KeyError(f"Variable {key} does not exist")
KeyError: 'Variable data_dev_connection does not exist'
[2024-08-07T10:48:49.656+0000] {taskinstance.py:1206} INFO - Marking task as FAILED. dag_id=etl_2024-08-07, task_id=final_etl_processing, run_id=scheduled__2024-05-20T00:00:00+00:00, execution_date=20240520T000000, start_date=20240807T104849, end_date=20240807T104849
[2024-08-07T10:48:49.676+0000] {standard_task_runner.py:110} ERROR - Failed to execute job 211 for task final_etl_processing ('Variable data_dev_connection does not exist'; 2188)
[2024-08-07T10:48:49.716+0000] {local_task_job_runner.py:240} INFO - Task exited with return code 1
[2024-08-07T10:48:49.735+0000] {taskinstance.py:3503} INFO - 0 downstream tasks scheduled from follow-on schedule check
[2024-08-07T10:48:49.752+0000] {local_task_job_runner.py:222} INFO - ::endgroup::
[2024-08-07T10:55:01.356+0000] {local_task_job_runner.py:120} INFO - ::group::Pre task execution logs
[2024-08-07T10:55:01.374+0000] {taskinstance.py:2076} INFO - Dependencies all met for dep_context=non-requeueable deps ti=<TaskInstance: etl_2024-08-07.final_etl_processing scheduled__2024-05-20T00:00:00+00:00 [queued]>
[2024-08-07T10:55:01.379+0000] {taskinstance.py:2076} INFO - Dependencies all met for dep_context=requeueable deps ti=<TaskInstance: etl_2024-08-07.final_etl_processing scheduled__2024-05-20T00:00:00+00:00 [queued]>
[2024-08-07T10:55:01.379+0000] {taskinstance.py:2306} INFO - Starting attempt 2 of 2
[2024-08-07T10:55:01.441+0000] {taskinstance.py:2330} INFO - Executing <Task(BashOperator): final_etl_processing> on 2024-05-20 00:00:00+00:00
[2024-08-07T10:55:01.448+0000] {standard_task_runner.py:63} INFO - Started process 2978 to run task
[2024-08-07T10:55:01.455+0000] {standard_task_runner.py:90} INFO - Running: ['***', 'tasks', 'run', 'etl_2024-08-07', 'final_etl_processing', 'scheduled__2024-05-20T00:00:00+00:00', '--job-id', '429', '--raw', '--subdir', 'DAGS_FOLDER/final_etl.py', '--cfg-path', '/tmp/tmppo9zaj5j']
[2024-08-07T10:55:01.461+0000] {standard_task_runner.py:91} INFO - Job 429: Subtask final_etl_processing
[2024-08-07T10:55:01.550+0000] {task_command.py:426} INFO - Running <TaskInstance: etl_2024-08-07.final_etl_processing scheduled__2024-05-20T00:00:00+00:00 [running]> on host 8cffaad11d99
[2024-08-07T10:55:01.602+0000] {abstractoperator.py:725} ERROR - Exception rendering Jinja template for task 'final_etl_processing', field 'bash_command'. Template: "python3 /opt/***/data/etl_m12.py --connection {{ var.value.data_dev_connection }} --csv '{{ task_instance.xcom_pull(task_ids='fetch_the_api') }}'"
Traceback (most recent call last):
  File "/home/airflow/.local/lib/python3.9/site-packages/airflow/models/abstractoperator.py", line 717, in _do_render_template_fields
    rendered_content = self.render_template(
  File "/home/airflow/.local/lib/python3.9/site-packages/airflow/template/templater.py", line 169, in render_template
    return self._render(template, context)
  File "/home/airflow/.local/lib/python3.9/site-packages/airflow/models/abstractoperator.py", line 675, in _render
    return super()._render(template, context, dag=dag)
  File "/home/airflow/.local/lib/python3.9/site-packages/airflow/template/templater.py", line 126, in _render
    return render_template_to_string(template, context)
  File "/home/airflow/.local/lib/python3.9/site-packages/airflow/utils/helpers.py", line 289, in render_template_to_string
    return render_template(template, cast(MutableMapping[str, Any], context), native=False)
  File "/home/airflow/.local/lib/python3.9/site-packages/airflow/utils/helpers.py", line 284, in render_template
    return "".join(nodes)
  File "<template>", line 14, in root
  File "/home/airflow/.local/lib/python3.9/site-packages/jinja2/sandbox.py", line 327, in getattr
    value = getattr(obj, attribute)
  File "/home/airflow/.local/lib/python3.9/site-packages/airflow/utils/context.py", line 110, in __getattr__
    self.var = Variable.get(key, deserialize_json=self._deserialize_json)
  File "/home/airflow/.local/lib/python3.9/site-packages/airflow/models/variable.py", line 143, in get
    raise KeyError(f"Variable {key} does not exist")
KeyError: 'Variable data_dev_connection does not exist'
[2024-08-07T10:55:01.603+0000] {taskinstance.py:2905} ERROR - Task failed with exception
Traceback (most recent call last):
  File "/home/airflow/.local/lib/python3.9/site-packages/airflow/models/taskinstance.py", line 2479, in _run_raw_task
    self._execute_task_with_callbacks(context, test_mode, session=session)
  File "/home/airflow/.local/lib/python3.9/site-packages/airflow/models/taskinstance.py", line 2633, in _execute_task_with_callbacks
    task_orig = self.render_templates(context=context, jinja_env=jinja_env)
  File "/home/airflow/.local/lib/python3.9/site-packages/airflow/models/taskinstance.py", line 3094, in render_templates
    original_task.render_template_fields(context, jinja_env)
  File "/home/airflow/.local/lib/python3.9/site-packages/airflow/models/baseoperator.py", line 1337, in render_template_fields
    self._do_render_template_fields(self, self.template_fields, context, jinja_env, set())
  File "/home/airflow/.local/lib/python3.9/site-packages/airflow/models/abstractoperator.py", line 717, in _do_render_template_fields
    rendered_content = self.render_template(
  File "/home/airflow/.local/lib/python3.9/site-packages/airflow/template/templater.py", line 169, in render_template
    return self._render(template, context)
  File "/home/airflow/.local/lib/python3.9/site-packages/airflow/models/abstractoperator.py", line 675, in _render
    return super()._render(template, context, dag=dag)
  File "/home/airflow/.local/lib/python3.9/site-packages/airflow/template/templater.py", line 126, in _render
    return render_template_to_string(template, context)
  File "/home/airflow/.local/lib/python3.9/site-packages/airflow/utils/helpers.py", line 289, in render_template_to_string
    return render_template(template, cast(MutableMapping[str, Any], context), native=False)
  File "/home/airflow/.local/lib/python3.9/site-packages/airflow/utils/helpers.py", line 284, in render_template
    return "".join(nodes)
  File "<template>", line 14, in root
  File "/home/airflow/.local/lib/python3.9/site-packages/jinja2/sandbox.py", line 327, in getattr
    value = getattr(obj, attribute)
  File "/home/airflow/.local/lib/python3.9/site-packages/airflow/utils/context.py", line 110, in __getattr__
    self.var = Variable.get(key, deserialize_json=self._deserialize_json)
  File "/home/airflow/.local/lib/python3.9/site-packages/airflow/models/variable.py", line 143, in get
    raise KeyError(f"Variable {key} does not exist")
KeyError: 'Variable data_dev_connection does not exist'
[2024-08-07T10:55:01.609+0000] {taskinstance.py:1206} INFO - Marking task as FAILED. dag_id=etl_2024-08-07, task_id=final_etl_processing, run_id=scheduled__2024-05-20T00:00:00+00:00, execution_date=20240520T000000, start_date=20240807T105501, end_date=20240807T105501
[2024-08-07T10:55:01.623+0000] {standard_task_runner.py:110} ERROR - Failed to execute job 429 for task final_etl_processing ('Variable data_dev_connection does not exist'; 2978)
[2024-08-07T10:55:01.627+0000] {local_task_job_runner.py:240} INFO - Task exited with return code 1
[2024-08-07T10:55:01.642+0000] {taskinstance.py:3503} INFO - 0 downstream tasks scheduled from follow-on schedule check
[2024-08-07T10:55:01.679+0000] {local_task_job_runner.py:222} INFO - ::endgroup::
