[2024-08-09T07:19:56.304+0000] {local_task_job_runner.py:120} INFO - ::group::Pre task execution logs
[2024-08-09T07:19:56.328+0000] {taskinstance.py:2076} INFO - Dependencies all met for dep_context=non-requeueable deps ti=<TaskInstance: data_migrations2024-08-09.fetch_the_api scheduled__2024-07-09T00:00:00+00:00 [queued]>
[2024-08-09T07:19:56.333+0000] {taskinstance.py:2076} INFO - Dependencies all met for dep_context=requeueable deps ti=<TaskInstance: data_migrations2024-08-09.fetch_the_api scheduled__2024-07-09T00:00:00+00:00 [queued]>
[2024-08-09T07:19:56.334+0000] {taskinstance.py:2306} INFO - Starting attempt 1 of 2
[2024-08-09T07:19:56.357+0000] {taskinstance.py:2330} INFO - Executing <Task(BashOperator): fetch_the_api> on 2024-07-09 00:00:00+00:00
[2024-08-09T07:19:56.361+0000] {standard_task_runner.py:63} INFO - Started process 5584 to run task
[2024-08-09T07:19:56.365+0000] {standard_task_runner.py:90} INFO - Running: ['***', 'tasks', 'run', 'data_migrations2024-08-09', 'fetch_the_api', 'scheduled__2024-07-09T00:00:00+00:00', '--job-id', '1730', '--raw', '--subdir', 'DAGS_FOLDER/data_migrations.py', '--cfg-path', '/tmp/tmpfgt0rw4d']
[2024-08-09T07:19:56.367+0000] {standard_task_runner.py:91} INFO - Job 1730: Subtask fetch_the_api
[2024-08-09T07:19:56.424+0000] {task_command.py:426} INFO - Running <TaskInstance: data_migrations2024-08-09.fetch_the_api scheduled__2024-07-09T00:00:00+00:00 [running]> on host 05bc191a9412
[2024-08-09T07:19:57.581+0000] {taskinstance.py:2648} INFO - Exporting env vars: AIRFLOW_CTX_DAG_OWNER='***' AIRFLOW_CTX_DAG_ID='data_migrations2024-08-09' AIRFLOW_CTX_TASK_ID='fetch_the_api' AIRFLOW_CTX_EXECUTION_DATE='2024-07-09T00:00:00+00:00' AIRFLOW_CTX_TRY_NUMBER='1' AIRFLOW_CTX_DAG_RUN_ID='scheduled__2024-07-09T00:00:00+00:00'
[2024-08-09T07:19:57.583+0000] {taskinstance.py:430} INFO - ::endgroup::
[2024-08-09T07:19:57.604+0000] {subprocess.py:63} INFO - Tmp dir root location: /tmp
[2024-08-09T07:19:57.605+0000] {subprocess.py:75} INFO - Running command: ['/usr/bin/bash', '-c', 'python3 /opt/***/data/etl_m12_local_db.py']
[2024-08-09T07:19:57.614+0000] {subprocess.py:86} INFO - Output:
[2024-08-09T07:19:59.521+0000] {subprocess.py:93} INFO - Database tables created successfully.
[2024-08-09T07:19:59.555+0000] {subprocess.py:97} INFO - Command exited with return code 0
[2024-08-09T07:19:59.556+0000] {taskinstance.py:441} INFO - ::group::Post task execution logs
[2024-08-09T07:19:59.753+0000] {taskinstance.py:1206} INFO - Marking task as SUCCESS. dag_id=data_migrations2024-08-09, task_id=fetch_the_api, run_id=scheduled__2024-07-09T00:00:00+00:00, execution_date=20240709T000000, start_date=20240809T071956, end_date=20240809T071959
[2024-08-09T07:20:00.192+0000] {local_task_job_runner.py:240} INFO - Task exited with return code 0
[2024-08-09T07:20:00.222+0000] {taskinstance.py:3503} INFO - 0 downstream tasks scheduled from follow-on schedule check
[2024-08-09T07:20:00.250+0000] {local_task_job_runner.py:222} INFO - ::endgroup::
