[2024-08-21T06:26:11.117+0000] {local_task_job_runner.py:120} INFO - ::group::Pre task execution logs
[2024-08-21T06:26:11.153+0000] {taskinstance.py:2076} INFO - Dependencies all met for dep_context=non-requeueable deps ti=<TaskInstance: etl_22024-08-21.final_etl_processing scheduled__2024-07-04T00:00:00+00:00 [queued]>
[2024-08-21T06:26:11.171+0000] {taskinstance.py:2076} INFO - Dependencies all met for dep_context=requeueable deps ti=<TaskInstance: etl_22024-08-21.final_etl_processing scheduled__2024-07-04T00:00:00+00:00 [queued]>
[2024-08-21T06:26:11.172+0000] {taskinstance.py:2306} INFO - Starting attempt 2 of 2
[2024-08-21T06:26:11.188+0000] {taskinstance.py:2330} INFO - Executing <Task(BashOperator): final_etl_processing> on 2024-07-04 00:00:00+00:00
[2024-08-21T06:26:11.197+0000] {logging_mixin.py:188} WARNING - /home/***/.local/lib/python3.12/site-packages/***/task/task_runner/standard_task_runner.py:61 DeprecationWarning: This process (pid=3750) is multi-threaded, use of fork() may lead to deadlocks in the child.
[2024-08-21T06:26:11.198+0000] {standard_task_runner.py:90} INFO - Running: ['***', 'tasks', 'run', 'etl_22024-08-21', 'final_etl_processing', 'scheduled__2024-07-04T00:00:00+00:00', '--job-id', '589', '--raw', '--subdir', 'DAGS_FOLDER/final_etl.py', '--cfg-path', '/tmp/tmp85vkqjqg']
[2024-08-21T06:26:11.199+0000] {standard_task_runner.py:63} INFO - Started process 3757 to run task
[2024-08-21T06:26:11.201+0000] {standard_task_runner.py:91} INFO - Job 589: Subtask final_etl_processing
[2024-08-21T06:26:11.260+0000] {task_command.py:426} INFO - Running <TaskInstance: etl_22024-08-21.final_etl_processing scheduled__2024-07-04T00:00:00+00:00 [running]> on host 7e1333882d71
[2024-08-21T06:26:11.674+0000] {taskinstance.py:2648} INFO - Exporting env vars: AIRFLOW_CTX_DAG_OWNER='***' AIRFLOW_CTX_DAG_ID='etl_22024-08-21' AIRFLOW_CTX_TASK_ID='final_etl_processing' AIRFLOW_CTX_EXECUTION_DATE='2024-07-04T00:00:00+00:00' AIRFLOW_CTX_TRY_NUMBER='2' AIRFLOW_CTX_DAG_RUN_ID='scheduled__2024-07-04T00:00:00+00:00'
[2024-08-21T06:26:11.680+0000] {taskinstance.py:430} INFO - ::endgroup::
[2024-08-21T06:26:11.829+0000] {subprocess.py:63} INFO - Tmp dir root location: /tmp
[2024-08-21T06:26:11.862+0000] {subprocess.py:75} INFO - Running command: ['/usr/bin/bash', '-c', "python3 /opt/***/data/etl_m12.py --connection postgresql+psycopg2://***:***@postgres/postgres --csv ''"]
[2024-08-21T06:26:11.917+0000] {subprocess.py:86} INFO - Output:
[2024-08-21T06:26:14.549+0000] {subprocess.py:93} INFO - Traceback (most recent call last):
[2024-08-21T06:26:14.566+0000] {subprocess.py:93} INFO -   File "/opt/***/data/etl_m12.py", line 23, in <module>
[2024-08-21T06:26:14.573+0000] {subprocess.py:93} INFO -     Base = declarative_base()
[2024-08-21T06:26:14.575+0000] {subprocess.py:93} INFO -            ^^^^^^^^^^^^^^^^
[2024-08-21T06:26:14.579+0000] {subprocess.py:93} INFO - NameError: name 'declarative_base' is not defined
[2024-08-21T06:26:14.899+0000] {subprocess.py:97} INFO - Command exited with return code 1
[2024-08-21T06:26:14.909+0000] {taskinstance.py:441} INFO - ::group::Post task execution logs
[2024-08-21T06:26:14.967+0000] {taskinstance.py:2905} ERROR - Task failed with exception
Traceback (most recent call last):
  File "/home/airflow/.local/lib/python3.12/site-packages/airflow/models/taskinstance.py", line 465, in _execute_task
    result = _execute_callable(context=context, **execute_callable_kwargs)
             ^^^^^^^^^^^^^^^^^^^^^^^^^^^^^^^^^^^^^^^^^^^^^^^^^^^^^^^^^^^^^
  File "/home/airflow/.local/lib/python3.12/site-packages/airflow/models/taskinstance.py", line 432, in _execute_callable
    return execute_callable(context=context, **execute_callable_kwargs)
           ^^^^^^^^^^^^^^^^^^^^^^^^^^^^^^^^^^^^^^^^^^^^^^^^^^^^^^^^^^^^
  File "/home/airflow/.local/lib/python3.12/site-packages/airflow/models/baseoperator.py", line 401, in wrapper
    return func(self, *args, **kwargs)
           ^^^^^^^^^^^^^^^^^^^^^^^^^^^
  File "/home/airflow/.local/lib/python3.12/site-packages/airflow/operators/bash.py", line 243, in execute
    raise AirflowException(
airflow.exceptions.AirflowException: Bash command failed. The command returned a non-zero exit code 1.
[2024-08-21T06:26:14.992+0000] {taskinstance.py:1206} INFO - Marking task as FAILED. dag_id=etl_22024-08-21, task_id=final_etl_processing, run_id=scheduled__2024-07-04T00:00:00+00:00, execution_date=20240704T000000, start_date=20240821T062611, end_date=20240821T062614
[2024-08-21T06:26:15.180+0000] {standard_task_runner.py:110} ERROR - Failed to execute job 589 for task final_etl_processing (Bash command failed. The command returned a non-zero exit code 1.; 3757)
[2024-08-21T06:26:15.219+0000] {local_task_job_runner.py:240} INFO - Task exited with return code 1
[2024-08-21T06:26:15.444+0000] {taskinstance.py:3503} INFO - 0 downstream tasks scheduled from follow-on schedule check
[2024-08-21T06:26:15.458+0000] {local_task_job_runner.py:222} INFO - ::endgroup::
