[2024-08-07T10:48:58.679+0000] {local_task_job_runner.py:120} INFO - ::group::Pre task execution logs
[2024-08-07T10:48:58.703+0000] {taskinstance.py:2076} INFO - Dependencies all met for dep_context=non-requeueable deps ti=<TaskInstance: etl_2024-08-07.fetch_the_api scheduled__2024-06-02T00:00:00+00:00 [queued]>
[2024-08-07T10:48:58.710+0000] {taskinstance.py:2076} INFO - Dependencies all met for dep_context=requeueable deps ti=<TaskInstance: etl_2024-08-07.fetch_the_api scheduled__2024-06-02T00:00:00+00:00 [queued]>
[2024-08-07T10:48:58.710+0000] {taskinstance.py:2306} INFO - Starting attempt 1 of 2
[2024-08-07T10:48:58.742+0000] {taskinstance.py:2330} INFO - Executing <Task(BashOperator): fetch_the_api> on 2024-06-02 00:00:00+00:00
[2024-08-07T10:48:58.745+0000] {standard_task_runner.py:63} INFO - Started process 2256 to run task
[2024-08-07T10:48:58.750+0000] {standard_task_runner.py:90} INFO - Running: ['***', 'tasks', 'run', 'etl_2024-08-07', 'fetch_the_api', 'scheduled__2024-06-02T00:00:00+00:00', '--job-id', '237', '--raw', '--subdir', 'DAGS_FOLDER/final_etl.py', '--cfg-path', '/tmp/tmpw9a01906']
[2024-08-07T10:48:58.752+0000] {standard_task_runner.py:91} INFO - Job 237: Subtask fetch_the_api
[2024-08-07T10:48:58.813+0000] {task_command.py:426} INFO - Running <TaskInstance: etl_2024-08-07.fetch_the_api scheduled__2024-06-02T00:00:00+00:00 [running]> on host 8cffaad11d99
[2024-08-07T10:48:58.915+0000] {taskinstance.py:2648} INFO - Exporting env vars: AIRFLOW_CTX_DAG_OWNER='***' AIRFLOW_CTX_DAG_ID='etl_2024-08-07' AIRFLOW_CTX_TASK_ID='fetch_the_api' AIRFLOW_CTX_EXECUTION_DATE='2024-06-02T00:00:00+00:00' AIRFLOW_CTX_TRY_NUMBER='1' AIRFLOW_CTX_DAG_RUN_ID='scheduled__2024-06-02T00:00:00+00:00'
[2024-08-07T10:48:58.915+0000] {taskinstance.py:430} INFO - ::endgroup::
[2024-08-07T10:48:58.923+0000] {subprocess.py:63} INFO - Tmp dir root location: /tmp
[2024-08-07T10:48:58.923+0000] {subprocess.py:75} INFO - Running command: ['/usr/bin/bash', '-c', 'python3 /opt/***/data/config.py']
[2024-08-07T10:48:58.930+0000] {subprocess.py:86} INFO - Output:
[2024-08-07T10:48:59.003+0000] {subprocess.py:97} INFO - Command exited with return code 0
[2024-08-07T10:48:59.003+0000] {taskinstance.py:441} INFO - ::group::Post task execution logs
[2024-08-07T10:48:59.112+0000] {taskinstance.py:1206} INFO - Marking task as SUCCESS. dag_id=etl_2024-08-07, task_id=fetch_the_api, run_id=scheduled__2024-06-02T00:00:00+00:00, execution_date=20240602T000000, start_date=20240807T104858, end_date=20240807T104859
[2024-08-07T10:48:59.321+0000] {local_task_job_runner.py:240} INFO - Task exited with return code 0
[2024-08-07T10:48:59.341+0000] {taskinstance.py:3503} INFO - 1 downstream tasks scheduled from follow-on schedule check
[2024-08-07T10:48:59.541+0000] {local_task_job_runner.py:222} INFO - ::endgroup::
[2024-08-07T10:55:09.629+0000] {local_task_job_runner.py:120} INFO - ::group::Pre task execution logs
[2024-08-07T10:55:09.656+0000] {taskinstance.py:2076} INFO - Dependencies all met for dep_context=non-requeueable deps ti=<TaskInstance: etl_2024-08-07.fetch_the_api scheduled__2024-06-02T00:00:00+00:00 [queued]>
[2024-08-07T10:55:09.659+0000] {taskinstance.py:2076} INFO - Dependencies all met for dep_context=requeueable deps ti=<TaskInstance: etl_2024-08-07.fetch_the_api scheduled__2024-06-02T00:00:00+00:00 [queued]>
[2024-08-07T10:55:09.660+0000] {taskinstance.py:2306} INFO - Starting attempt 1 of 2
[2024-08-07T10:55:10.055+0000] {taskinstance.py:2330} INFO - Executing <Task(BashOperator): fetch_the_api> on 2024-06-02 00:00:00+00:00
[2024-08-07T10:55:10.063+0000] {standard_task_runner.py:63} INFO - Started process 3049 to run task
[2024-08-07T10:55:10.067+0000] {standard_task_runner.py:90} INFO - Running: ['***', 'tasks', 'run', 'etl_2024-08-07', 'fetch_the_api', 'scheduled__2024-06-02T00:00:00+00:00', '--job-id', '451', '--raw', '--subdir', 'DAGS_FOLDER/final_etl.py', '--cfg-path', '/tmp/tmpmqu0holr']
[2024-08-07T10:55:10.070+0000] {standard_task_runner.py:91} INFO - Job 451: Subtask fetch_the_api
[2024-08-07T10:55:10.578+0000] {task_command.py:426} INFO - Running <TaskInstance: etl_2024-08-07.fetch_the_api scheduled__2024-06-02T00:00:00+00:00 [running]> on host 8cffaad11d99
[2024-08-07T10:55:10.708+0000] {taskinstance.py:2648} INFO - Exporting env vars: AIRFLOW_CTX_DAG_OWNER='***' AIRFLOW_CTX_DAG_ID='etl_2024-08-07' AIRFLOW_CTX_TASK_ID='fetch_the_api' AIRFLOW_CTX_EXECUTION_DATE='2024-06-02T00:00:00+00:00' AIRFLOW_CTX_TRY_NUMBER='1' AIRFLOW_CTX_DAG_RUN_ID='scheduled__2024-06-02T00:00:00+00:00'
[2024-08-07T10:55:10.708+0000] {taskinstance.py:430} INFO - ::endgroup::
[2024-08-07T10:55:10.721+0000] {subprocess.py:63} INFO - Tmp dir root location: /tmp
[2024-08-07T10:55:10.721+0000] {subprocess.py:75} INFO - Running command: ['/usr/bin/bash', '-c', 'python3 /opt/***/data/config.py']
[2024-08-07T10:55:10.728+0000] {subprocess.py:86} INFO - Output:
[2024-08-07T10:55:10.801+0000] {subprocess.py:97} INFO - Command exited with return code 0
[2024-08-07T10:55:10.802+0000] {taskinstance.py:441} INFO - ::group::Post task execution logs
[2024-08-07T10:55:10.859+0000] {taskinstance.py:1206} INFO - Marking task as SUCCESS. dag_id=etl_2024-08-07, task_id=fetch_the_api, run_id=scheduled__2024-06-02T00:00:00+00:00, execution_date=20240602T000000, start_date=20240807T105509, end_date=20240807T105510
[2024-08-07T10:55:10.920+0000] {local_task_job_runner.py:240} INFO - Task exited with return code 0
[2024-08-07T10:55:10.937+0000] {taskinstance.py:3503} INFO - 1 downstream tasks scheduled from follow-on schedule check
[2024-08-07T10:55:10.970+0000] {local_task_job_runner.py:222} INFO - ::endgroup::
