[2024-08-21T06:08:43.406+0000] {local_task_job_runner.py:120} INFO - ::group::Pre task execution logs
[2024-08-21T06:08:43.760+0000] {taskinstance.py:2076} INFO - Dependencies all met for dep_context=non-requeueable deps ti=<TaskInstance: etl_22024-08-21.decrypt_the_data scheduled__2024-05-22T00:00:00+00:00 [queued]>
[2024-08-21T06:08:43.817+0000] {taskinstance.py:2076} INFO - Dependencies all met for dep_context=requeueable deps ti=<TaskInstance: etl_22024-08-21.decrypt_the_data scheduled__2024-05-22T00:00:00+00:00 [queued]>
[2024-08-21T06:08:43.838+0000] {taskinstance.py:2306} INFO - Starting attempt 1 of 2
[2024-08-21T06:08:44.039+0000] {taskinstance.py:2330} INFO - Executing <Task(BashOperator): decrypt_the_data> on 2024-05-22 00:00:00+00:00
[2024-08-21T06:08:44.209+0000] {standard_task_runner.py:90} INFO - Running: ['***', 'tasks', 'run', 'etl_22024-08-21', 'decrypt_the_data', 'scheduled__2024-05-22T00:00:00+00:00', '--job-id', '240', '--raw', '--subdir', 'DAGS_FOLDER/final_etl.py', '--cfg-path', '/tmp/tmpsf_jtdnf']
[2024-08-21T06:08:44.244+0000] {standard_task_runner.py:91} INFO - Job 240: Subtask decrypt_the_data
[2024-08-21T06:08:44.248+0000] {logging_mixin.py:188} WARNING - /home/***/.local/lib/python3.12/site-packages/***/task/task_runner/standard_task_runner.py:61 DeprecationWarning: This process (pid=1428) is multi-threaded, use of fork() may lead to deadlocks in the child.
[2024-08-21T06:08:44.260+0000] {standard_task_runner.py:63} INFO - Started process 1440 to run task
[2024-08-21T06:08:44.990+0000] {task_command.py:426} INFO - Running <TaskInstance: etl_22024-08-21.decrypt_the_data scheduled__2024-05-22T00:00:00+00:00 [running]> on host 7e1333882d71
[2024-08-21T06:08:45.927+0000] {taskinstance.py:2648} INFO - Exporting env vars: AIRFLOW_CTX_DAG_OWNER='***' AIRFLOW_CTX_DAG_ID='etl_22024-08-21' AIRFLOW_CTX_TASK_ID='decrypt_the_data' AIRFLOW_CTX_EXECUTION_DATE='2024-05-22T00:00:00+00:00' AIRFLOW_CTX_TRY_NUMBER='1' AIRFLOW_CTX_DAG_RUN_ID='scheduled__2024-05-22T00:00:00+00:00'
[2024-08-21T06:08:45.971+0000] {taskinstance.py:430} INFO - ::endgroup::
[2024-08-21T06:08:46.170+0000] {subprocess.py:63} INFO - Tmp dir root location: /tmp
[2024-08-21T06:08:46.178+0000] {subprocess.py:75} INFO - Running command: ['/usr/bin/bash', '-c', 'python3 /opt/***/data/decryption_utils.py']
[2024-08-21T06:08:46.257+0000] {subprocess.py:86} INFO - Output:
[2024-08-21T06:08:47.559+0000] {subprocess.py:97} INFO - Command exited with return code 0
[2024-08-21T06:08:47.596+0000] {taskinstance.py:441} INFO - ::group::Post task execution logs
[2024-08-21T06:08:47.827+0000] {taskinstance.py:1206} INFO - Marking task as SUCCESS. dag_id=etl_22024-08-21, task_id=decrypt_the_data, run_id=scheduled__2024-05-22T00:00:00+00:00, execution_date=20240522T000000, start_date=20240821T060843, end_date=20240821T060847
[2024-08-21T06:08:47.978+0000] {local_task_job_runner.py:240} INFO - Task exited with return code 0
[2024-08-21T06:08:48.313+0000] {taskinstance.py:3503} INFO - 1 downstream tasks scheduled from follow-on schedule check
[2024-08-21T06:08:48.329+0000] {local_task_job_runner.py:222} INFO - ::endgroup::
