[2024-08-07T10:40:32.722+0000] {local_task_job_runner.py:120} INFO - ::group::Pre task execution logs
[2024-08-07T10:40:32.745+0000] {taskinstance.py:2076} INFO - Dependencies all met for dep_context=non-requeueable deps ti=<TaskInstance: data_migrations2024-08-07.fetch_the_api scheduled__2024-06-23T00:00:00+00:00 [queued]>
[2024-08-07T10:40:32.749+0000] {taskinstance.py:2076} INFO - Dependencies all met for dep_context=requeueable deps ti=<TaskInstance: data_migrations2024-08-07.fetch_the_api scheduled__2024-06-23T00:00:00+00:00 [queued]>
[2024-08-07T10:40:32.750+0000] {taskinstance.py:2306} INFO - Starting attempt 1 of 2
[2024-08-07T10:40:32.775+0000] {taskinstance.py:2330} INFO - Executing <Task(BashOperator): fetch_the_api> on 2024-06-23 00:00:00+00:00
[2024-08-07T10:40:32.777+0000] {standard_task_runner.py:63} INFO - Started process 1472 to run task
[2024-08-07T10:40:32.779+0000] {standard_task_runner.py:90} INFO - Running: ['***', 'tasks', 'run', 'data_migrations2024-08-07', 'fetch_the_api', 'scheduled__2024-06-23T00:00:00+00:00', '--job-id', '50', '--raw', '--subdir', 'DAGS_FOLDER/data_migrations.py', '--cfg-path', '/tmp/tmpac3qk00f']
[2024-08-07T10:40:32.780+0000] {standard_task_runner.py:91} INFO - Job 50: Subtask fetch_the_api
[2024-08-07T10:40:32.823+0000] {task_command.py:426} INFO - Running <TaskInstance: data_migrations2024-08-07.fetch_the_api scheduled__2024-06-23T00:00:00+00:00 [running]> on host 8cffaad11d99
[2024-08-07T10:40:32.955+0000] {taskinstance.py:2648} INFO - Exporting env vars: AIRFLOW_CTX_DAG_OWNER='***' AIRFLOW_CTX_DAG_ID='data_migrations2024-08-07' AIRFLOW_CTX_TASK_ID='fetch_the_api' AIRFLOW_CTX_EXECUTION_DATE='2024-06-23T00:00:00+00:00' AIRFLOW_CTX_TRY_NUMBER='1' AIRFLOW_CTX_DAG_RUN_ID='scheduled__2024-06-23T00:00:00+00:00'
[2024-08-07T10:40:32.956+0000] {taskinstance.py:430} INFO - ::endgroup::
[2024-08-07T10:40:32.968+0000] {subprocess.py:63} INFO - Tmp dir root location: /tmp
[2024-08-07T10:40:32.969+0000] {subprocess.py:75} INFO - Running command: ['/usr/bin/bash', '-c', 'python3 /opt/***/data/etl_m12_local_db.py']
[2024-08-07T10:40:32.975+0000] {subprocess.py:86} INFO - Output:
[2024-08-07T10:40:34.183+0000] {subprocess.py:93} INFO - Database tables created successfully.
[2024-08-07T10:40:34.209+0000] {subprocess.py:97} INFO - Command exited with return code 0
[2024-08-07T10:40:34.210+0000] {taskinstance.py:441} INFO - ::group::Post task execution logs
[2024-08-07T10:40:34.462+0000] {taskinstance.py:1206} INFO - Marking task as SUCCESS. dag_id=data_migrations2024-08-07, task_id=fetch_the_api, run_id=scheduled__2024-06-23T00:00:00+00:00, execution_date=20240623T000000, start_date=20240807T104032, end_date=20240807T104034
[2024-08-07T10:40:34.636+0000] {local_task_job_runner.py:240} INFO - Task exited with return code 0
[2024-08-07T10:40:34.644+0000] {local_task_job_runner.py:222} INFO - ::endgroup::
