[2024-08-08T05:09:47.150+0000] {local_task_job_runner.py:120} INFO - ::group::Pre task execution logs
[2024-08-08T05:09:47.166+0000] {taskinstance.py:2076} INFO - Dependencies all met for dep_context=non-requeueable deps ti=<TaskInstance: data_migrations2024-08-08.fetch_the_api scheduled__2024-05-07T00:00:00+00:00 [queued]>
[2024-08-08T05:09:47.170+0000] {taskinstance.py:2076} INFO - Dependencies all met for dep_context=requeueable deps ti=<TaskInstance: data_migrations2024-08-08.fetch_the_api scheduled__2024-05-07T00:00:00+00:00 [queued]>
[2024-08-08T05:09:47.170+0000] {taskinstance.py:2306} INFO - Starting attempt 1 of 2
[2024-08-08T05:09:47.234+0000] {taskinstance.py:2330} INFO - Executing <Task(BashOperator): fetch_the_api> on 2024-05-07 00:00:00+00:00
[2024-08-08T05:09:47.242+0000] {standard_task_runner.py:63} INFO - Started process 1149 to run task
[2024-08-08T05:09:47.248+0000] {standard_task_runner.py:90} INFO - Running: ['***', 'tasks', 'run', 'data_migrations2024-08-08', 'fetch_the_api', 'scheduled__2024-05-07T00:00:00+00:00', '--job-id', '975', '--raw', '--subdir', 'DAGS_FOLDER/data_migrations.py', '--cfg-path', '/tmp/tmps5hg30ct']
[2024-08-08T05:09:47.249+0000] {standard_task_runner.py:91} INFO - Job 975: Subtask fetch_the_api
[2024-08-08T05:09:47.566+0000] {task_command.py:426} INFO - Running <TaskInstance: data_migrations2024-08-08.fetch_the_api scheduled__2024-05-07T00:00:00+00:00 [running]> on host 05bc191a9412
[2024-08-08T05:09:48.942+0000] {taskinstance.py:2648} INFO - Exporting env vars: AIRFLOW_CTX_DAG_OWNER='***' AIRFLOW_CTX_DAG_ID='data_migrations2024-08-08' AIRFLOW_CTX_TASK_ID='fetch_the_api' AIRFLOW_CTX_EXECUTION_DATE='2024-05-07T00:00:00+00:00' AIRFLOW_CTX_TRY_NUMBER='1' AIRFLOW_CTX_DAG_RUN_ID='scheduled__2024-05-07T00:00:00+00:00'
[2024-08-08T05:09:48.943+0000] {taskinstance.py:430} INFO - ::endgroup::
[2024-08-08T05:09:48.955+0000] {subprocess.py:63} INFO - Tmp dir root location: /tmp
[2024-08-08T05:09:48.956+0000] {subprocess.py:75} INFO - Running command: ['/usr/bin/bash', '-c', 'python3 /opt/***/data/etl_m12_local_db.py']
[2024-08-08T05:09:48.961+0000] {subprocess.py:86} INFO - Output:
[2024-08-08T05:09:49.567+0000] {subprocess.py:93} INFO - Database tables created successfully.
[2024-08-08T05:09:49.633+0000] {subprocess.py:97} INFO - Command exited with return code 1
[2024-08-08T05:09:49.633+0000] {taskinstance.py:441} INFO - ::group::Post task execution logs
[2024-08-08T05:09:49.644+0000] {taskinstance.py:2905} ERROR - Task failed with exception
Traceback (most recent call last):
  File "/home/airflow/.local/lib/python3.9/site-packages/airflow/models/taskinstance.py", line 465, in _execute_task
    result = _execute_callable(context=context, **execute_callable_kwargs)
  File "/home/airflow/.local/lib/python3.9/site-packages/airflow/models/taskinstance.py", line 432, in _execute_callable
    return execute_callable(context=context, **execute_callable_kwargs)
  File "/home/airflow/.local/lib/python3.9/site-packages/airflow/models/baseoperator.py", line 401, in wrapper
    return func(self, *args, **kwargs)
  File "/home/airflow/.local/lib/python3.9/site-packages/airflow/operators/bash.py", line 243, in execute
    raise AirflowException(
airflow.exceptions.AirflowException: Bash command failed. The command returned a non-zero exit code 1.
[2024-08-08T05:09:49.646+0000] {taskinstance.py:1206} INFO - Marking task as UP_FOR_RETRY. dag_id=data_migrations2024-08-08, task_id=fetch_the_api, run_id=scheduled__2024-05-07T00:00:00+00:00, execution_date=20240507T000000, start_date=20240808T050947, end_date=20240808T050949
[2024-08-08T05:09:49.792+0000] {standard_task_runner.py:110} ERROR - Failed to execute job 975 for task fetch_the_api (Bash command failed. The command returned a non-zero exit code 1.; 1149)
[2024-08-08T05:09:49.829+0000] {local_task_job_runner.py:240} INFO - Task exited with return code 1
[2024-08-08T05:09:49.840+0000] {local_task_job_runner.py:222} INFO - ::endgroup::
