[2024-08-12T06:05:29.746+0000] {local_task_job_runner.py:120} INFO - ::group::Pre task execution logs
[2024-08-12T06:05:29.779+0000] {taskinstance.py:2076} INFO - Dependencies all met for dep_context=non-requeueable deps ti=<TaskInstance: data_migrations2024-08-12.table_created scheduled__2024-06-11T00:00:00+00:00 [queued]>
[2024-08-12T06:05:29.786+0000] {taskinstance.py:2076} INFO - Dependencies all met for dep_context=requeueable deps ti=<TaskInstance: data_migrations2024-08-12.table_created scheduled__2024-06-11T00:00:00+00:00 [queued]>
[2024-08-12T06:05:29.787+0000] {taskinstance.py:2306} INFO - Starting attempt 1 of 2
[2024-08-12T06:05:32.842+0000] {taskinstance.py:2330} INFO - Executing <Task(BashOperator): table_created> on 2024-06-11 00:00:00+00:00
[2024-08-12T06:05:32.851+0000] {standard_task_runner.py:63} INFO - Started process 2977 to run task
[2024-08-12T06:05:32.855+0000] {standard_task_runner.py:90} INFO - Running: ['***', 'tasks', 'run', 'data_migrations2024-08-12', 'table_created', 'scheduled__2024-06-11T00:00:00+00:00', '--job-id', '2446', '--raw', '--subdir', 'DAGS_FOLDER/data_migrations.py', '--cfg-path', '/tmp/tmpg4u4mlyr']
[2024-08-12T06:05:32.857+0000] {standard_task_runner.py:91} INFO - Job 2446: Subtask table_created
[2024-08-12T06:05:38.197+0000] {task_command.py:426} INFO - Running <TaskInstance: data_migrations2024-08-12.table_created scheduled__2024-06-11T00:00:00+00:00 [running]> on host 05bc191a9412
[2024-08-12T06:05:43.613+0000] {taskinstance.py:2648} INFO - Exporting env vars: AIRFLOW_CTX_DAG_OWNER='***' AIRFLOW_CTX_DAG_ID='data_migrations2024-08-12' AIRFLOW_CTX_TASK_ID='table_created' AIRFLOW_CTX_EXECUTION_DATE='2024-06-11T00:00:00+00:00' AIRFLOW_CTX_TRY_NUMBER='1' AIRFLOW_CTX_DAG_RUN_ID='scheduled__2024-06-11T00:00:00+00:00'
[2024-08-12T06:05:43.614+0000] {taskinstance.py:430} INFO - ::endgroup::
[2024-08-12T06:05:43.633+0000] {subprocess.py:63} INFO - Tmp dir root location: /tmp
[2024-08-12T06:05:43.634+0000] {subprocess.py:75} INFO - Running command: ['/usr/bin/bash', '-c', 'python3 /opt/***/data/database.py']
[2024-08-12T06:05:43.640+0000] {subprocess.py:86} INFO - Output:
[2024-08-12T06:05:43.921+0000] {subprocess.py:93} INFO - Database tables created successfully.
[2024-08-12T06:05:43.953+0000] {subprocess.py:97} INFO - Command exited with return code 0
[2024-08-12T06:05:43.954+0000] {taskinstance.py:441} INFO - ::group::Post task execution logs
[2024-08-12T06:05:47.278+0000] {taskinstance.py:1206} INFO - Marking task as SUCCESS. dag_id=data_migrations2024-08-12, task_id=table_created, run_id=scheduled__2024-06-11T00:00:00+00:00, execution_date=20240611T000000, start_date=20240812T060529, end_date=20240812T060547
[2024-08-12T06:05:51.280+0000] {local_task_job_runner.py:240} INFO - Task exited with return code 0
[2024-08-12T06:05:51.294+0000] {taskinstance.py:3503} INFO - 0 downstream tasks scheduled from follow-on schedule check
[2024-08-12T06:05:55.710+0000] {local_task_job_runner.py:222} INFO - ::endgroup::
