[2024-08-21T06:15:16.149+0000] {local_task_job_runner.py:120} INFO - ::group::Pre task execution logs
[2024-08-21T06:15:16.850+0000] {taskinstance.py:2076} INFO - Dependencies all met for dep_context=non-requeueable deps ti=<TaskInstance: etl_22024-08-21.decrypt_the_data scheduled__2024-06-20T00:00:00+00:00 [queued]>
[2024-08-21T06:15:16.929+0000] {taskinstance.py:2076} INFO - Dependencies all met for dep_context=requeueable deps ti=<TaskInstance: etl_22024-08-21.decrypt_the_data scheduled__2024-06-20T00:00:00+00:00 [queued]>
[2024-08-21T06:15:16.939+0000] {taskinstance.py:2306} INFO - Starting attempt 1 of 2
[2024-08-21T06:15:17.064+0000] {taskinstance.py:2330} INFO - Executing <Task(BashOperator): decrypt_the_data> on 2024-06-20 00:00:00+00:00
[2024-08-21T06:15:17.162+0000] {standard_task_runner.py:90} INFO - Running: ['***', 'tasks', 'run', 'etl_22024-08-21', 'decrypt_the_data', 'scheduled__2024-06-20T00:00:00+00:00', '--job-id', '400', '--raw', '--subdir', 'DAGS_FOLDER/final_etl.py', '--cfg-path', '/tmp/tmp0sa960f6']
[2024-08-21T06:15:17.182+0000] {standard_task_runner.py:91} INFO - Job 400: Subtask decrypt_the_data
[2024-08-21T06:15:17.192+0000] {logging_mixin.py:188} WARNING - /home/***/.local/lib/python3.12/site-packages/***/task/task_runner/standard_task_runner.py:61 DeprecationWarning: This process (pid=2374) is multi-threaded, use of fork() may lead to deadlocks in the child.
[2024-08-21T06:15:17.222+0000] {standard_task_runner.py:63} INFO - Started process 2390 to run task
[2024-08-21T06:15:17.705+0000] {task_command.py:426} INFO - Running <TaskInstance: etl_22024-08-21.decrypt_the_data scheduled__2024-06-20T00:00:00+00:00 [running]> on host 7e1333882d71
[2024-08-21T06:15:18.860+0000] {taskinstance.py:2648} INFO - Exporting env vars: AIRFLOW_CTX_DAG_OWNER='***' AIRFLOW_CTX_DAG_ID='etl_22024-08-21' AIRFLOW_CTX_TASK_ID='decrypt_the_data' AIRFLOW_CTX_EXECUTION_DATE='2024-06-20T00:00:00+00:00' AIRFLOW_CTX_TRY_NUMBER='1' AIRFLOW_CTX_DAG_RUN_ID='scheduled__2024-06-20T00:00:00+00:00'
[2024-08-21T06:15:18.935+0000] {taskinstance.py:430} INFO - ::endgroup::
[2024-08-21T06:15:19.074+0000] {subprocess.py:63} INFO - Tmp dir root location: /tmp
[2024-08-21T06:15:19.088+0000] {subprocess.py:75} INFO - Running command: ['/usr/bin/bash', '-c', 'python3 /opt/***/data/decryption_utils.py']
[2024-08-21T06:15:19.197+0000] {subprocess.py:86} INFO - Output:
[2024-08-21T06:15:19.849+0000] {subprocess.py:97} INFO - Command exited with return code 0
[2024-08-21T06:15:19.862+0000] {taskinstance.py:441} INFO - ::group::Post task execution logs
[2024-08-21T06:15:19.989+0000] {taskinstance.py:1206} INFO - Marking task as SUCCESS. dag_id=etl_22024-08-21, task_id=decrypt_the_data, run_id=scheduled__2024-06-20T00:00:00+00:00, execution_date=20240620T000000, start_date=20240821T061516, end_date=20240821T061519
[2024-08-21T06:15:20.174+0000] {local_task_job_runner.py:240} INFO - Task exited with return code 0
[2024-08-21T06:15:20.383+0000] {taskinstance.py:3503} INFO - 1 downstream tasks scheduled from follow-on schedule check
[2024-08-21T06:15:20.420+0000] {local_task_job_runner.py:222} INFO - ::endgroup::
