[2024-08-07T10:43:38.935+0000] {local_task_job_runner.py:120} INFO - ::group::Pre task execution logs
[2024-08-07T10:43:38.963+0000] {taskinstance.py:2076} INFO - Dependencies all met for dep_context=non-requeueable deps ti=<TaskInstance: etl_2024-08-07.decrypt_the_data scheduled__2024-05-10T00:00:00+00:00 [queued]>
[2024-08-07T10:43:38.969+0000] {taskinstance.py:2076} INFO - Dependencies all met for dep_context=requeueable deps ti=<TaskInstance: etl_2024-08-07.decrypt_the_data scheduled__2024-05-10T00:00:00+00:00 [queued]>
[2024-08-07T10:43:38.970+0000] {taskinstance.py:2306} INFO - Starting attempt 1 of 2
[2024-08-07T10:43:39.064+0000] {taskinstance.py:2330} INFO - Executing <Task(BashOperator): decrypt_the_data> on 2024-05-10 00:00:00+00:00
[2024-08-07T10:43:39.070+0000] {standard_task_runner.py:63} INFO - Started process 1815 to run task
[2024-08-07T10:43:39.072+0000] {standard_task_runner.py:90} INFO - Running: ['***', 'tasks', 'run', 'etl_2024-08-07', 'decrypt_the_data', 'scheduled__2024-05-10T00:00:00+00:00', '--job-id', '132', '--raw', '--subdir', 'DAGS_FOLDER/final_etl.py', '--cfg-path', '/tmp/tmptbe8mgfx']
[2024-08-07T10:43:39.073+0000] {standard_task_runner.py:91} INFO - Job 132: Subtask decrypt_the_data
[2024-08-07T10:43:39.223+0000] {task_command.py:426} INFO - Running <TaskInstance: etl_2024-08-07.decrypt_the_data scheduled__2024-05-10T00:00:00+00:00 [running]> on host 8cffaad11d99
[2024-08-07T10:43:39.377+0000] {taskinstance.py:2648} INFO - Exporting env vars: AIRFLOW_CTX_DAG_OWNER='***' AIRFLOW_CTX_DAG_ID='etl_2024-08-07' AIRFLOW_CTX_TASK_ID='decrypt_the_data' AIRFLOW_CTX_EXECUTION_DATE='2024-05-10T00:00:00+00:00' AIRFLOW_CTX_TRY_NUMBER='1' AIRFLOW_CTX_DAG_RUN_ID='scheduled__2024-05-10T00:00:00+00:00'
[2024-08-07T10:43:39.379+0000] {taskinstance.py:430} INFO - ::endgroup::
[2024-08-07T10:43:39.387+0000] {subprocess.py:63} INFO - Tmp dir root location: /tmp
[2024-08-07T10:43:39.387+0000] {subprocess.py:75} INFO - Running command: ['/usr/bin/bash', '-c', 'python3 /opt/***/data/decryption_utils.py']
[2024-08-07T10:43:39.398+0000] {subprocess.py:86} INFO - Output:
[2024-08-07T10:43:39.522+0000] {subprocess.py:97} INFO - Command exited with return code 0
[2024-08-07T10:43:39.523+0000] {taskinstance.py:441} INFO - ::group::Post task execution logs
[2024-08-07T10:43:39.565+0000] {taskinstance.py:1206} INFO - Marking task as SUCCESS. dag_id=etl_2024-08-07, task_id=decrypt_the_data, run_id=scheduled__2024-05-10T00:00:00+00:00, execution_date=20240510T000000, start_date=20240807T104338, end_date=20240807T104339
[2024-08-07T10:43:39.687+0000] {local_task_job_runner.py:240} INFO - Task exited with return code 0
[2024-08-07T10:43:39.708+0000] {taskinstance.py:3503} INFO - 1 downstream tasks scheduled from follow-on schedule check
[2024-08-07T10:43:39.724+0000] {local_task_job_runner.py:222} INFO - ::endgroup::
[2024-08-07T10:49:47.982+0000] {local_task_job_runner.py:120} INFO - ::group::Pre task execution logs
[2024-08-07T10:49:48.004+0000] {taskinstance.py:2076} INFO - Dependencies all met for dep_context=non-requeueable deps ti=<TaskInstance: etl_2024-08-07.decrypt_the_data scheduled__2024-05-10T00:00:00+00:00 [queued]>
[2024-08-07T10:49:48.010+0000] {taskinstance.py:2076} INFO - Dependencies all met for dep_context=requeueable deps ti=<TaskInstance: etl_2024-08-07.decrypt_the_data scheduled__2024-05-10T00:00:00+00:00 [queued]>
[2024-08-07T10:49:48.010+0000] {taskinstance.py:2306} INFO - Starting attempt 1 of 2
[2024-08-07T10:49:48.038+0000] {taskinstance.py:2330} INFO - Executing <Task(BashOperator): decrypt_the_data> on 2024-05-10 00:00:00+00:00
[2024-08-07T10:49:48.041+0000] {standard_task_runner.py:63} INFO - Started process 2628 to run task
[2024-08-07T10:49:48.045+0000] {standard_task_runner.py:90} INFO - Running: ['***', 'tasks', 'run', 'etl_2024-08-07', 'decrypt_the_data', 'scheduled__2024-05-10T00:00:00+00:00', '--job-id', '354', '--raw', '--subdir', 'DAGS_FOLDER/final_etl.py', '--cfg-path', '/tmp/tmplo5g9oib']
[2024-08-07T10:49:48.048+0000] {standard_task_runner.py:91} INFO - Job 354: Subtask decrypt_the_data
[2024-08-07T10:49:48.118+0000] {task_command.py:426} INFO - Running <TaskInstance: etl_2024-08-07.decrypt_the_data scheduled__2024-05-10T00:00:00+00:00 [running]> on host 8cffaad11d99
[2024-08-07T10:49:48.339+0000] {taskinstance.py:2648} INFO - Exporting env vars: AIRFLOW_CTX_DAG_OWNER='***' AIRFLOW_CTX_DAG_ID='etl_2024-08-07' AIRFLOW_CTX_TASK_ID='decrypt_the_data' AIRFLOW_CTX_EXECUTION_DATE='2024-05-10T00:00:00+00:00' AIRFLOW_CTX_TRY_NUMBER='1' AIRFLOW_CTX_DAG_RUN_ID='scheduled__2024-05-10T00:00:00+00:00'
[2024-08-07T10:49:48.340+0000] {taskinstance.py:430} INFO - ::endgroup::
[2024-08-07T10:49:48.348+0000] {subprocess.py:63} INFO - Tmp dir root location: /tmp
[2024-08-07T10:49:48.348+0000] {subprocess.py:75} INFO - Running command: ['/usr/bin/bash', '-c', 'python3 /opt/***/data/decryption_utils.py']
[2024-08-07T10:49:48.357+0000] {subprocess.py:86} INFO - Output:
[2024-08-07T10:49:48.442+0000] {subprocess.py:97} INFO - Command exited with return code 0
[2024-08-07T10:49:48.443+0000] {taskinstance.py:441} INFO - ::group::Post task execution logs
[2024-08-07T10:49:48.559+0000] {taskinstance.py:1206} INFO - Marking task as SUCCESS. dag_id=etl_2024-08-07, task_id=decrypt_the_data, run_id=scheduled__2024-05-10T00:00:00+00:00, execution_date=20240510T000000, start_date=20240807T104948, end_date=20240807T104948
[2024-08-07T10:49:48.617+0000] {local_task_job_runner.py:240} INFO - Task exited with return code 0
[2024-08-07T10:49:48.636+0000] {taskinstance.py:3503} INFO - 1 downstream tasks scheduled from follow-on schedule check
[2024-08-07T10:49:48.659+0000] {local_task_job_runner.py:222} INFO - ::endgroup::
