[2024-08-12T07:13:17.922+0000] {local_task_job_runner.py:120} INFO - ::group::Pre task execution logs
[2024-08-12T07:13:17.947+0000] {taskinstance.py:2076} INFO - Dependencies all met for dep_context=non-requeueable deps ti=<TaskInstance: data_migrations2024-08-12.fetch_the_api scheduled__2024-06-14T00:00:00+00:00 [queued]>
[2024-08-12T07:13:17.953+0000] {taskinstance.py:2076} INFO - Dependencies all met for dep_context=requeueable deps ti=<TaskInstance: data_migrations2024-08-12.fetch_the_api scheduled__2024-06-14T00:00:00+00:00 [queued]>
[2024-08-12T07:13:17.953+0000] {taskinstance.py:2306} INFO - Starting attempt 2 of 2
[2024-08-12T07:13:17.985+0000] {taskinstance.py:2330} INFO - Executing <Task(BashOperator): fetch_the_api> on 2024-06-14 00:00:00+00:00
[2024-08-12T07:13:17.990+0000] {standard_task_runner.py:63} INFO - Started process 419 to run task
[2024-08-12T07:13:17.993+0000] {standard_task_runner.py:90} INFO - Running: ['***', 'tasks', 'run', 'data_migrations2024-08-12', 'fetch_the_api', 'scheduled__2024-06-14T00:00:00+00:00', '--job-id', '2481', '--raw', '--subdir', 'DAGS_FOLDER/data_migrations.py', '--cfg-path', '/tmp/tmp8q8jizl5']
[2024-08-12T07:13:17.995+0000] {standard_task_runner.py:91} INFO - Job 2481: Subtask fetch_the_api
[2024-08-12T07:13:18.065+0000] {task_command.py:426} INFO - Running <TaskInstance: data_migrations2024-08-12.fetch_the_api scheduled__2024-06-14T00:00:00+00:00 [running]> on host 88a939613e48
[2024-08-12T07:13:18.221+0000] {taskinstance.py:2648} INFO - Exporting env vars: AIRFLOW_CTX_DAG_OWNER='***' AIRFLOW_CTX_DAG_ID='data_migrations2024-08-12' AIRFLOW_CTX_TASK_ID='fetch_the_api' AIRFLOW_CTX_EXECUTION_DATE='2024-06-14T00:00:00+00:00' AIRFLOW_CTX_TRY_NUMBER='2' AIRFLOW_CTX_DAG_RUN_ID='scheduled__2024-06-14T00:00:00+00:00'
[2024-08-12T07:13:18.222+0000] {taskinstance.py:430} INFO - ::endgroup::
[2024-08-12T07:13:18.232+0000] {subprocess.py:63} INFO - Tmp dir root location: /tmp
[2024-08-12T07:13:18.233+0000] {subprocess.py:75} INFO - Running command: ['/usr/bin/bash', '-c', 'python3 /opt/***/data/etl_m12_local_db.py']
[2024-08-12T07:13:18.240+0000] {subprocess.py:86} INFO - Output:
[2024-08-12T07:13:18.871+0000] {subprocess.py:93} INFO - Error occurred: (psycopg2.errors.UniqueViolation) duplicate key value violates unique constraint "pg_class_relname_nsp_index"
[2024-08-12T07:13:18.871+0000] {subprocess.py:93} INFO - DETAIL:  Key (relname, relnamespace)=(logs_2024-08-12_id_seq, 2200) already exists.
[2024-08-12T07:13:18.873+0000] {subprocess.py:93} INFO - 
[2024-08-12T07:13:18.883+0000] {subprocess.py:93} INFO - [SQL:
[2024-08-12T07:13:18.888+0000] {subprocess.py:93} INFO - CREATE TABLE "logs_2024-08-12" (
[2024-08-12T07:13:18.891+0000] {subprocess.py:93} INFO - 	id SERIAL NOT NULL,
[2024-08-12T07:13:18.900+0000] {subprocess.py:93} INFO - 	error VARCHAR,
[2024-08-12T07:13:18.900+0000] {subprocess.py:93} INFO - 	token VARCHAR,
[2024-08-12T07:13:18.900+0000] {subprocess.py:93} INFO - 	error_details TEXT,
[2024-08-12T07:13:18.900+0000] {subprocess.py:93} INFO - 	created_at TIMESTAMP WITHOUT TIME ZONE,
[2024-08-12T07:13:18.901+0000] {subprocess.py:93} INFO - 	PRIMARY KEY (id)
[2024-08-12T07:13:18.901+0000] {subprocess.py:93} INFO - )
[2024-08-12T07:13:18.901+0000] {subprocess.py:93} INFO - 
[2024-08-12T07:13:18.901+0000] {subprocess.py:93} INFO - ]
[2024-08-12T07:13:18.901+0000] {subprocess.py:93} INFO - (Background on this error at: https://sqlalche.me/e/14/gkpj)
[2024-08-12T07:13:18.998+0000] {subprocess.py:97} INFO - Command exited with return code 1
[2024-08-12T07:13:18.999+0000] {taskinstance.py:441} INFO - ::group::Post task execution logs
[2024-08-12T07:13:19.007+0000] {taskinstance.py:2905} ERROR - Task failed with exception
Traceback (most recent call last):
  File "/home/airflow/.local/lib/python3.9/site-packages/airflow/models/taskinstance.py", line 465, in _execute_task
    result = _execute_callable(context=context, **execute_callable_kwargs)
  File "/home/airflow/.local/lib/python3.9/site-packages/airflow/models/taskinstance.py", line 432, in _execute_callable
    return execute_callable(context=context, **execute_callable_kwargs)
  File "/home/airflow/.local/lib/python3.9/site-packages/airflow/models/baseoperator.py", line 401, in wrapper
    return func(self, *args, **kwargs)
  File "/home/airflow/.local/lib/python3.9/site-packages/airflow/operators/bash.py", line 243, in execute
    raise AirflowException(
airflow.exceptions.AirflowException: Bash command failed. The command returned a non-zero exit code 1.
[2024-08-12T07:13:19.011+0000] {taskinstance.py:1206} INFO - Marking task as FAILED. dag_id=data_migrations2024-08-12, task_id=fetch_the_api, run_id=scheduled__2024-06-14T00:00:00+00:00, execution_date=20240614T000000, start_date=20240812T071317, end_date=20240812T071319
[2024-08-12T07:13:19.042+0000] {standard_task_runner.py:110} ERROR - Failed to execute job 2481 for task fetch_the_api (Bash command failed. The command returned a non-zero exit code 1.; 419)
[2024-08-12T07:13:19.088+0000] {local_task_job_runner.py:240} INFO - Task exited with return code 1
[2024-08-12T07:13:19.099+0000] {taskinstance.py:3503} INFO - 0 downstream tasks scheduled from follow-on schedule check
[2024-08-12T07:13:19.120+0000] {local_task_job_runner.py:222} INFO - ::endgroup::
