[2024-08-07T10:43:39.673+0000] {local_task_job_runner.py:120} INFO - ::group::Pre task execution logs
[2024-08-07T10:43:39.702+0000] {taskinstance.py:2076} INFO - Dependencies all met for dep_context=non-requeueable deps ti=<TaskInstance: etl_2024-08-07.log_the_data scheduled__2024-05-16T00:00:00+00:00 [queued]>
[2024-08-07T10:43:39.710+0000] {taskinstance.py:2076} INFO - Dependencies all met for dep_context=requeueable deps ti=<TaskInstance: etl_2024-08-07.log_the_data scheduled__2024-05-16T00:00:00+00:00 [queued]>
[2024-08-07T10:43:39.710+0000] {taskinstance.py:2306} INFO - Starting attempt 1 of 2
[2024-08-07T10:43:39.738+0000] {taskinstance.py:2330} INFO - Executing <Task(BashOperator): log_the_data> on 2024-05-16 00:00:00+00:00
[2024-08-07T10:43:39.745+0000] {standard_task_runner.py:63} INFO - Started process 1851 to run task
[2024-08-07T10:43:39.749+0000] {standard_task_runner.py:90} INFO - Running: ['***', 'tasks', 'run', 'etl_2024-08-07', 'log_the_data', 'scheduled__2024-05-16T00:00:00+00:00', '--job-id', '146', '--raw', '--subdir', 'DAGS_FOLDER/final_etl.py', '--cfg-path', '/tmp/tmpy08shotk']
[2024-08-07T10:43:39.752+0000] {standard_task_runner.py:91} INFO - Job 146: Subtask log_the_data
[2024-08-07T10:43:39.821+0000] {task_command.py:426} INFO - Running <TaskInstance: etl_2024-08-07.log_the_data scheduled__2024-05-16T00:00:00+00:00 [running]> on host 8cffaad11d99
[2024-08-07T10:43:39.913+0000] {taskinstance.py:2648} INFO - Exporting env vars: AIRFLOW_CTX_DAG_OWNER='***' AIRFLOW_CTX_DAG_ID='etl_2024-08-07' AIRFLOW_CTX_TASK_ID='log_the_data' AIRFLOW_CTX_EXECUTION_DATE='2024-05-16T00:00:00+00:00' AIRFLOW_CTX_TRY_NUMBER='1' AIRFLOW_CTX_DAG_RUN_ID='scheduled__2024-05-16T00:00:00+00:00'
[2024-08-07T10:43:39.914+0000] {taskinstance.py:430} INFO - ::endgroup::
[2024-08-07T10:43:39.927+0000] {subprocess.py:63} INFO - Tmp dir root location: /tmp
[2024-08-07T10:43:39.928+0000] {subprocess.py:75} INFO - Running command: ['/usr/bin/bash', '-c', 'python3 /opt/***/data/logging_config.py']
[2024-08-07T10:43:39.935+0000] {subprocess.py:86} INFO - Output:
[2024-08-07T10:43:40.039+0000] {subprocess.py:97} INFO - Command exited with return code 0
[2024-08-07T10:43:40.040+0000] {taskinstance.py:441} INFO - ::group::Post task execution logs
[2024-08-07T10:43:40.077+0000] {taskinstance.py:1206} INFO - Marking task as SUCCESS. dag_id=etl_2024-08-07, task_id=log_the_data, run_id=scheduled__2024-05-16T00:00:00+00:00, execution_date=20240516T000000, start_date=20240807T104339, end_date=20240807T104340
[2024-08-07T10:43:40.122+0000] {local_task_job_runner.py:240} INFO - Task exited with return code 0
[2024-08-07T10:43:40.142+0000] {taskinstance.py:3503} INFO - 1 downstream tasks scheduled from follow-on schedule check
[2024-08-07T10:43:40.550+0000] {local_task_job_runner.py:222} INFO - ::endgroup::
[2024-08-07T10:49:48.543+0000] {local_task_job_runner.py:120} INFO - ::group::Pre task execution logs
[2024-08-07T10:49:48.569+0000] {taskinstance.py:2076} INFO - Dependencies all met for dep_context=non-requeueable deps ti=<TaskInstance: etl_2024-08-07.log_the_data scheduled__2024-05-16T00:00:00+00:00 [queued]>
[2024-08-07T10:49:48.575+0000] {taskinstance.py:2076} INFO - Dependencies all met for dep_context=requeueable deps ti=<TaskInstance: etl_2024-08-07.log_the_data scheduled__2024-05-16T00:00:00+00:00 [queued]>
[2024-08-07T10:49:48.576+0000] {taskinstance.py:2306} INFO - Starting attempt 1 of 2
[2024-08-07T10:49:48.606+0000] {taskinstance.py:2330} INFO - Executing <Task(BashOperator): log_the_data> on 2024-05-16 00:00:00+00:00
[2024-08-07T10:49:48.611+0000] {standard_task_runner.py:63} INFO - Started process 2649 to run task
[2024-08-07T10:49:48.616+0000] {standard_task_runner.py:90} INFO - Running: ['***', 'tasks', 'run', 'etl_2024-08-07', 'log_the_data', 'scheduled__2024-05-16T00:00:00+00:00', '--job-id', '362', '--raw', '--subdir', 'DAGS_FOLDER/final_etl.py', '--cfg-path', '/tmp/tmpw4jkn4tu']
[2024-08-07T10:49:48.619+0000] {standard_task_runner.py:91} INFO - Job 362: Subtask log_the_data
[2024-08-07T10:49:48.683+0000] {task_command.py:426} INFO - Running <TaskInstance: etl_2024-08-07.log_the_data scheduled__2024-05-16T00:00:00+00:00 [running]> on host 8cffaad11d99
[2024-08-07T10:49:48.804+0000] {taskinstance.py:2648} INFO - Exporting env vars: AIRFLOW_CTX_DAG_OWNER='***' AIRFLOW_CTX_DAG_ID='etl_2024-08-07' AIRFLOW_CTX_TASK_ID='log_the_data' AIRFLOW_CTX_EXECUTION_DATE='2024-05-16T00:00:00+00:00' AIRFLOW_CTX_TRY_NUMBER='1' AIRFLOW_CTX_DAG_RUN_ID='scheduled__2024-05-16T00:00:00+00:00'
[2024-08-07T10:49:48.804+0000] {taskinstance.py:430} INFO - ::endgroup::
[2024-08-07T10:49:48.820+0000] {subprocess.py:63} INFO - Tmp dir root location: /tmp
[2024-08-07T10:49:48.820+0000] {subprocess.py:75} INFO - Running command: ['/usr/bin/bash', '-c', 'python3 /opt/***/data/logging_config.py']
[2024-08-07T10:49:48.831+0000] {subprocess.py:86} INFO - Output:
[2024-08-07T10:49:48.948+0000] {subprocess.py:97} INFO - Command exited with return code 0
[2024-08-07T10:49:48.949+0000] {taskinstance.py:441} INFO - ::group::Post task execution logs
[2024-08-07T10:49:50.040+0000] {taskinstance.py:1206} INFO - Marking task as SUCCESS. dag_id=etl_2024-08-07, task_id=log_the_data, run_id=scheduled__2024-05-16T00:00:00+00:00, execution_date=20240516T000000, start_date=20240807T104948, end_date=20240807T104950
[2024-08-07T10:49:50.154+0000] {local_task_job_runner.py:240} INFO - Task exited with return code 0
[2024-08-07T10:49:50.181+0000] {taskinstance.py:3503} INFO - 1 downstream tasks scheduled from follow-on schedule check
[2024-08-07T10:49:50.227+0000] {local_task_job_runner.py:222} INFO - ::endgroup::
