[2024-08-08T06:08:48.825+0000] {local_task_job_runner.py:120} INFO - ::group::Pre task execution logs
[2024-08-08T06:08:48.849+0000] {taskinstance.py:2076} INFO - Dependencies all met for dep_context=non-requeueable deps ti=<TaskInstance: etl_2024-08-08.log_the_data scheduled__2024-07-14T00:00:00+00:00 [queued]>
[2024-08-08T06:08:48.855+0000] {taskinstance.py:2076} INFO - Dependencies all met for dep_context=requeueable deps ti=<TaskInstance: etl_2024-08-08.log_the_data scheduled__2024-07-14T00:00:00+00:00 [queued]>
[2024-08-08T06:08:48.856+0000] {taskinstance.py:2306} INFO - Starting attempt 1 of 2
[2024-08-08T06:08:48.890+0000] {taskinstance.py:2330} INFO - Executing <Task(BashOperator): log_the_data> on 2024-07-14 00:00:00+00:00
[2024-08-08T06:08:48.894+0000] {standard_task_runner.py:63} INFO - Started process 5623 to run task
[2024-08-08T06:08:48.898+0000] {standard_task_runner.py:90} INFO - Running: ['***', 'tasks', 'run', 'etl_2024-08-08', 'log_the_data', 'scheduled__2024-07-14T00:00:00+00:00', '--job-id', '1500', '--raw', '--subdir', 'DAGS_FOLDER/final_etl.py', '--cfg-path', '/tmp/tmp_9_wgm0m']
[2024-08-08T06:08:48.901+0000] {standard_task_runner.py:91} INFO - Job 1500: Subtask log_the_data
[2024-08-08T06:08:48.971+0000] {task_command.py:426} INFO - Running <TaskInstance: etl_2024-08-08.log_the_data scheduled__2024-07-14T00:00:00+00:00 [running]> on host 05bc191a9412
[2024-08-08T06:08:50.252+0000] {taskinstance.py:2648} INFO - Exporting env vars: AIRFLOW_CTX_DAG_OWNER='***' AIRFLOW_CTX_DAG_ID='etl_2024-08-08' AIRFLOW_CTX_TASK_ID='log_the_data' AIRFLOW_CTX_EXECUTION_DATE='2024-07-14T00:00:00+00:00' AIRFLOW_CTX_TRY_NUMBER='1' AIRFLOW_CTX_DAG_RUN_ID='scheduled__2024-07-14T00:00:00+00:00'
[2024-08-08T06:08:50.253+0000] {taskinstance.py:430} INFO - ::endgroup::
[2024-08-08T06:08:50.268+0000] {subprocess.py:63} INFO - Tmp dir root location: /tmp
[2024-08-08T06:08:50.269+0000] {subprocess.py:75} INFO - Running command: ['/usr/bin/bash', '-c', 'python3 /opt/***/data/logging_config.py']
[2024-08-08T06:08:50.276+0000] {subprocess.py:86} INFO - Output:
[2024-08-08T06:08:50.358+0000] {subprocess.py:97} INFO - Command exited with return code 0
[2024-08-08T06:08:50.358+0000] {taskinstance.py:441} INFO - ::group::Post task execution logs
[2024-08-08T06:08:50.421+0000] {taskinstance.py:1206} INFO - Marking task as SUCCESS. dag_id=etl_2024-08-08, task_id=log_the_data, run_id=scheduled__2024-07-14T00:00:00+00:00, execution_date=20240714T000000, start_date=20240808T060848, end_date=20240808T060850
[2024-08-08T06:08:50.637+0000] {local_task_job_runner.py:240} INFO - Task exited with return code 0
[2024-08-08T06:08:50.681+0000] {taskinstance.py:3503} INFO - 1 downstream tasks scheduled from follow-on schedule check
[2024-08-08T06:08:50.720+0000] {local_task_job_runner.py:222} INFO - ::endgroup::
