[2024-08-07T10:49:03.206+0000] {local_task_job_runner.py:120} INFO - ::group::Pre task execution logs
[2024-08-07T10:49:03.239+0000] {taskinstance.py:2076} INFO - Dependencies all met for dep_context=non-requeueable deps ti=<TaskInstance: etl_2024-08-07.decrypt_the_data scheduled__2024-06-04T00:00:00+00:00 [queued]>
[2024-08-07T10:49:03.247+0000] {taskinstance.py:2076} INFO - Dependencies all met for dep_context=requeueable deps ti=<TaskInstance: etl_2024-08-07.decrypt_the_data scheduled__2024-06-04T00:00:00+00:00 [queued]>
[2024-08-07T10:49:03.247+0000] {taskinstance.py:2306} INFO - Starting attempt 1 of 2
[2024-08-07T10:49:03.277+0000] {taskinstance.py:2330} INFO - Executing <Task(BashOperator): decrypt_the_data> on 2024-06-04 00:00:00+00:00
[2024-08-07T10:49:03.281+0000] {standard_task_runner.py:63} INFO - Started process 2412 to run task
[2024-08-07T10:49:03.284+0000] {standard_task_runner.py:90} INFO - Running: ['***', 'tasks', 'run', 'etl_2024-08-07', 'decrypt_the_data', 'scheduled__2024-06-04T00:00:00+00:00', '--job-id', '291', '--raw', '--subdir', 'DAGS_FOLDER/final_etl.py', '--cfg-path', '/tmp/tmp2is9k4em']
[2024-08-07T10:49:03.285+0000] {standard_task_runner.py:91} INFO - Job 291: Subtask decrypt_the_data
[2024-08-07T10:49:03.359+0000] {task_command.py:426} INFO - Running <TaskInstance: etl_2024-08-07.decrypt_the_data scheduled__2024-06-04T00:00:00+00:00 [running]> on host 8cffaad11d99
[2024-08-07T10:49:03.699+0000] {taskinstance.py:2648} INFO - Exporting env vars: AIRFLOW_CTX_DAG_OWNER='***' AIRFLOW_CTX_DAG_ID='etl_2024-08-07' AIRFLOW_CTX_TASK_ID='decrypt_the_data' AIRFLOW_CTX_EXECUTION_DATE='2024-06-04T00:00:00+00:00' AIRFLOW_CTX_TRY_NUMBER='1' AIRFLOW_CTX_DAG_RUN_ID='scheduled__2024-06-04T00:00:00+00:00'
[2024-08-07T10:49:03.700+0000] {taskinstance.py:430} INFO - ::endgroup::
[2024-08-07T10:49:03.713+0000] {subprocess.py:63} INFO - Tmp dir root location: /tmp
[2024-08-07T10:49:03.713+0000] {subprocess.py:75} INFO - Running command: ['/usr/bin/bash', '-c', 'python3 /opt/***/data/decryption_utils.py']
[2024-08-07T10:49:03.719+0000] {subprocess.py:86} INFO - Output:
[2024-08-07T10:49:03.802+0000] {subprocess.py:97} INFO - Command exited with return code 0
[2024-08-07T10:49:03.803+0000] {taskinstance.py:441} INFO - ::group::Post task execution logs
[2024-08-07T10:49:04.333+0000] {taskinstance.py:1206} INFO - Marking task as SUCCESS. dag_id=etl_2024-08-07, task_id=decrypt_the_data, run_id=scheduled__2024-06-04T00:00:00+00:00, execution_date=20240604T000000, start_date=20240807T104903, end_date=20240807T104904
[2024-08-07T10:49:04.541+0000] {local_task_job_runner.py:240} INFO - Task exited with return code 0
[2024-08-07T10:49:04.558+0000] {taskinstance.py:3503} INFO - 1 downstream tasks scheduled from follow-on schedule check
[2024-08-07T10:49:04.735+0000] {local_task_job_runner.py:222} INFO - ::endgroup::
[2024-08-07T10:55:16.299+0000] {local_task_job_runner.py:120} INFO - ::group::Pre task execution logs
[2024-08-07T10:55:16.324+0000] {taskinstance.py:2076} INFO - Dependencies all met for dep_context=non-requeueable deps ti=<TaskInstance: etl_2024-08-07.decrypt_the_data scheduled__2024-06-04T00:00:00+00:00 [queued]>
[2024-08-07T10:55:16.330+0000] {taskinstance.py:2076} INFO - Dependencies all met for dep_context=requeueable deps ti=<TaskInstance: etl_2024-08-07.decrypt_the_data scheduled__2024-06-04T00:00:00+00:00 [queued]>
[2024-08-07T10:55:16.331+0000] {taskinstance.py:2306} INFO - Starting attempt 1 of 2
[2024-08-07T10:55:16.377+0000] {taskinstance.py:2330} INFO - Executing <Task(BashOperator): decrypt_the_data> on 2024-06-04 00:00:00+00:00
[2024-08-07T10:55:16.384+0000] {standard_task_runner.py:63} INFO - Started process 3217 to run task
[2024-08-07T10:55:16.388+0000] {standard_task_runner.py:90} INFO - Running: ['***', 'tasks', 'run', 'etl_2024-08-07', 'decrypt_the_data', 'scheduled__2024-06-04T00:00:00+00:00', '--job-id', '506', '--raw', '--subdir', 'DAGS_FOLDER/final_etl.py', '--cfg-path', '/tmp/tmpl_ghqq5h']
[2024-08-07T10:55:16.389+0000] {standard_task_runner.py:91} INFO - Job 506: Subtask decrypt_the_data
[2024-08-07T10:55:16.475+0000] {task_command.py:426} INFO - Running <TaskInstance: etl_2024-08-07.decrypt_the_data scheduled__2024-06-04T00:00:00+00:00 [running]> on host 8cffaad11d99
[2024-08-07T10:55:17.129+0000] {taskinstance.py:2648} INFO - Exporting env vars: AIRFLOW_CTX_DAG_OWNER='***' AIRFLOW_CTX_DAG_ID='etl_2024-08-07' AIRFLOW_CTX_TASK_ID='decrypt_the_data' AIRFLOW_CTX_EXECUTION_DATE='2024-06-04T00:00:00+00:00' AIRFLOW_CTX_TRY_NUMBER='1' AIRFLOW_CTX_DAG_RUN_ID='scheduled__2024-06-04T00:00:00+00:00'
[2024-08-07T10:55:17.130+0000] {taskinstance.py:430} INFO - ::endgroup::
[2024-08-07T10:55:17.141+0000] {subprocess.py:63} INFO - Tmp dir root location: /tmp
[2024-08-07T10:55:17.142+0000] {subprocess.py:75} INFO - Running command: ['/usr/bin/bash', '-c', 'python3 /opt/***/data/decryption_utils.py']
[2024-08-07T10:55:17.146+0000] {subprocess.py:86} INFO - Output:
[2024-08-07T10:55:17.230+0000] {subprocess.py:97} INFO - Command exited with return code 0
[2024-08-07T10:55:17.231+0000] {taskinstance.py:441} INFO - ::group::Post task execution logs
[2024-08-07T10:55:17.949+0000] {taskinstance.py:1206} INFO - Marking task as SUCCESS. dag_id=etl_2024-08-07, task_id=decrypt_the_data, run_id=scheduled__2024-06-04T00:00:00+00:00, execution_date=20240604T000000, start_date=20240807T105516, end_date=20240807T105517
[2024-08-07T10:55:18.007+0000] {local_task_job_runner.py:240} INFO - Task exited with return code 0
[2024-08-07T10:55:18.033+0000] {taskinstance.py:3503} INFO - 1 downstream tasks scheduled from follow-on schedule check
[2024-08-07T10:55:18.072+0000] {local_task_job_runner.py:222} INFO - ::endgroup::
