[2024-08-21T06:26:41.260+0000] {local_task_job_runner.py:120} INFO - ::group::Pre task execution logs
[2024-08-21T06:26:41.808+0000] {taskinstance.py:2076} INFO - Dependencies all met for dep_context=non-requeueable deps ti=<TaskInstance: etl_22024-08-21.log_the_data scheduled__2024-07-24T00:00:00+00:00 [queued]>
[2024-08-21T06:26:41.837+0000] {taskinstance.py:2076} INFO - Dependencies all met for dep_context=requeueable deps ti=<TaskInstance: etl_22024-08-21.log_the_data scheduled__2024-07-24T00:00:00+00:00 [queued]>
[2024-08-21T06:26:41.843+0000] {taskinstance.py:2306} INFO - Starting attempt 1 of 2
[2024-08-21T06:26:41.901+0000] {taskinstance.py:2330} INFO - Executing <Task(BashOperator): log_the_data> on 2024-07-24 00:00:00+00:00
[2024-08-21T06:26:41.927+0000] {standard_task_runner.py:90} INFO - Running: ['***', 'tasks', 'run', 'etl_22024-08-21', 'log_the_data', 'scheduled__2024-07-24T00:00:00+00:00', '--job-id', '653', '--raw', '--subdir', 'DAGS_FOLDER/final_etl.py', '--cfg-path', '/tmp/tmpednq8aet']
[2024-08-21T06:26:41.964+0000] {standard_task_runner.py:91} INFO - Job 653: Subtask log_the_data
[2024-08-21T06:26:41.943+0000] {logging_mixin.py:188} WARNING - /home/***/.local/lib/python3.12/site-packages/***/task/task_runner/standard_task_runner.py:61 DeprecationWarning: This process (pid=4066) is multi-threaded, use of fork() may lead to deadlocks in the child.
[2024-08-21T06:26:41.994+0000] {standard_task_runner.py:63} INFO - Started process 4088 to run task
[2024-08-21T06:26:42.524+0000] {task_command.py:426} INFO - Running <TaskInstance: etl_22024-08-21.log_the_data scheduled__2024-07-24T00:00:00+00:00 [running]> on host 7e1333882d71
[2024-08-21T06:26:43.016+0000] {taskinstance.py:2648} INFO - Exporting env vars: AIRFLOW_CTX_DAG_OWNER='***' AIRFLOW_CTX_DAG_ID='etl_22024-08-21' AIRFLOW_CTX_TASK_ID='log_the_data' AIRFLOW_CTX_EXECUTION_DATE='2024-07-24T00:00:00+00:00' AIRFLOW_CTX_TRY_NUMBER='1' AIRFLOW_CTX_DAG_RUN_ID='scheduled__2024-07-24T00:00:00+00:00'
[2024-08-21T06:26:43.087+0000] {taskinstance.py:430} INFO - ::endgroup::
[2024-08-21T06:26:43.193+0000] {subprocess.py:63} INFO - Tmp dir root location: /tmp
[2024-08-21T06:26:43.198+0000] {subprocess.py:75} INFO - Running command: ['/usr/bin/bash', '-c', 'python3 /opt/***/data/logging_config.py']
[2024-08-21T06:26:43.242+0000] {subprocess.py:86} INFO - Output:
[2024-08-21T06:26:43.974+0000] {subprocess.py:97} INFO - Command exited with return code 0
[2024-08-21T06:26:44.001+0000] {taskinstance.py:441} INFO - ::group::Post task execution logs
[2024-08-21T06:26:44.126+0000] {taskinstance.py:1206} INFO - Marking task as SUCCESS. dag_id=etl_22024-08-21, task_id=log_the_data, run_id=scheduled__2024-07-24T00:00:00+00:00, execution_date=20240724T000000, start_date=20240821T062641, end_date=20240821T062644
[2024-08-21T06:26:44.303+0000] {local_task_job_runner.py:240} INFO - Task exited with return code 0
[2024-08-21T06:26:44.534+0000] {taskinstance.py:3503} INFO - 1 downstream tasks scheduled from follow-on schedule check
[2024-08-21T06:26:44.546+0000] {local_task_job_runner.py:222} INFO - ::endgroup::
