[2024-08-13T05:26:01.860+0000] {local_task_job_runner.py:120} INFO - ::group::Pre task execution logs
[2024-08-13T05:26:01.887+0000] {taskinstance.py:2076} INFO - Dependencies all met for dep_context=non-requeueable deps ti=<TaskInstance: data_migrations2024-08-13.fetch_the_api scheduled__2024-05-07T00:00:00+00:00 [queued]>
[2024-08-13T05:26:01.894+0000] {taskinstance.py:2076} INFO - Dependencies all met for dep_context=requeueable deps ti=<TaskInstance: data_migrations2024-08-13.fetch_the_api scheduled__2024-05-07T00:00:00+00:00 [queued]>
[2024-08-13T05:26:01.894+0000] {taskinstance.py:2306} INFO - Starting attempt 1 of 2
[2024-08-13T05:26:01.919+0000] {taskinstance.py:2330} INFO - Executing <Task(BashOperator): fetch_the_api> on 2024-05-07 00:00:00+00:00
[2024-08-13T05:26:01.925+0000] {standard_task_runner.py:63} INFO - Started process 1875 to run task
[2024-08-13T05:26:01.929+0000] {standard_task_runner.py:90} INFO - Running: ['***', 'tasks', 'run', 'data_migrations2024-08-13', 'fetch_the_api', 'scheduled__2024-05-07T00:00:00+00:00', '--job-id', '3204', '--raw', '--subdir', 'DAGS_FOLDER/data_migrations.py', '--cfg-path', '/tmp/tmp9kjn702u']
[2024-08-13T05:26:01.933+0000] {standard_task_runner.py:91} INFO - Job 3204: Subtask fetch_the_api
[2024-08-13T05:26:02.284+0000] {task_command.py:426} INFO - Running <TaskInstance: data_migrations2024-08-13.fetch_the_api scheduled__2024-05-07T00:00:00+00:00 [running]> on host 22a1a79ba5d1
[2024-08-13T05:26:03.265+0000] {taskinstance.py:2648} INFO - Exporting env vars: AIRFLOW_CTX_DAG_OWNER='***' AIRFLOW_CTX_DAG_ID='data_migrations2024-08-13' AIRFLOW_CTX_TASK_ID='fetch_the_api' AIRFLOW_CTX_EXECUTION_DATE='2024-05-07T00:00:00+00:00' AIRFLOW_CTX_TRY_NUMBER='1' AIRFLOW_CTX_DAG_RUN_ID='scheduled__2024-05-07T00:00:00+00:00'
[2024-08-13T05:26:03.267+0000] {taskinstance.py:430} INFO - ::endgroup::
[2024-08-13T05:26:03.284+0000] {subprocess.py:63} INFO - Tmp dir root location: /tmp
[2024-08-13T05:26:03.285+0000] {subprocess.py:75} INFO - Running command: ['/usr/bin/bash', '-c', 'python3 /opt/***/data/etl_m12_local_db.py']
[2024-08-13T05:26:03.298+0000] {subprocess.py:86} INFO - Output:
[2024-08-13T05:26:07.177+0000] {subprocess.py:93} INFO - Error occurred: (psycopg2.errors.UniqueViolation) duplicate key value violates unique constraint "pg_class_relname_nsp_index"
[2024-08-13T05:26:07.179+0000] {subprocess.py:93} INFO - DETAIL:  Key (relname, relnamespace)=(logs_2024-08-13_id_seq, 2200) already exists.
[2024-08-13T05:26:07.180+0000] {subprocess.py:93} INFO - 
[2024-08-13T05:26:07.180+0000] {subprocess.py:93} INFO - [SQL:
[2024-08-13T05:26:07.180+0000] {subprocess.py:93} INFO - CREATE TABLE "logs_2024-08-13" (
[2024-08-13T05:26:07.180+0000] {subprocess.py:93} INFO - 	id SERIAL NOT NULL,
[2024-08-13T05:26:07.181+0000] {subprocess.py:93} INFO - 	error VARCHAR,
[2024-08-13T05:26:07.181+0000] {subprocess.py:93} INFO - 	token VARCHAR,
[2024-08-13T05:26:07.182+0000] {subprocess.py:93} INFO - 	error_details TEXT,
[2024-08-13T05:26:07.183+0000] {subprocess.py:93} INFO - 	created_at TIMESTAMP WITHOUT TIME ZONE,
[2024-08-13T05:26:07.183+0000] {subprocess.py:93} INFO - 	PRIMARY KEY (id)
[2024-08-13T05:26:07.184+0000] {subprocess.py:93} INFO - )
[2024-08-13T05:26:07.188+0000] {subprocess.py:93} INFO - 
[2024-08-13T05:26:07.190+0000] {subprocess.py:93} INFO - ]
[2024-08-13T05:26:07.190+0000] {subprocess.py:93} INFO - (Background on this error at: https://sqlalche.me/e/14/gkpj)
[2024-08-13T05:26:07.318+0000] {subprocess.py:97} INFO - Command exited with return code 1
[2024-08-13T05:26:07.319+0000] {taskinstance.py:441} INFO - ::group::Post task execution logs
[2024-08-13T05:26:07.330+0000] {taskinstance.py:2905} ERROR - Task failed with exception
Traceback (most recent call last):
  File "/home/airflow/.local/lib/python3.9/site-packages/airflow/models/taskinstance.py", line 465, in _execute_task
    result = _execute_callable(context=context, **execute_callable_kwargs)
  File "/home/airflow/.local/lib/python3.9/site-packages/airflow/models/taskinstance.py", line 432, in _execute_callable
    return execute_callable(context=context, **execute_callable_kwargs)
  File "/home/airflow/.local/lib/python3.9/site-packages/airflow/models/baseoperator.py", line 401, in wrapper
    return func(self, *args, **kwargs)
  File "/home/airflow/.local/lib/python3.9/site-packages/airflow/operators/bash.py", line 243, in execute
    raise AirflowException(
airflow.exceptions.AirflowException: Bash command failed. The command returned a non-zero exit code 1.
[2024-08-13T05:26:07.334+0000] {taskinstance.py:1206} INFO - Marking task as UP_FOR_RETRY. dag_id=data_migrations2024-08-13, task_id=fetch_the_api, run_id=scheduled__2024-05-07T00:00:00+00:00, execution_date=20240507T000000, start_date=20240813T052601, end_date=20240813T052607
[2024-08-13T05:26:07.512+0000] {standard_task_runner.py:110} ERROR - Failed to execute job 3204 for task fetch_the_api (Bash command failed. The command returned a non-zero exit code 1.; 1875)
[2024-08-13T05:26:07.552+0000] {local_task_job_runner.py:240} INFO - Task exited with return code 1
[2024-08-13T05:26:07.562+0000] {taskinstance.py:3503} INFO - 0 downstream tasks scheduled from follow-on schedule check
[2024-08-13T05:26:07.590+0000] {local_task_job_runner.py:222} INFO - ::endgroup::
