[2024-08-07T10:43:43.277+0000] {local_task_job_runner.py:120} INFO - ::group::Pre task execution logs
[2024-08-07T10:43:43.295+0000] {taskinstance.py:2076} INFO - Dependencies all met for dep_context=non-requeueable deps ti=<TaskInstance: etl_2024-08-07.log_the_data scheduled__2024-05-22T00:00:00+00:00 [queued]>
[2024-08-07T10:43:43.298+0000] {taskinstance.py:2076} INFO - Dependencies all met for dep_context=requeueable deps ti=<TaskInstance: etl_2024-08-07.log_the_data scheduled__2024-05-22T00:00:00+00:00 [queued]>
[2024-08-07T10:43:43.298+0000] {taskinstance.py:2306} INFO - Starting attempt 1 of 2
[2024-08-07T10:43:43.860+0000] {taskinstance.py:2330} INFO - Executing <Task(BashOperator): log_the_data> on 2024-05-22 00:00:00+00:00
[2024-08-07T10:43:43.867+0000] {standard_task_runner.py:63} INFO - Started process 1927 to run task
[2024-08-07T10:43:43.871+0000] {standard_task_runner.py:90} INFO - Running: ['***', 'tasks', 'run', 'etl_2024-08-07', 'log_the_data', 'scheduled__2024-05-22T00:00:00+00:00', '--job-id', '173', '--raw', '--subdir', 'DAGS_FOLDER/final_etl.py', '--cfg-path', '/tmp/tmprizzxpw9']
[2024-08-07T10:43:43.872+0000] {standard_task_runner.py:91} INFO - Job 173: Subtask log_the_data
[2024-08-07T10:43:43.986+0000] {task_command.py:426} INFO - Running <TaskInstance: etl_2024-08-07.log_the_data scheduled__2024-05-22T00:00:00+00:00 [running]> on host 8cffaad11d99
[2024-08-07T10:43:44.127+0000] {taskinstance.py:2648} INFO - Exporting env vars: AIRFLOW_CTX_DAG_OWNER='***' AIRFLOW_CTX_DAG_ID='etl_2024-08-07' AIRFLOW_CTX_TASK_ID='log_the_data' AIRFLOW_CTX_EXECUTION_DATE='2024-05-22T00:00:00+00:00' AIRFLOW_CTX_TRY_NUMBER='1' AIRFLOW_CTX_DAG_RUN_ID='scheduled__2024-05-22T00:00:00+00:00'
[2024-08-07T10:43:44.128+0000] {taskinstance.py:430} INFO - ::endgroup::
[2024-08-07T10:43:44.135+0000] {subprocess.py:63} INFO - Tmp dir root location: /tmp
[2024-08-07T10:43:44.136+0000] {subprocess.py:75} INFO - Running command: ['/usr/bin/bash', '-c', 'python3 /opt/***/data/logging_config.py']
[2024-08-07T10:43:44.141+0000] {subprocess.py:86} INFO - Output:
[2024-08-07T10:43:44.221+0000] {subprocess.py:97} INFO - Command exited with return code 0
[2024-08-07T10:43:44.222+0000] {taskinstance.py:441} INFO - ::group::Post task execution logs
[2024-08-07T10:43:44.271+0000] {taskinstance.py:1206} INFO - Marking task as SUCCESS. dag_id=etl_2024-08-07, task_id=log_the_data, run_id=scheduled__2024-05-22T00:00:00+00:00, execution_date=20240522T000000, start_date=20240807T104343, end_date=20240807T104344
[2024-08-07T10:43:44.325+0000] {local_task_job_runner.py:240} INFO - Task exited with return code 0
[2024-08-07T10:43:44.347+0000] {taskinstance.py:3503} INFO - 1 downstream tasks scheduled from follow-on schedule check
[2024-08-07T10:43:44.405+0000] {local_task_job_runner.py:222} INFO - ::endgroup::
[2024-08-07T10:55:09.398+0000] {local_task_job_runner.py:120} INFO - ::group::Pre task execution logs
[2024-08-07T10:55:09.427+0000] {taskinstance.py:2076} INFO - Dependencies all met for dep_context=non-requeueable deps ti=<TaskInstance: etl_2024-08-07.log_the_data scheduled__2024-05-22T00:00:00+00:00 [queued]>
[2024-08-07T10:55:09.432+0000] {taskinstance.py:2076} INFO - Dependencies all met for dep_context=requeueable deps ti=<TaskInstance: etl_2024-08-07.log_the_data scheduled__2024-05-22T00:00:00+00:00 [queued]>
[2024-08-07T10:55:09.432+0000] {taskinstance.py:2306} INFO - Starting attempt 1 of 2
[2024-08-07T10:55:09.478+0000] {taskinstance.py:2330} INFO - Executing <Task(BashOperator): log_the_data> on 2024-05-22 00:00:00+00:00
[2024-08-07T10:55:09.481+0000] {standard_task_runner.py:63} INFO - Started process 3042 to run task
[2024-08-07T10:55:09.485+0000] {standard_task_runner.py:90} INFO - Running: ['***', 'tasks', 'run', 'etl_2024-08-07', 'log_the_data', 'scheduled__2024-05-22T00:00:00+00:00', '--job-id', '447', '--raw', '--subdir', 'DAGS_FOLDER/final_etl.py', '--cfg-path', '/tmp/tmpnzq74_y5']
[2024-08-07T10:55:09.488+0000] {standard_task_runner.py:91} INFO - Job 447: Subtask log_the_data
[2024-08-07T10:55:09.556+0000] {task_command.py:426} INFO - Running <TaskInstance: etl_2024-08-07.log_the_data scheduled__2024-05-22T00:00:00+00:00 [running]> on host 8cffaad11d99
[2024-08-07T10:55:09.863+0000] {taskinstance.py:2648} INFO - Exporting env vars: AIRFLOW_CTX_DAG_OWNER='***' AIRFLOW_CTX_DAG_ID='etl_2024-08-07' AIRFLOW_CTX_TASK_ID='log_the_data' AIRFLOW_CTX_EXECUTION_DATE='2024-05-22T00:00:00+00:00' AIRFLOW_CTX_TRY_NUMBER='1' AIRFLOW_CTX_DAG_RUN_ID='scheduled__2024-05-22T00:00:00+00:00'
[2024-08-07T10:55:09.864+0000] {taskinstance.py:430} INFO - ::endgroup::
[2024-08-07T10:55:09.871+0000] {subprocess.py:63} INFO - Tmp dir root location: /tmp
[2024-08-07T10:55:09.871+0000] {subprocess.py:75} INFO - Running command: ['/usr/bin/bash', '-c', 'python3 /opt/***/data/logging_config.py']
[2024-08-07T10:55:09.876+0000] {subprocess.py:86} INFO - Output:
[2024-08-07T10:55:09.948+0000] {subprocess.py:97} INFO - Command exited with return code 0
[2024-08-07T10:55:09.949+0000] {taskinstance.py:441} INFO - ::group::Post task execution logs
[2024-08-07T10:55:10.535+0000] {taskinstance.py:1206} INFO - Marking task as SUCCESS. dag_id=etl_2024-08-07, task_id=log_the_data, run_id=scheduled__2024-05-22T00:00:00+00:00, execution_date=20240522T000000, start_date=20240807T105509, end_date=20240807T105510
[2024-08-07T10:55:10.622+0000] {local_task_job_runner.py:240} INFO - Task exited with return code 0
[2024-08-07T10:55:10.646+0000] {taskinstance.py:3503} INFO - 1 downstream tasks scheduled from follow-on schedule check
[2024-08-07T10:55:10.679+0000] {local_task_job_runner.py:222} INFO - ::endgroup::
