[2024-08-08T06:07:18.172+0000] {local_task_job_runner.py:120} INFO - ::group::Pre task execution logs
[2024-08-08T06:07:18.191+0000] {taskinstance.py:2076} INFO - Dependencies all met for dep_context=non-requeueable deps ti=<TaskInstance: etl_2024-08-08.log_the_data scheduled__2024-05-07T00:00:00+00:00 [queued]>
[2024-08-08T06:07:18.196+0000] {taskinstance.py:2076} INFO - Dependencies all met for dep_context=requeueable deps ti=<TaskInstance: etl_2024-08-08.log_the_data scheduled__2024-05-07T00:00:00+00:00 [queued]>
[2024-08-08T06:07:18.196+0000] {taskinstance.py:2306} INFO - Starting attempt 1 of 2
[2024-08-08T06:07:18.215+0000] {taskinstance.py:2330} INFO - Executing <Task(BashOperator): log_the_data> on 2024-05-07 00:00:00+00:00
[2024-08-08T06:07:18.220+0000] {standard_task_runner.py:63} INFO - Started process 3340 to run task
[2024-08-08T06:07:18.229+0000] {standard_task_runner.py:90} INFO - Running: ['***', 'tasks', 'run', 'etl_2024-08-08', 'log_the_data', 'scheduled__2024-05-07T00:00:00+00:00', '--job-id', '1102', '--raw', '--subdir', 'DAGS_FOLDER/final_etl.py', '--cfg-path', '/tmp/tmp6d5iazo6']
[2024-08-08T06:07:18.232+0000] {standard_task_runner.py:91} INFO - Job 1102: Subtask log_the_data
[2024-08-08T06:07:18.293+0000] {task_command.py:426} INFO - Running <TaskInstance: etl_2024-08-08.log_the_data scheduled__2024-05-07T00:00:00+00:00 [running]> on host 05bc191a9412
[2024-08-08T06:07:18.406+0000] {taskinstance.py:2648} INFO - Exporting env vars: AIRFLOW_CTX_DAG_OWNER='***' AIRFLOW_CTX_DAG_ID='etl_2024-08-08' AIRFLOW_CTX_TASK_ID='log_the_data' AIRFLOW_CTX_EXECUTION_DATE='2024-05-07T00:00:00+00:00' AIRFLOW_CTX_TRY_NUMBER='1' AIRFLOW_CTX_DAG_RUN_ID='scheduled__2024-05-07T00:00:00+00:00'
[2024-08-08T06:07:18.407+0000] {taskinstance.py:430} INFO - ::endgroup::
[2024-08-08T06:07:18.420+0000] {subprocess.py:63} INFO - Tmp dir root location: /tmp
[2024-08-08T06:07:18.421+0000] {subprocess.py:75} INFO - Running command: ['/usr/bin/bash', '-c', 'python3 /opt/***/data/logging_config.py']
[2024-08-08T06:07:18.430+0000] {subprocess.py:86} INFO - Output:
[2024-08-08T06:07:18.565+0000] {subprocess.py:97} INFO - Command exited with return code 0
[2024-08-08T06:07:18.565+0000] {taskinstance.py:441} INFO - ::group::Post task execution logs
[2024-08-08T06:07:18.630+0000] {taskinstance.py:1206} INFO - Marking task as SUCCESS. dag_id=etl_2024-08-08, task_id=log_the_data, run_id=scheduled__2024-05-07T00:00:00+00:00, execution_date=20240507T000000, start_date=20240808T060718, end_date=20240808T060718
[2024-08-08T06:07:19.441+0000] {local_task_job_runner.py:240} INFO - Task exited with return code 0
[2024-08-08T06:07:19.463+0000] {taskinstance.py:3503} INFO - 1 downstream tasks scheduled from follow-on schedule check
[2024-08-08T06:07:19.499+0000] {local_task_job_runner.py:222} INFO - ::endgroup::
