[2024-08-12T10:32:36.289+0000] {local_task_job_runner.py:120} INFO - ::group::Pre task execution logs
[2024-08-12T10:32:36.308+0000] {taskinstance.py:2076} INFO - Dependencies all met for dep_context=non-requeueable deps ti=<TaskInstance: etl_2024-08-12.decrypt_the_data string [queued]>
[2024-08-12T10:32:36.315+0000] {taskinstance.py:2076} INFO - Dependencies all met for dep_context=requeueable deps ti=<TaskInstance: etl_2024-08-12.decrypt_the_data string [queued]>
[2024-08-12T10:32:36.315+0000] {taskinstance.py:2306} INFO - Starting attempt 1 of 2
[2024-08-12T10:32:36.367+0000] {taskinstance.py:2330} INFO - Executing <Task(BashOperator): decrypt_the_data> on 2024-08-12 10:31:55.521000+00:00
[2024-08-12T10:32:36.371+0000] {standard_task_runner.py:63} INFO - Started process 10390 to run task
[2024-08-12T10:32:36.373+0000] {standard_task_runner.py:90} INFO - Running: ['***', 'tasks', 'run', 'etl_2024-08-12', 'decrypt_the_data', 'string', '--job-id', '3188', '--raw', '--subdir', 'DAGS_FOLDER/final_etl.py', '--cfg-path', '/tmp/tmp1ntmfm89']
[2024-08-12T10:32:36.375+0000] {standard_task_runner.py:91} INFO - Job 3188: Subtask decrypt_the_data
[2024-08-12T10:32:36.419+0000] {task_command.py:426} INFO - Running <TaskInstance: etl_2024-08-12.decrypt_the_data string [running]> on host 88a939613e48
[2024-08-12T10:32:36.519+0000] {taskinstance.py:2648} INFO - Exporting env vars: AIRFLOW_CTX_DAG_OWNER='***' AIRFLOW_CTX_DAG_ID='etl_2024-08-12' AIRFLOW_CTX_TASK_ID='decrypt_the_data' AIRFLOW_CTX_EXECUTION_DATE='2024-08-12T10:31:55.521000+00:00' AIRFLOW_CTX_TRY_NUMBER='1' AIRFLOW_CTX_DAG_RUN_ID='string'
[2024-08-12T10:32:36.519+0000] {taskinstance.py:430} INFO - ::endgroup::
[2024-08-12T10:32:36.526+0000] {subprocess.py:63} INFO - Tmp dir root location: /tmp
[2024-08-12T10:32:36.526+0000] {subprocess.py:75} INFO - Running command: ['/usr/bin/bash', '-c', 'python3 /opt/***/data/decryption_utils.py']
[2024-08-12T10:32:36.532+0000] {subprocess.py:86} INFO - Output:
[2024-08-12T10:32:36.615+0000] {subprocess.py:97} INFO - Command exited with return code 0
[2024-08-12T10:32:36.615+0000] {taskinstance.py:441} INFO - ::group::Post task execution logs
[2024-08-12T10:32:36.648+0000] {taskinstance.py:1206} INFO - Marking task as SUCCESS. dag_id=etl_2024-08-12, task_id=decrypt_the_data, run_id=string, execution_date=20240812T103155, start_date=20240812T103236, end_date=20240812T103236
[2024-08-12T10:32:36.708+0000] {local_task_job_runner.py:240} INFO - Task exited with return code 0
[2024-08-12T10:32:36.726+0000] {taskinstance.py:3503} INFO - 1 downstream tasks scheduled from follow-on schedule check
[2024-08-12T10:32:36.750+0000] {local_task_job_runner.py:222} INFO - ::endgroup::
