[2024-08-07T10:43:39.026+0000] {local_task_job_runner.py:120} INFO - ::group::Pre task execution logs
[2024-08-07T10:43:39.053+0000] {taskinstance.py:2076} INFO - Dependencies all met for dep_context=non-requeueable deps ti=<TaskInstance: etl_2024-08-07.fetch_the_api scheduled__2024-05-21T00:00:00+00:00 [queued]>
[2024-08-07T10:43:39.057+0000] {taskinstance.py:2076} INFO - Dependencies all met for dep_context=requeueable deps ti=<TaskInstance: etl_2024-08-07.fetch_the_api scheduled__2024-05-21T00:00:00+00:00 [queued]>
[2024-08-07T10:43:39.058+0000] {taskinstance.py:2306} INFO - Starting attempt 1 of 2
[2024-08-07T10:43:39.123+0000] {taskinstance.py:2330} INFO - Executing <Task(BashOperator): fetch_the_api> on 2024-05-21 00:00:00+00:00
[2024-08-07T10:43:39.127+0000] {standard_task_runner.py:63} INFO - Started process 1819 to run task
[2024-08-07T10:43:39.130+0000] {standard_task_runner.py:90} INFO - Running: ['***', 'tasks', 'run', 'etl_2024-08-07', 'fetch_the_api', 'scheduled__2024-05-21T00:00:00+00:00', '--job-id', '134', '--raw', '--subdir', 'DAGS_FOLDER/final_etl.py', '--cfg-path', '/tmp/tmp_9q7f546']
[2024-08-07T10:43:39.133+0000] {standard_task_runner.py:91} INFO - Job 134: Subtask fetch_the_api
[2024-08-07T10:43:39.263+0000] {task_command.py:426} INFO - Running <TaskInstance: etl_2024-08-07.fetch_the_api scheduled__2024-05-21T00:00:00+00:00 [running]> on host 8cffaad11d99
[2024-08-07T10:43:39.405+0000] {taskinstance.py:2648} INFO - Exporting env vars: AIRFLOW_CTX_DAG_OWNER='***' AIRFLOW_CTX_DAG_ID='etl_2024-08-07' AIRFLOW_CTX_TASK_ID='fetch_the_api' AIRFLOW_CTX_EXECUTION_DATE='2024-05-21T00:00:00+00:00' AIRFLOW_CTX_TRY_NUMBER='1' AIRFLOW_CTX_DAG_RUN_ID='scheduled__2024-05-21T00:00:00+00:00'
[2024-08-07T10:43:39.405+0000] {taskinstance.py:430} INFO - ::endgroup::
[2024-08-07T10:43:39.414+0000] {subprocess.py:63} INFO - Tmp dir root location: /tmp
[2024-08-07T10:43:39.414+0000] {subprocess.py:75} INFO - Running command: ['/usr/bin/bash', '-c', 'python3 /opt/***/data/config.py']
[2024-08-07T10:43:39.423+0000] {subprocess.py:86} INFO - Output:
[2024-08-07T10:43:39.535+0000] {subprocess.py:97} INFO - Command exited with return code 0
[2024-08-07T10:43:39.535+0000] {taskinstance.py:441} INFO - ::group::Post task execution logs
[2024-08-07T10:43:39.575+0000] {taskinstance.py:1206} INFO - Marking task as SUCCESS. dag_id=etl_2024-08-07, task_id=fetch_the_api, run_id=scheduled__2024-05-21T00:00:00+00:00, execution_date=20240521T000000, start_date=20240807T104339, end_date=20240807T104339
[2024-08-07T10:43:39.705+0000] {local_task_job_runner.py:240} INFO - Task exited with return code 0
[2024-08-07T10:43:39.723+0000] {taskinstance.py:3503} INFO - 1 downstream tasks scheduled from follow-on schedule check
[2024-08-07T10:43:39.738+0000] {local_task_job_runner.py:222} INFO - ::endgroup::
[2024-08-07T10:49:47.821+0000] {local_task_job_runner.py:120} INFO - ::group::Pre task execution logs
[2024-08-07T10:49:47.845+0000] {taskinstance.py:2076} INFO - Dependencies all met for dep_context=non-requeueable deps ti=<TaskInstance: etl_2024-08-07.fetch_the_api scheduled__2024-05-21T00:00:00+00:00 [queued]>
[2024-08-07T10:49:47.849+0000] {taskinstance.py:2076} INFO - Dependencies all met for dep_context=requeueable deps ti=<TaskInstance: etl_2024-08-07.fetch_the_api scheduled__2024-05-21T00:00:00+00:00 [queued]>
[2024-08-07T10:49:47.849+0000] {taskinstance.py:2306} INFO - Starting attempt 1 of 2
[2024-08-07T10:49:47.878+0000] {taskinstance.py:2330} INFO - Executing <Task(BashOperator): fetch_the_api> on 2024-05-21 00:00:00+00:00
[2024-08-07T10:49:47.882+0000] {standard_task_runner.py:63} INFO - Started process 2622 to run task
[2024-08-07T10:49:47.884+0000] {standard_task_runner.py:90} INFO - Running: ['***', 'tasks', 'run', 'etl_2024-08-07', 'fetch_the_api', 'scheduled__2024-05-21T00:00:00+00:00', '--job-id', '353', '--raw', '--subdir', 'DAGS_FOLDER/final_etl.py', '--cfg-path', '/tmp/tmpjcllinvj']
[2024-08-07T10:49:47.885+0000] {standard_task_runner.py:91} INFO - Job 353: Subtask fetch_the_api
[2024-08-07T10:49:47.953+0000] {task_command.py:426} INFO - Running <TaskInstance: etl_2024-08-07.fetch_the_api scheduled__2024-05-21T00:00:00+00:00 [running]> on host 8cffaad11d99
[2024-08-07T10:49:48.048+0000] {taskinstance.py:2648} INFO - Exporting env vars: AIRFLOW_CTX_DAG_OWNER='***' AIRFLOW_CTX_DAG_ID='etl_2024-08-07' AIRFLOW_CTX_TASK_ID='fetch_the_api' AIRFLOW_CTX_EXECUTION_DATE='2024-05-21T00:00:00+00:00' AIRFLOW_CTX_TRY_NUMBER='1' AIRFLOW_CTX_DAG_RUN_ID='scheduled__2024-05-21T00:00:00+00:00'
[2024-08-07T10:49:48.049+0000] {taskinstance.py:430} INFO - ::endgroup::
[2024-08-07T10:49:48.061+0000] {subprocess.py:63} INFO - Tmp dir root location: /tmp
[2024-08-07T10:49:48.062+0000] {subprocess.py:75} INFO - Running command: ['/usr/bin/bash', '-c', 'python3 /opt/***/data/config.py']
[2024-08-07T10:49:48.069+0000] {subprocess.py:86} INFO - Output:
[2024-08-07T10:49:48.178+0000] {subprocess.py:97} INFO - Command exited with return code 0
[2024-08-07T10:49:48.179+0000] {taskinstance.py:441} INFO - ::group::Post task execution logs
[2024-08-07T10:49:48.274+0000] {taskinstance.py:1206} INFO - Marking task as SUCCESS. dag_id=etl_2024-08-07, task_id=fetch_the_api, run_id=scheduled__2024-05-21T00:00:00+00:00, execution_date=20240521T000000, start_date=20240807T104947, end_date=20240807T104948
[2024-08-07T10:49:48.341+0000] {local_task_job_runner.py:240} INFO - Task exited with return code 0
[2024-08-07T10:49:48.362+0000] {taskinstance.py:3503} INFO - 1 downstream tasks scheduled from follow-on schedule check
[2024-08-07T10:49:48.380+0000] {local_task_job_runner.py:222} INFO - ::endgroup::
