[2024-08-07T11:34:14.471+0000] {local_task_job_runner.py:120} INFO - ::group::Pre task execution logs
[2024-08-07T11:34:14.498+0000] {taskinstance.py:2076} INFO - Dependencies all met for dep_context=non-requeueable deps ti=<TaskInstance: data_migrations2024-08-07.fetch_the_api manual__2024-08-07T11:34:13.707468+00:00 [queued]>
[2024-08-07T11:34:14.502+0000] {taskinstance.py:2076} INFO - Dependencies all met for dep_context=requeueable deps ti=<TaskInstance: data_migrations2024-08-07.fetch_the_api manual__2024-08-07T11:34:13.707468+00:00 [queued]>
[2024-08-07T11:34:14.503+0000] {taskinstance.py:2306} INFO - Starting attempt 1 of 2
[2024-08-07T11:34:14.526+0000] {taskinstance.py:2330} INFO - Executing <Task(BashOperator): fetch_the_api> on 2024-08-07 11:34:13.707468+00:00
[2024-08-07T11:34:14.531+0000] {standard_task_runner.py:63} INFO - Started process 391 to run task
[2024-08-07T11:34:14.535+0000] {standard_task_runner.py:90} INFO - Running: ['***', 'tasks', 'run', 'data_migrations2024-08-07', 'fetch_the_api', 'manual__2024-08-07T11:34:13.707468+00:00', '--job-id', '970', '--raw', '--subdir', 'DAGS_FOLDER/data_migrations.py', '--cfg-path', '/tmp/tmp6lbwxhan']
[2024-08-07T11:34:14.538+0000] {standard_task_runner.py:91} INFO - Job 970: Subtask fetch_the_api
[2024-08-07T11:34:14.615+0000] {task_command.py:426} INFO - Running <TaskInstance: data_migrations2024-08-07.fetch_the_api manual__2024-08-07T11:34:13.707468+00:00 [running]> on host c64394e7e626
[2024-08-07T11:34:14.742+0000] {taskinstance.py:2648} INFO - Exporting env vars: AIRFLOW_CTX_DAG_OWNER='***' AIRFLOW_CTX_DAG_ID='data_migrations2024-08-07' AIRFLOW_CTX_TASK_ID='fetch_the_api' AIRFLOW_CTX_EXECUTION_DATE='2024-08-07T11:34:13.707468+00:00' AIRFLOW_CTX_TRY_NUMBER='1' AIRFLOW_CTX_DAG_RUN_ID='manual__2024-08-07T11:34:13.707468+00:00'
[2024-08-07T11:34:14.744+0000] {taskinstance.py:430} INFO - ::endgroup::
[2024-08-07T11:34:14.764+0000] {subprocess.py:63} INFO - Tmp dir root location: /tmp
[2024-08-07T11:34:14.765+0000] {subprocess.py:75} INFO - Running command: ['/usr/bin/bash', '-c', 'python3 /opt/***/data/etl_m12_local_db.py']
[2024-08-07T11:34:14.770+0000] {subprocess.py:86} INFO - Output:
[2024-08-07T11:34:15.768+0000] {subprocess.py:93} INFO - Database tables created successfully.
[2024-08-07T11:34:15.802+0000] {subprocess.py:97} INFO - Command exited with return code 0
[2024-08-07T11:34:15.803+0000] {taskinstance.py:441} INFO - ::group::Post task execution logs
[2024-08-07T11:34:15.836+0000] {taskinstance.py:1206} INFO - Marking task as SUCCESS. dag_id=data_migrations2024-08-07, task_id=fetch_the_api, run_id=manual__2024-08-07T11:34:13.707468+00:00, execution_date=20240807T113413, start_date=20240807T113414, end_date=20240807T113415
[2024-08-07T11:34:15.912+0000] {local_task_job_runner.py:240} INFO - Task exited with return code 0
[2024-08-07T11:34:15.936+0000] {taskinstance.py:3503} INFO - 0 downstream tasks scheduled from follow-on schedule check
[2024-08-07T11:34:16.033+0000] {local_task_job_runner.py:222} INFO - ::endgroup::
