[2024-08-07T10:49:02.069+0000] {local_task_job_runner.py:120} INFO - ::group::Pre task execution logs
[2024-08-07T10:49:02.094+0000] {taskinstance.py:2076} INFO - Dependencies all met for dep_context=non-requeueable deps ti=<TaskInstance: etl_2024-08-07.decrypt_the_data scheduled__2024-05-30T00:00:00+00:00 [queued]>
[2024-08-07T10:49:02.104+0000] {taskinstance.py:2076} INFO - Dependencies all met for dep_context=requeueable deps ti=<TaskInstance: etl_2024-08-07.decrypt_the_data scheduled__2024-05-30T00:00:00+00:00 [queued]>
[2024-08-07T10:49:02.105+0000] {taskinstance.py:2306} INFO - Starting attempt 1 of 2
[2024-08-07T10:49:02.143+0000] {taskinstance.py:2330} INFO - Executing <Task(BashOperator): decrypt_the_data> on 2024-05-30 00:00:00+00:00
[2024-08-07T10:49:02.147+0000] {standard_task_runner.py:63} INFO - Started process 2344 to run task
[2024-08-07T10:49:02.152+0000] {standard_task_runner.py:90} INFO - Running: ['***', 'tasks', 'run', 'etl_2024-08-07', 'decrypt_the_data', 'scheduled__2024-05-30T00:00:00+00:00', '--job-id', '263', '--raw', '--subdir', 'DAGS_FOLDER/final_etl.py', '--cfg-path', '/tmp/tmpf5j34osz']
[2024-08-07T10:49:02.155+0000] {standard_task_runner.py:91} INFO - Job 263: Subtask decrypt_the_data
[2024-08-07T10:49:02.223+0000] {task_command.py:426} INFO - Running <TaskInstance: etl_2024-08-07.decrypt_the_data scheduled__2024-05-30T00:00:00+00:00 [running]> on host 8cffaad11d99
[2024-08-07T10:49:02.333+0000] {taskinstance.py:2648} INFO - Exporting env vars: AIRFLOW_CTX_DAG_OWNER='***' AIRFLOW_CTX_DAG_ID='etl_2024-08-07' AIRFLOW_CTX_TASK_ID='decrypt_the_data' AIRFLOW_CTX_EXECUTION_DATE='2024-05-30T00:00:00+00:00' AIRFLOW_CTX_TRY_NUMBER='1' AIRFLOW_CTX_DAG_RUN_ID='scheduled__2024-05-30T00:00:00+00:00'
[2024-08-07T10:49:02.334+0000] {taskinstance.py:430} INFO - ::endgroup::
[2024-08-07T10:49:02.350+0000] {subprocess.py:63} INFO - Tmp dir root location: /tmp
[2024-08-07T10:49:02.351+0000] {subprocess.py:75} INFO - Running command: ['/usr/bin/bash', '-c', 'python3 /opt/***/data/decryption_utils.py']
[2024-08-07T10:49:02.361+0000] {subprocess.py:86} INFO - Output:
[2024-08-07T10:49:02.505+0000] {subprocess.py:97} INFO - Command exited with return code 0
[2024-08-07T10:49:02.505+0000] {taskinstance.py:441} INFO - ::group::Post task execution logs
[2024-08-07T10:49:02.558+0000] {taskinstance.py:1206} INFO - Marking task as SUCCESS. dag_id=etl_2024-08-07, task_id=decrypt_the_data, run_id=scheduled__2024-05-30T00:00:00+00:00, execution_date=20240530T000000, start_date=20240807T104902, end_date=20240807T104902
[2024-08-07T10:49:02.603+0000] {local_task_job_runner.py:240} INFO - Task exited with return code 0
[2024-08-07T10:49:02.632+0000] {taskinstance.py:3503} INFO - 1 downstream tasks scheduled from follow-on schedule check
[2024-08-07T10:49:02.656+0000] {local_task_job_runner.py:222} INFO - ::endgroup::
[2024-08-07T10:55:13.337+0000] {local_task_job_runner.py:120} INFO - ::group::Pre task execution logs
[2024-08-07T10:55:13.359+0000] {taskinstance.py:2076} INFO - Dependencies all met for dep_context=non-requeueable deps ti=<TaskInstance: etl_2024-08-07.decrypt_the_data scheduled__2024-05-30T00:00:00+00:00 [queued]>
[2024-08-07T10:55:13.366+0000] {taskinstance.py:2076} INFO - Dependencies all met for dep_context=requeueable deps ti=<TaskInstance: etl_2024-08-07.decrypt_the_data scheduled__2024-05-30T00:00:00+00:00 [queued]>
[2024-08-07T10:55:13.366+0000] {taskinstance.py:2306} INFO - Starting attempt 1 of 2
[2024-08-07T10:55:13.396+0000] {taskinstance.py:2330} INFO - Executing <Task(BashOperator): decrypt_the_data> on 2024-05-30 00:00:00+00:00
[2024-08-07T10:55:13.399+0000] {standard_task_runner.py:63} INFO - Started process 3150 to run task
[2024-08-07T10:55:13.403+0000] {standard_task_runner.py:90} INFO - Running: ['***', 'tasks', 'run', 'etl_2024-08-07', 'decrypt_the_data', 'scheduled__2024-05-30T00:00:00+00:00', '--job-id', '486', '--raw', '--subdir', 'DAGS_FOLDER/final_etl.py', '--cfg-path', '/tmp/tmp66euc9dx']
[2024-08-07T10:55:13.405+0000] {standard_task_runner.py:91} INFO - Job 486: Subtask decrypt_the_data
[2024-08-07T10:55:13.460+0000] {task_command.py:426} INFO - Running <TaskInstance: etl_2024-08-07.decrypt_the_data scheduled__2024-05-30T00:00:00+00:00 [running]> on host 8cffaad11d99
[2024-08-07T10:55:13.565+0000] {taskinstance.py:2648} INFO - Exporting env vars: AIRFLOW_CTX_DAG_OWNER='***' AIRFLOW_CTX_DAG_ID='etl_2024-08-07' AIRFLOW_CTX_TASK_ID='decrypt_the_data' AIRFLOW_CTX_EXECUTION_DATE='2024-05-30T00:00:00+00:00' AIRFLOW_CTX_TRY_NUMBER='1' AIRFLOW_CTX_DAG_RUN_ID='scheduled__2024-05-30T00:00:00+00:00'
[2024-08-07T10:55:13.566+0000] {taskinstance.py:430} INFO - ::endgroup::
[2024-08-07T10:55:13.603+0000] {subprocess.py:63} INFO - Tmp dir root location: /tmp
[2024-08-07T10:55:13.604+0000] {subprocess.py:75} INFO - Running command: ['/usr/bin/bash', '-c', 'python3 /opt/***/data/decryption_utils.py']
[2024-08-07T10:55:13.619+0000] {subprocess.py:86} INFO - Output:
[2024-08-07T10:55:13.731+0000] {subprocess.py:97} INFO - Command exited with return code 0
[2024-08-07T10:55:13.732+0000] {taskinstance.py:441} INFO - ::group::Post task execution logs
[2024-08-07T10:55:13.796+0000] {taskinstance.py:1206} INFO - Marking task as SUCCESS. dag_id=etl_2024-08-07, task_id=decrypt_the_data, run_id=scheduled__2024-05-30T00:00:00+00:00, execution_date=20240530T000000, start_date=20240807T105513, end_date=20240807T105513
[2024-08-07T10:55:13.854+0000] {local_task_job_runner.py:240} INFO - Task exited with return code 0
[2024-08-07T10:55:13.873+0000] {taskinstance.py:3503} INFO - 1 downstream tasks scheduled from follow-on schedule check
[2024-08-07T10:55:13.893+0000] {local_task_job_runner.py:222} INFO - ::endgroup::
