[2024-08-09T07:13:59.810+0000] {local_task_job_runner.py:120} INFO - ::group::Pre task execution logs
[2024-08-09T07:13:59.829+0000] {taskinstance.py:2076} INFO - Dependencies all met for dep_context=non-requeueable deps ti=<TaskInstance: data_migrations2024-08-09.fetch_the_api scheduled__2024-05-22T00:00:00+00:00 [queued]>
[2024-08-09T07:13:59.833+0000] {taskinstance.py:2076} INFO - Dependencies all met for dep_context=requeueable deps ti=<TaskInstance: data_migrations2024-08-09.fetch_the_api scheduled__2024-05-22T00:00:00+00:00 [queued]>
[2024-08-09T07:13:59.833+0000] {taskinstance.py:2306} INFO - Starting attempt 1 of 2
[2024-08-09T07:13:59.894+0000] {taskinstance.py:2330} INFO - Executing <Task(BashOperator): fetch_the_api> on 2024-05-22 00:00:00+00:00
[2024-08-09T07:13:59.897+0000] {standard_task_runner.py:63} INFO - Started process 5190 to run task
[2024-08-09T07:13:59.899+0000] {standard_task_runner.py:90} INFO - Running: ['***', 'tasks', 'run', 'data_migrations2024-08-09', 'fetch_the_api', 'scheduled__2024-05-22T00:00:00+00:00', '--job-id', '1663', '--raw', '--subdir', 'DAGS_FOLDER/data_migrations.py', '--cfg-path', '/tmp/tmpqti2407i']
[2024-08-09T07:13:59.901+0000] {standard_task_runner.py:91} INFO - Job 1663: Subtask fetch_the_api
[2024-08-09T07:13:59.946+0000] {task_command.py:426} INFO - Running <TaskInstance: data_migrations2024-08-09.fetch_the_api scheduled__2024-05-22T00:00:00+00:00 [running]> on host 05bc191a9412
[2024-08-09T07:14:00.065+0000] {taskinstance.py:2648} INFO - Exporting env vars: AIRFLOW_CTX_DAG_OWNER='***' AIRFLOW_CTX_DAG_ID='data_migrations2024-08-09' AIRFLOW_CTX_TASK_ID='fetch_the_api' AIRFLOW_CTX_EXECUTION_DATE='2024-05-22T00:00:00+00:00' AIRFLOW_CTX_TRY_NUMBER='1' AIRFLOW_CTX_DAG_RUN_ID='scheduled__2024-05-22T00:00:00+00:00'
[2024-08-09T07:14:00.066+0000] {taskinstance.py:430} INFO - ::endgroup::
[2024-08-09T07:14:00.073+0000] {subprocess.py:63} INFO - Tmp dir root location: /tmp
[2024-08-09T07:14:00.073+0000] {subprocess.py:75} INFO - Running command: ['/usr/bin/bash', '-c', 'python3 /opt/***/data/etl_m12_local_db.py']
[2024-08-09T07:14:00.078+0000] {subprocess.py:86} INFO - Output:
[2024-08-09T07:14:00.450+0000] {subprocess.py:93} INFO - Database tables created successfully.
[2024-08-09T07:14:00.470+0000] {subprocess.py:97} INFO - Command exited with return code 1
[2024-08-09T07:14:00.471+0000] {taskinstance.py:441} INFO - ::group::Post task execution logs
[2024-08-09T07:14:00.478+0000] {taskinstance.py:2905} ERROR - Task failed with exception
Traceback (most recent call last):
  File "/home/airflow/.local/lib/python3.9/site-packages/airflow/models/taskinstance.py", line 465, in _execute_task
    result = _execute_callable(context=context, **execute_callable_kwargs)
  File "/home/airflow/.local/lib/python3.9/site-packages/airflow/models/taskinstance.py", line 432, in _execute_callable
    return execute_callable(context=context, **execute_callable_kwargs)
  File "/home/airflow/.local/lib/python3.9/site-packages/airflow/models/baseoperator.py", line 401, in wrapper
    return func(self, *args, **kwargs)
  File "/home/airflow/.local/lib/python3.9/site-packages/airflow/operators/bash.py", line 243, in execute
    raise AirflowException(
airflow.exceptions.AirflowException: Bash command failed. The command returned a non-zero exit code 1.
[2024-08-09T07:14:00.480+0000] {taskinstance.py:1206} INFO - Marking task as UP_FOR_RETRY. dag_id=data_migrations2024-08-09, task_id=fetch_the_api, run_id=scheduled__2024-05-22T00:00:00+00:00, execution_date=20240522T000000, start_date=20240809T071359, end_date=20240809T071400
[2024-08-09T07:14:00.504+0000] {standard_task_runner.py:110} ERROR - Failed to execute job 1663 for task fetch_the_api (Bash command failed. The command returned a non-zero exit code 1.; 5190)
[2024-08-09T07:14:00.552+0000] {local_task_job_runner.py:240} INFO - Task exited with return code 1
[2024-08-09T07:14:00.582+0000] {taskinstance.py:3503} INFO - 0 downstream tasks scheduled from follow-on schedule check
[2024-08-09T07:14:00.599+0000] {local_task_job_runner.py:222} INFO - ::endgroup::
