[2024-08-21T06:01:16.192+0000] {local_task_job_runner.py:120} INFO - ::group::Pre task execution logs
[2024-08-21T06:01:16.281+0000] {taskinstance.py:2076} INFO - Dependencies all met for dep_context=non-requeueable deps ti=<TaskInstance: etl_mega2024-08-21.log_the_data scheduled__2024-05-07T00:00:00+00:00 [queued]>
[2024-08-21T06:01:16.365+0000] {taskinstance.py:2076} INFO - Dependencies all met for dep_context=requeueable deps ti=<TaskInstance: etl_mega2024-08-21.log_the_data scheduled__2024-05-07T00:00:00+00:00 [queued]>
[2024-08-21T06:01:16.379+0000] {taskinstance.py:2306} INFO - Starting attempt 1 of 2
[2024-08-21T06:01:16.844+0000] {taskinstance.py:2330} INFO - Executing <Task(BashOperator): log_the_data> on 2024-05-07 00:00:00+00:00
[2024-08-21T06:01:16.945+0000] {standard_task_runner.py:90} INFO - Running: ['***', 'tasks', 'run', 'etl_mega2024-08-21', 'log_the_data', 'scheduled__2024-05-07T00:00:00+00:00', '--job-id', '32', '--raw', '--subdir', 'DAGS_FOLDER/final_etl.py', '--cfg-path', '/tmp/tmp5u16vi72']
[2024-08-21T06:01:16.966+0000] {standard_task_runner.py:91} INFO - Job 32: Subtask log_the_data
[2024-08-21T06:01:17.002+0000] {logging_mixin.py:188} WARNING - /home/***/.local/lib/python3.12/site-packages/***/task/task_runner/standard_task_runner.py:61 DeprecationWarning: This process (pid=324) is multi-threaded, use of fork() may lead to deadlocks in the child.
[2024-08-21T06:01:17.004+0000] {standard_task_runner.py:63} INFO - Started process 336 to run task
[2024-08-21T06:01:17.264+0000] {task_command.py:426} INFO - Running <TaskInstance: etl_mega2024-08-21.log_the_data scheduled__2024-05-07T00:00:00+00:00 [running]> on host 7e1333882d71
[2024-08-21T06:01:17.486+0000] {taskinstance.py:2648} INFO - Exporting env vars: AIRFLOW_CTX_DAG_OWNER='***' AIRFLOW_CTX_DAG_ID='etl_mega2024-08-21' AIRFLOW_CTX_TASK_ID='log_the_data' AIRFLOW_CTX_EXECUTION_DATE='2024-05-07T00:00:00+00:00' AIRFLOW_CTX_TRY_NUMBER='1' AIRFLOW_CTX_DAG_RUN_ID='scheduled__2024-05-07T00:00:00+00:00'
[2024-08-21T06:01:17.502+0000] {taskinstance.py:430} INFO - ::endgroup::
[2024-08-21T06:01:17.711+0000] {subprocess.py:63} INFO - Tmp dir root location: /tmp
[2024-08-21T06:01:17.745+0000] {subprocess.py:75} INFO - Running command: ['/usr/bin/bash', '-c', 'python3 /opt/***/data/logging_config.py']
[2024-08-21T06:01:17.848+0000] {subprocess.py:86} INFO - Output:
[2024-08-21T06:01:18.378+0000] {subprocess.py:97} INFO - Command exited with return code 0
[2024-08-21T06:01:18.394+0000] {taskinstance.py:441} INFO - ::group::Post task execution logs
[2024-08-21T06:01:18.694+0000] {taskinstance.py:1206} INFO - Marking task as SUCCESS. dag_id=etl_mega2024-08-21, task_id=log_the_data, run_id=scheduled__2024-05-07T00:00:00+00:00, execution_date=20240507T000000, start_date=20240821T060116, end_date=20240821T060118
[2024-08-21T06:01:19.010+0000] {local_task_job_runner.py:240} INFO - Task exited with return code 0
[2024-08-21T06:01:19.135+0000] {local_task_job_runner.py:222} INFO - ::endgroup::
