[2024-08-07T10:43:37.608+0000] {local_task_job_runner.py:120} INFO - ::group::Pre task execution logs
[2024-08-07T10:43:37.627+0000] {taskinstance.py:2076} INFO - Dependencies all met for dep_context=non-requeueable deps ti=<TaskInstance: etl_2024-08-07.log_the_data scheduled__2024-05-10T00:00:00+00:00 [queued]>
[2024-08-07T10:43:37.633+0000] {taskinstance.py:2076} INFO - Dependencies all met for dep_context=requeueable deps ti=<TaskInstance: etl_2024-08-07.log_the_data scheduled__2024-05-10T00:00:00+00:00 [queued]>
[2024-08-07T10:43:37.633+0000] {taskinstance.py:2306} INFO - Starting attempt 1 of 2
[2024-08-07T10:43:37.664+0000] {taskinstance.py:2330} INFO - Executing <Task(BashOperator): log_the_data> on 2024-05-10 00:00:00+00:00
[2024-08-07T10:43:37.668+0000] {standard_task_runner.py:63} INFO - Started process 1780 to run task
[2024-08-07T10:43:37.673+0000] {standard_task_runner.py:90} INFO - Running: ['***', 'tasks', 'run', 'etl_2024-08-07', 'log_the_data', 'scheduled__2024-05-10T00:00:00+00:00', '--job-id', '120', '--raw', '--subdir', 'DAGS_FOLDER/final_etl.py', '--cfg-path', '/tmp/tmp7xbx2_s4']
[2024-08-07T10:43:37.675+0000] {standard_task_runner.py:91} INFO - Job 120: Subtask log_the_data
[2024-08-07T10:43:37.744+0000] {task_command.py:426} INFO - Running <TaskInstance: etl_2024-08-07.log_the_data scheduled__2024-05-10T00:00:00+00:00 [running]> on host 8cffaad11d99
[2024-08-07T10:43:37.875+0000] {taskinstance.py:2648} INFO - Exporting env vars: AIRFLOW_CTX_DAG_OWNER='***' AIRFLOW_CTX_DAG_ID='etl_2024-08-07' AIRFLOW_CTX_TASK_ID='log_the_data' AIRFLOW_CTX_EXECUTION_DATE='2024-05-10T00:00:00+00:00' AIRFLOW_CTX_TRY_NUMBER='1' AIRFLOW_CTX_DAG_RUN_ID='scheduled__2024-05-10T00:00:00+00:00'
[2024-08-07T10:43:37.876+0000] {taskinstance.py:430} INFO - ::endgroup::
[2024-08-07T10:43:37.885+0000] {subprocess.py:63} INFO - Tmp dir root location: /tmp
[2024-08-07T10:43:37.886+0000] {subprocess.py:75} INFO - Running command: ['/usr/bin/bash', '-c', 'python3 /opt/***/data/logging_config.py']
[2024-08-07T10:43:37.892+0000] {subprocess.py:86} INFO - Output:
[2024-08-07T10:43:37.990+0000] {subprocess.py:97} INFO - Command exited with return code 0
[2024-08-07T10:43:37.991+0000] {taskinstance.py:441} INFO - ::group::Post task execution logs
[2024-08-07T10:43:38.058+0000] {taskinstance.py:1206} INFO - Marking task as SUCCESS. dag_id=etl_2024-08-07, task_id=log_the_data, run_id=scheduled__2024-05-10T00:00:00+00:00, execution_date=20240510T000000, start_date=20240807T104337, end_date=20240807T104338
[2024-08-07T10:43:38.244+0000] {local_task_job_runner.py:240} INFO - Task exited with return code 0
[2024-08-07T10:43:38.259+0000] {taskinstance.py:3503} INFO - 1 downstream tasks scheduled from follow-on schedule check
[2024-08-07T10:43:38.359+0000] {local_task_job_runner.py:222} INFO - ::endgroup::
[2024-08-07T10:49:47.150+0000] {local_task_job_runner.py:120} INFO - ::group::Pre task execution logs
[2024-08-07T10:49:47.171+0000] {taskinstance.py:2076} INFO - Dependencies all met for dep_context=non-requeueable deps ti=<TaskInstance: etl_2024-08-07.log_the_data scheduled__2024-05-10T00:00:00+00:00 [queued]>
[2024-08-07T10:49:47.176+0000] {taskinstance.py:2076} INFO - Dependencies all met for dep_context=requeueable deps ti=<TaskInstance: etl_2024-08-07.log_the_data scheduled__2024-05-10T00:00:00+00:00 [queued]>
[2024-08-07T10:49:47.177+0000] {taskinstance.py:2306} INFO - Starting attempt 1 of 2
[2024-08-07T10:49:47.207+0000] {taskinstance.py:2330} INFO - Executing <Task(BashOperator): log_the_data> on 2024-05-10 00:00:00+00:00
[2024-08-07T10:49:47.211+0000] {standard_task_runner.py:63} INFO - Started process 2583 to run task
[2024-08-07T10:49:47.214+0000] {standard_task_runner.py:90} INFO - Running: ['***', 'tasks', 'run', 'etl_2024-08-07', 'log_the_data', 'scheduled__2024-05-10T00:00:00+00:00', '--job-id', '339', '--raw', '--subdir', 'DAGS_FOLDER/final_etl.py', '--cfg-path', '/tmp/tmpxwj2cvu_']
[2024-08-07T10:49:47.217+0000] {standard_task_runner.py:91} INFO - Job 339: Subtask log_the_data
[2024-08-07T10:49:47.306+0000] {task_command.py:426} INFO - Running <TaskInstance: etl_2024-08-07.log_the_data scheduled__2024-05-10T00:00:00+00:00 [running]> on host 8cffaad11d99
[2024-08-07T10:49:47.436+0000] {taskinstance.py:2648} INFO - Exporting env vars: AIRFLOW_CTX_DAG_OWNER='***' AIRFLOW_CTX_DAG_ID='etl_2024-08-07' AIRFLOW_CTX_TASK_ID='log_the_data' AIRFLOW_CTX_EXECUTION_DATE='2024-05-10T00:00:00+00:00' AIRFLOW_CTX_TRY_NUMBER='1' AIRFLOW_CTX_DAG_RUN_ID='scheduled__2024-05-10T00:00:00+00:00'
[2024-08-07T10:49:47.437+0000] {taskinstance.py:430} INFO - ::endgroup::
[2024-08-07T10:49:47.451+0000] {subprocess.py:63} INFO - Tmp dir root location: /tmp
[2024-08-07T10:49:47.452+0000] {subprocess.py:75} INFO - Running command: ['/usr/bin/bash', '-c', 'python3 /opt/***/data/logging_config.py']
[2024-08-07T10:49:47.463+0000] {subprocess.py:86} INFO - Output:
[2024-08-07T10:49:47.602+0000] {subprocess.py:97} INFO - Command exited with return code 0
[2024-08-07T10:49:47.603+0000] {taskinstance.py:441} INFO - ::group::Post task execution logs
[2024-08-07T10:49:47.638+0000] {taskinstance.py:1206} INFO - Marking task as SUCCESS. dag_id=etl_2024-08-07, task_id=log_the_data, run_id=scheduled__2024-05-10T00:00:00+00:00, execution_date=20240510T000000, start_date=20240807T104947, end_date=20240807T104947
[2024-08-07T10:49:47.707+0000] {local_task_job_runner.py:240} INFO - Task exited with return code 0
[2024-08-07T10:49:47.735+0000] {taskinstance.py:3503} INFO - 1 downstream tasks scheduled from follow-on schedule check
[2024-08-07T10:49:47.752+0000] {local_task_job_runner.py:222} INFO - ::endgroup::
