[2024-08-21T06:26:16.360+0000] {local_task_job_runner.py:120} INFO - ::group::Pre task execution logs
[2024-08-21T06:26:16.519+0000] {taskinstance.py:2076} INFO - Dependencies all met for dep_context=non-requeueable deps ti=<TaskInstance: etl_22024-08-21.final_etl_processing scheduled__2024-07-06T00:00:00+00:00 [queued]>
[2024-08-21T06:26:16.552+0000] {taskinstance.py:2076} INFO - Dependencies all met for dep_context=requeueable deps ti=<TaskInstance: etl_22024-08-21.final_etl_processing scheduled__2024-07-06T00:00:00+00:00 [queued]>
[2024-08-21T06:26:16.553+0000] {taskinstance.py:2306} INFO - Starting attempt 2 of 2
[2024-08-21T06:26:16.652+0000] {taskinstance.py:2330} INFO - Executing <Task(BashOperator): final_etl_processing> on 2024-07-06 00:00:00+00:00
[2024-08-21T06:26:16.725+0000] {logging_mixin.py:188} WARNING - /home/***/.local/lib/python3.12/site-packages/***/task/task_runner/standard_task_runner.py:61 DeprecationWarning: This process (pid=3837) is multi-threaded, use of fork() may lead to deadlocks in the child.
[2024-08-21T06:26:16.718+0000] {standard_task_runner.py:90} INFO - Running: ['***', 'tasks', 'run', 'etl_22024-08-21', 'final_etl_processing', 'scheduled__2024-07-06T00:00:00+00:00', '--job-id', '599', '--raw', '--subdir', 'DAGS_FOLDER/final_etl.py', '--cfg-path', '/tmp/tmp64dr96eq']
[2024-08-21T06:26:16.760+0000] {standard_task_runner.py:91} INFO - Job 599: Subtask final_etl_processing
[2024-08-21T06:26:16.767+0000] {standard_task_runner.py:63} INFO - Started process 3847 to run task
[2024-08-21T06:26:17.225+0000] {task_command.py:426} INFO - Running <TaskInstance: etl_22024-08-21.final_etl_processing scheduled__2024-07-06T00:00:00+00:00 [running]> on host 7e1333882d71
[2024-08-21T06:26:18.048+0000] {taskinstance.py:2648} INFO - Exporting env vars: AIRFLOW_CTX_DAG_OWNER='***' AIRFLOW_CTX_DAG_ID='etl_22024-08-21' AIRFLOW_CTX_TASK_ID='final_etl_processing' AIRFLOW_CTX_EXECUTION_DATE='2024-07-06T00:00:00+00:00' AIRFLOW_CTX_TRY_NUMBER='2' AIRFLOW_CTX_DAG_RUN_ID='scheduled__2024-07-06T00:00:00+00:00'
[2024-08-21T06:26:18.061+0000] {taskinstance.py:430} INFO - ::endgroup::
[2024-08-21T06:26:18.205+0000] {subprocess.py:63} INFO - Tmp dir root location: /tmp
[2024-08-21T06:26:18.244+0000] {subprocess.py:75} INFO - Running command: ['/usr/bin/bash', '-c', "python3 /opt/***/data/etl_m12.py --connection postgresql+psycopg2://***:***@postgres/postgres --csv ''"]
[2024-08-21T06:26:18.294+0000] {subprocess.py:86} INFO - Output:
[2024-08-21T06:26:21.918+0000] {subprocess.py:93} INFO - Traceback (most recent call last):
[2024-08-21T06:26:21.928+0000] {subprocess.py:93} INFO -   File "/opt/***/data/etl_m12.py", line 23, in <module>
[2024-08-21T06:26:21.933+0000] {subprocess.py:93} INFO -     # Base = declarative_base()
[2024-08-21T06:26:21.935+0000] {subprocess.py:93} INFO -            ^^^^^^^^^^^^^^^^
[2024-08-21T06:26:21.938+0000] {subprocess.py:93} INFO - NameError: name 'declarative_base' is not defined
[2024-08-21T06:26:22.162+0000] {subprocess.py:97} INFO - Command exited with return code 1
[2024-08-21T06:26:22.171+0000] {taskinstance.py:441} INFO - ::group::Post task execution logs
[2024-08-21T06:26:22.281+0000] {taskinstance.py:2905} ERROR - Task failed with exception
Traceback (most recent call last):
  File "/home/airflow/.local/lib/python3.12/site-packages/airflow/models/taskinstance.py", line 465, in _execute_task
    result = _execute_callable(context=context, **execute_callable_kwargs)
             ^^^^^^^^^^^^^^^^^^^^^^^^^^^^^^^^^^^^^^^^^^^^^^^^^^^^^^^^^^^^^
  File "/home/airflow/.local/lib/python3.12/site-packages/airflow/models/taskinstance.py", line 432, in _execute_callable
    return execute_callable(context=context, **execute_callable_kwargs)
           ^^^^^^^^^^^^^^^^^^^^^^^^^^^^^^^^^^^^^^^^^^^^^^^^^^^^^^^^^^^^
  File "/home/airflow/.local/lib/python3.12/site-packages/airflow/models/baseoperator.py", line 401, in wrapper
    return func(self, *args, **kwargs)
           ^^^^^^^^^^^^^^^^^^^^^^^^^^^
  File "/home/airflow/.local/lib/python3.12/site-packages/airflow/operators/bash.py", line 243, in execute
    raise AirflowException(
airflow.exceptions.AirflowException: Bash command failed. The command returned a non-zero exit code 1.
[2024-08-21T06:26:22.295+0000] {taskinstance.py:1206} INFO - Marking task as FAILED. dag_id=etl_22024-08-21, task_id=final_etl_processing, run_id=scheduled__2024-07-06T00:00:00+00:00, execution_date=20240706T000000, start_date=20240821T062616, end_date=20240821T062622
[2024-08-21T06:26:22.330+0000] {standard_task_runner.py:110} ERROR - Failed to execute job 599 for task final_etl_processing (Bash command failed. The command returned a non-zero exit code 1.; 3847)
[2024-08-21T06:26:22.385+0000] {local_task_job_runner.py:240} INFO - Task exited with return code 1
[2024-08-21T06:26:22.462+0000] {taskinstance.py:3503} INFO - 0 downstream tasks scheduled from follow-on schedule check
[2024-08-21T06:26:22.464+0000] {local_task_job_runner.py:222} INFO - ::endgroup::
