[2024-08-08T06:07:38.892+0000] {local_task_job_runner.py:120} INFO - ::group::Pre task execution logs
[2024-08-08T06:07:38.921+0000] {taskinstance.py:2076} INFO - Dependencies all met for dep_context=non-requeueable deps ti=<TaskInstance: etl_2024-08-08.decrypt_the_data scheduled__2024-05-27T00:00:00+00:00 [queued]>
[2024-08-08T06:07:38.927+0000] {taskinstance.py:2076} INFO - Dependencies all met for dep_context=requeueable deps ti=<TaskInstance: etl_2024-08-08.decrypt_the_data scheduled__2024-05-27T00:00:00+00:00 [queued]>
[2024-08-08T06:07:38.928+0000] {taskinstance.py:2306} INFO - Starting attempt 1 of 2
[2024-08-08T06:07:39.270+0000] {taskinstance.py:2330} INFO - Executing <Task(BashOperator): decrypt_the_data> on 2024-05-27 00:00:00+00:00
[2024-08-08T06:07:39.279+0000] {standard_task_runner.py:63} INFO - Started process 3971 to run task
[2024-08-08T06:07:39.287+0000] {standard_task_runner.py:90} INFO - Running: ['***', 'tasks', 'run', 'etl_2024-08-08', 'decrypt_the_data', 'scheduled__2024-05-27T00:00:00+00:00', '--job-id', '1219', '--raw', '--subdir', 'DAGS_FOLDER/final_etl.py', '--cfg-path', '/tmp/tmpc7554bwv']
[2024-08-08T06:07:39.294+0000] {standard_task_runner.py:91} INFO - Job 1219: Subtask decrypt_the_data
[2024-08-08T06:07:39.384+0000] {task_command.py:426} INFO - Running <TaskInstance: etl_2024-08-08.decrypt_the_data scheduled__2024-05-27T00:00:00+00:00 [running]> on host 05bc191a9412
[2024-08-08T06:07:39.519+0000] {taskinstance.py:2648} INFO - Exporting env vars: AIRFLOW_CTX_DAG_OWNER='***' AIRFLOW_CTX_DAG_ID='etl_2024-08-08' AIRFLOW_CTX_TASK_ID='decrypt_the_data' AIRFLOW_CTX_EXECUTION_DATE='2024-05-27T00:00:00+00:00' AIRFLOW_CTX_TRY_NUMBER='1' AIRFLOW_CTX_DAG_RUN_ID='scheduled__2024-05-27T00:00:00+00:00'
[2024-08-08T06:07:39.519+0000] {taskinstance.py:430} INFO - ::endgroup::
[2024-08-08T06:07:39.527+0000] {subprocess.py:63} INFO - Tmp dir root location: /tmp
[2024-08-08T06:07:39.527+0000] {subprocess.py:75} INFO - Running command: ['/usr/bin/bash', '-c', 'python3 /opt/***/data/decryption_utils.py']
[2024-08-08T06:07:39.534+0000] {subprocess.py:86} INFO - Output:
[2024-08-08T06:07:39.638+0000] {subprocess.py:97} INFO - Command exited with return code 0
[2024-08-08T06:07:39.639+0000] {taskinstance.py:441} INFO - ::group::Post task execution logs
[2024-08-08T06:07:39.686+0000] {taskinstance.py:1206} INFO - Marking task as SUCCESS. dag_id=etl_2024-08-08, task_id=decrypt_the_data, run_id=scheduled__2024-05-27T00:00:00+00:00, execution_date=20240527T000000, start_date=20240808T060738, end_date=20240808T060739
[2024-08-08T06:07:39.777+0000] {local_task_job_runner.py:240} INFO - Task exited with return code 0
[2024-08-08T06:07:39.795+0000] {taskinstance.py:3503} INFO - 1 downstream tasks scheduled from follow-on schedule check
[2024-08-08T06:07:39.827+0000] {local_task_job_runner.py:222} INFO - ::endgroup::
