[2024-08-07T10:49:02.082+0000] {local_task_job_runner.py:120} INFO - ::group::Pre task execution logs
[2024-08-07T10:49:02.109+0000] {taskinstance.py:2076} INFO - Dependencies all met for dep_context=non-requeueable deps ti=<TaskInstance: etl_2024-08-07.log_the_data scheduled__2024-06-02T00:00:00+00:00 [queued]>
[2024-08-07T10:49:02.117+0000] {taskinstance.py:2076} INFO - Dependencies all met for dep_context=requeueable deps ti=<TaskInstance: etl_2024-08-07.log_the_data scheduled__2024-06-02T00:00:00+00:00 [queued]>
[2024-08-07T10:49:02.117+0000] {taskinstance.py:2306} INFO - Starting attempt 1 of 2
[2024-08-07T10:49:02.143+0000] {taskinstance.py:2330} INFO - Executing <Task(BashOperator): log_the_data> on 2024-06-02 00:00:00+00:00
[2024-08-07T10:49:02.148+0000] {standard_task_runner.py:63} INFO - Started process 2347 to run task
[2024-08-07T10:49:02.152+0000] {standard_task_runner.py:90} INFO - Running: ['***', 'tasks', 'run', 'etl_2024-08-07', 'log_the_data', 'scheduled__2024-06-02T00:00:00+00:00', '--job-id', '270', '--raw', '--subdir', 'DAGS_FOLDER/final_etl.py', '--cfg-path', '/tmp/tmpejrrkv1a']
[2024-08-07T10:49:02.154+0000] {standard_task_runner.py:91} INFO - Job 270: Subtask log_the_data
[2024-08-07T10:49:02.217+0000] {task_command.py:426} INFO - Running <TaskInstance: etl_2024-08-07.log_the_data scheduled__2024-06-02T00:00:00+00:00 [running]> on host 8cffaad11d99
[2024-08-07T10:49:02.317+0000] {taskinstance.py:2648} INFO - Exporting env vars: AIRFLOW_CTX_DAG_OWNER='***' AIRFLOW_CTX_DAG_ID='etl_2024-08-07' AIRFLOW_CTX_TASK_ID='log_the_data' AIRFLOW_CTX_EXECUTION_DATE='2024-06-02T00:00:00+00:00' AIRFLOW_CTX_TRY_NUMBER='1' AIRFLOW_CTX_DAG_RUN_ID='scheduled__2024-06-02T00:00:00+00:00'
[2024-08-07T10:49:02.318+0000] {taskinstance.py:430} INFO - ::endgroup::
[2024-08-07T10:49:02.326+0000] {subprocess.py:63} INFO - Tmp dir root location: /tmp
[2024-08-07T10:49:02.326+0000] {subprocess.py:75} INFO - Running command: ['/usr/bin/bash', '-c', 'python3 /opt/***/data/logging_config.py']
[2024-08-07T10:49:02.341+0000] {subprocess.py:86} INFO - Output:
[2024-08-07T10:49:02.490+0000] {subprocess.py:97} INFO - Command exited with return code 0
[2024-08-07T10:49:02.491+0000] {taskinstance.py:441} INFO - ::group::Post task execution logs
[2024-08-07T10:49:02.542+0000] {taskinstance.py:1206} INFO - Marking task as SUCCESS. dag_id=etl_2024-08-07, task_id=log_the_data, run_id=scheduled__2024-06-02T00:00:00+00:00, execution_date=20240602T000000, start_date=20240807T104902, end_date=20240807T104902
[2024-08-07T10:49:02.603+0000] {local_task_job_runner.py:240} INFO - Task exited with return code 0
[2024-08-07T10:49:02.631+0000] {taskinstance.py:3503} INFO - 1 downstream tasks scheduled from follow-on schedule check
[2024-08-07T10:49:02.656+0000] {local_task_job_runner.py:222} INFO - ::endgroup::
[2024-08-07T10:55:13.147+0000] {local_task_job_runner.py:120} INFO - ::group::Pre task execution logs
[2024-08-07T10:55:13.167+0000] {taskinstance.py:2076} INFO - Dependencies all met for dep_context=non-requeueable deps ti=<TaskInstance: etl_2024-08-07.log_the_data scheduled__2024-06-02T00:00:00+00:00 [queued]>
[2024-08-07T10:55:13.172+0000] {taskinstance.py:2076} INFO - Dependencies all met for dep_context=requeueable deps ti=<TaskInstance: etl_2024-08-07.log_the_data scheduled__2024-06-02T00:00:00+00:00 [queued]>
[2024-08-07T10:55:13.172+0000] {taskinstance.py:2306} INFO - Starting attempt 1 of 2
[2024-08-07T10:55:13.209+0000] {taskinstance.py:2330} INFO - Executing <Task(BashOperator): log_the_data> on 2024-06-02 00:00:00+00:00
[2024-08-07T10:55:13.213+0000] {standard_task_runner.py:63} INFO - Started process 3141 to run task
[2024-08-07T10:55:13.216+0000] {standard_task_runner.py:90} INFO - Running: ['***', 'tasks', 'run', 'etl_2024-08-07', 'log_the_data', 'scheduled__2024-06-02T00:00:00+00:00', '--job-id', '482', '--raw', '--subdir', 'DAGS_FOLDER/final_etl.py', '--cfg-path', '/tmp/tmpg1heuwsn']
[2024-08-07T10:55:13.219+0000] {standard_task_runner.py:91} INFO - Job 482: Subtask log_the_data
[2024-08-07T10:55:13.308+0000] {task_command.py:426} INFO - Running <TaskInstance: etl_2024-08-07.log_the_data scheduled__2024-06-02T00:00:00+00:00 [running]> on host 8cffaad11d99
[2024-08-07T10:55:13.423+0000] {taskinstance.py:2648} INFO - Exporting env vars: AIRFLOW_CTX_DAG_OWNER='***' AIRFLOW_CTX_DAG_ID='etl_2024-08-07' AIRFLOW_CTX_TASK_ID='log_the_data' AIRFLOW_CTX_EXECUTION_DATE='2024-06-02T00:00:00+00:00' AIRFLOW_CTX_TRY_NUMBER='1' AIRFLOW_CTX_DAG_RUN_ID='scheduled__2024-06-02T00:00:00+00:00'
[2024-08-07T10:55:13.424+0000] {taskinstance.py:430} INFO - ::endgroup::
[2024-08-07T10:55:13.431+0000] {subprocess.py:63} INFO - Tmp dir root location: /tmp
[2024-08-07T10:55:13.432+0000] {subprocess.py:75} INFO - Running command: ['/usr/bin/bash', '-c', 'python3 /opt/***/data/logging_config.py']
[2024-08-07T10:55:13.441+0000] {subprocess.py:86} INFO - Output:
[2024-08-07T10:55:13.526+0000] {subprocess.py:97} INFO - Command exited with return code 0
[2024-08-07T10:55:13.527+0000] {taskinstance.py:441} INFO - ::group::Post task execution logs
[2024-08-07T10:55:13.588+0000] {taskinstance.py:1206} INFO - Marking task as SUCCESS. dag_id=etl_2024-08-07, task_id=log_the_data, run_id=scheduled__2024-06-02T00:00:00+00:00, execution_date=20240602T000000, start_date=20240807T105513, end_date=20240807T105513
[2024-08-07T10:55:13.791+0000] {local_task_job_runner.py:240} INFO - Task exited with return code 0
[2024-08-07T10:55:13.809+0000] {taskinstance.py:3503} INFO - 1 downstream tasks scheduled from follow-on schedule check
[2024-08-07T10:55:13.839+0000] {local_task_job_runner.py:222} INFO - ::endgroup::
