[2024-08-07T11:11:12.720+0000] {local_task_job_runner.py:120} INFO - ::group::Pre task execution logs
[2024-08-07T11:11:12.749+0000] {taskinstance.py:2076} INFO - Dependencies all met for dep_context=non-requeueable deps ti=<TaskInstance: etl_2024-08-07.fetch_the_api scheduled__2024-07-13T00:00:00+00:00 [queued]>
[2024-08-07T11:11:12.755+0000] {taskinstance.py:2076} INFO - Dependencies all met for dep_context=requeueable deps ti=<TaskInstance: etl_2024-08-07.fetch_the_api scheduled__2024-07-13T00:00:00+00:00 [queued]>
[2024-08-07T11:11:12.755+0000] {taskinstance.py:2306} INFO - Starting attempt 1 of 2
[2024-08-07T11:11:12.789+0000] {taskinstance.py:2330} INFO - Executing <Task(BashOperator): fetch_the_api> on 2024-07-13 00:00:00+00:00
[2024-08-07T11:11:12.792+0000] {standard_task_runner.py:63} INFO - Started process 4452 to run task
[2024-08-07T11:11:12.794+0000] {standard_task_runner.py:90} INFO - Running: ['***', 'tasks', 'run', 'etl_2024-08-07', 'fetch_the_api', 'scheduled__2024-07-13T00:00:00+00:00', '--job-id', '782', '--raw', '--subdir', 'DAGS_FOLDER/final_etl.py', '--cfg-path', '/tmp/tmpzcdym4te']
[2024-08-07T11:11:12.795+0000] {standard_task_runner.py:91} INFO - Job 782: Subtask fetch_the_api
[2024-08-07T11:11:12.850+0000] {task_command.py:426} INFO - Running <TaskInstance: etl_2024-08-07.fetch_the_api scheduled__2024-07-13T00:00:00+00:00 [running]> on host 8cffaad11d99
[2024-08-07T11:11:14.026+0000] {taskinstance.py:2648} INFO - Exporting env vars: AIRFLOW_CTX_DAG_OWNER='***' AIRFLOW_CTX_DAG_ID='etl_2024-08-07' AIRFLOW_CTX_TASK_ID='fetch_the_api' AIRFLOW_CTX_EXECUTION_DATE='2024-07-13T00:00:00+00:00' AIRFLOW_CTX_TRY_NUMBER='1' AIRFLOW_CTX_DAG_RUN_ID='scheduled__2024-07-13T00:00:00+00:00'
[2024-08-07T11:11:14.027+0000] {taskinstance.py:430} INFO - ::endgroup::
[2024-08-07T11:11:14.035+0000] {subprocess.py:63} INFO - Tmp dir root location: /tmp
[2024-08-07T11:11:14.035+0000] {subprocess.py:75} INFO - Running command: ['/usr/bin/bash', '-c', 'python3 /opt/***/data/config.py']
[2024-08-07T11:11:14.040+0000] {subprocess.py:86} INFO - Output:
[2024-08-07T11:11:14.137+0000] {subprocess.py:97} INFO - Command exited with return code 0
[2024-08-07T11:11:14.138+0000] {taskinstance.py:441} INFO - ::group::Post task execution logs
[2024-08-07T11:11:14.187+0000] {taskinstance.py:1206} INFO - Marking task as SUCCESS. dag_id=etl_2024-08-07, task_id=fetch_the_api, run_id=scheduled__2024-07-13T00:00:00+00:00, execution_date=20240713T000000, start_date=20240807T111112, end_date=20240807T111114
[2024-08-07T11:11:14.250+0000] {local_task_job_runner.py:240} INFO - Task exited with return code 0
[2024-08-07T11:11:14.275+0000] {taskinstance.py:3503} INFO - 1 downstream tasks scheduled from follow-on schedule check
[2024-08-07T11:11:14.291+0000] {local_task_job_runner.py:222} INFO - ::endgroup::
