[2024-08-09T07:13:58.667+0000] {local_task_job_runner.py:120} INFO - ::group::Pre task execution logs
[2024-08-09T07:13:58.691+0000] {taskinstance.py:2076} INFO - Dependencies all met for dep_context=non-requeueable deps ti=<TaskInstance: data_migrations2024-08-09.fetch_the_api scheduled__2024-05-19T00:00:00+00:00 [queued]>
[2024-08-09T07:13:58.694+0000] {taskinstance.py:2076} INFO - Dependencies all met for dep_context=requeueable deps ti=<TaskInstance: data_migrations2024-08-09.fetch_the_api scheduled__2024-05-19T00:00:00+00:00 [queued]>
[2024-08-09T07:13:58.695+0000] {taskinstance.py:2306} INFO - Starting attempt 1 of 2
[2024-08-09T07:13:58.775+0000] {taskinstance.py:2330} INFO - Executing <Task(BashOperator): fetch_the_api> on 2024-05-19 00:00:00+00:00
[2024-08-09T07:13:58.779+0000] {standard_task_runner.py:63} INFO - Started process 5181 to run task
[2024-08-09T07:13:58.781+0000] {standard_task_runner.py:90} INFO - Running: ['***', 'tasks', 'run', 'data_migrations2024-08-09', 'fetch_the_api', 'scheduled__2024-05-19T00:00:00+00:00', '--job-id', '1660', '--raw', '--subdir', 'DAGS_FOLDER/data_migrations.py', '--cfg-path', '/tmp/tmp232g3vil']
[2024-08-09T07:13:58.782+0000] {standard_task_runner.py:91} INFO - Job 1660: Subtask fetch_the_api
[2024-08-09T07:13:58.900+0000] {task_command.py:426} INFO - Running <TaskInstance: data_migrations2024-08-09.fetch_the_api scheduled__2024-05-19T00:00:00+00:00 [running]> on host 05bc191a9412
[2024-08-09T07:13:59.074+0000] {taskinstance.py:2648} INFO - Exporting env vars: AIRFLOW_CTX_DAG_OWNER='***' AIRFLOW_CTX_DAG_ID='data_migrations2024-08-09' AIRFLOW_CTX_TASK_ID='fetch_the_api' AIRFLOW_CTX_EXECUTION_DATE='2024-05-19T00:00:00+00:00' AIRFLOW_CTX_TRY_NUMBER='1' AIRFLOW_CTX_DAG_RUN_ID='scheduled__2024-05-19T00:00:00+00:00'
[2024-08-09T07:13:59.075+0000] {taskinstance.py:430} INFO - ::endgroup::
[2024-08-09T07:13:59.082+0000] {subprocess.py:63} INFO - Tmp dir root location: /tmp
[2024-08-09T07:13:59.082+0000] {subprocess.py:75} INFO - Running command: ['/usr/bin/bash', '-c', 'python3 /opt/***/data/etl_m12_local_db.py']
[2024-08-09T07:13:59.087+0000] {subprocess.py:86} INFO - Output:
[2024-08-09T07:13:59.482+0000] {subprocess.py:93} INFO - Database tables created successfully.
[2024-08-09T07:13:59.505+0000] {subprocess.py:97} INFO - Command exited with return code 1
[2024-08-09T07:13:59.505+0000] {taskinstance.py:441} INFO - ::group::Post task execution logs
[2024-08-09T07:13:59.512+0000] {taskinstance.py:2905} ERROR - Task failed with exception
Traceback (most recent call last):
  File "/home/airflow/.local/lib/python3.9/site-packages/airflow/models/taskinstance.py", line 465, in _execute_task
    result = _execute_callable(context=context, **execute_callable_kwargs)
  File "/home/airflow/.local/lib/python3.9/site-packages/airflow/models/taskinstance.py", line 432, in _execute_callable
    return execute_callable(context=context, **execute_callable_kwargs)
  File "/home/airflow/.local/lib/python3.9/site-packages/airflow/models/baseoperator.py", line 401, in wrapper
    return func(self, *args, **kwargs)
  File "/home/airflow/.local/lib/python3.9/site-packages/airflow/operators/bash.py", line 243, in execute
    raise AirflowException(
airflow.exceptions.AirflowException: Bash command failed. The command returned a non-zero exit code 1.
[2024-08-09T07:13:59.515+0000] {taskinstance.py:1206} INFO - Marking task as UP_FOR_RETRY. dag_id=data_migrations2024-08-09, task_id=fetch_the_api, run_id=scheduled__2024-05-19T00:00:00+00:00, execution_date=20240519T000000, start_date=20240809T071358, end_date=20240809T071359
[2024-08-09T07:13:59.535+0000] {standard_task_runner.py:110} ERROR - Failed to execute job 1660 for task fetch_the_api (Bash command failed. The command returned a non-zero exit code 1.; 5181)
[2024-08-09T07:13:59.554+0000] {local_task_job_runner.py:240} INFO - Task exited with return code 1
[2024-08-09T07:13:59.565+0000] {taskinstance.py:3503} INFO - 0 downstream tasks scheduled from follow-on schedule check
[2024-08-09T07:13:59.709+0000] {local_task_job_runner.py:222} INFO - ::endgroup::
