[2024-08-21T06:26:31.061+0000] {local_task_job_runner.py:120} INFO - ::group::Pre task execution logs
[2024-08-21T06:26:31.207+0000] {taskinstance.py:2076} INFO - Dependencies all met for dep_context=non-requeueable deps ti=<TaskInstance: etl_22024-08-21.fetch_the_api scheduled__2024-07-30T00:00:00+00:00 [queued]>
[2024-08-21T06:26:31.543+0000] {taskinstance.py:2076} INFO - Dependencies all met for dep_context=requeueable deps ti=<TaskInstance: etl_22024-08-21.fetch_the_api scheduled__2024-07-30T00:00:00+00:00 [queued]>
[2024-08-21T06:26:31.557+0000] {taskinstance.py:2306} INFO - Starting attempt 1 of 2
[2024-08-21T06:26:32.313+0000] {taskinstance.py:2330} INFO - Executing <Task(BashOperator): fetch_the_api> on 2024-07-30 00:00:00+00:00
[2024-08-21T06:26:32.384+0000] {standard_task_runner.py:90} INFO - Running: ['***', 'tasks', 'run', 'etl_22024-08-21', 'fetch_the_api', 'scheduled__2024-07-30T00:00:00+00:00', '--job-id', '631', '--raw', '--subdir', 'DAGS_FOLDER/final_etl.py', '--cfg-path', '/tmp/tmpkzg14cou']
[2024-08-21T06:26:32.418+0000] {standard_task_runner.py:91} INFO - Job 631: Subtask fetch_the_api
[2024-08-21T06:26:32.410+0000] {logging_mixin.py:188} WARNING - /home/***/.local/lib/python3.12/site-packages/***/task/task_runner/standard_task_runner.py:61 DeprecationWarning: This process (pid=4006) is multi-threaded, use of fork() may lead to deadlocks in the child.
[2024-08-21T06:26:32.425+0000] {standard_task_runner.py:63} INFO - Started process 4019 to run task
[2024-08-21T06:26:32.909+0000] {task_command.py:426} INFO - Running <TaskInstance: etl_22024-08-21.fetch_the_api scheduled__2024-07-30T00:00:00+00:00 [running]> on host 7e1333882d71
[2024-08-21T06:26:33.348+0000] {taskinstance.py:2648} INFO - Exporting env vars: AIRFLOW_CTX_DAG_OWNER='***' AIRFLOW_CTX_DAG_ID='etl_22024-08-21' AIRFLOW_CTX_TASK_ID='fetch_the_api' AIRFLOW_CTX_EXECUTION_DATE='2024-07-30T00:00:00+00:00' AIRFLOW_CTX_TRY_NUMBER='1' AIRFLOW_CTX_DAG_RUN_ID='scheduled__2024-07-30T00:00:00+00:00'
[2024-08-21T06:26:33.353+0000] {taskinstance.py:430} INFO - ::endgroup::
[2024-08-21T06:26:33.379+0000] {subprocess.py:63} INFO - Tmp dir root location: /tmp
[2024-08-21T06:26:33.420+0000] {subprocess.py:75} INFO - Running command: ['/usr/bin/bash', '-c', 'python3 /opt/***/data/config.py']
[2024-08-21T06:26:33.497+0000] {subprocess.py:86} INFO - Output:
[2024-08-21T06:26:33.699+0000] {subprocess.py:97} INFO - Command exited with return code 0
[2024-08-21T06:26:33.713+0000] {taskinstance.py:441} INFO - ::group::Post task execution logs
[2024-08-21T06:26:33.989+0000] {taskinstance.py:1206} INFO - Marking task as SUCCESS. dag_id=etl_22024-08-21, task_id=fetch_the_api, run_id=scheduled__2024-07-30T00:00:00+00:00, execution_date=20240730T000000, start_date=20240821T062631, end_date=20240821T062633
[2024-08-21T06:26:34.863+0000] {local_task_job_runner.py:240} INFO - Task exited with return code 0
[2024-08-21T06:26:35.165+0000] {local_task_job_runner.py:222} INFO - ::endgroup::
