[2024-08-21T06:26:16.551+0000] {local_task_job_runner.py:120} INFO - ::group::Pre task execution logs
[2024-08-21T06:26:16.715+0000] {taskinstance.py:2076} INFO - Dependencies all met for dep_context=non-requeueable deps ti=<TaskInstance: etl_22024-08-21.final_etl_processing scheduled__2024-07-07T00:00:00+00:00 [queued]>
[2024-08-21T06:26:16.751+0000] {taskinstance.py:2076} INFO - Dependencies all met for dep_context=requeueable deps ti=<TaskInstance: etl_22024-08-21.final_etl_processing scheduled__2024-07-07T00:00:00+00:00 [queued]>
[2024-08-21T06:26:16.766+0000] {taskinstance.py:2306} INFO - Starting attempt 2 of 2
[2024-08-21T06:26:16.825+0000] {taskinstance.py:2330} INFO - Executing <Task(BashOperator): final_etl_processing> on 2024-07-07 00:00:00+00:00
[2024-08-21T06:26:16.891+0000] {standard_task_runner.py:90} INFO - Running: ['***', 'tasks', 'run', 'etl_22024-08-21', 'final_etl_processing', 'scheduled__2024-07-07T00:00:00+00:00', '--job-id', '605', '--raw', '--subdir', 'DAGS_FOLDER/final_etl.py', '--cfg-path', '/tmp/tmpeh9dxdxr']
[2024-08-21T06:26:16.935+0000] {standard_task_runner.py:91} INFO - Job 605: Subtask final_etl_processing
[2024-08-21T06:26:16.962+0000] {logging_mixin.py:188} WARNING - /home/***/.local/lib/python3.12/site-packages/***/task/task_runner/standard_task_runner.py:61 DeprecationWarning: This process (pid=3835) is multi-threaded, use of fork() may lead to deadlocks in the child.
[2024-08-21T06:26:17.012+0000] {standard_task_runner.py:63} INFO - Started process 3863 to run task
[2024-08-21T06:26:17.513+0000] {task_command.py:426} INFO - Running <TaskInstance: etl_22024-08-21.final_etl_processing scheduled__2024-07-07T00:00:00+00:00 [running]> on host 7e1333882d71
[2024-08-21T06:26:18.440+0000] {taskinstance.py:2648} INFO - Exporting env vars: AIRFLOW_CTX_DAG_OWNER='***' AIRFLOW_CTX_DAG_ID='etl_22024-08-21' AIRFLOW_CTX_TASK_ID='final_etl_processing' AIRFLOW_CTX_EXECUTION_DATE='2024-07-07T00:00:00+00:00' AIRFLOW_CTX_TRY_NUMBER='2' AIRFLOW_CTX_DAG_RUN_ID='scheduled__2024-07-07T00:00:00+00:00'
[2024-08-21T06:26:18.444+0000] {taskinstance.py:430} INFO - ::endgroup::
[2024-08-21T06:26:18.528+0000] {subprocess.py:63} INFO - Tmp dir root location: /tmp
[2024-08-21T06:26:18.545+0000] {subprocess.py:75} INFO - Running command: ['/usr/bin/bash', '-c', "python3 /opt/***/data/etl_m12.py --connection postgresql+psycopg2://***:***@postgres/postgres --csv ''"]
[2024-08-21T06:26:18.581+0000] {subprocess.py:86} INFO - Output:
[2024-08-21T06:26:21.884+0000] {subprocess.py:93} INFO - Traceback (most recent call last):
[2024-08-21T06:26:21.895+0000] {subprocess.py:93} INFO -   File "/opt/***/data/etl_m12.py", line 23, in <module>
[2024-08-21T06:26:21.904+0000] {subprocess.py:93} INFO -     # Base = declarative_base()
[2024-08-21T06:26:21.915+0000] {subprocess.py:93} INFO -            ^^^^^^^^^^^^^^^^
[2024-08-21T06:26:21.917+0000] {subprocess.py:93} INFO - NameError: name 'declarative_base' is not defined
[2024-08-21T06:26:22.174+0000] {subprocess.py:97} INFO - Command exited with return code 1
[2024-08-21T06:26:22.177+0000] {taskinstance.py:441} INFO - ::group::Post task execution logs
[2024-08-21T06:26:22.217+0000] {taskinstance.py:2905} ERROR - Task failed with exception
Traceback (most recent call last):
  File "/home/airflow/.local/lib/python3.12/site-packages/airflow/models/taskinstance.py", line 465, in _execute_task
    result = _execute_callable(context=context, **execute_callable_kwargs)
             ^^^^^^^^^^^^^^^^^^^^^^^^^^^^^^^^^^^^^^^^^^^^^^^^^^^^^^^^^^^^^
  File "/home/airflow/.local/lib/python3.12/site-packages/airflow/models/taskinstance.py", line 432, in _execute_callable
    return execute_callable(context=context, **execute_callable_kwargs)
           ^^^^^^^^^^^^^^^^^^^^^^^^^^^^^^^^^^^^^^^^^^^^^^^^^^^^^^^^^^^^
  File "/home/airflow/.local/lib/python3.12/site-packages/airflow/models/baseoperator.py", line 401, in wrapper
    return func(self, *args, **kwargs)
           ^^^^^^^^^^^^^^^^^^^^^^^^^^^
  File "/home/airflow/.local/lib/python3.12/site-packages/airflow/operators/bash.py", line 243, in execute
    raise AirflowException(
airflow.exceptions.AirflowException: Bash command failed. The command returned a non-zero exit code 1.
[2024-08-21T06:26:22.241+0000] {taskinstance.py:1206} INFO - Marking task as FAILED. dag_id=etl_22024-08-21, task_id=final_etl_processing, run_id=scheduled__2024-07-07T00:00:00+00:00, execution_date=20240707T000000, start_date=20240821T062616, end_date=20240821T062622
[2024-08-21T06:26:22.301+0000] {standard_task_runner.py:110} ERROR - Failed to execute job 605 for task final_etl_processing (Bash command failed. The command returned a non-zero exit code 1.; 3863)
[2024-08-21T06:26:22.344+0000] {local_task_job_runner.py:240} INFO - Task exited with return code 1
[2024-08-21T06:26:22.374+0000] {taskinstance.py:3503} INFO - 0 downstream tasks scheduled from follow-on schedule check
[2024-08-21T06:26:22.376+0000] {local_task_job_runner.py:222} INFO - ::endgroup::
