[2024-08-09T07:18:59.281+0000] {local_task_job_runner.py:120} INFO - ::group::Pre task execution logs
[2024-08-09T07:18:59.309+0000] {taskinstance.py:2076} INFO - Dependencies all met for dep_context=non-requeueable deps ti=<TaskInstance: data_migrations2024-08-09.fetch_the_api scheduled__2024-05-16T00:00:00+00:00 [queued]>
[2024-08-09T07:18:59.314+0000] {taskinstance.py:2076} INFO - Dependencies all met for dep_context=requeueable deps ti=<TaskInstance: data_migrations2024-08-09.fetch_the_api scheduled__2024-05-16T00:00:00+00:00 [queued]>
[2024-08-09T07:18:59.314+0000] {taskinstance.py:2306} INFO - Starting attempt 2 of 2
[2024-08-09T07:18:59.426+0000] {taskinstance.py:2330} INFO - Executing <Task(BashOperator): fetch_the_api> on 2024-05-16 00:00:00+00:00
[2024-08-09T07:18:59.430+0000] {standard_task_runner.py:63} INFO - Started process 5381 to run task
[2024-08-09T07:18:59.434+0000] {standard_task_runner.py:90} INFO - Running: ['***', 'tasks', 'run', 'data_migrations2024-08-09', 'fetch_the_api', 'scheduled__2024-05-16T00:00:00+00:00', '--job-id', '1673', '--raw', '--subdir', 'DAGS_FOLDER/data_migrations.py', '--cfg-path', '/tmp/tmpziqo36u9']
[2024-08-09T07:18:59.438+0000] {standard_task_runner.py:91} INFO - Job 1673: Subtask fetch_the_api
[2024-08-09T07:18:59.594+0000] {task_command.py:426} INFO - Running <TaskInstance: data_migrations2024-08-09.fetch_the_api scheduled__2024-05-16T00:00:00+00:00 [running]> on host 05bc191a9412
[2024-08-09T07:18:59.708+0000] {taskinstance.py:2648} INFO - Exporting env vars: AIRFLOW_CTX_DAG_OWNER='***' AIRFLOW_CTX_DAG_ID='data_migrations2024-08-09' AIRFLOW_CTX_TASK_ID='fetch_the_api' AIRFLOW_CTX_EXECUTION_DATE='2024-05-16T00:00:00+00:00' AIRFLOW_CTX_TRY_NUMBER='2' AIRFLOW_CTX_DAG_RUN_ID='scheduled__2024-05-16T00:00:00+00:00'
[2024-08-09T07:18:59.708+0000] {taskinstance.py:430} INFO - ::endgroup::
[2024-08-09T07:18:59.723+0000] {subprocess.py:63} INFO - Tmp dir root location: /tmp
[2024-08-09T07:18:59.724+0000] {subprocess.py:75} INFO - Running command: ['/usr/bin/bash', '-c', 'python3 /opt/***/data/etl_m12_local_db.py']
[2024-08-09T07:18:59.731+0000] {subprocess.py:86} INFO - Output:
[2024-08-09T07:19:00.797+0000] {subprocess.py:93} INFO - Database tables created successfully.
[2024-08-09T07:19:00.838+0000] {subprocess.py:97} INFO - Command exited with return code 0
[2024-08-09T07:19:00.839+0000] {taskinstance.py:441} INFO - ::group::Post task execution logs
[2024-08-09T07:19:01.143+0000] {taskinstance.py:1206} INFO - Marking task as SUCCESS. dag_id=data_migrations2024-08-09, task_id=fetch_the_api, run_id=scheduled__2024-05-16T00:00:00+00:00, execution_date=20240516T000000, start_date=20240809T071859, end_date=20240809T071901
[2024-08-09T07:19:01.534+0000] {local_task_job_runner.py:240} INFO - Task exited with return code 0
[2024-08-09T07:19:01.551+0000] {taskinstance.py:3503} INFO - 0 downstream tasks scheduled from follow-on schedule check
[2024-08-09T07:19:01.664+0000] {local_task_job_runner.py:222} INFO - ::endgroup::
