[2024-08-08T06:08:27.402+0000] {local_task_job_runner.py:120} INFO - ::group::Pre task execution logs
[2024-08-08T06:08:27.418+0000] {taskinstance.py:2076} INFO - Dependencies all met for dep_context=non-requeueable deps ti=<TaskInstance: etl_2024-08-08.fetch_the_api scheduled__2024-07-09T00:00:00+00:00 [queued]>
[2024-08-08T06:08:27.422+0000] {taskinstance.py:2076} INFO - Dependencies all met for dep_context=requeueable deps ti=<TaskInstance: etl_2024-08-08.fetch_the_api scheduled__2024-07-09T00:00:00+00:00 [queued]>
[2024-08-08T06:08:27.423+0000] {taskinstance.py:2306} INFO - Starting attempt 1 of 2
[2024-08-08T06:08:27.783+0000] {taskinstance.py:2330} INFO - Executing <Task(BashOperator): fetch_the_api> on 2024-07-09 00:00:00+00:00
[2024-08-08T06:08:27.789+0000] {standard_task_runner.py:63} INFO - Started process 5070 to run task
[2024-08-08T06:08:27.791+0000] {standard_task_runner.py:90} INFO - Running: ['***', 'tasks', 'run', 'etl_2024-08-08', 'fetch_the_api', 'scheduled__2024-07-09T00:00:00+00:00', '--job-id', '1411', '--raw', '--subdir', 'DAGS_FOLDER/final_etl.py', '--cfg-path', '/tmp/tmp6uewt743']
[2024-08-08T06:08:27.793+0000] {standard_task_runner.py:91} INFO - Job 1411: Subtask fetch_the_api
[2024-08-08T06:08:27.865+0000] {task_command.py:426} INFO - Running <TaskInstance: etl_2024-08-08.fetch_the_api scheduled__2024-07-09T00:00:00+00:00 [running]> on host 05bc191a9412
[2024-08-08T06:08:27.981+0000] {taskinstance.py:2648} INFO - Exporting env vars: AIRFLOW_CTX_DAG_OWNER='***' AIRFLOW_CTX_DAG_ID='etl_2024-08-08' AIRFLOW_CTX_TASK_ID='fetch_the_api' AIRFLOW_CTX_EXECUTION_DATE='2024-07-09T00:00:00+00:00' AIRFLOW_CTX_TRY_NUMBER='1' AIRFLOW_CTX_DAG_RUN_ID='scheduled__2024-07-09T00:00:00+00:00'
[2024-08-08T06:08:27.982+0000] {taskinstance.py:430} INFO - ::endgroup::
[2024-08-08T06:08:27.990+0000] {subprocess.py:63} INFO - Tmp dir root location: /tmp
[2024-08-08T06:08:27.990+0000] {subprocess.py:75} INFO - Running command: ['/usr/bin/bash', '-c', 'python3 /opt/***/data/config.py']
[2024-08-08T06:08:27.998+0000] {subprocess.py:86} INFO - Output:
[2024-08-08T06:08:28.087+0000] {subprocess.py:97} INFO - Command exited with return code 0
[2024-08-08T06:08:28.087+0000] {taskinstance.py:441} INFO - ::group::Post task execution logs
[2024-08-08T06:08:28.133+0000] {taskinstance.py:1206} INFO - Marking task as SUCCESS. dag_id=etl_2024-08-08, task_id=fetch_the_api, run_id=scheduled__2024-07-09T00:00:00+00:00, execution_date=20240709T000000, start_date=20240808T060827, end_date=20240808T060828
[2024-08-08T06:08:28.204+0000] {local_task_job_runner.py:240} INFO - Task exited with return code 0
[2024-08-08T06:08:28.220+0000] {taskinstance.py:3503} INFO - 1 downstream tasks scheduled from follow-on schedule check
[2024-08-08T06:08:28.245+0000] {local_task_job_runner.py:222} INFO - ::endgroup::
