[2024-08-07T10:43:39.462+0000] {local_task_job_runner.py:120} INFO - ::group::Pre task execution logs
[2024-08-07T10:43:39.492+0000] {taskinstance.py:2076} INFO - Dependencies all met for dep_context=non-requeueable deps ti=<TaskInstance: etl_2024-08-07.log_the_data scheduled__2024-05-15T00:00:00+00:00 [queued]>
[2024-08-07T10:43:39.498+0000] {taskinstance.py:2076} INFO - Dependencies all met for dep_context=requeueable deps ti=<TaskInstance: etl_2024-08-07.log_the_data scheduled__2024-05-15T00:00:00+00:00 [queued]>
[2024-08-07T10:43:39.498+0000] {taskinstance.py:2306} INFO - Starting attempt 1 of 2
[2024-08-07T10:43:39.526+0000] {taskinstance.py:2330} INFO - Executing <Task(BashOperator): log_the_data> on 2024-05-15 00:00:00+00:00
[2024-08-07T10:43:39.530+0000] {standard_task_runner.py:63} INFO - Started process 1841 to run task
[2024-08-07T10:43:39.534+0000] {standard_task_runner.py:90} INFO - Running: ['***', 'tasks', 'run', 'etl_2024-08-07', 'log_the_data', 'scheduled__2024-05-15T00:00:00+00:00', '--job-id', '144', '--raw', '--subdir', 'DAGS_FOLDER/final_etl.py', '--cfg-path', '/tmp/tmphcplcamu']
[2024-08-07T10:43:39.535+0000] {standard_task_runner.py:91} INFO - Job 144: Subtask log_the_data
[2024-08-07T10:43:39.617+0000] {task_command.py:426} INFO - Running <TaskInstance: etl_2024-08-07.log_the_data scheduled__2024-05-15T00:00:00+00:00 [running]> on host 8cffaad11d99
[2024-08-07T10:43:39.722+0000] {taskinstance.py:2648} INFO - Exporting env vars: AIRFLOW_CTX_DAG_OWNER='***' AIRFLOW_CTX_DAG_ID='etl_2024-08-07' AIRFLOW_CTX_TASK_ID='log_the_data' AIRFLOW_CTX_EXECUTION_DATE='2024-05-15T00:00:00+00:00' AIRFLOW_CTX_TRY_NUMBER='1' AIRFLOW_CTX_DAG_RUN_ID='scheduled__2024-05-15T00:00:00+00:00'
[2024-08-07T10:43:39.723+0000] {taskinstance.py:430} INFO - ::endgroup::
[2024-08-07T10:43:39.737+0000] {subprocess.py:63} INFO - Tmp dir root location: /tmp
[2024-08-07T10:43:39.738+0000] {subprocess.py:75} INFO - Running command: ['/usr/bin/bash', '-c', 'python3 /opt/***/data/logging_config.py']
[2024-08-07T10:43:39.747+0000] {subprocess.py:86} INFO - Output:
[2024-08-07T10:43:39.842+0000] {subprocess.py:97} INFO - Command exited with return code 0
[2024-08-07T10:43:39.842+0000] {taskinstance.py:441} INFO - ::group::Post task execution logs
[2024-08-07T10:43:39.877+0000] {taskinstance.py:1206} INFO - Marking task as SUCCESS. dag_id=etl_2024-08-07, task_id=log_the_data, run_id=scheduled__2024-05-15T00:00:00+00:00, execution_date=20240515T000000, start_date=20240807T104339, end_date=20240807T104339
[2024-08-07T10:43:39.948+0000] {local_task_job_runner.py:240} INFO - Task exited with return code 0
[2024-08-07T10:43:39.973+0000] {taskinstance.py:3503} INFO - 1 downstream tasks scheduled from follow-on schedule check
[2024-08-07T10:43:39.993+0000] {local_task_job_runner.py:222} INFO - ::endgroup::
[2024-08-07T10:49:48.539+0000] {local_task_job_runner.py:120} INFO - ::group::Pre task execution logs
[2024-08-07T10:49:48.565+0000] {taskinstance.py:2076} INFO - Dependencies all met for dep_context=non-requeueable deps ti=<TaskInstance: etl_2024-08-07.log_the_data scheduled__2024-05-15T00:00:00+00:00 [queued]>
[2024-08-07T10:49:48.574+0000] {taskinstance.py:2076} INFO - Dependencies all met for dep_context=requeueable deps ti=<TaskInstance: etl_2024-08-07.log_the_data scheduled__2024-05-15T00:00:00+00:00 [queued]>
[2024-08-07T10:49:48.574+0000] {taskinstance.py:2306} INFO - Starting attempt 1 of 2
[2024-08-07T10:49:48.606+0000] {taskinstance.py:2330} INFO - Executing <Task(BashOperator): log_the_data> on 2024-05-15 00:00:00+00:00
[2024-08-07T10:49:48.612+0000] {standard_task_runner.py:63} INFO - Started process 2650 to run task
[2024-08-07T10:49:48.615+0000] {standard_task_runner.py:90} INFO - Running: ['***', 'tasks', 'run', 'etl_2024-08-07', 'log_the_data', 'scheduled__2024-05-15T00:00:00+00:00', '--job-id', '363', '--raw', '--subdir', 'DAGS_FOLDER/final_etl.py', '--cfg-path', '/tmp/tmpvd4w19b5']
[2024-08-07T10:49:48.616+0000] {standard_task_runner.py:91} INFO - Job 363: Subtask log_the_data
[2024-08-07T10:49:48.688+0000] {task_command.py:426} INFO - Running <TaskInstance: etl_2024-08-07.log_the_data scheduled__2024-05-15T00:00:00+00:00 [running]> on host 8cffaad11d99
[2024-08-07T10:49:48.806+0000] {taskinstance.py:2648} INFO - Exporting env vars: AIRFLOW_CTX_DAG_OWNER='***' AIRFLOW_CTX_DAG_ID='etl_2024-08-07' AIRFLOW_CTX_TASK_ID='log_the_data' AIRFLOW_CTX_EXECUTION_DATE='2024-05-15T00:00:00+00:00' AIRFLOW_CTX_TRY_NUMBER='1' AIRFLOW_CTX_DAG_RUN_ID='scheduled__2024-05-15T00:00:00+00:00'
[2024-08-07T10:49:48.806+0000] {taskinstance.py:430} INFO - ::endgroup::
[2024-08-07T10:49:48.820+0000] {subprocess.py:63} INFO - Tmp dir root location: /tmp
[2024-08-07T10:49:48.822+0000] {subprocess.py:75} INFO - Running command: ['/usr/bin/bash', '-c', 'python3 /opt/***/data/logging_config.py']
[2024-08-07T10:49:48.833+0000] {subprocess.py:86} INFO - Output:
[2024-08-07T10:49:48.919+0000] {subprocess.py:97} INFO - Command exited with return code 0
[2024-08-07T10:49:48.920+0000] {taskinstance.py:441} INFO - ::group::Post task execution logs
[2024-08-07T10:49:50.040+0000] {taskinstance.py:1206} INFO - Marking task as SUCCESS. dag_id=etl_2024-08-07, task_id=log_the_data, run_id=scheduled__2024-05-15T00:00:00+00:00, execution_date=20240515T000000, start_date=20240807T104948, end_date=20240807T104950
[2024-08-07T10:49:50.158+0000] {local_task_job_runner.py:240} INFO - Task exited with return code 0
[2024-08-07T10:49:50.187+0000] {taskinstance.py:3503} INFO - 1 downstream tasks scheduled from follow-on schedule check
[2024-08-07T10:49:50.227+0000] {local_task_job_runner.py:222} INFO - ::endgroup::
