[2024-08-07T10:43:38.448+0000] {local_task_job_runner.py:120} INFO - ::group::Pre task execution logs
[2024-08-07T10:43:38.468+0000] {taskinstance.py:2076} INFO - Dependencies all met for dep_context=non-requeueable deps ti=<TaskInstance: etl_2024-08-07.log_the_data scheduled__2024-05-13T00:00:00+00:00 [queued]>
[2024-08-07T10:43:38.472+0000] {taskinstance.py:2076} INFO - Dependencies all met for dep_context=requeueable deps ti=<TaskInstance: etl_2024-08-07.log_the_data scheduled__2024-05-13T00:00:00+00:00 [queued]>
[2024-08-07T10:43:38.472+0000] {taskinstance.py:2306} INFO - Starting attempt 1 of 2
[2024-08-07T10:43:38.513+0000] {taskinstance.py:2330} INFO - Executing <Task(BashOperator): log_the_data> on 2024-05-13 00:00:00+00:00
[2024-08-07T10:43:38.517+0000] {standard_task_runner.py:63} INFO - Started process 1803 to run task
[2024-08-07T10:43:38.520+0000] {standard_task_runner.py:90} INFO - Running: ['***', 'tasks', 'run', 'etl_2024-08-07', 'log_the_data', 'scheduled__2024-05-13T00:00:00+00:00', '--job-id', '129', '--raw', '--subdir', 'DAGS_FOLDER/final_etl.py', '--cfg-path', '/tmp/tmpa17xblya']
[2024-08-07T10:43:38.522+0000] {standard_task_runner.py:91} INFO - Job 129: Subtask log_the_data
[2024-08-07T10:43:38.578+0000] {task_command.py:426} INFO - Running <TaskInstance: etl_2024-08-07.log_the_data scheduled__2024-05-13T00:00:00+00:00 [running]> on host 8cffaad11d99
[2024-08-07T10:43:38.724+0000] {taskinstance.py:2648} INFO - Exporting env vars: AIRFLOW_CTX_DAG_OWNER='***' AIRFLOW_CTX_DAG_ID='etl_2024-08-07' AIRFLOW_CTX_TASK_ID='log_the_data' AIRFLOW_CTX_EXECUTION_DATE='2024-05-13T00:00:00+00:00' AIRFLOW_CTX_TRY_NUMBER='1' AIRFLOW_CTX_DAG_RUN_ID='scheduled__2024-05-13T00:00:00+00:00'
[2024-08-07T10:43:38.724+0000] {taskinstance.py:430} INFO - ::endgroup::
[2024-08-07T10:43:38.737+0000] {subprocess.py:63} INFO - Tmp dir root location: /tmp
[2024-08-07T10:43:38.738+0000] {subprocess.py:75} INFO - Running command: ['/usr/bin/bash', '-c', 'python3 /opt/***/data/logging_config.py']
[2024-08-07T10:43:38.744+0000] {subprocess.py:86} INFO - Output:
[2024-08-07T10:43:38.829+0000] {subprocess.py:97} INFO - Command exited with return code 0
[2024-08-07T10:43:38.830+0000] {taskinstance.py:441} INFO - ::group::Post task execution logs
[2024-08-07T10:43:39.018+0000] {taskinstance.py:1206} INFO - Marking task as SUCCESS. dag_id=etl_2024-08-07, task_id=log_the_data, run_id=scheduled__2024-05-13T00:00:00+00:00, execution_date=20240513T000000, start_date=20240807T104338, end_date=20240807T104339
[2024-08-07T10:43:39.134+0000] {local_task_job_runner.py:240} INFO - Task exited with return code 0
[2024-08-07T10:43:39.150+0000] {taskinstance.py:3503} INFO - 1 downstream tasks scheduled from follow-on schedule check
[2024-08-07T10:43:39.228+0000] {local_task_job_runner.py:222} INFO - ::endgroup::
[2024-08-07T10:49:47.818+0000] {local_task_job_runner.py:120} INFO - ::group::Pre task execution logs
[2024-08-07T10:49:47.837+0000] {taskinstance.py:2076} INFO - Dependencies all met for dep_context=non-requeueable deps ti=<TaskInstance: etl_2024-08-07.log_the_data scheduled__2024-05-13T00:00:00+00:00 [queued]>
[2024-08-07T10:49:47.841+0000] {taskinstance.py:2076} INFO - Dependencies all met for dep_context=requeueable deps ti=<TaskInstance: etl_2024-08-07.log_the_data scheduled__2024-05-13T00:00:00+00:00 [queued]>
[2024-08-07T10:49:47.842+0000] {taskinstance.py:2306} INFO - Starting attempt 1 of 2
[2024-08-07T10:49:47.865+0000] {taskinstance.py:2330} INFO - Executing <Task(BashOperator): log_the_data> on 2024-05-13 00:00:00+00:00
[2024-08-07T10:49:47.870+0000] {standard_task_runner.py:63} INFO - Started process 2619 to run task
[2024-08-07T10:49:47.873+0000] {standard_task_runner.py:90} INFO - Running: ['***', 'tasks', 'run', 'etl_2024-08-07', 'log_the_data', 'scheduled__2024-05-13T00:00:00+00:00', '--job-id', '352', '--raw', '--subdir', 'DAGS_FOLDER/final_etl.py', '--cfg-path', '/tmp/tmpbyed_7gi']
[2024-08-07T10:49:47.874+0000] {standard_task_runner.py:91} INFO - Job 352: Subtask log_the_data
[2024-08-07T10:49:47.940+0000] {task_command.py:426} INFO - Running <TaskInstance: etl_2024-08-07.log_the_data scheduled__2024-05-13T00:00:00+00:00 [running]> on host 8cffaad11d99
[2024-08-07T10:49:48.046+0000] {taskinstance.py:2648} INFO - Exporting env vars: AIRFLOW_CTX_DAG_OWNER='***' AIRFLOW_CTX_DAG_ID='etl_2024-08-07' AIRFLOW_CTX_TASK_ID='log_the_data' AIRFLOW_CTX_EXECUTION_DATE='2024-05-13T00:00:00+00:00' AIRFLOW_CTX_TRY_NUMBER='1' AIRFLOW_CTX_DAG_RUN_ID='scheduled__2024-05-13T00:00:00+00:00'
[2024-08-07T10:49:48.046+0000] {taskinstance.py:430} INFO - ::endgroup::
[2024-08-07T10:49:48.054+0000] {subprocess.py:63} INFO - Tmp dir root location: /tmp
[2024-08-07T10:49:48.054+0000] {subprocess.py:75} INFO - Running command: ['/usr/bin/bash', '-c', 'python3 /opt/***/data/logging_config.py']
[2024-08-07T10:49:48.061+0000] {subprocess.py:86} INFO - Output:
[2024-08-07T10:49:48.178+0000] {subprocess.py:97} INFO - Command exited with return code 0
[2024-08-07T10:49:48.179+0000] {taskinstance.py:441} INFO - ::group::Post task execution logs
[2024-08-07T10:49:48.270+0000] {taskinstance.py:1206} INFO - Marking task as SUCCESS. dag_id=etl_2024-08-07, task_id=log_the_data, run_id=scheduled__2024-05-13T00:00:00+00:00, execution_date=20240513T000000, start_date=20240807T104947, end_date=20240807T104948
[2024-08-07T10:49:48.327+0000] {local_task_job_runner.py:240} INFO - Task exited with return code 0
[2024-08-07T10:49:48.349+0000] {taskinstance.py:3503} INFO - 1 downstream tasks scheduled from follow-on schedule check
[2024-08-07T10:49:48.366+0000] {local_task_job_runner.py:222} INFO - ::endgroup::
