[2024-08-12T05:52:02.776+0000] {local_task_job_runner.py:120} INFO - ::group::Pre task execution logs
[2024-08-12T05:52:02.818+0000] {taskinstance.py:2076} INFO - Dependencies all met for dep_context=non-requeueable deps ti=<TaskInstance: data_migrations2024-08-12.fetch_the_api scheduled__2024-05-19T00:00:00+00:00 [queued]>
[2024-08-12T05:52:02.822+0000] {taskinstance.py:2076} INFO - Dependencies all met for dep_context=requeueable deps ti=<TaskInstance: data_migrations2024-08-12.fetch_the_api scheduled__2024-05-19T00:00:00+00:00 [queued]>
[2024-08-12T05:52:02.823+0000] {taskinstance.py:2306} INFO - Starting attempt 1 of 2
[2024-08-12T05:52:02.892+0000] {taskinstance.py:2330} INFO - Executing <Task(BashOperator): fetch_the_api> on 2024-05-19 00:00:00+00:00
[2024-08-12T05:52:02.901+0000] {standard_task_runner.py:63} INFO - Started process 2394 to run task
[2024-08-12T05:52:02.908+0000] {standard_task_runner.py:90} INFO - Running: ['***', 'tasks', 'run', 'data_migrations2024-08-12', 'fetch_the_api', 'scheduled__2024-05-19T00:00:00+00:00', '--job-id', '2385', '--raw', '--subdir', 'DAGS_FOLDER/data_migrations.py', '--cfg-path', '/tmp/tmpzf1y7ebh']
[2024-08-12T05:52:02.913+0000] {standard_task_runner.py:91} INFO - Job 2385: Subtask fetch_the_api
[2024-08-12T05:52:03.042+0000] {task_command.py:426} INFO - Running <TaskInstance: data_migrations2024-08-12.fetch_the_api scheduled__2024-05-19T00:00:00+00:00 [running]> on host 05bc191a9412
[2024-08-12T05:52:03.174+0000] {taskinstance.py:2648} INFO - Exporting env vars: AIRFLOW_CTX_DAG_OWNER='***' AIRFLOW_CTX_DAG_ID='data_migrations2024-08-12' AIRFLOW_CTX_TASK_ID='fetch_the_api' AIRFLOW_CTX_EXECUTION_DATE='2024-05-19T00:00:00+00:00' AIRFLOW_CTX_TRY_NUMBER='1' AIRFLOW_CTX_DAG_RUN_ID='scheduled__2024-05-19T00:00:00+00:00'
[2024-08-12T05:52:03.175+0000] {taskinstance.py:430} INFO - ::endgroup::
[2024-08-12T05:52:03.182+0000] {subprocess.py:63} INFO - Tmp dir root location: /tmp
[2024-08-12T05:52:03.182+0000] {subprocess.py:75} INFO - Running command: ['/usr/bin/bash', '-c', 'python3 /opt/***/data/etl_m12_local_db.py']
[2024-08-12T05:52:03.191+0000] {subprocess.py:86} INFO - Output:
[2024-08-12T05:52:03.587+0000] {subprocess.py:93} INFO - Database tables created successfully.
[2024-08-12T05:52:03.611+0000] {subprocess.py:97} INFO - Command exited with return code 1
[2024-08-12T05:52:03.612+0000] {taskinstance.py:441} INFO - ::group::Post task execution logs
[2024-08-12T05:52:03.618+0000] {taskinstance.py:2905} ERROR - Task failed with exception
Traceback (most recent call last):
  File "/home/airflow/.local/lib/python3.9/site-packages/airflow/models/taskinstance.py", line 465, in _execute_task
    result = _execute_callable(context=context, **execute_callable_kwargs)
  File "/home/airflow/.local/lib/python3.9/site-packages/airflow/models/taskinstance.py", line 432, in _execute_callable
    return execute_callable(context=context, **execute_callable_kwargs)
  File "/home/airflow/.local/lib/python3.9/site-packages/airflow/models/baseoperator.py", line 401, in wrapper
    return func(self, *args, **kwargs)
  File "/home/airflow/.local/lib/python3.9/site-packages/airflow/operators/bash.py", line 243, in execute
    raise AirflowException(
airflow.exceptions.AirflowException: Bash command failed. The command returned a non-zero exit code 1.
[2024-08-12T05:52:03.621+0000] {taskinstance.py:1206} INFO - Marking task as UP_FOR_RETRY. dag_id=data_migrations2024-08-12, task_id=fetch_the_api, run_id=scheduled__2024-05-19T00:00:00+00:00, execution_date=20240519T000000, start_date=20240812T055202, end_date=20240812T055203
[2024-08-12T05:52:03.795+0000] {standard_task_runner.py:110} ERROR - Failed to execute job 2385 for task fetch_the_api (Bash command failed. The command returned a non-zero exit code 1.; 2394)
[2024-08-12T05:52:03.842+0000] {local_task_job_runner.py:240} INFO - Task exited with return code 1
[2024-08-12T05:52:03.849+0000] {local_task_job_runner.py:222} INFO - ::endgroup::
