[2024-08-07T10:49:03.209+0000] {local_task_job_runner.py:120} INFO - ::group::Pre task execution logs
[2024-08-07T10:49:03.235+0000] {taskinstance.py:2076} INFO - Dependencies all met for dep_context=non-requeueable deps ti=<TaskInstance: etl_2024-08-07.log_the_data scheduled__2024-06-07T00:00:00+00:00 [queued]>
[2024-08-07T10:49:03.243+0000] {taskinstance.py:2076} INFO - Dependencies all met for dep_context=requeueable deps ti=<TaskInstance: etl_2024-08-07.log_the_data scheduled__2024-06-07T00:00:00+00:00 [queued]>
[2024-08-07T10:49:03.244+0000] {taskinstance.py:2306} INFO - Starting attempt 1 of 2
[2024-08-07T10:49:03.277+0000] {taskinstance.py:2330} INFO - Executing <Task(BashOperator): log_the_data> on 2024-06-07 00:00:00+00:00
[2024-08-07T10:49:03.282+0000] {standard_task_runner.py:63} INFO - Started process 2414 to run task
[2024-08-07T10:49:03.284+0000] {standard_task_runner.py:90} INFO - Running: ['***', 'tasks', 'run', 'etl_2024-08-07', 'log_the_data', 'scheduled__2024-06-07T00:00:00+00:00', '--job-id', '288', '--raw', '--subdir', 'DAGS_FOLDER/final_etl.py', '--cfg-path', '/tmp/tmp6g1hy0z0']
[2024-08-07T10:49:03.286+0000] {standard_task_runner.py:91} INFO - Job 288: Subtask log_the_data
[2024-08-07T10:49:03.339+0000] {task_command.py:426} INFO - Running <TaskInstance: etl_2024-08-07.log_the_data scheduled__2024-06-07T00:00:00+00:00 [running]> on host 8cffaad11d99
[2024-08-07T10:49:04.317+0000] {taskinstance.py:2648} INFO - Exporting env vars: AIRFLOW_CTX_DAG_OWNER='***' AIRFLOW_CTX_DAG_ID='etl_2024-08-07' AIRFLOW_CTX_TASK_ID='log_the_data' AIRFLOW_CTX_EXECUTION_DATE='2024-06-07T00:00:00+00:00' AIRFLOW_CTX_TRY_NUMBER='1' AIRFLOW_CTX_DAG_RUN_ID='scheduled__2024-06-07T00:00:00+00:00'
[2024-08-07T10:49:04.319+0000] {taskinstance.py:430} INFO - ::endgroup::
[2024-08-07T10:49:04.337+0000] {subprocess.py:63} INFO - Tmp dir root location: /tmp
[2024-08-07T10:49:04.337+0000] {subprocess.py:75} INFO - Running command: ['/usr/bin/bash', '-c', 'python3 /opt/***/data/logging_config.py']
[2024-08-07T10:49:04.344+0000] {subprocess.py:86} INFO - Output:
[2024-08-07T10:49:04.419+0000] {subprocess.py:97} INFO - Command exited with return code 0
[2024-08-07T10:49:04.420+0000] {taskinstance.py:441} INFO - ::group::Post task execution logs
[2024-08-07T10:49:04.538+0000] {taskinstance.py:1206} INFO - Marking task as SUCCESS. dag_id=etl_2024-08-07, task_id=log_the_data, run_id=scheduled__2024-06-07T00:00:00+00:00, execution_date=20240607T000000, start_date=20240807T104903, end_date=20240807T104904
[2024-08-07T10:49:04.783+0000] {local_task_job_runner.py:240} INFO - Task exited with return code 0
[2024-08-07T10:49:04.829+0000] {taskinstance.py:3503} INFO - 1 downstream tasks scheduled from follow-on schedule check
[2024-08-07T10:49:04.973+0000] {local_task_job_runner.py:222} INFO - ::endgroup::
[2024-08-07T11:00:29.436+0000] {local_task_job_runner.py:120} INFO - ::group::Pre task execution logs
[2024-08-07T11:00:29.454+0000] {taskinstance.py:2076} INFO - Dependencies all met for dep_context=non-requeueable deps ti=<TaskInstance: etl_2024-08-07.log_the_data scheduled__2024-06-07T00:00:00+00:00 [queued]>
[2024-08-07T11:00:29.459+0000] {taskinstance.py:2076} INFO - Dependencies all met for dep_context=requeueable deps ti=<TaskInstance: etl_2024-08-07.log_the_data scheduled__2024-06-07T00:00:00+00:00 [queued]>
[2024-08-07T11:00:29.459+0000] {taskinstance.py:2306} INFO - Starting attempt 1 of 2
[2024-08-07T11:00:29.491+0000] {taskinstance.py:2330} INFO - Executing <Task(BashOperator): log_the_data> on 2024-06-07 00:00:00+00:00
[2024-08-07T11:00:29.495+0000] {standard_task_runner.py:63} INFO - Started process 3503 to run task
[2024-08-07T11:00:29.498+0000] {standard_task_runner.py:90} INFO - Running: ['***', 'tasks', 'run', 'etl_2024-08-07', 'log_the_data', 'scheduled__2024-06-07T00:00:00+00:00', '--job-id', '557', '--raw', '--subdir', 'DAGS_FOLDER/final_etl.py', '--cfg-path', '/tmp/tmpexfeae3m']
[2024-08-07T11:00:29.500+0000] {standard_task_runner.py:91} INFO - Job 557: Subtask log_the_data
[2024-08-07T11:00:29.566+0000] {task_command.py:426} INFO - Running <TaskInstance: etl_2024-08-07.log_the_data scheduled__2024-06-07T00:00:00+00:00 [running]> on host 8cffaad11d99
[2024-08-07T11:00:29.695+0000] {taskinstance.py:2648} INFO - Exporting env vars: AIRFLOW_CTX_DAG_OWNER='***' AIRFLOW_CTX_DAG_ID='etl_2024-08-07' AIRFLOW_CTX_TASK_ID='log_the_data' AIRFLOW_CTX_EXECUTION_DATE='2024-06-07T00:00:00+00:00' AIRFLOW_CTX_TRY_NUMBER='1' AIRFLOW_CTX_DAG_RUN_ID='scheduled__2024-06-07T00:00:00+00:00'
[2024-08-07T11:00:29.696+0000] {taskinstance.py:430} INFO - ::endgroup::
[2024-08-07T11:00:29.703+0000] {subprocess.py:63} INFO - Tmp dir root location: /tmp
[2024-08-07T11:00:29.704+0000] {subprocess.py:75} INFO - Running command: ['/usr/bin/bash', '-c', 'python3 /opt/***/data/logging_config.py']
[2024-08-07T11:00:29.712+0000] {subprocess.py:86} INFO - Output:
[2024-08-07T11:00:29.794+0000] {subprocess.py:97} INFO - Command exited with return code 0
[2024-08-07T11:00:29.795+0000] {taskinstance.py:441} INFO - ::group::Post task execution logs
[2024-08-07T11:00:29.842+0000] {taskinstance.py:1206} INFO - Marking task as SUCCESS. dag_id=etl_2024-08-07, task_id=log_the_data, run_id=scheduled__2024-06-07T00:00:00+00:00, execution_date=20240607T000000, start_date=20240807T110029, end_date=20240807T110029
[2024-08-07T11:00:30.030+0000] {local_task_job_runner.py:240} INFO - Task exited with return code 0
[2024-08-07T11:00:30.051+0000] {taskinstance.py:3503} INFO - 1 downstream tasks scheduled from follow-on schedule check
[2024-08-07T11:00:30.074+0000] {local_task_job_runner.py:222} INFO - ::endgroup::
