[2024-08-07T10:49:00.361+0000] {local_task_job_runner.py:120} INFO - ::group::Pre task execution logs
[2024-08-07T10:49:00.388+0000] {taskinstance.py:2076} INFO - Dependencies all met for dep_context=non-requeueable deps ti=<TaskInstance: etl_2024-08-07.fetch_the_api scheduled__2024-06-07T00:00:00+00:00 [queued]>
[2024-08-07T10:49:00.394+0000] {taskinstance.py:2076} INFO - Dependencies all met for dep_context=requeueable deps ti=<TaskInstance: etl_2024-08-07.fetch_the_api scheduled__2024-06-07T00:00:00+00:00 [queued]>
[2024-08-07T10:49:00.395+0000] {taskinstance.py:2306} INFO - Starting attempt 1 of 2
[2024-08-07T10:49:00.424+0000] {taskinstance.py:2330} INFO - Executing <Task(BashOperator): fetch_the_api> on 2024-06-07 00:00:00+00:00
[2024-08-07T10:49:00.428+0000] {standard_task_runner.py:63} INFO - Started process 2317 to run task
[2024-08-07T10:49:00.432+0000] {standard_task_runner.py:90} INFO - Running: ['***', 'tasks', 'run', 'etl_2024-08-07', 'fetch_the_api', 'scheduled__2024-06-07T00:00:00+00:00', '--job-id', '259', '--raw', '--subdir', 'DAGS_FOLDER/final_etl.py', '--cfg-path', '/tmp/tmpdr3wy897']
[2024-08-07T10:49:00.435+0000] {standard_task_runner.py:91} INFO - Job 259: Subtask fetch_the_api
[2024-08-07T10:49:00.500+0000] {task_command.py:426} INFO - Running <TaskInstance: etl_2024-08-07.fetch_the_api scheduled__2024-06-07T00:00:00+00:00 [running]> on host 8cffaad11d99
[2024-08-07T10:49:00.624+0000] {taskinstance.py:2648} INFO - Exporting env vars: AIRFLOW_CTX_DAG_OWNER='***' AIRFLOW_CTX_DAG_ID='etl_2024-08-07' AIRFLOW_CTX_TASK_ID='fetch_the_api' AIRFLOW_CTX_EXECUTION_DATE='2024-06-07T00:00:00+00:00' AIRFLOW_CTX_TRY_NUMBER='1' AIRFLOW_CTX_DAG_RUN_ID='scheduled__2024-06-07T00:00:00+00:00'
[2024-08-07T10:49:00.624+0000] {taskinstance.py:430} INFO - ::endgroup::
[2024-08-07T10:49:00.638+0000] {subprocess.py:63} INFO - Tmp dir root location: /tmp
[2024-08-07T10:49:00.639+0000] {subprocess.py:75} INFO - Running command: ['/usr/bin/bash', '-c', 'python3 /opt/***/data/config.py']
[2024-08-07T10:49:00.645+0000] {subprocess.py:86} INFO - Output:
[2024-08-07T10:49:00.708+0000] {subprocess.py:97} INFO - Command exited with return code 0
[2024-08-07T10:49:00.709+0000] {taskinstance.py:441} INFO - ::group::Post task execution logs
[2024-08-07T10:49:01.070+0000] {taskinstance.py:1206} INFO - Marking task as SUCCESS. dag_id=etl_2024-08-07, task_id=fetch_the_api, run_id=scheduled__2024-06-07T00:00:00+00:00, execution_date=20240607T000000, start_date=20240807T104900, end_date=20240807T104901
[2024-08-07T10:49:01.808+0000] {local_task_job_runner.py:240} INFO - Task exited with return code 0
[2024-08-07T10:49:01.831+0000] {local_task_job_runner.py:222} INFO - ::endgroup::
[2024-08-07T11:00:26.824+0000] {local_task_job_runner.py:120} INFO - ::group::Pre task execution logs
[2024-08-07T11:00:26.842+0000] {taskinstance.py:2076} INFO - Dependencies all met for dep_context=non-requeueable deps ti=<TaskInstance: etl_2024-08-07.fetch_the_api scheduled__2024-06-07T00:00:00+00:00 [queued]>
[2024-08-07T11:00:26.846+0000] {taskinstance.py:2076} INFO - Dependencies all met for dep_context=requeueable deps ti=<TaskInstance: etl_2024-08-07.fetch_the_api scheduled__2024-06-07T00:00:00+00:00 [queued]>
[2024-08-07T11:00:26.846+0000] {taskinstance.py:2306} INFO - Starting attempt 1 of 2
[2024-08-07T11:00:26.873+0000] {taskinstance.py:2330} INFO - Executing <Task(BashOperator): fetch_the_api> on 2024-06-07 00:00:00+00:00
[2024-08-07T11:00:26.876+0000] {standard_task_runner.py:63} INFO - Started process 3452 to run task
[2024-08-07T11:00:26.880+0000] {standard_task_runner.py:90} INFO - Running: ['***', 'tasks', 'run', 'etl_2024-08-07', 'fetch_the_api', 'scheduled__2024-06-07T00:00:00+00:00', '--job-id', '538', '--raw', '--subdir', 'DAGS_FOLDER/final_etl.py', '--cfg-path', '/tmp/tmptijjcc7u']
[2024-08-07T11:00:26.882+0000] {standard_task_runner.py:91} INFO - Job 538: Subtask fetch_the_api
[2024-08-07T11:00:26.942+0000] {task_command.py:426} INFO - Running <TaskInstance: etl_2024-08-07.fetch_the_api scheduled__2024-06-07T00:00:00+00:00 [running]> on host 8cffaad11d99
[2024-08-07T11:00:27.060+0000] {taskinstance.py:2648} INFO - Exporting env vars: AIRFLOW_CTX_DAG_OWNER='***' AIRFLOW_CTX_DAG_ID='etl_2024-08-07' AIRFLOW_CTX_TASK_ID='fetch_the_api' AIRFLOW_CTX_EXECUTION_DATE='2024-06-07T00:00:00+00:00' AIRFLOW_CTX_TRY_NUMBER='1' AIRFLOW_CTX_DAG_RUN_ID='scheduled__2024-06-07T00:00:00+00:00'
[2024-08-07T11:00:27.060+0000] {taskinstance.py:430} INFO - ::endgroup::
[2024-08-07T11:00:27.068+0000] {subprocess.py:63} INFO - Tmp dir root location: /tmp
[2024-08-07T11:00:27.068+0000] {subprocess.py:75} INFO - Running command: ['/usr/bin/bash', '-c', 'python3 /opt/***/data/config.py']
[2024-08-07T11:00:27.075+0000] {subprocess.py:86} INFO - Output:
[2024-08-07T11:00:27.135+0000] {subprocess.py:97} INFO - Command exited with return code 0
[2024-08-07T11:00:27.136+0000] {taskinstance.py:441} INFO - ::group::Post task execution logs
[2024-08-07T11:00:27.202+0000] {taskinstance.py:1206} INFO - Marking task as SUCCESS. dag_id=etl_2024-08-07, task_id=fetch_the_api, run_id=scheduled__2024-06-07T00:00:00+00:00, execution_date=20240607T000000, start_date=20240807T110026, end_date=20240807T110027
[2024-08-07T11:00:27.252+0000] {local_task_job_runner.py:240} INFO - Task exited with return code 0
[2024-08-07T11:00:27.276+0000] {taskinstance.py:3503} INFO - 1 downstream tasks scheduled from follow-on schedule check
[2024-08-07T11:00:27.300+0000] {local_task_job_runner.py:222} INFO - ::endgroup::
