[2024-08-07T10:48:59.900+0000] {local_task_job_runner.py:120} INFO - ::group::Pre task execution logs
[2024-08-07T10:48:59.936+0000] {taskinstance.py:2076} INFO - Dependencies all met for dep_context=non-requeueable deps ti=<TaskInstance: etl_2024-08-07.decrypt_the_data scheduled__2024-05-23T00:00:00+00:00 [queued]>
[2024-08-07T10:48:59.943+0000] {taskinstance.py:2076} INFO - Dependencies all met for dep_context=requeueable deps ti=<TaskInstance: etl_2024-08-07.decrypt_the_data scheduled__2024-05-23T00:00:00+00:00 [queued]>
[2024-08-07T10:48:59.944+0000] {taskinstance.py:2306} INFO - Starting attempt 1 of 2
[2024-08-07T10:48:59.973+0000] {taskinstance.py:2330} INFO - Executing <Task(BashOperator): decrypt_the_data> on 2024-05-23 00:00:00+00:00
[2024-08-07T10:48:59.978+0000] {standard_task_runner.py:63} INFO - Started process 2295 to run task
[2024-08-07T10:48:59.981+0000] {standard_task_runner.py:90} INFO - Running: ['***', 'tasks', 'run', 'etl_2024-08-07', 'decrypt_the_data', 'scheduled__2024-05-23T00:00:00+00:00', '--job-id', '251', '--raw', '--subdir', 'DAGS_FOLDER/final_etl.py', '--cfg-path', '/tmp/tmpsn0s7qif']
[2024-08-07T10:48:59.983+0000] {standard_task_runner.py:91} INFO - Job 251: Subtask decrypt_the_data
[2024-08-07T10:49:00.084+0000] {task_command.py:426} INFO - Running <TaskInstance: etl_2024-08-07.decrypt_the_data scheduled__2024-05-23T00:00:00+00:00 [running]> on host 8cffaad11d99
[2024-08-07T10:49:00.180+0000] {taskinstance.py:2648} INFO - Exporting env vars: AIRFLOW_CTX_DAG_OWNER='***' AIRFLOW_CTX_DAG_ID='etl_2024-08-07' AIRFLOW_CTX_TASK_ID='decrypt_the_data' AIRFLOW_CTX_EXECUTION_DATE='2024-05-23T00:00:00+00:00' AIRFLOW_CTX_TRY_NUMBER='1' AIRFLOW_CTX_DAG_RUN_ID='scheduled__2024-05-23T00:00:00+00:00'
[2024-08-07T10:49:00.181+0000] {taskinstance.py:430} INFO - ::endgroup::
[2024-08-07T10:49:00.196+0000] {subprocess.py:63} INFO - Tmp dir root location: /tmp
[2024-08-07T10:49:00.197+0000] {subprocess.py:75} INFO - Running command: ['/usr/bin/bash', '-c', 'python3 /opt/***/data/decryption_utils.py']
[2024-08-07T10:49:00.206+0000] {subprocess.py:86} INFO - Output:
[2024-08-07T10:49:00.307+0000] {subprocess.py:97} INFO - Command exited with return code 0
[2024-08-07T10:49:00.308+0000] {taskinstance.py:441} INFO - ::group::Post task execution logs
[2024-08-07T10:49:00.359+0000] {taskinstance.py:1206} INFO - Marking task as SUCCESS. dag_id=etl_2024-08-07, task_id=decrypt_the_data, run_id=scheduled__2024-05-23T00:00:00+00:00, execution_date=20240523T000000, start_date=20240807T104859, end_date=20240807T104900
[2024-08-07T10:49:00.393+0000] {local_task_job_runner.py:240} INFO - Task exited with return code 0
[2024-08-07T10:49:00.422+0000] {taskinstance.py:3503} INFO - 1 downstream tasks scheduled from follow-on schedule check
[2024-08-07T10:49:00.438+0000] {local_task_job_runner.py:222} INFO - ::endgroup::
[2024-08-07T10:55:10.986+0000] {local_task_job_runner.py:120} INFO - ::group::Pre task execution logs
[2024-08-07T10:55:11.005+0000] {taskinstance.py:2076} INFO - Dependencies all met for dep_context=non-requeueable deps ti=<TaskInstance: etl_2024-08-07.decrypt_the_data scheduled__2024-05-23T00:00:00+00:00 [queued]>
[2024-08-07T10:55:11.011+0000] {taskinstance.py:2076} INFO - Dependencies all met for dep_context=requeueable deps ti=<TaskInstance: etl_2024-08-07.decrypt_the_data scheduled__2024-05-23T00:00:00+00:00 [queued]>
[2024-08-07T10:55:11.012+0000] {taskinstance.py:2306} INFO - Starting attempt 1 of 2
[2024-08-07T10:55:11.067+0000] {taskinstance.py:2330} INFO - Executing <Task(BashOperator): decrypt_the_data> on 2024-05-23 00:00:00+00:00
[2024-08-07T10:55:11.070+0000] {standard_task_runner.py:63} INFO - Started process 3076 to run task
[2024-08-07T10:55:11.073+0000] {standard_task_runner.py:90} INFO - Running: ['***', 'tasks', 'run', 'etl_2024-08-07', 'decrypt_the_data', 'scheduled__2024-05-23T00:00:00+00:00', '--job-id', '463', '--raw', '--subdir', 'DAGS_FOLDER/final_etl.py', '--cfg-path', '/tmp/tmphrgy2tfv']
[2024-08-07T10:55:11.074+0000] {standard_task_runner.py:91} INFO - Job 463: Subtask decrypt_the_data
[2024-08-07T10:55:11.147+0000] {task_command.py:426} INFO - Running <TaskInstance: etl_2024-08-07.decrypt_the_data scheduled__2024-05-23T00:00:00+00:00 [running]> on host 8cffaad11d99
[2024-08-07T10:55:11.262+0000] {taskinstance.py:2648} INFO - Exporting env vars: AIRFLOW_CTX_DAG_OWNER='***' AIRFLOW_CTX_DAG_ID='etl_2024-08-07' AIRFLOW_CTX_TASK_ID='decrypt_the_data' AIRFLOW_CTX_EXECUTION_DATE='2024-05-23T00:00:00+00:00' AIRFLOW_CTX_TRY_NUMBER='1' AIRFLOW_CTX_DAG_RUN_ID='scheduled__2024-05-23T00:00:00+00:00'
[2024-08-07T10:55:11.262+0000] {taskinstance.py:430} INFO - ::endgroup::
[2024-08-07T10:55:11.269+0000] {subprocess.py:63} INFO - Tmp dir root location: /tmp
[2024-08-07T10:55:11.270+0000] {subprocess.py:75} INFO - Running command: ['/usr/bin/bash', '-c', 'python3 /opt/***/data/decryption_utils.py']
[2024-08-07T10:55:11.277+0000] {subprocess.py:86} INFO - Output:
[2024-08-07T10:55:11.398+0000] {subprocess.py:97} INFO - Command exited with return code 0
[2024-08-07T10:55:11.399+0000] {taskinstance.py:441} INFO - ::group::Post task execution logs
[2024-08-07T10:55:11.447+0000] {taskinstance.py:1206} INFO - Marking task as SUCCESS. dag_id=etl_2024-08-07, task_id=decrypt_the_data, run_id=scheduled__2024-05-23T00:00:00+00:00, execution_date=20240523T000000, start_date=20240807T105511, end_date=20240807T105511
[2024-08-07T10:55:11.526+0000] {local_task_job_runner.py:240} INFO - Task exited with return code 0
[2024-08-07T10:55:11.548+0000] {taskinstance.py:3503} INFO - 1 downstream tasks scheduled from follow-on schedule check
[2024-08-07T10:55:11.574+0000] {local_task_job_runner.py:222} INFO - ::endgroup::
