[2024-08-09T09:25:50.252+0000] {local_task_job_runner.py:120} INFO - ::group::Pre task execution logs
[2024-08-09T09:25:50.279+0000] {taskinstance.py:2076} INFO - Dependencies all met for dep_context=non-requeueable deps ti=<TaskInstance: etl_2024-08-09.fetch_the_api manual__2024-08-09T09:25:49.051804+00:00 [queued]>
[2024-08-09T09:25:50.285+0000] {taskinstance.py:2076} INFO - Dependencies all met for dep_context=requeueable deps ti=<TaskInstance: etl_2024-08-09.fetch_the_api manual__2024-08-09T09:25:49.051804+00:00 [queued]>
[2024-08-09T09:25:50.286+0000] {taskinstance.py:2306} INFO - Starting attempt 1 of 2
[2024-08-09T09:25:50.332+0000] {taskinstance.py:2330} INFO - Executing <Task(BashOperator): fetch_the_api> on 2024-08-09 09:25:49.051804+00:00
[2024-08-09T09:25:50.336+0000] {standard_task_runner.py:63} INFO - Started process 9701 to run task
[2024-08-09T09:25:50.338+0000] {standard_task_runner.py:90} INFO - Running: ['***', 'tasks', 'run', 'etl_2024-08-09', 'fetch_the_api', 'manual__2024-08-09T09:25:49.051804+00:00', '--job-id', '1788', '--raw', '--subdir', 'DAGS_FOLDER/final_etl.py', '--cfg-path', '/tmp/tmp_m8lif9u']
[2024-08-09T09:25:50.339+0000] {standard_task_runner.py:91} INFO - Job 1788: Subtask fetch_the_api
[2024-08-09T09:25:50.408+0000] {task_command.py:426} INFO - Running <TaskInstance: etl_2024-08-09.fetch_the_api manual__2024-08-09T09:25:49.051804+00:00 [running]> on host 05bc191a9412
[2024-08-09T09:25:50.651+0000] {taskinstance.py:2648} INFO - Exporting env vars: AIRFLOW_CTX_DAG_OWNER='***' AIRFLOW_CTX_DAG_ID='etl_2024-08-09' AIRFLOW_CTX_TASK_ID='fetch_the_api' AIRFLOW_CTX_EXECUTION_DATE='2024-08-09T09:25:49.051804+00:00' AIRFLOW_CTX_TRY_NUMBER='1' AIRFLOW_CTX_DAG_RUN_ID='manual__2024-08-09T09:25:49.051804+00:00'
[2024-08-09T09:25:50.652+0000] {taskinstance.py:430} INFO - ::endgroup::
[2024-08-09T09:25:50.669+0000] {subprocess.py:63} INFO - Tmp dir root location: /tmp
[2024-08-09T09:25:50.670+0000] {subprocess.py:75} INFO - Running command: ['/usr/bin/bash', '-c', 'python3 /opt/***/data/config.py']
[2024-08-09T09:25:50.674+0000] {subprocess.py:86} INFO - Output:
[2024-08-09T09:25:50.738+0000] {subprocess.py:97} INFO - Command exited with return code 0
[2024-08-09T09:25:50.738+0000] {taskinstance.py:441} INFO - ::group::Post task execution logs
[2024-08-09T09:25:50.782+0000] {taskinstance.py:1206} INFO - Marking task as SUCCESS. dag_id=etl_2024-08-09, task_id=fetch_the_api, run_id=manual__2024-08-09T09:25:49.051804+00:00, execution_date=20240809T092549, start_date=20240809T092550, end_date=20240809T092550
[2024-08-09T09:25:51.035+0000] {local_task_job_runner.py:240} INFO - Task exited with return code 0
[2024-08-09T09:25:51.057+0000] {taskinstance.py:3503} INFO - 1 downstream tasks scheduled from follow-on schedule check
[2024-08-09T09:25:51.667+0000] {local_task_job_runner.py:222} INFO - ::endgroup::
