[2024-08-07T10:43:34.494+0000] {local_task_job_runner.py:120} INFO - ::group::Pre task execution logs
[2024-08-07T10:43:34.511+0000] {taskinstance.py:2076} INFO - Dependencies all met for dep_context=non-requeueable deps ti=<TaskInstance: etl_2024-08-07.fetch_the_api scheduled__2024-05-07T00:00:00+00:00 [queued]>
[2024-08-07T10:43:34.515+0000] {taskinstance.py:2076} INFO - Dependencies all met for dep_context=requeueable deps ti=<TaskInstance: etl_2024-08-07.fetch_the_api scheduled__2024-05-07T00:00:00+00:00 [queued]>
[2024-08-07T10:43:34.515+0000] {taskinstance.py:2306} INFO - Starting attempt 1 of 2
[2024-08-07T10:43:34.544+0000] {taskinstance.py:2330} INFO - Executing <Task(BashOperator): fetch_the_api> on 2024-05-07 00:00:00+00:00
[2024-08-07T10:43:34.546+0000] {standard_task_runner.py:63} INFO - Started process 1709 to run task
[2024-08-07T10:43:34.549+0000] {standard_task_runner.py:90} INFO - Running: ['***', 'tasks', 'run', 'etl_2024-08-07', 'fetch_the_api', 'scheduled__2024-05-07T00:00:00+00:00', '--job-id', '97', '--raw', '--subdir', 'DAGS_FOLDER/final_etl.py', '--cfg-path', '/tmp/tmpd5t6jd9_']
[2024-08-07T10:43:34.550+0000] {standard_task_runner.py:91} INFO - Job 97: Subtask fetch_the_api
[2024-08-07T10:43:34.591+0000] {task_command.py:426} INFO - Running <TaskInstance: etl_2024-08-07.fetch_the_api scheduled__2024-05-07T00:00:00+00:00 [running]> on host 8cffaad11d99
[2024-08-07T10:43:34.713+0000] {taskinstance.py:2648} INFO - Exporting env vars: AIRFLOW_CTX_DAG_OWNER='***' AIRFLOW_CTX_DAG_ID='etl_2024-08-07' AIRFLOW_CTX_TASK_ID='fetch_the_api' AIRFLOW_CTX_EXECUTION_DATE='2024-05-07T00:00:00+00:00' AIRFLOW_CTX_TRY_NUMBER='1' AIRFLOW_CTX_DAG_RUN_ID='scheduled__2024-05-07T00:00:00+00:00'
[2024-08-07T10:43:34.714+0000] {taskinstance.py:430} INFO - ::endgroup::
[2024-08-07T10:43:34.724+0000] {subprocess.py:63} INFO - Tmp dir root location: /tmp
[2024-08-07T10:43:34.724+0000] {subprocess.py:75} INFO - Running command: ['/usr/bin/bash', '-c', 'python3 /opt/***/data/config.py']
[2024-08-07T10:43:34.730+0000] {subprocess.py:86} INFO - Output:
[2024-08-07T10:43:34.792+0000] {subprocess.py:97} INFO - Command exited with return code 0
[2024-08-07T10:43:34.793+0000] {taskinstance.py:441} INFO - ::group::Post task execution logs
[2024-08-07T10:43:34.830+0000] {taskinstance.py:1206} INFO - Marking task as SUCCESS. dag_id=etl_2024-08-07, task_id=fetch_the_api, run_id=scheduled__2024-05-07T00:00:00+00:00, execution_date=20240507T000000, start_date=20240807T104334, end_date=20240807T104334
[2024-08-07T10:43:34.881+0000] {local_task_job_runner.py:240} INFO - Task exited with return code 0
[2024-08-07T10:43:34.889+0000] {local_task_job_runner.py:222} INFO - ::endgroup::
[2024-08-07T10:49:43.463+0000] {local_task_job_runner.py:120} INFO - ::group::Pre task execution logs
[2024-08-07T10:49:43.480+0000] {taskinstance.py:2076} INFO - Dependencies all met for dep_context=non-requeueable deps ti=<TaskInstance: etl_2024-08-07.fetch_the_api scheduled__2024-05-07T00:00:00+00:00 [queued]>
[2024-08-07T10:49:43.483+0000] {taskinstance.py:2076} INFO - Dependencies all met for dep_context=requeueable deps ti=<TaskInstance: etl_2024-08-07.fetch_the_api scheduled__2024-05-07T00:00:00+00:00 [queued]>
[2024-08-07T10:49:43.484+0000] {taskinstance.py:2306} INFO - Starting attempt 1 of 2
[2024-08-07T10:49:43.501+0000] {taskinstance.py:2330} INFO - Executing <Task(BashOperator): fetch_the_api> on 2024-05-07 00:00:00+00:00
[2024-08-07T10:49:43.503+0000] {standard_task_runner.py:63} INFO - Started process 2512 to run task
[2024-08-07T10:49:43.505+0000] {standard_task_runner.py:90} INFO - Running: ['***', 'tasks', 'run', 'etl_2024-08-07', 'fetch_the_api', 'scheduled__2024-05-07T00:00:00+00:00', '--job-id', '316', '--raw', '--subdir', 'DAGS_FOLDER/final_etl.py', '--cfg-path', '/tmp/tmprzee31qo']
[2024-08-07T10:49:43.506+0000] {standard_task_runner.py:91} INFO - Job 316: Subtask fetch_the_api
[2024-08-07T10:49:43.563+0000] {task_command.py:426} INFO - Running <TaskInstance: etl_2024-08-07.fetch_the_api scheduled__2024-05-07T00:00:00+00:00 [running]> on host 8cffaad11d99
[2024-08-07T10:49:43.650+0000] {taskinstance.py:2648} INFO - Exporting env vars: AIRFLOW_CTX_DAG_OWNER='***' AIRFLOW_CTX_DAG_ID='etl_2024-08-07' AIRFLOW_CTX_TASK_ID='fetch_the_api' AIRFLOW_CTX_EXECUTION_DATE='2024-05-07T00:00:00+00:00' AIRFLOW_CTX_TRY_NUMBER='1' AIRFLOW_CTX_DAG_RUN_ID='scheduled__2024-05-07T00:00:00+00:00'
[2024-08-07T10:49:43.651+0000] {taskinstance.py:430} INFO - ::endgroup::
[2024-08-07T10:49:43.661+0000] {subprocess.py:63} INFO - Tmp dir root location: /tmp
[2024-08-07T10:49:43.661+0000] {subprocess.py:75} INFO - Running command: ['/usr/bin/bash', '-c', 'python3 /opt/***/data/config.py']
[2024-08-07T10:49:43.665+0000] {subprocess.py:86} INFO - Output:
[2024-08-07T10:49:43.726+0000] {subprocess.py:97} INFO - Command exited with return code 0
[2024-08-07T10:49:43.727+0000] {taskinstance.py:441} INFO - ::group::Post task execution logs
[2024-08-07T10:49:43.760+0000] {taskinstance.py:1206} INFO - Marking task as SUCCESS. dag_id=etl_2024-08-07, task_id=fetch_the_api, run_id=scheduled__2024-05-07T00:00:00+00:00, execution_date=20240507T000000, start_date=20240807T104943, end_date=20240807T104943
[2024-08-07T10:49:43.797+0000] {local_task_job_runner.py:240} INFO - Task exited with return code 0
[2024-08-07T10:49:43.819+0000] {taskinstance.py:3503} INFO - 1 downstream tasks scheduled from follow-on schedule check
[2024-08-07T10:49:43.833+0000] {local_task_job_runner.py:222} INFO - ::endgroup::
