[2024-08-08T06:07:21.675+0000] {local_task_job_runner.py:120} INFO - ::group::Pre task execution logs
[2024-08-08T06:07:21.695+0000] {taskinstance.py:2076} INFO - Dependencies all met for dep_context=non-requeueable deps ti=<TaskInstance: etl_2024-08-08.log_the_data scheduled__2024-05-16T00:00:00+00:00 [queued]>
[2024-08-08T06:07:21.702+0000] {taskinstance.py:2076} INFO - Dependencies all met for dep_context=requeueable deps ti=<TaskInstance: etl_2024-08-08.log_the_data scheduled__2024-05-16T00:00:00+00:00 [queued]>
[2024-08-08T06:07:21.702+0000] {taskinstance.py:2306} INFO - Starting attempt 1 of 2
[2024-08-08T06:07:21.734+0000] {taskinstance.py:2330} INFO - Executing <Task(BashOperator): log_the_data> on 2024-05-16 00:00:00+00:00
[2024-08-08T06:07:21.737+0000] {standard_task_runner.py:63} INFO - Started process 3442 to run task
[2024-08-08T06:07:21.741+0000] {standard_task_runner.py:90} INFO - Running: ['***', 'tasks', 'run', 'etl_2024-08-08', 'log_the_data', 'scheduled__2024-05-16T00:00:00+00:00', '--job-id', '1134', '--raw', '--subdir', 'DAGS_FOLDER/final_etl.py', '--cfg-path', '/tmp/tmpwp3nlawo']
[2024-08-08T06:07:21.744+0000] {standard_task_runner.py:91} INFO - Job 1134: Subtask log_the_data
[2024-08-08T06:07:21.812+0000] {task_command.py:426} INFO - Running <TaskInstance: etl_2024-08-08.log_the_data scheduled__2024-05-16T00:00:00+00:00 [running]> on host 05bc191a9412
[2024-08-08T06:07:21.914+0000] {taskinstance.py:2648} INFO - Exporting env vars: AIRFLOW_CTX_DAG_OWNER='***' AIRFLOW_CTX_DAG_ID='etl_2024-08-08' AIRFLOW_CTX_TASK_ID='log_the_data' AIRFLOW_CTX_EXECUTION_DATE='2024-05-16T00:00:00+00:00' AIRFLOW_CTX_TRY_NUMBER='1' AIRFLOW_CTX_DAG_RUN_ID='scheduled__2024-05-16T00:00:00+00:00'
[2024-08-08T06:07:21.914+0000] {taskinstance.py:430} INFO - ::endgroup::
[2024-08-08T06:07:21.923+0000] {subprocess.py:63} INFO - Tmp dir root location: /tmp
[2024-08-08T06:07:21.923+0000] {subprocess.py:75} INFO - Running command: ['/usr/bin/bash', '-c', 'python3 /opt/***/data/logging_config.py']
[2024-08-08T06:07:21.931+0000] {subprocess.py:86} INFO - Output:
[2024-08-08T06:07:22.065+0000] {subprocess.py:97} INFO - Command exited with return code 0
[2024-08-08T06:07:22.066+0000] {taskinstance.py:441} INFO - ::group::Post task execution logs
[2024-08-08T06:07:22.107+0000] {taskinstance.py:1206} INFO - Marking task as SUCCESS. dag_id=etl_2024-08-08, task_id=log_the_data, run_id=scheduled__2024-05-16T00:00:00+00:00, execution_date=20240516T000000, start_date=20240808T060721, end_date=20240808T060722
[2024-08-08T06:07:22.636+0000] {local_task_job_runner.py:240} INFO - Task exited with return code 0
[2024-08-08T06:07:22.661+0000] {taskinstance.py:3503} INFO - 1 downstream tasks scheduled from follow-on schedule check
[2024-08-08T06:07:23.149+0000] {local_task_job_runner.py:222} INFO - ::endgroup::
