[2024-08-07T11:11:41.774+0000] {local_task_job_runner.py:120} INFO - ::group::Pre task execution logs
[2024-08-07T11:11:41.792+0000] {taskinstance.py:2076} INFO - Dependencies all met for dep_context=non-requeueable deps ti=<TaskInstance: etl_2024-08-07.log_the_data scheduled__2024-08-01T00:00:00+00:00 [queued]>
[2024-08-07T11:11:41.797+0000] {taskinstance.py:2076} INFO - Dependencies all met for dep_context=requeueable deps ti=<TaskInstance: etl_2024-08-07.log_the_data scheduled__2024-08-01T00:00:00+00:00 [queued]>
[2024-08-07T11:11:41.797+0000] {taskinstance.py:2306} INFO - Starting attempt 1 of 2
[2024-08-07T11:11:41.833+0000] {taskinstance.py:2330} INFO - Executing <Task(BashOperator): log_the_data> on 2024-08-01 00:00:00+00:00
[2024-08-07T11:11:41.836+0000] {standard_task_runner.py:63} INFO - Started process 4959 to run task
[2024-08-07T11:11:41.838+0000] {standard_task_runner.py:90} INFO - Running: ['***', 'tasks', 'run', 'etl_2024-08-07', 'log_the_data', 'scheduled__2024-08-01T00:00:00+00:00', '--job-id', '895', '--raw', '--subdir', 'DAGS_FOLDER/final_etl.py', '--cfg-path', '/tmp/tmp5a533icj']
[2024-08-07T11:11:41.840+0000] {standard_task_runner.py:91} INFO - Job 895: Subtask log_the_data
[2024-08-07T11:11:41.906+0000] {task_command.py:426} INFO - Running <TaskInstance: etl_2024-08-07.log_the_data scheduled__2024-08-01T00:00:00+00:00 [running]> on host 8cffaad11d99
[2024-08-07T11:11:42.029+0000] {taskinstance.py:2648} INFO - Exporting env vars: AIRFLOW_CTX_DAG_OWNER='***' AIRFLOW_CTX_DAG_ID='etl_2024-08-07' AIRFLOW_CTX_TASK_ID='log_the_data' AIRFLOW_CTX_EXECUTION_DATE='2024-08-01T00:00:00+00:00' AIRFLOW_CTX_TRY_NUMBER='1' AIRFLOW_CTX_DAG_RUN_ID='scheduled__2024-08-01T00:00:00+00:00'
[2024-08-07T11:11:42.030+0000] {taskinstance.py:430} INFO - ::endgroup::
[2024-08-07T11:11:42.042+0000] {subprocess.py:63} INFO - Tmp dir root location: /tmp
[2024-08-07T11:11:42.043+0000] {subprocess.py:75} INFO - Running command: ['/usr/bin/bash', '-c', 'python3 /opt/***/data/logging_config.py']
[2024-08-07T11:11:42.052+0000] {subprocess.py:86} INFO - Output:
[2024-08-07T11:11:42.167+0000] {subprocess.py:97} INFO - Command exited with return code 0
[2024-08-07T11:11:42.167+0000] {taskinstance.py:441} INFO - ::group::Post task execution logs
[2024-08-07T11:11:42.212+0000] {taskinstance.py:1206} INFO - Marking task as SUCCESS. dag_id=etl_2024-08-07, task_id=log_the_data, run_id=scheduled__2024-08-01T00:00:00+00:00, execution_date=20240801T000000, start_date=20240807T111141, end_date=20240807T111142
[2024-08-07T11:11:42.253+0000] {local_task_job_runner.py:240} INFO - Task exited with return code 0
[2024-08-07T11:11:42.277+0000] {taskinstance.py:3503} INFO - 1 downstream tasks scheduled from follow-on schedule check
[2024-08-07T11:11:42.295+0000] {local_task_job_runner.py:222} INFO - ::endgroup::
