[2024-08-12T08:55:52.405+0000] {local_task_job_runner.py:120} INFO - ::group::Pre task execution logs
[2024-08-12T08:55:52.433+0000] {taskinstance.py:2076} INFO - Dependencies all met for dep_context=non-requeueable deps ti=<TaskInstance: etl_2024-08-12.fetch_the_api scheduled__2024-06-03T00:00:00+00:00 [queued]>
[2024-08-12T08:55:52.438+0000] {taskinstance.py:2076} INFO - Dependencies all met for dep_context=requeueable deps ti=<TaskInstance: etl_2024-08-12.fetch_the_api scheduled__2024-06-03T00:00:00+00:00 [queued]>
[2024-08-12T08:55:52.438+0000] {taskinstance.py:2306} INFO - Starting attempt 1 of 2
[2024-08-12T08:55:52.497+0000] {taskinstance.py:2330} INFO - Executing <Task(BashOperator): fetch_the_api> on 2024-06-03 00:00:00+00:00
[2024-08-12T08:55:52.501+0000] {standard_task_runner.py:63} INFO - Started process 4632 to run task
[2024-08-12T08:55:52.503+0000] {standard_task_runner.py:90} INFO - Running: ['***', 'tasks', 'run', 'etl_2024-08-12', 'fetch_the_api', 'scheduled__2024-06-03T00:00:00+00:00', '--job-id', '2719', '--raw', '--subdir', 'DAGS_FOLDER/final_etl.py', '--cfg-path', '/tmp/tmpr88a3m11']
[2024-08-12T08:55:52.504+0000] {standard_task_runner.py:91} INFO - Job 2719: Subtask fetch_the_api
[2024-08-12T08:55:52.579+0000] {task_command.py:426} INFO - Running <TaskInstance: etl_2024-08-12.fetch_the_api scheduled__2024-06-03T00:00:00+00:00 [running]> on host 88a939613e48
[2024-08-12T08:55:52.727+0000] {taskinstance.py:2648} INFO - Exporting env vars: AIRFLOW_CTX_DAG_OWNER='***' AIRFLOW_CTX_DAG_ID='etl_2024-08-12' AIRFLOW_CTX_TASK_ID='fetch_the_api' AIRFLOW_CTX_EXECUTION_DATE='2024-06-03T00:00:00+00:00' AIRFLOW_CTX_TRY_NUMBER='1' AIRFLOW_CTX_DAG_RUN_ID='scheduled__2024-06-03T00:00:00+00:00'
[2024-08-12T08:55:52.727+0000] {taskinstance.py:430} INFO - ::endgroup::
[2024-08-12T08:55:52.736+0000] {subprocess.py:63} INFO - Tmp dir root location: /tmp
[2024-08-12T08:55:52.736+0000] {subprocess.py:75} INFO - Running command: ['/usr/bin/bash', '-c', 'python3 /opt/***/data/config.py']
[2024-08-12T08:55:52.744+0000] {subprocess.py:86} INFO - Output:
[2024-08-12T08:55:52.831+0000] {subprocess.py:97} INFO - Command exited with return code 0
[2024-08-12T08:55:52.832+0000] {taskinstance.py:441} INFO - ::group::Post task execution logs
[2024-08-12T08:55:53.547+0000] {taskinstance.py:1206} INFO - Marking task as SUCCESS. dag_id=etl_2024-08-12, task_id=fetch_the_api, run_id=scheduled__2024-06-03T00:00:00+00:00, execution_date=20240603T000000, start_date=20240812T085552, end_date=20240812T085553
[2024-08-12T08:55:54.204+0000] {local_task_job_runner.py:240} INFO - Task exited with return code 0
[2024-08-12T08:55:54.222+0000] {taskinstance.py:3503} INFO - 1 downstream tasks scheduled from follow-on schedule check
[2024-08-12T08:55:54.268+0000] {local_task_job_runner.py:222} INFO - ::endgroup::
