[2024-08-12T06:07:02.018+0000] {local_task_job_runner.py:120} INFO - ::group::Pre task execution logs
[2024-08-12T06:07:02.037+0000] {taskinstance.py:2076} INFO - Dependencies all met for dep_context=non-requeueable deps ti=<TaskInstance: data_migrations2024-08-12.table_created scheduled__2024-06-20T00:00:00+00:00 [queued]>
[2024-08-12T06:07:02.041+0000] {taskinstance.py:2076} INFO - Dependencies all met for dep_context=requeueable deps ti=<TaskInstance: data_migrations2024-08-12.table_created scheduled__2024-06-20T00:00:00+00:00 [queued]>
[2024-08-12T06:07:02.041+0000] {taskinstance.py:2306} INFO - Starting attempt 1 of 2
[2024-08-12T06:07:05.228+0000] {taskinstance.py:2330} INFO - Executing <Task(BashOperator): table_created> on 2024-06-20 00:00:00+00:00
[2024-08-12T06:07:05.235+0000] {standard_task_runner.py:63} INFO - Started process 3072 to run task
[2024-08-12T06:07:05.240+0000] {standard_task_runner.py:90} INFO - Running: ['***', 'tasks', 'run', 'data_migrations2024-08-12', 'table_created', 'scheduled__2024-06-20T00:00:00+00:00', '--job-id', '2462', '--raw', '--subdir', 'DAGS_FOLDER/data_migrations.py', '--cfg-path', '/tmp/tmpway3hybs']
[2024-08-12T06:07:05.242+0000] {standard_task_runner.py:91} INFO - Job 2462: Subtask table_created
[2024-08-12T06:07:07.874+0000] {task_command.py:426} INFO - Running <TaskInstance: data_migrations2024-08-12.table_created scheduled__2024-06-20T00:00:00+00:00 [running]> on host 05bc191a9412
[2024-08-12T06:07:13.354+0000] {taskinstance.py:2648} INFO - Exporting env vars: AIRFLOW_CTX_DAG_OWNER='***' AIRFLOW_CTX_DAG_ID='data_migrations2024-08-12' AIRFLOW_CTX_TASK_ID='table_created' AIRFLOW_CTX_EXECUTION_DATE='2024-06-20T00:00:00+00:00' AIRFLOW_CTX_TRY_NUMBER='1' AIRFLOW_CTX_DAG_RUN_ID='scheduled__2024-06-20T00:00:00+00:00'
[2024-08-12T06:07:13.995+0000] {taskinstance.py:430} INFO - ::endgroup::
[2024-08-12T06:07:14.019+0000] {subprocess.py:63} INFO - Tmp dir root location: /tmp
[2024-08-12T06:07:14.019+0000] {subprocess.py:75} INFO - Running command: ['/usr/bin/bash', '-c', 'python3 /opt/***/data/database.py']
[2024-08-12T06:07:14.026+0000] {subprocess.py:86} INFO - Output:
[2024-08-12T06:07:14.300+0000] {subprocess.py:93} INFO - Database tables created successfully.
[2024-08-12T06:07:14.315+0000] {subprocess.py:97} INFO - Command exited with return code 0
[2024-08-12T06:07:14.316+0000] {taskinstance.py:441} INFO - ::group::Post task execution logs
[2024-08-12T06:07:16.705+0000] {taskinstance.py:1206} INFO - Marking task as SUCCESS. dag_id=data_migrations2024-08-12, task_id=table_created, run_id=scheduled__2024-06-20T00:00:00+00:00, execution_date=20240620T000000, start_date=20240812T060702, end_date=20240812T060716
[2024-08-12T06:07:17.752+0000] {local_task_job_runner.py:240} INFO - Task exited with return code 0
[2024-08-12T06:07:17.772+0000] {local_task_job_runner.py:222} INFO - ::endgroup::
