[2024-08-12T06:05:51.266+0000] {local_task_job_runner.py:120} INFO - ::group::Pre task execution logs
[2024-08-12T06:05:51.288+0000] {taskinstance.py:2076} INFO - Dependencies all met for dep_context=non-requeueable deps ti=<TaskInstance: data_migrations2024-08-12.table_created manual__2024-08-12T06:05:16.108875+00:00 [queued]>
[2024-08-12T06:05:51.294+0000] {taskinstance.py:2076} INFO - Dependencies all met for dep_context=requeueable deps ti=<TaskInstance: data_migrations2024-08-12.table_created manual__2024-08-12T06:05:16.108875+00:00 [queued]>
[2024-08-12T06:05:51.295+0000] {taskinstance.py:2306} INFO - Starting attempt 1 of 2
[2024-08-12T06:05:55.710+0000] {taskinstance.py:2330} INFO - Executing <Task(BashOperator): table_created> on 2024-08-12 06:05:16.108875+00:00
[2024-08-12T06:05:55.721+0000] {standard_task_runner.py:63} INFO - Started process 3002 to run task
[2024-08-12T06:05:55.729+0000] {standard_task_runner.py:90} INFO - Running: ['***', 'tasks', 'run', 'data_migrations2024-08-12', 'table_created', 'manual__2024-08-12T06:05:16.108875+00:00', '--job-id', '2450', '--raw', '--subdir', 'DAGS_FOLDER/data_migrations.py', '--cfg-path', '/tmp/tmpp8489opp']
[2024-08-12T06:05:55.734+0000] {standard_task_runner.py:91} INFO - Job 2450: Subtask table_created
[2024-08-12T06:05:57.243+0000] {task_command.py:426} INFO - Running <TaskInstance: data_migrations2024-08-12.table_created manual__2024-08-12T06:05:16.108875+00:00 [running]> on host 05bc191a9412
[2024-08-12T06:06:02.577+0000] {taskinstance.py:2648} INFO - Exporting env vars: AIRFLOW_CTX_DAG_OWNER='***' AIRFLOW_CTX_DAG_ID='data_migrations2024-08-12' AIRFLOW_CTX_TASK_ID='table_created' AIRFLOW_CTX_EXECUTION_DATE='2024-08-12T06:05:16.108875+00:00' AIRFLOW_CTX_TRY_NUMBER='1' AIRFLOW_CTX_DAG_RUN_ID='manual__2024-08-12T06:05:16.108875+00:00'
[2024-08-12T06:06:02.578+0000] {taskinstance.py:430} INFO - ::endgroup::
[2024-08-12T06:06:02.595+0000] {subprocess.py:63} INFO - Tmp dir root location: /tmp
[2024-08-12T06:06:02.596+0000] {subprocess.py:75} INFO - Running command: ['/usr/bin/bash', '-c', 'python3 /opt/***/data/database.py']
[2024-08-12T06:06:02.609+0000] {subprocess.py:86} INFO - Output:
[2024-08-12T06:06:02.894+0000] {subprocess.py:93} INFO - Database tables created successfully.
[2024-08-12T06:06:03.166+0000] {subprocess.py:97} INFO - Command exited with return code 0
[2024-08-12T06:06:03.168+0000] {taskinstance.py:441} INFO - ::group::Post task execution logs
[2024-08-12T06:06:04.515+0000] {taskinstance.py:1206} INFO - Marking task as SUCCESS. dag_id=data_migrations2024-08-12, task_id=table_created, run_id=manual__2024-08-12T06:05:16.108875+00:00, execution_date=20240812T060516, start_date=20240812T060551, end_date=20240812T060604
[2024-08-12T06:06:06.204+0000] {local_task_job_runner.py:240} INFO - Task exited with return code 0
[2024-08-12T06:06:06.211+0000] {local_task_job_runner.py:222} INFO - ::endgroup::
