[2024-08-07T10:49:00.359+0000] {local_task_job_runner.py:120} INFO - ::group::Pre task execution logs
[2024-08-07T10:49:00.385+0000] {taskinstance.py:2076} INFO - Dependencies all met for dep_context=non-requeueable deps ti=<TaskInstance: etl_2024-08-07.decrypt_the_data scheduled__2024-05-27T00:00:00+00:00 [queued]>
[2024-08-07T10:49:00.390+0000] {taskinstance.py:2076} INFO - Dependencies all met for dep_context=requeueable deps ti=<TaskInstance: etl_2024-08-07.decrypt_the_data scheduled__2024-05-27T00:00:00+00:00 [queued]>
[2024-08-07T10:49:00.390+0000] {taskinstance.py:2306} INFO - Starting attempt 1 of 2
[2024-08-07T10:49:00.412+0000] {taskinstance.py:2330} INFO - Executing <Task(BashOperator): decrypt_the_data> on 2024-05-27 00:00:00+00:00
[2024-08-07T10:49:00.419+0000] {standard_task_runner.py:63} INFO - Started process 2315 to run task
[2024-08-07T10:49:00.423+0000] {standard_task_runner.py:90} INFO - Running: ['***', 'tasks', 'run', 'etl_2024-08-07', 'decrypt_the_data', 'scheduled__2024-05-27T00:00:00+00:00', '--job-id', '258', '--raw', '--subdir', 'DAGS_FOLDER/final_etl.py', '--cfg-path', '/tmp/tmpqwvxczky']
[2024-08-07T10:49:00.426+0000] {standard_task_runner.py:91} INFO - Job 258: Subtask decrypt_the_data
[2024-08-07T10:49:00.485+0000] {task_command.py:426} INFO - Running <TaskInstance: etl_2024-08-07.decrypt_the_data scheduled__2024-05-27T00:00:00+00:00 [running]> on host 8cffaad11d99
[2024-08-07T10:49:00.584+0000] {taskinstance.py:2648} INFO - Exporting env vars: AIRFLOW_CTX_DAG_OWNER='***' AIRFLOW_CTX_DAG_ID='etl_2024-08-07' AIRFLOW_CTX_TASK_ID='decrypt_the_data' AIRFLOW_CTX_EXECUTION_DATE='2024-05-27T00:00:00+00:00' AIRFLOW_CTX_TRY_NUMBER='1' AIRFLOW_CTX_DAG_RUN_ID='scheduled__2024-05-27T00:00:00+00:00'
[2024-08-07T10:49:00.585+0000] {taskinstance.py:430} INFO - ::endgroup::
[2024-08-07T10:49:00.594+0000] {subprocess.py:63} INFO - Tmp dir root location: /tmp
[2024-08-07T10:49:00.594+0000] {subprocess.py:75} INFO - Running command: ['/usr/bin/bash', '-c', 'python3 /opt/***/data/decryption_utils.py']
[2024-08-07T10:49:00.600+0000] {subprocess.py:86} INFO - Output:
[2024-08-07T10:49:00.689+0000] {subprocess.py:97} INFO - Command exited with return code 0
[2024-08-07T10:49:00.689+0000] {taskinstance.py:441} INFO - ::group::Post task execution logs
[2024-08-07T10:49:00.722+0000] {taskinstance.py:1206} INFO - Marking task as SUCCESS. dag_id=etl_2024-08-07, task_id=decrypt_the_data, run_id=scheduled__2024-05-27T00:00:00+00:00, execution_date=20240527T000000, start_date=20240807T104900, end_date=20240807T104900
[2024-08-07T10:49:01.078+0000] {local_task_job_runner.py:240} INFO - Task exited with return code 0
[2024-08-07T10:49:01.107+0000] {taskinstance.py:3503} INFO - 1 downstream tasks scheduled from follow-on schedule check
[2024-08-07T10:49:01.757+0000] {local_task_job_runner.py:222} INFO - ::endgroup::
[2024-08-07T10:55:12.286+0000] {local_task_job_runner.py:120} INFO - ::group::Pre task execution logs
[2024-08-07T10:55:12.314+0000] {taskinstance.py:2076} INFO - Dependencies all met for dep_context=non-requeueable deps ti=<TaskInstance: etl_2024-08-07.decrypt_the_data scheduled__2024-05-27T00:00:00+00:00 [queued]>
[2024-08-07T10:55:12.319+0000] {taskinstance.py:2076} INFO - Dependencies all met for dep_context=requeueable deps ti=<TaskInstance: etl_2024-08-07.decrypt_the_data scheduled__2024-05-27T00:00:00+00:00 [queued]>
[2024-08-07T10:55:12.319+0000] {taskinstance.py:2306} INFO - Starting attempt 1 of 2
[2024-08-07T10:55:12.763+0000] {taskinstance.py:2330} INFO - Executing <Task(BashOperator): decrypt_the_data> on 2024-05-27 00:00:00+00:00
[2024-08-07T10:55:12.774+0000] {standard_task_runner.py:63} INFO - Started process 3124 to run task
[2024-08-07T10:55:12.776+0000] {standard_task_runner.py:90} INFO - Running: ['***', 'tasks', 'run', 'etl_2024-08-07', 'decrypt_the_data', 'scheduled__2024-05-27T00:00:00+00:00', '--job-id', '475', '--raw', '--subdir', 'DAGS_FOLDER/final_etl.py', '--cfg-path', '/tmp/tmp30be4sl2']
[2024-08-07T10:55:12.778+0000] {standard_task_runner.py:91} INFO - Job 475: Subtask decrypt_the_data
[2024-08-07T10:55:12.857+0000] {task_command.py:426} INFO - Running <TaskInstance: etl_2024-08-07.decrypt_the_data scheduled__2024-05-27T00:00:00+00:00 [running]> on host 8cffaad11d99
[2024-08-07T10:55:13.017+0000] {taskinstance.py:2648} INFO - Exporting env vars: AIRFLOW_CTX_DAG_OWNER='***' AIRFLOW_CTX_DAG_ID='etl_2024-08-07' AIRFLOW_CTX_TASK_ID='decrypt_the_data' AIRFLOW_CTX_EXECUTION_DATE='2024-05-27T00:00:00+00:00' AIRFLOW_CTX_TRY_NUMBER='1' AIRFLOW_CTX_DAG_RUN_ID='scheduled__2024-05-27T00:00:00+00:00'
[2024-08-07T10:55:13.017+0000] {taskinstance.py:430} INFO - ::endgroup::
[2024-08-07T10:55:13.025+0000] {subprocess.py:63} INFO - Tmp dir root location: /tmp
[2024-08-07T10:55:13.026+0000] {subprocess.py:75} INFO - Running command: ['/usr/bin/bash', '-c', 'python3 /opt/***/data/decryption_utils.py']
[2024-08-07T10:55:13.034+0000] {subprocess.py:86} INFO - Output:
[2024-08-07T10:55:13.164+0000] {subprocess.py:97} INFO - Command exited with return code 0
[2024-08-07T10:55:13.164+0000] {taskinstance.py:441} INFO - ::group::Post task execution logs
[2024-08-07T10:55:13.219+0000] {taskinstance.py:1206} INFO - Marking task as SUCCESS. dag_id=etl_2024-08-07, task_id=decrypt_the_data, run_id=scheduled__2024-05-27T00:00:00+00:00, execution_date=20240527T000000, start_date=20240807T105512, end_date=20240807T105513
[2024-08-07T10:55:13.310+0000] {local_task_job_runner.py:240} INFO - Task exited with return code 0
[2024-08-07T10:55:13.331+0000] {taskinstance.py:3503} INFO - 1 downstream tasks scheduled from follow-on schedule check
[2024-08-07T10:55:13.360+0000] {local_task_job_runner.py:222} INFO - ::endgroup::
