[2024-08-12T05:59:05.991+0000] {local_task_job_runner.py:120} INFO - ::group::Pre task execution logs
[2024-08-12T05:59:06.008+0000] {taskinstance.py:2076} INFO - Dependencies all met for dep_context=non-requeueable deps ti=<TaskInstance: data_migrations2024-08-12.fetch_the_api scheduled__2024-06-04T00:00:00+00:00 [queued]>
[2024-08-12T05:59:06.011+0000] {taskinstance.py:2076} INFO - Dependencies all met for dep_context=requeueable deps ti=<TaskInstance: data_migrations2024-08-12.fetch_the_api scheduled__2024-06-04T00:00:00+00:00 [queued]>
[2024-08-12T05:59:06.012+0000] {taskinstance.py:2306} INFO - Starting attempt 1 of 2
[2024-08-12T05:59:06.966+0000] {taskinstance.py:2330} INFO - Executing <Task(BashOperator): fetch_the_api> on 2024-06-04 00:00:00+00:00
[2024-08-12T05:59:06.969+0000] {standard_task_runner.py:63} INFO - Started process 2699 to run task
[2024-08-12T05:59:06.971+0000] {standard_task_runner.py:90} INFO - Running: ['***', 'tasks', 'run', 'data_migrations2024-08-12', 'fetch_the_api', 'scheduled__2024-06-04T00:00:00+00:00', '--job-id', '2417', '--raw', '--subdir', 'DAGS_FOLDER/data_migrations.py', '--cfg-path', '/tmp/tmpj9w84qzx']
[2024-08-12T05:59:06.972+0000] {standard_task_runner.py:91} INFO - Job 2417: Subtask fetch_the_api
[2024-08-12T05:59:07.949+0000] {task_command.py:426} INFO - Running <TaskInstance: data_migrations2024-08-12.fetch_the_api scheduled__2024-06-04T00:00:00+00:00 [running]> on host 05bc191a9412
[2024-08-12T05:59:09.580+0000] {taskinstance.py:2648} INFO - Exporting env vars: AIRFLOW_CTX_DAG_OWNER='***' AIRFLOW_CTX_DAG_ID='data_migrations2024-08-12' AIRFLOW_CTX_TASK_ID='fetch_the_api' AIRFLOW_CTX_EXECUTION_DATE='2024-06-04T00:00:00+00:00' AIRFLOW_CTX_TRY_NUMBER='1' AIRFLOW_CTX_DAG_RUN_ID='scheduled__2024-06-04T00:00:00+00:00'
[2024-08-12T05:59:09.582+0000] {taskinstance.py:430} INFO - ::endgroup::
[2024-08-12T05:59:09.598+0000] {subprocess.py:63} INFO - Tmp dir root location: /tmp
[2024-08-12T05:59:09.598+0000] {subprocess.py:75} INFO - Running command: ['/usr/bin/bash', '-c', 'python3 /opt/***/data/etl_m12_local_db.py']
[2024-08-12T05:59:09.604+0000] {subprocess.py:86} INFO - Output:
[2024-08-12T05:59:09.964+0000] {subprocess.py:93} INFO - Database tables created successfully.
[2024-08-12T05:59:09.985+0000] {subprocess.py:97} INFO - Command exited with return code 1
[2024-08-12T05:59:09.986+0000] {taskinstance.py:441} INFO - ::group::Post task execution logs
[2024-08-12T05:59:09.992+0000] {taskinstance.py:2905} ERROR - Task failed with exception
Traceback (most recent call last):
  File "/home/airflow/.local/lib/python3.9/site-packages/airflow/models/taskinstance.py", line 465, in _execute_task
    result = _execute_callable(context=context, **execute_callable_kwargs)
  File "/home/airflow/.local/lib/python3.9/site-packages/airflow/models/taskinstance.py", line 432, in _execute_callable
    return execute_callable(context=context, **execute_callable_kwargs)
  File "/home/airflow/.local/lib/python3.9/site-packages/airflow/models/baseoperator.py", line 401, in wrapper
    return func(self, *args, **kwargs)
  File "/home/airflow/.local/lib/python3.9/site-packages/airflow/operators/bash.py", line 243, in execute
    raise AirflowException(
airflow.exceptions.AirflowException: Bash command failed. The command returned a non-zero exit code 1.
[2024-08-12T05:59:09.994+0000] {taskinstance.py:1206} INFO - Marking task as UP_FOR_RETRY. dag_id=data_migrations2024-08-12, task_id=fetch_the_api, run_id=scheduled__2024-06-04T00:00:00+00:00, execution_date=20240604T000000, start_date=20240812T055906, end_date=20240812T055909
[2024-08-12T05:59:11.080+0000] {standard_task_runner.py:110} ERROR - Failed to execute job 2417 for task fetch_the_api (Bash command failed. The command returned a non-zero exit code 1.; 2699)
[2024-08-12T05:59:11.129+0000] {local_task_job_runner.py:240} INFO - Task exited with return code 1
[2024-08-12T05:59:11.164+0000] {taskinstance.py:3503} INFO - 0 downstream tasks scheduled from follow-on schedule check
[2024-08-12T05:59:13.386+0000] {local_task_job_runner.py:222} INFO - ::endgroup::
