[2024-08-07T10:43:42.845+0000] {local_task_job_runner.py:120} INFO - ::group::Pre task execution logs
[2024-08-07T10:43:42.875+0000] {taskinstance.py:2076} INFO - Dependencies all met for dep_context=non-requeueable deps ti=<TaskInstance: etl_2024-08-07.decrypt_the_data scheduled__2024-05-17T00:00:00+00:00 [queued]>
[2024-08-07T10:43:42.880+0000] {taskinstance.py:2076} INFO - Dependencies all met for dep_context=requeueable deps ti=<TaskInstance: etl_2024-08-07.decrypt_the_data scheduled__2024-05-17T00:00:00+00:00 [queued]>
[2024-08-07T10:43:42.880+0000] {taskinstance.py:2306} INFO - Starting attempt 1 of 2
[2024-08-07T10:43:42.944+0000] {taskinstance.py:2330} INFO - Executing <Task(BashOperator): decrypt_the_data> on 2024-05-17 00:00:00+00:00
[2024-08-07T10:43:42.952+0000] {standard_task_runner.py:63} INFO - Started process 1923 to run task
[2024-08-07T10:43:42.962+0000] {standard_task_runner.py:90} INFO - Running: ['***', 'tasks', 'run', 'etl_2024-08-07', 'decrypt_the_data', 'scheduled__2024-05-17T00:00:00+00:00', '--job-id', '172', '--raw', '--subdir', 'DAGS_FOLDER/final_etl.py', '--cfg-path', '/tmp/tmpjhgdd__u']
[2024-08-07T10:43:42.964+0000] {standard_task_runner.py:91} INFO - Job 172: Subtask decrypt_the_data
[2024-08-07T10:43:43.032+0000] {task_command.py:426} INFO - Running <TaskInstance: etl_2024-08-07.decrypt_the_data scheduled__2024-05-17T00:00:00+00:00 [running]> on host 8cffaad11d99
[2024-08-07T10:43:43.941+0000] {taskinstance.py:2648} INFO - Exporting env vars: AIRFLOW_CTX_DAG_OWNER='***' AIRFLOW_CTX_DAG_ID='etl_2024-08-07' AIRFLOW_CTX_TASK_ID='decrypt_the_data' AIRFLOW_CTX_EXECUTION_DATE='2024-05-17T00:00:00+00:00' AIRFLOW_CTX_TRY_NUMBER='1' AIRFLOW_CTX_DAG_RUN_ID='scheduled__2024-05-17T00:00:00+00:00'
[2024-08-07T10:43:43.942+0000] {taskinstance.py:430} INFO - ::endgroup::
[2024-08-07T10:43:43.965+0000] {subprocess.py:63} INFO - Tmp dir root location: /tmp
[2024-08-07T10:43:43.966+0000] {subprocess.py:75} INFO - Running command: ['/usr/bin/bash', '-c', 'python3 /opt/***/data/decryption_utils.py']
[2024-08-07T10:43:43.977+0000] {subprocess.py:86} INFO - Output:
[2024-08-07T10:43:44.065+0000] {subprocess.py:97} INFO - Command exited with return code 0
[2024-08-07T10:43:44.066+0000] {taskinstance.py:441} INFO - ::group::Post task execution logs
[2024-08-07T10:43:44.126+0000] {taskinstance.py:1206} INFO - Marking task as SUCCESS. dag_id=etl_2024-08-07, task_id=decrypt_the_data, run_id=scheduled__2024-05-17T00:00:00+00:00, execution_date=20240517T000000, start_date=20240807T104342, end_date=20240807T104344
[2024-08-07T10:43:44.173+0000] {local_task_job_runner.py:240} INFO - Task exited with return code 0
[2024-08-07T10:43:44.190+0000] {taskinstance.py:3503} INFO - 1 downstream tasks scheduled from follow-on schedule check
[2024-08-07T10:43:44.226+0000] {local_task_job_runner.py:222} INFO - ::endgroup::
[2024-08-07T10:49:50.798+0000] {local_task_job_runner.py:120} INFO - ::group::Pre task execution logs
[2024-08-07T10:49:50.828+0000] {taskinstance.py:2076} INFO - Dependencies all met for dep_context=non-requeueable deps ti=<TaskInstance: etl_2024-08-07.decrypt_the_data scheduled__2024-05-17T00:00:00+00:00 [queued]>
[2024-08-07T10:49:50.833+0000] {taskinstance.py:2076} INFO - Dependencies all met for dep_context=requeueable deps ti=<TaskInstance: etl_2024-08-07.decrypt_the_data scheduled__2024-05-17T00:00:00+00:00 [queued]>
[2024-08-07T10:49:50.833+0000] {taskinstance.py:2306} INFO - Starting attempt 1 of 2
[2024-08-07T10:49:50.880+0000] {taskinstance.py:2330} INFO - Executing <Task(BashOperator): decrypt_the_data> on 2024-05-17 00:00:00+00:00
[2024-08-07T10:49:50.884+0000] {standard_task_runner.py:63} INFO - Started process 2694 to run task
[2024-08-07T10:49:50.886+0000] {standard_task_runner.py:90} INFO - Running: ['***', 'tasks', 'run', 'etl_2024-08-07', 'decrypt_the_data', 'scheduled__2024-05-17T00:00:00+00:00', '--job-id', '378', '--raw', '--subdir', 'DAGS_FOLDER/final_etl.py', '--cfg-path', '/tmp/tmpd8wyurph']
[2024-08-07T10:49:50.888+0000] {standard_task_runner.py:91} INFO - Job 378: Subtask decrypt_the_data
[2024-08-07T10:49:50.954+0000] {task_command.py:426} INFO - Running <TaskInstance: etl_2024-08-07.decrypt_the_data scheduled__2024-05-17T00:00:00+00:00 [running]> on host 8cffaad11d99
[2024-08-07T10:49:51.080+0000] {taskinstance.py:2648} INFO - Exporting env vars: AIRFLOW_CTX_DAG_OWNER='***' AIRFLOW_CTX_DAG_ID='etl_2024-08-07' AIRFLOW_CTX_TASK_ID='decrypt_the_data' AIRFLOW_CTX_EXECUTION_DATE='2024-05-17T00:00:00+00:00' AIRFLOW_CTX_TRY_NUMBER='1' AIRFLOW_CTX_DAG_RUN_ID='scheduled__2024-05-17T00:00:00+00:00'
[2024-08-07T10:49:51.082+0000] {taskinstance.py:430} INFO - ::endgroup::
[2024-08-07T10:49:51.092+0000] {subprocess.py:63} INFO - Tmp dir root location: /tmp
[2024-08-07T10:49:51.092+0000] {subprocess.py:75} INFO - Running command: ['/usr/bin/bash', '-c', 'python3 /opt/***/data/decryption_utils.py']
[2024-08-07T10:49:51.101+0000] {subprocess.py:86} INFO - Output:
[2024-08-07T10:49:51.196+0000] {subprocess.py:97} INFO - Command exited with return code 0
[2024-08-07T10:49:51.196+0000] {taskinstance.py:441} INFO - ::group::Post task execution logs
[2024-08-07T10:49:51.248+0000] {taskinstance.py:1206} INFO - Marking task as SUCCESS. dag_id=etl_2024-08-07, task_id=decrypt_the_data, run_id=scheduled__2024-05-17T00:00:00+00:00, execution_date=20240517T000000, start_date=20240807T104950, end_date=20240807T104951
[2024-08-07T10:49:51.299+0000] {local_task_job_runner.py:240} INFO - Task exited with return code 0
[2024-08-07T10:49:51.325+0000] {taskinstance.py:3503} INFO - 1 downstream tasks scheduled from follow-on schedule check
[2024-08-07T10:49:51.377+0000] {local_task_job_runner.py:222} INFO - ::endgroup::
