[2024-08-07T10:48:55.629+0000] {local_task_job_runner.py:120} INFO - ::group::Pre task execution logs
[2024-08-07T10:48:55.647+0000] {taskinstance.py:2076} INFO - Dependencies all met for dep_context=non-requeueable deps ti=<TaskInstance: etl_2024-08-07.fetch_the_api scheduled__2024-05-24T00:00:00+00:00 [queued]>
[2024-08-07T10:48:55.652+0000] {taskinstance.py:2076} INFO - Dependencies all met for dep_context=requeueable deps ti=<TaskInstance: etl_2024-08-07.fetch_the_api scheduled__2024-05-24T00:00:00+00:00 [queued]>
[2024-08-07T10:48:55.652+0000] {taskinstance.py:2306} INFO - Starting attempt 1 of 2
[2024-08-07T10:48:55.675+0000] {taskinstance.py:2330} INFO - Executing <Task(BashOperator): fetch_the_api> on 2024-05-24 00:00:00+00:00
[2024-08-07T10:48:55.677+0000] {standard_task_runner.py:63} INFO - Started process 2200 to run task
[2024-08-07T10:48:55.679+0000] {standard_task_runner.py:90} INFO - Running: ['***', 'tasks', 'run', 'etl_2024-08-07', 'fetch_the_api', 'scheduled__2024-05-24T00:00:00+00:00', '--job-id', '218', '--raw', '--subdir', 'DAGS_FOLDER/final_etl.py', '--cfg-path', '/tmp/tmponbv0swq']
[2024-08-07T10:48:55.680+0000] {standard_task_runner.py:91} INFO - Job 218: Subtask fetch_the_api
[2024-08-07T10:48:55.734+0000] {task_command.py:426} INFO - Running <TaskInstance: etl_2024-08-07.fetch_the_api scheduled__2024-05-24T00:00:00+00:00 [running]> on host 8cffaad11d99
[2024-08-07T10:48:56.005+0000] {taskinstance.py:2648} INFO - Exporting env vars: AIRFLOW_CTX_DAG_OWNER='***' AIRFLOW_CTX_DAG_ID='etl_2024-08-07' AIRFLOW_CTX_TASK_ID='fetch_the_api' AIRFLOW_CTX_EXECUTION_DATE='2024-05-24T00:00:00+00:00' AIRFLOW_CTX_TRY_NUMBER='1' AIRFLOW_CTX_DAG_RUN_ID='scheduled__2024-05-24T00:00:00+00:00'
[2024-08-07T10:48:56.006+0000] {taskinstance.py:430} INFO - ::endgroup::
[2024-08-07T10:48:56.014+0000] {subprocess.py:63} INFO - Tmp dir root location: /tmp
[2024-08-07T10:48:56.014+0000] {subprocess.py:75} INFO - Running command: ['/usr/bin/bash', '-c', 'python3 /opt/***/data/config.py']
[2024-08-07T10:48:56.019+0000] {subprocess.py:86} INFO - Output:
[2024-08-07T10:48:56.080+0000] {subprocess.py:97} INFO - Command exited with return code 0
[2024-08-07T10:48:56.080+0000] {taskinstance.py:441} INFO - ::group::Post task execution logs
[2024-08-07T10:48:56.109+0000] {taskinstance.py:1206} INFO - Marking task as SUCCESS. dag_id=etl_2024-08-07, task_id=fetch_the_api, run_id=scheduled__2024-05-24T00:00:00+00:00, execution_date=20240524T000000, start_date=20240807T104855, end_date=20240807T104856
[2024-08-07T10:48:56.172+0000] {local_task_job_runner.py:240} INFO - Task exited with return code 0
[2024-08-07T10:48:56.178+0000] {local_task_job_runner.py:222} INFO - ::endgroup::
[2024-08-07T10:55:08.075+0000] {local_task_job_runner.py:120} INFO - ::group::Pre task execution logs
[2024-08-07T10:55:08.094+0000] {taskinstance.py:2076} INFO - Dependencies all met for dep_context=non-requeueable deps ti=<TaskInstance: etl_2024-08-07.fetch_the_api scheduled__2024-05-24T00:00:00+00:00 [queued]>
[2024-08-07T10:55:08.098+0000] {taskinstance.py:2076} INFO - Dependencies all met for dep_context=requeueable deps ti=<TaskInstance: etl_2024-08-07.fetch_the_api scheduled__2024-05-24T00:00:00+00:00 [queued]>
[2024-08-07T10:55:08.098+0000] {taskinstance.py:2306} INFO - Starting attempt 1 of 2
[2024-08-07T10:55:08.132+0000] {taskinstance.py:2330} INFO - Executing <Task(BashOperator): fetch_the_api> on 2024-05-24 00:00:00+00:00
[2024-08-07T10:55:08.140+0000] {standard_task_runner.py:63} INFO - Started process 2995 to run task
[2024-08-07T10:55:08.142+0000] {standard_task_runner.py:90} INFO - Running: ['***', 'tasks', 'run', 'etl_2024-08-07', 'fetch_the_api', 'scheduled__2024-05-24T00:00:00+00:00', '--job-id', '433', '--raw', '--subdir', 'DAGS_FOLDER/final_etl.py', '--cfg-path', '/tmp/tmpjcnxnm_r']
[2024-08-07T10:55:08.144+0000] {standard_task_runner.py:91} INFO - Job 433: Subtask fetch_the_api
[2024-08-07T10:55:08.190+0000] {task_command.py:426} INFO - Running <TaskInstance: etl_2024-08-07.fetch_the_api scheduled__2024-05-24T00:00:00+00:00 [running]> on host 8cffaad11d99
[2024-08-07T10:55:08.304+0000] {taskinstance.py:2648} INFO - Exporting env vars: AIRFLOW_CTX_DAG_OWNER='***' AIRFLOW_CTX_DAG_ID='etl_2024-08-07' AIRFLOW_CTX_TASK_ID='fetch_the_api' AIRFLOW_CTX_EXECUTION_DATE='2024-05-24T00:00:00+00:00' AIRFLOW_CTX_TRY_NUMBER='1' AIRFLOW_CTX_DAG_RUN_ID='scheduled__2024-05-24T00:00:00+00:00'
[2024-08-07T10:55:08.304+0000] {taskinstance.py:430} INFO - ::endgroup::
[2024-08-07T10:55:08.311+0000] {subprocess.py:63} INFO - Tmp dir root location: /tmp
[2024-08-07T10:55:08.311+0000] {subprocess.py:75} INFO - Running command: ['/usr/bin/bash', '-c', 'python3 /opt/***/data/config.py']
[2024-08-07T10:55:08.316+0000] {subprocess.py:86} INFO - Output:
[2024-08-07T10:55:08.375+0000] {subprocess.py:97} INFO - Command exited with return code 0
[2024-08-07T10:55:08.376+0000] {taskinstance.py:441} INFO - ::group::Post task execution logs
[2024-08-07T10:55:08.417+0000] {taskinstance.py:1206} INFO - Marking task as SUCCESS. dag_id=etl_2024-08-07, task_id=fetch_the_api, run_id=scheduled__2024-05-24T00:00:00+00:00, execution_date=20240524T000000, start_date=20240807T105508, end_date=20240807T105508
[2024-08-07T10:55:08.476+0000] {local_task_job_runner.py:240} INFO - Task exited with return code 0
[2024-08-07T10:55:08.484+0000] {local_task_job_runner.py:222} INFO - ::endgroup::
