[2024-08-07T10:43:39.462+0000] {local_task_job_runner.py:120} INFO - ::group::Pre task execution logs
[2024-08-07T10:43:39.486+0000] {taskinstance.py:2076} INFO - Dependencies all met for dep_context=non-requeueable deps ti=<TaskInstance: etl_2024-08-07.decrypt_the_data scheduled__2024-05-12T00:00:00+00:00 [queued]>
[2024-08-07T10:43:39.491+0000] {taskinstance.py:2076} INFO - Dependencies all met for dep_context=requeueable deps ti=<TaskInstance: etl_2024-08-07.decrypt_the_data scheduled__2024-05-12T00:00:00+00:00 [queued]>
[2024-08-07T10:43:39.491+0000] {taskinstance.py:2306} INFO - Starting attempt 1 of 2
[2024-08-07T10:43:39.513+0000] {taskinstance.py:2330} INFO - Executing <Task(BashOperator): decrypt_the_data> on 2024-05-12 00:00:00+00:00
[2024-08-07T10:43:39.518+0000] {standard_task_runner.py:63} INFO - Started process 1839 to run task
[2024-08-07T10:43:39.521+0000] {standard_task_runner.py:90} INFO - Running: ['***', 'tasks', 'run', 'etl_2024-08-07', 'decrypt_the_data', 'scheduled__2024-05-12T00:00:00+00:00', '--job-id', '142', '--raw', '--subdir', 'DAGS_FOLDER/final_etl.py', '--cfg-path', '/tmp/tmpa9w792f3']
[2024-08-07T10:43:39.523+0000] {standard_task_runner.py:91} INFO - Job 142: Subtask decrypt_the_data
[2024-08-07T10:43:39.616+0000] {task_command.py:426} INFO - Running <TaskInstance: etl_2024-08-07.decrypt_the_data scheduled__2024-05-12T00:00:00+00:00 [running]> on host 8cffaad11d99
[2024-08-07T10:43:39.721+0000] {taskinstance.py:2648} INFO - Exporting env vars: AIRFLOW_CTX_DAG_OWNER='***' AIRFLOW_CTX_DAG_ID='etl_2024-08-07' AIRFLOW_CTX_TASK_ID='decrypt_the_data' AIRFLOW_CTX_EXECUTION_DATE='2024-05-12T00:00:00+00:00' AIRFLOW_CTX_TRY_NUMBER='1' AIRFLOW_CTX_DAG_RUN_ID='scheduled__2024-05-12T00:00:00+00:00'
[2024-08-07T10:43:39.722+0000] {taskinstance.py:430} INFO - ::endgroup::
[2024-08-07T10:43:39.729+0000] {subprocess.py:63} INFO - Tmp dir root location: /tmp
[2024-08-07T10:43:39.730+0000] {subprocess.py:75} INFO - Running command: ['/usr/bin/bash', '-c', 'python3 /opt/***/data/decryption_utils.py']
[2024-08-07T10:43:39.739+0000] {subprocess.py:86} INFO - Output:
[2024-08-07T10:43:39.845+0000] {subprocess.py:97} INFO - Command exited with return code 0
[2024-08-07T10:43:39.846+0000] {taskinstance.py:441} INFO - ::group::Post task execution logs
[2024-08-07T10:43:39.890+0000] {taskinstance.py:1206} INFO - Marking task as SUCCESS. dag_id=etl_2024-08-07, task_id=decrypt_the_data, run_id=scheduled__2024-05-12T00:00:00+00:00, execution_date=20240512T000000, start_date=20240807T104339, end_date=20240807T104339
[2024-08-07T10:43:39.936+0000] {local_task_job_runner.py:240} INFO - Task exited with return code 0
[2024-08-07T10:43:39.957+0000] {taskinstance.py:3503} INFO - 1 downstream tasks scheduled from follow-on schedule check
[2024-08-07T10:43:39.980+0000] {local_task_job_runner.py:222} INFO - ::endgroup::
[2024-08-07T10:49:48.282+0000] {local_task_job_runner.py:120} INFO - ::group::Pre task execution logs
[2024-08-07T10:49:48.301+0000] {taskinstance.py:2076} INFO - Dependencies all met for dep_context=non-requeueable deps ti=<TaskInstance: etl_2024-08-07.decrypt_the_data scheduled__2024-05-12T00:00:00+00:00 [queued]>
[2024-08-07T10:49:48.307+0000] {taskinstance.py:2076} INFO - Dependencies all met for dep_context=requeueable deps ti=<TaskInstance: etl_2024-08-07.decrypt_the_data scheduled__2024-05-12T00:00:00+00:00 [queued]>
[2024-08-07T10:49:48.307+0000] {taskinstance.py:2306} INFO - Starting attempt 1 of 2
[2024-08-07T10:49:48.551+0000] {taskinstance.py:2330} INFO - Executing <Task(BashOperator): decrypt_the_data> on 2024-05-12 00:00:00+00:00
[2024-08-07T10:49:48.556+0000] {standard_task_runner.py:63} INFO - Started process 2645 to run task
[2024-08-07T10:49:48.562+0000] {standard_task_runner.py:90} INFO - Running: ['***', 'tasks', 'run', 'etl_2024-08-07', 'decrypt_the_data', 'scheduled__2024-05-12T00:00:00+00:00', '--job-id', '360', '--raw', '--subdir', 'DAGS_FOLDER/final_etl.py', '--cfg-path', '/tmp/tmpnt4x5d7f']
[2024-08-07T10:49:48.566+0000] {standard_task_runner.py:91} INFO - Job 360: Subtask decrypt_the_data
[2024-08-07T10:49:48.641+0000] {task_command.py:426} INFO - Running <TaskInstance: etl_2024-08-07.decrypt_the_data scheduled__2024-05-12T00:00:00+00:00 [running]> on host 8cffaad11d99
[2024-08-07T10:49:48.762+0000] {taskinstance.py:2648} INFO - Exporting env vars: AIRFLOW_CTX_DAG_OWNER='***' AIRFLOW_CTX_DAG_ID='etl_2024-08-07' AIRFLOW_CTX_TASK_ID='decrypt_the_data' AIRFLOW_CTX_EXECUTION_DATE='2024-05-12T00:00:00+00:00' AIRFLOW_CTX_TRY_NUMBER='1' AIRFLOW_CTX_DAG_RUN_ID='scheduled__2024-05-12T00:00:00+00:00'
[2024-08-07T10:49:48.763+0000] {taskinstance.py:430} INFO - ::endgroup::
[2024-08-07T10:49:48.771+0000] {subprocess.py:63} INFO - Tmp dir root location: /tmp
[2024-08-07T10:49:48.772+0000] {subprocess.py:75} INFO - Running command: ['/usr/bin/bash', '-c', 'python3 /opt/***/data/decryption_utils.py']
[2024-08-07T10:49:48.779+0000] {subprocess.py:86} INFO - Output:
[2024-08-07T10:49:48.879+0000] {subprocess.py:97} INFO - Command exited with return code 0
[2024-08-07T10:49:48.879+0000] {taskinstance.py:441} INFO - ::group::Post task execution logs
[2024-08-07T10:49:48.933+0000] {taskinstance.py:1206} INFO - Marking task as SUCCESS. dag_id=etl_2024-08-07, task_id=decrypt_the_data, run_id=scheduled__2024-05-12T00:00:00+00:00, execution_date=20240512T000000, start_date=20240807T104948, end_date=20240807T104948
[2024-08-07T10:49:50.067+0000] {local_task_job_runner.py:240} INFO - Task exited with return code 0
[2024-08-07T10:49:50.090+0000] {taskinstance.py:3503} INFO - 1 downstream tasks scheduled from follow-on schedule check
[2024-08-07T10:49:50.152+0000] {local_task_job_runner.py:222} INFO - ::endgroup::
