[2024-08-07T10:49:00.335+0000] {local_task_job_runner.py:120} INFO - ::group::Pre task execution logs
[2024-08-07T10:49:00.358+0000] {taskinstance.py:2076} INFO - Dependencies all met for dep_context=non-requeueable deps ti=<TaskInstance: etl_2024-08-07.decrypt_the_data scheduled__2024-05-26T00:00:00+00:00 [queued]>
[2024-08-07T10:49:00.365+0000] {taskinstance.py:2076} INFO - Dependencies all met for dep_context=requeueable deps ti=<TaskInstance: etl_2024-08-07.decrypt_the_data scheduled__2024-05-26T00:00:00+00:00 [queued]>
[2024-08-07T10:49:00.365+0000] {taskinstance.py:2306} INFO - Starting attempt 1 of 2
[2024-08-07T10:49:00.398+0000] {taskinstance.py:2330} INFO - Executing <Task(BashOperator): decrypt_the_data> on 2024-05-26 00:00:00+00:00
[2024-08-07T10:49:00.402+0000] {standard_task_runner.py:63} INFO - Started process 2314 to run task
[2024-08-07T10:49:00.405+0000] {standard_task_runner.py:90} INFO - Running: ['***', 'tasks', 'run', 'etl_2024-08-07', 'decrypt_the_data', 'scheduled__2024-05-26T00:00:00+00:00', '--job-id', '255', '--raw', '--subdir', 'DAGS_FOLDER/final_etl.py', '--cfg-path', '/tmp/tmpgzav0rbb']
[2024-08-07T10:49:00.407+0000] {standard_task_runner.py:91} INFO - Job 255: Subtask decrypt_the_data
[2024-08-07T10:49:00.468+0000] {task_command.py:426} INFO - Running <TaskInstance: etl_2024-08-07.decrypt_the_data scheduled__2024-05-26T00:00:00+00:00 [running]> on host 8cffaad11d99
[2024-08-07T10:49:00.583+0000] {taskinstance.py:2648} INFO - Exporting env vars: AIRFLOW_CTX_DAG_OWNER='***' AIRFLOW_CTX_DAG_ID='etl_2024-08-07' AIRFLOW_CTX_TASK_ID='decrypt_the_data' AIRFLOW_CTX_EXECUTION_DATE='2024-05-26T00:00:00+00:00' AIRFLOW_CTX_TRY_NUMBER='1' AIRFLOW_CTX_DAG_RUN_ID='scheduled__2024-05-26T00:00:00+00:00'
[2024-08-07T10:49:00.584+0000] {taskinstance.py:430} INFO - ::endgroup::
[2024-08-07T10:49:00.596+0000] {subprocess.py:63} INFO - Tmp dir root location: /tmp
[2024-08-07T10:49:00.597+0000] {subprocess.py:75} INFO - Running command: ['/usr/bin/bash', '-c', 'python3 /opt/***/data/decryption_utils.py']
[2024-08-07T10:49:00.605+0000] {subprocess.py:86} INFO - Output:
[2024-08-07T10:49:00.699+0000] {subprocess.py:97} INFO - Command exited with return code 0
[2024-08-07T10:49:00.699+0000] {taskinstance.py:441} INFO - ::group::Post task execution logs
[2024-08-07T10:49:00.735+0000] {taskinstance.py:1206} INFO - Marking task as SUCCESS. dag_id=etl_2024-08-07, task_id=decrypt_the_data, run_id=scheduled__2024-05-26T00:00:00+00:00, execution_date=20240526T000000, start_date=20240807T104900, end_date=20240807T104900
[2024-08-07T10:49:01.302+0000] {local_task_job_runner.py:240} INFO - Task exited with return code 0
[2024-08-07T10:49:01.341+0000] {taskinstance.py:3503} INFO - 1 downstream tasks scheduled from follow-on schedule check
[2024-08-07T10:49:01.845+0000] {local_task_job_runner.py:222} INFO - ::endgroup::
[2024-08-07T10:55:12.281+0000] {local_task_job_runner.py:120} INFO - ::group::Pre task execution logs
[2024-08-07T10:55:12.310+0000] {taskinstance.py:2076} INFO - Dependencies all met for dep_context=non-requeueable deps ti=<TaskInstance: etl_2024-08-07.decrypt_the_data scheduled__2024-05-26T00:00:00+00:00 [queued]>
[2024-08-07T10:55:12.314+0000] {taskinstance.py:2076} INFO - Dependencies all met for dep_context=requeueable deps ti=<TaskInstance: etl_2024-08-07.decrypt_the_data scheduled__2024-05-26T00:00:00+00:00 [queued]>
[2024-08-07T10:55:12.314+0000] {taskinstance.py:2306} INFO - Starting attempt 1 of 2
[2024-08-07T10:55:12.763+0000] {taskinstance.py:2330} INFO - Executing <Task(BashOperator): decrypt_the_data> on 2024-05-26 00:00:00+00:00
[2024-08-07T10:55:12.768+0000] {standard_task_runner.py:63} INFO - Started process 3123 to run task
[2024-08-07T10:55:12.774+0000] {standard_task_runner.py:90} INFO - Running: ['***', 'tasks', 'run', 'etl_2024-08-07', 'decrypt_the_data', 'scheduled__2024-05-26T00:00:00+00:00', '--job-id', '472', '--raw', '--subdir', 'DAGS_FOLDER/final_etl.py', '--cfg-path', '/tmp/tmpk09wmkw_']
[2024-08-07T10:55:12.775+0000] {standard_task_runner.py:91} INFO - Job 472: Subtask decrypt_the_data
[2024-08-07T10:55:12.861+0000] {task_command.py:426} INFO - Running <TaskInstance: etl_2024-08-07.decrypt_the_data scheduled__2024-05-26T00:00:00+00:00 [running]> on host 8cffaad11d99
[2024-08-07T10:55:12.972+0000] {taskinstance.py:2648} INFO - Exporting env vars: AIRFLOW_CTX_DAG_OWNER='***' AIRFLOW_CTX_DAG_ID='etl_2024-08-07' AIRFLOW_CTX_TASK_ID='decrypt_the_data' AIRFLOW_CTX_EXECUTION_DATE='2024-05-26T00:00:00+00:00' AIRFLOW_CTX_TRY_NUMBER='1' AIRFLOW_CTX_DAG_RUN_ID='scheduled__2024-05-26T00:00:00+00:00'
[2024-08-07T10:55:12.974+0000] {taskinstance.py:430} INFO - ::endgroup::
[2024-08-07T10:55:12.981+0000] {subprocess.py:63} INFO - Tmp dir root location: /tmp
[2024-08-07T10:55:12.981+0000] {subprocess.py:75} INFO - Running command: ['/usr/bin/bash', '-c', 'python3 /opt/***/data/decryption_utils.py']
[2024-08-07T10:55:12.988+0000] {subprocess.py:86} INFO - Output:
[2024-08-07T10:55:13.081+0000] {subprocess.py:97} INFO - Command exited with return code 0
[2024-08-07T10:55:13.082+0000] {taskinstance.py:441} INFO - ::group::Post task execution logs
[2024-08-07T10:55:13.137+0000] {taskinstance.py:1206} INFO - Marking task as SUCCESS. dag_id=etl_2024-08-07, task_id=decrypt_the_data, run_id=scheduled__2024-05-26T00:00:00+00:00, execution_date=20240526T000000, start_date=20240807T105512, end_date=20240807T105513
[2024-08-07T10:55:13.224+0000] {local_task_job_runner.py:240} INFO - Task exited with return code 0
[2024-08-07T10:55:13.239+0000] {local_task_job_runner.py:222} INFO - ::endgroup::
