[2024-08-07T10:43:42.841+0000] {local_task_job_runner.py:120} INFO - ::group::Pre task execution logs
[2024-08-07T10:43:42.863+0000] {taskinstance.py:2076} INFO - Dependencies all met for dep_context=non-requeueable deps ti=<TaskInstance: etl_2024-08-07.decrypt_the_data scheduled__2024-05-19T00:00:00+00:00 [queued]>
[2024-08-07T10:43:42.868+0000] {taskinstance.py:2076} INFO - Dependencies all met for dep_context=requeueable deps ti=<TaskInstance: etl_2024-08-07.decrypt_the_data scheduled__2024-05-19T00:00:00+00:00 [queued]>
[2024-08-07T10:43:42.868+0000] {taskinstance.py:2306} INFO - Starting attempt 1 of 2
[2024-08-07T10:43:42.944+0000] {taskinstance.py:2330} INFO - Executing <Task(BashOperator): decrypt_the_data> on 2024-05-19 00:00:00+00:00
[2024-08-07T10:43:42.952+0000] {standard_task_runner.py:63} INFO - Started process 1917 to run task
[2024-08-07T10:43:42.959+0000] {standard_task_runner.py:90} INFO - Running: ['***', 'tasks', 'run', 'etl_2024-08-07', 'decrypt_the_data', 'scheduled__2024-05-19T00:00:00+00:00', '--job-id', '164', '--raw', '--subdir', 'DAGS_FOLDER/final_etl.py', '--cfg-path', '/tmp/tmpt35m0mkc']
[2024-08-07T10:43:42.961+0000] {standard_task_runner.py:91} INFO - Job 164: Subtask decrypt_the_data
[2024-08-07T10:43:43.034+0000] {task_command.py:426} INFO - Running <TaskInstance: etl_2024-08-07.decrypt_the_data scheduled__2024-05-19T00:00:00+00:00 [running]> on host 8cffaad11d99
[2024-08-07T10:43:43.943+0000] {taskinstance.py:2648} INFO - Exporting env vars: AIRFLOW_CTX_DAG_OWNER='***' AIRFLOW_CTX_DAG_ID='etl_2024-08-07' AIRFLOW_CTX_TASK_ID='decrypt_the_data' AIRFLOW_CTX_EXECUTION_DATE='2024-05-19T00:00:00+00:00' AIRFLOW_CTX_TRY_NUMBER='1' AIRFLOW_CTX_DAG_RUN_ID='scheduled__2024-05-19T00:00:00+00:00'
[2024-08-07T10:43:43.944+0000] {taskinstance.py:430} INFO - ::endgroup::
[2024-08-07T10:43:43.954+0000] {subprocess.py:63} INFO - Tmp dir root location: /tmp
[2024-08-07T10:43:43.955+0000] {subprocess.py:75} INFO - Running command: ['/usr/bin/bash', '-c', 'python3 /opt/***/data/decryption_utils.py']
[2024-08-07T10:43:43.969+0000] {subprocess.py:86} INFO - Output:
[2024-08-07T10:43:44.082+0000] {subprocess.py:97} INFO - Command exited with return code 0
[2024-08-07T10:43:44.082+0000] {taskinstance.py:441} INFO - ::group::Post task execution logs
[2024-08-07T10:43:44.144+0000] {taskinstance.py:1206} INFO - Marking task as SUCCESS. dag_id=etl_2024-08-07, task_id=decrypt_the_data, run_id=scheduled__2024-05-19T00:00:00+00:00, execution_date=20240519T000000, start_date=20240807T104342, end_date=20240807T104344
[2024-08-07T10:43:44.213+0000] {local_task_job_runner.py:240} INFO - Task exited with return code 0
[2024-08-07T10:43:44.226+0000] {taskinstance.py:3503} INFO - 1 downstream tasks scheduled from follow-on schedule check
[2024-08-07T10:43:44.262+0000] {local_task_job_runner.py:222} INFO - ::endgroup::
[2024-08-07T10:49:52.796+0000] {local_task_job_runner.py:120} INFO - ::group::Pre task execution logs
[2024-08-07T10:49:52.819+0000] {taskinstance.py:2076} INFO - Dependencies all met for dep_context=non-requeueable deps ti=<TaskInstance: etl_2024-08-07.decrypt_the_data scheduled__2024-05-19T00:00:00+00:00 [queued]>
[2024-08-07T10:49:52.825+0000] {taskinstance.py:2076} INFO - Dependencies all met for dep_context=requeueable deps ti=<TaskInstance: etl_2024-08-07.decrypt_the_data scheduled__2024-05-19T00:00:00+00:00 [queued]>
[2024-08-07T10:49:52.825+0000] {taskinstance.py:2306} INFO - Starting attempt 1 of 2
[2024-08-07T10:49:52.948+0000] {taskinstance.py:2330} INFO - Executing <Task(BashOperator): decrypt_the_data> on 2024-05-19 00:00:00+00:00
[2024-08-07T10:49:52.958+0000] {standard_task_runner.py:63} INFO - Started process 2737 to run task
[2024-08-07T10:49:52.962+0000] {standard_task_runner.py:90} INFO - Running: ['***', 'tasks', 'run', 'etl_2024-08-07', 'decrypt_the_data', 'scheduled__2024-05-19T00:00:00+00:00', '--job-id', '395', '--raw', '--subdir', 'DAGS_FOLDER/final_etl.py', '--cfg-path', '/tmp/tmpfedo_hri']
[2024-08-07T10:49:52.965+0000] {standard_task_runner.py:91} INFO - Job 395: Subtask decrypt_the_data
[2024-08-07T10:49:53.143+0000] {task_command.py:426} INFO - Running <TaskInstance: etl_2024-08-07.decrypt_the_data scheduled__2024-05-19T00:00:00+00:00 [running]> on host 8cffaad11d99
[2024-08-07T10:49:53.271+0000] {taskinstance.py:2648} INFO - Exporting env vars: AIRFLOW_CTX_DAG_OWNER='***' AIRFLOW_CTX_DAG_ID='etl_2024-08-07' AIRFLOW_CTX_TASK_ID='decrypt_the_data' AIRFLOW_CTX_EXECUTION_DATE='2024-05-19T00:00:00+00:00' AIRFLOW_CTX_TRY_NUMBER='1' AIRFLOW_CTX_DAG_RUN_ID='scheduled__2024-05-19T00:00:00+00:00'
[2024-08-07T10:49:53.272+0000] {taskinstance.py:430} INFO - ::endgroup::
[2024-08-07T10:49:53.284+0000] {subprocess.py:63} INFO - Tmp dir root location: /tmp
[2024-08-07T10:49:53.285+0000] {subprocess.py:75} INFO - Running command: ['/usr/bin/bash', '-c', 'python3 /opt/***/data/decryption_utils.py']
[2024-08-07T10:49:53.290+0000] {subprocess.py:86} INFO - Output:
[2024-08-07T10:49:53.377+0000] {subprocess.py:97} INFO - Command exited with return code 0
[2024-08-07T10:49:53.378+0000] {taskinstance.py:441} INFO - ::group::Post task execution logs
[2024-08-07T10:49:53.430+0000] {taskinstance.py:1206} INFO - Marking task as SUCCESS. dag_id=etl_2024-08-07, task_id=decrypt_the_data, run_id=scheduled__2024-05-19T00:00:00+00:00, execution_date=20240519T000000, start_date=20240807T104952, end_date=20240807T104953
[2024-08-07T10:49:53.533+0000] {local_task_job_runner.py:240} INFO - Task exited with return code 0
[2024-08-07T10:49:53.546+0000] {taskinstance.py:3503} INFO - 1 downstream tasks scheduled from follow-on schedule check
[2024-08-07T10:49:53.615+0000] {local_task_job_runner.py:222} INFO - ::endgroup::
