[2024-08-07T10:49:02.954+0000] {local_task_job_runner.py:120} INFO - ::group::Pre task execution logs
[2024-08-07T10:49:02.973+0000] {taskinstance.py:2076} INFO - Dependencies all met for dep_context=non-requeueable deps ti=<TaskInstance: etl_2024-08-07.decrypt_the_data scheduled__2024-06-01T00:00:00+00:00 [queued]>
[2024-08-07T10:49:02.978+0000] {taskinstance.py:2076} INFO - Dependencies all met for dep_context=requeueable deps ti=<TaskInstance: etl_2024-08-07.decrypt_the_data scheduled__2024-06-01T00:00:00+00:00 [queued]>
[2024-08-07T10:49:02.978+0000] {taskinstance.py:2306} INFO - Starting attempt 1 of 2
[2024-08-07T10:49:03.012+0000] {taskinstance.py:2330} INFO - Executing <Task(BashOperator): decrypt_the_data> on 2024-06-01 00:00:00+00:00
[2024-08-07T10:49:03.016+0000] {standard_task_runner.py:63} INFO - Started process 2397 to run task
[2024-08-07T10:49:03.018+0000] {standard_task_runner.py:90} INFO - Running: ['***', 'tasks', 'run', 'etl_2024-08-07', 'decrypt_the_data', 'scheduled__2024-06-01T00:00:00+00:00', '--job-id', '282', '--raw', '--subdir', 'DAGS_FOLDER/final_etl.py', '--cfg-path', '/tmp/tmpjswjvrwu']
[2024-08-07T10:49:03.020+0000] {standard_task_runner.py:91} INFO - Job 282: Subtask decrypt_the_data
[2024-08-07T10:49:03.090+0000] {task_command.py:426} INFO - Running <TaskInstance: etl_2024-08-07.decrypt_the_data scheduled__2024-06-01T00:00:00+00:00 [running]> on host 8cffaad11d99
[2024-08-07T10:49:03.253+0000] {taskinstance.py:2648} INFO - Exporting env vars: AIRFLOW_CTX_DAG_OWNER='***' AIRFLOW_CTX_DAG_ID='etl_2024-08-07' AIRFLOW_CTX_TASK_ID='decrypt_the_data' AIRFLOW_CTX_EXECUTION_DATE='2024-06-01T00:00:00+00:00' AIRFLOW_CTX_TRY_NUMBER='1' AIRFLOW_CTX_DAG_RUN_ID='scheduled__2024-06-01T00:00:00+00:00'
[2024-08-07T10:49:03.253+0000] {taskinstance.py:430} INFO - ::endgroup::
[2024-08-07T10:49:03.260+0000] {subprocess.py:63} INFO - Tmp dir root location: /tmp
[2024-08-07T10:49:03.261+0000] {subprocess.py:75} INFO - Running command: ['/usr/bin/bash', '-c', 'python3 /opt/***/data/decryption_utils.py']
[2024-08-07T10:49:03.270+0000] {subprocess.py:86} INFO - Output:
[2024-08-07T10:49:03.389+0000] {subprocess.py:97} INFO - Command exited with return code 0
[2024-08-07T10:49:03.390+0000] {taskinstance.py:441} INFO - ::group::Post task execution logs
[2024-08-07T10:49:03.427+0000] {taskinstance.py:1206} INFO - Marking task as SUCCESS. dag_id=etl_2024-08-07, task_id=decrypt_the_data, run_id=scheduled__2024-06-01T00:00:00+00:00, execution_date=20240601T000000, start_date=20240807T104902, end_date=20240807T104903
[2024-08-07T10:49:03.471+0000] {local_task_job_runner.py:240} INFO - Task exited with return code 0
[2024-08-07T10:49:03.488+0000] {taskinstance.py:3503} INFO - 1 downstream tasks scheduled from follow-on schedule check
[2024-08-07T10:49:03.862+0000] {local_task_job_runner.py:222} INFO - ::endgroup::
[2024-08-07T10:55:13.942+0000] {local_task_job_runner.py:120} INFO - ::group::Pre task execution logs
[2024-08-07T10:55:13.967+0000] {taskinstance.py:2076} INFO - Dependencies all met for dep_context=non-requeueable deps ti=<TaskInstance: etl_2024-08-07.decrypt_the_data scheduled__2024-06-01T00:00:00+00:00 [queued]>
[2024-08-07T10:55:13.975+0000] {taskinstance.py:2076} INFO - Dependencies all met for dep_context=requeueable deps ti=<TaskInstance: etl_2024-08-07.decrypt_the_data scheduled__2024-06-01T00:00:00+00:00 [queued]>
[2024-08-07T10:55:13.975+0000] {taskinstance.py:2306} INFO - Starting attempt 1 of 2
[2024-08-07T10:55:14.031+0000] {taskinstance.py:2330} INFO - Executing <Task(BashOperator): decrypt_the_data> on 2024-06-01 00:00:00+00:00
[2024-08-07T10:55:14.036+0000] {standard_task_runner.py:63} INFO - Started process 3178 to run task
[2024-08-07T10:55:14.040+0000] {standard_task_runner.py:90} INFO - Running: ['***', 'tasks', 'run', 'etl_2024-08-07', 'decrypt_the_data', 'scheduled__2024-06-01T00:00:00+00:00', '--job-id', '493', '--raw', '--subdir', 'DAGS_FOLDER/final_etl.py', '--cfg-path', '/tmp/tmph8yveuqr']
[2024-08-07T10:55:14.041+0000] {standard_task_runner.py:91} INFO - Job 493: Subtask decrypt_the_data
[2024-08-07T10:55:14.467+0000] {task_command.py:426} INFO - Running <TaskInstance: etl_2024-08-07.decrypt_the_data scheduled__2024-06-01T00:00:00+00:00 [running]> on host 8cffaad11d99
[2024-08-07T10:55:14.942+0000] {taskinstance.py:2648} INFO - Exporting env vars: AIRFLOW_CTX_DAG_OWNER='***' AIRFLOW_CTX_DAG_ID='etl_2024-08-07' AIRFLOW_CTX_TASK_ID='decrypt_the_data' AIRFLOW_CTX_EXECUTION_DATE='2024-06-01T00:00:00+00:00' AIRFLOW_CTX_TRY_NUMBER='1' AIRFLOW_CTX_DAG_RUN_ID='scheduled__2024-06-01T00:00:00+00:00'
[2024-08-07T10:55:14.943+0000] {taskinstance.py:430} INFO - ::endgroup::
[2024-08-07T10:55:14.964+0000] {subprocess.py:63} INFO - Tmp dir root location: /tmp
[2024-08-07T10:55:14.965+0000] {subprocess.py:75} INFO - Running command: ['/usr/bin/bash', '-c', 'python3 /opt/***/data/decryption_utils.py']
[2024-08-07T10:55:14.981+0000] {subprocess.py:86} INFO - Output:
[2024-08-07T10:55:15.068+0000] {subprocess.py:97} INFO - Command exited with return code 0
[2024-08-07T10:55:15.069+0000] {taskinstance.py:441} INFO - ::group::Post task execution logs
[2024-08-07T10:55:15.117+0000] {taskinstance.py:1206} INFO - Marking task as SUCCESS. dag_id=etl_2024-08-07, task_id=decrypt_the_data, run_id=scheduled__2024-06-01T00:00:00+00:00, execution_date=20240601T000000, start_date=20240807T105513, end_date=20240807T105515
[2024-08-07T10:55:15.176+0000] {local_task_job_runner.py:240} INFO - Task exited with return code 0
[2024-08-07T10:55:15.193+0000] {taskinstance.py:3503} INFO - 1 downstream tasks scheduled from follow-on schedule check
[2024-08-07T10:55:15.215+0000] {local_task_job_runner.py:222} INFO - ::endgroup::
