[2024-08-13T05:31:10.296+0000] {local_task_job_runner.py:120} INFO - ::group::Pre task execution logs
[2024-08-13T05:31:10.329+0000] {taskinstance.py:2076} INFO - Dependencies all met for dep_context=non-requeueable deps ti=<TaskInstance: data_migrations2024-08-13.fetch_the_api manual__2024-08-13T05:25:58.103688+00:00 [queued]>
[2024-08-13T05:31:10.335+0000] {taskinstance.py:2076} INFO - Dependencies all met for dep_context=requeueable deps ti=<TaskInstance: data_migrations2024-08-13.fetch_the_api manual__2024-08-13T05:25:58.103688+00:00 [queued]>
[2024-08-13T05:31:10.335+0000] {taskinstance.py:2306} INFO - Starting attempt 2 of 2
[2024-08-13T05:31:10.361+0000] {taskinstance.py:2330} INFO - Executing <Task(BashOperator): fetch_the_api> on 2024-08-13 05:25:58.103688+00:00
[2024-08-13T05:31:10.366+0000] {standard_task_runner.py:63} INFO - Started process 2622 to run task
[2024-08-13T05:31:10.370+0000] {standard_task_runner.py:90} INFO - Running: ['***', 'tasks', 'run', 'data_migrations2024-08-13', 'fetch_the_api', 'manual__2024-08-13T05:25:58.103688+00:00', '--job-id', '3399', '--raw', '--subdir', 'DAGS_FOLDER/data_migrations.py', '--cfg-path', '/tmp/tmpqtj32h02']
[2024-08-13T05:31:10.373+0000] {standard_task_runner.py:91} INFO - Job 3399: Subtask fetch_the_api
[2024-08-13T05:31:10.441+0000] {task_command.py:426} INFO - Running <TaskInstance: data_migrations2024-08-13.fetch_the_api manual__2024-08-13T05:25:58.103688+00:00 [running]> on host 22a1a79ba5d1
[2024-08-13T05:31:10.563+0000] {taskinstance.py:2648} INFO - Exporting env vars: AIRFLOW_CTX_DAG_OWNER='***' AIRFLOW_CTX_DAG_ID='data_migrations2024-08-13' AIRFLOW_CTX_TASK_ID='fetch_the_api' AIRFLOW_CTX_EXECUTION_DATE='2024-08-13T05:25:58.103688+00:00' AIRFLOW_CTX_TRY_NUMBER='2' AIRFLOW_CTX_DAG_RUN_ID='manual__2024-08-13T05:25:58.103688+00:00'
[2024-08-13T05:31:10.564+0000] {taskinstance.py:430} INFO - ::endgroup::
[2024-08-13T05:31:10.576+0000] {subprocess.py:63} INFO - Tmp dir root location: /tmp
[2024-08-13T05:31:10.577+0000] {subprocess.py:75} INFO - Running command: ['/usr/bin/bash', '-c', 'python3 /opt/***/data/etl_m12_local_db.py']
[2024-08-13T05:31:10.585+0000] {subprocess.py:86} INFO - Output:
[2024-08-13T05:31:11.568+0000] {subprocess.py:93} INFO - Database tables created successfully.
[2024-08-13T05:31:11.606+0000] {subprocess.py:97} INFO - Command exited with return code 0
[2024-08-13T05:31:11.607+0000] {taskinstance.py:441} INFO - ::group::Post task execution logs
[2024-08-13T05:31:11.659+0000] {taskinstance.py:1206} INFO - Marking task as SUCCESS. dag_id=data_migrations2024-08-13, task_id=fetch_the_api, run_id=manual__2024-08-13T05:25:58.103688+00:00, execution_date=20240813T052558, start_date=20240813T053110, end_date=20240813T053111
[2024-08-13T05:31:11.707+0000] {local_task_job_runner.py:240} INFO - Task exited with return code 0
[2024-08-13T05:31:11.720+0000] {taskinstance.py:3503} INFO - 0 downstream tasks scheduled from follow-on schedule check
[2024-08-13T05:31:11.736+0000] {local_task_job_runner.py:222} INFO - ::endgroup::
