[2024-08-07T10:48:59.900+0000] {local_task_job_runner.py:120} INFO - ::group::Pre task execution logs
[2024-08-07T10:48:59.922+0000] {taskinstance.py:2076} INFO - Dependencies all met for dep_context=non-requeueable deps ti=<TaskInstance: etl_2024-08-07.log_the_data scheduled__2024-05-29T00:00:00+00:00 [queued]>
[2024-08-07T10:48:59.927+0000] {taskinstance.py:2076} INFO - Dependencies all met for dep_context=requeueable deps ti=<TaskInstance: etl_2024-08-07.log_the_data scheduled__2024-05-29T00:00:00+00:00 [queued]>
[2024-08-07T10:48:59.927+0000] {taskinstance.py:2306} INFO - Starting attempt 1 of 2
[2024-08-07T10:48:59.953+0000] {taskinstance.py:2330} INFO - Executing <Task(BashOperator): log_the_data> on 2024-05-29 00:00:00+00:00
[2024-08-07T10:48:59.956+0000] {standard_task_runner.py:63} INFO - Started process 2291 to run task
[2024-08-07T10:48:59.961+0000] {standard_task_runner.py:90} INFO - Running: ['***', 'tasks', 'run', 'etl_2024-08-07', 'log_the_data', 'scheduled__2024-05-29T00:00:00+00:00', '--job-id', '249', '--raw', '--subdir', 'DAGS_FOLDER/final_etl.py', '--cfg-path', '/tmp/tmp4x3jmijh']
[2024-08-07T10:48:59.964+0000] {standard_task_runner.py:91} INFO - Job 249: Subtask log_the_data
[2024-08-07T10:49:00.021+0000] {task_command.py:426} INFO - Running <TaskInstance: etl_2024-08-07.log_the_data scheduled__2024-05-29T00:00:00+00:00 [running]> on host 8cffaad11d99
[2024-08-07T10:49:00.133+0000] {taskinstance.py:2648} INFO - Exporting env vars: AIRFLOW_CTX_DAG_OWNER='***' AIRFLOW_CTX_DAG_ID='etl_2024-08-07' AIRFLOW_CTX_TASK_ID='log_the_data' AIRFLOW_CTX_EXECUTION_DATE='2024-05-29T00:00:00+00:00' AIRFLOW_CTX_TRY_NUMBER='1' AIRFLOW_CTX_DAG_RUN_ID='scheduled__2024-05-29T00:00:00+00:00'
[2024-08-07T10:49:00.133+0000] {taskinstance.py:430} INFO - ::endgroup::
[2024-08-07T10:49:00.141+0000] {subprocess.py:63} INFO - Tmp dir root location: /tmp
[2024-08-07T10:49:00.142+0000] {subprocess.py:75} INFO - Running command: ['/usr/bin/bash', '-c', 'python3 /opt/***/data/logging_config.py']
[2024-08-07T10:49:00.150+0000] {subprocess.py:86} INFO - Output:
[2024-08-07T10:49:00.280+0000] {subprocess.py:97} INFO - Command exited with return code 0
[2024-08-07T10:49:00.281+0000] {taskinstance.py:441} INFO - ::group::Post task execution logs
[2024-08-07T10:49:00.314+0000] {taskinstance.py:1206} INFO - Marking task as SUCCESS. dag_id=etl_2024-08-07, task_id=log_the_data, run_id=scheduled__2024-05-29T00:00:00+00:00, execution_date=20240529T000000, start_date=20240807T104859, end_date=20240807T104900
[2024-08-07T10:49:00.412+0000] {local_task_job_runner.py:240} INFO - Task exited with return code 0
[2024-08-07T10:49:00.437+0000] {taskinstance.py:3503} INFO - 1 downstream tasks scheduled from follow-on schedule check
[2024-08-07T10:49:00.464+0000] {local_task_job_runner.py:222} INFO - ::endgroup::
[2024-08-07T10:55:11.471+0000] {local_task_job_runner.py:120} INFO - ::group::Pre task execution logs
[2024-08-07T10:55:11.492+0000] {taskinstance.py:2076} INFO - Dependencies all met for dep_context=non-requeueable deps ti=<TaskInstance: etl_2024-08-07.log_the_data scheduled__2024-05-29T00:00:00+00:00 [queued]>
[2024-08-07T10:55:11.497+0000] {taskinstance.py:2076} INFO - Dependencies all met for dep_context=requeueable deps ti=<TaskInstance: etl_2024-08-07.log_the_data scheduled__2024-05-29T00:00:00+00:00 [queued]>
[2024-08-07T10:55:11.497+0000] {taskinstance.py:2306} INFO - Starting attempt 1 of 2
[2024-08-07T10:55:11.538+0000] {taskinstance.py:2330} INFO - Executing <Task(BashOperator): log_the_data> on 2024-05-29 00:00:00+00:00
[2024-08-07T10:55:11.543+0000] {standard_task_runner.py:63} INFO - Started process 3100 to run task
[2024-08-07T10:55:11.545+0000] {standard_task_runner.py:90} INFO - Running: ['***', 'tasks', 'run', 'etl_2024-08-07', 'log_the_data', 'scheduled__2024-05-29T00:00:00+00:00', '--job-id', '468', '--raw', '--subdir', 'DAGS_FOLDER/final_etl.py', '--cfg-path', '/tmp/tmpcfa2423r']
[2024-08-07T10:55:11.546+0000] {standard_task_runner.py:91} INFO - Job 468: Subtask log_the_data
[2024-08-07T10:55:11.621+0000] {task_command.py:426} INFO - Running <TaskInstance: etl_2024-08-07.log_the_data scheduled__2024-05-29T00:00:00+00:00 [running]> on host 8cffaad11d99
[2024-08-07T10:55:11.724+0000] {taskinstance.py:2648} INFO - Exporting env vars: AIRFLOW_CTX_DAG_OWNER='***' AIRFLOW_CTX_DAG_ID='etl_2024-08-07' AIRFLOW_CTX_TASK_ID='log_the_data' AIRFLOW_CTX_EXECUTION_DATE='2024-05-29T00:00:00+00:00' AIRFLOW_CTX_TRY_NUMBER='1' AIRFLOW_CTX_DAG_RUN_ID='scheduled__2024-05-29T00:00:00+00:00'
[2024-08-07T10:55:11.724+0000] {taskinstance.py:430} INFO - ::endgroup::
[2024-08-07T10:55:11.731+0000] {subprocess.py:63} INFO - Tmp dir root location: /tmp
[2024-08-07T10:55:11.731+0000] {subprocess.py:75} INFO - Running command: ['/usr/bin/bash', '-c', 'python3 /opt/***/data/logging_config.py']
[2024-08-07T10:55:11.739+0000] {subprocess.py:86} INFO - Output:
[2024-08-07T10:55:11.844+0000] {subprocess.py:97} INFO - Command exited with return code 0
[2024-08-07T10:55:11.845+0000] {taskinstance.py:441} INFO - ::group::Post task execution logs
[2024-08-07T10:55:12.268+0000] {taskinstance.py:1206} INFO - Marking task as SUCCESS. dag_id=etl_2024-08-07, task_id=log_the_data, run_id=scheduled__2024-05-29T00:00:00+00:00, execution_date=20240529T000000, start_date=20240807T105511, end_date=20240807T105512
[2024-08-07T10:55:12.803+0000] {local_task_job_runner.py:240} INFO - Task exited with return code 0
[2024-08-07T10:55:12.814+0000] {local_task_job_runner.py:222} INFO - ::endgroup::
