[2024-08-21T06:15:00.407+0000] {local_task_job_runner.py:120} INFO - ::group::Pre task execution logs
[2024-08-21T06:15:00.587+0000] {taskinstance.py:2076} INFO - Dependencies all met for dep_context=non-requeueable deps ti=<TaskInstance: etl_22024-08-21.log_the_data scheduled__2024-06-14T00:00:00+00:00 [queued]>
[2024-08-21T06:15:00.739+0000] {taskinstance.py:2076} INFO - Dependencies all met for dep_context=requeueable deps ti=<TaskInstance: etl_22024-08-21.log_the_data scheduled__2024-06-14T00:00:00+00:00 [queued]>
[2024-08-21T06:15:00.749+0000] {taskinstance.py:2306} INFO - Starting attempt 1 of 2
[2024-08-21T06:15:01.429+0000] {taskinstance.py:2330} INFO - Executing <Task(BashOperator): log_the_data> on 2024-06-14 00:00:00+00:00
[2024-08-21T06:15:01.512+0000] {standard_task_runner.py:90} INFO - Running: ['***', 'tasks', 'run', 'etl_22024-08-21', 'log_the_data', 'scheduled__2024-06-14T00:00:00+00:00', '--job-id', '366', '--raw', '--subdir', 'DAGS_FOLDER/final_etl.py', '--cfg-path', '/tmp/tmp291i2so1']
[2024-08-21T06:15:01.541+0000] {standard_task_runner.py:91} INFO - Job 366: Subtask log_the_data
[2024-08-21T06:15:01.555+0000] {logging_mixin.py:188} WARNING - /home/***/.local/lib/python3.12/site-packages/***/task/task_runner/standard_task_runner.py:61 DeprecationWarning: This process (pid=2252) is multi-threaded, use of fork() may lead to deadlocks in the child.
[2024-08-21T06:15:01.574+0000] {standard_task_runner.py:63} INFO - Started process 2271 to run task
[2024-08-21T06:15:02.198+0000] {task_command.py:426} INFO - Running <TaskInstance: etl_22024-08-21.log_the_data scheduled__2024-06-14T00:00:00+00:00 [running]> on host 7e1333882d71
[2024-08-21T06:15:04.023+0000] {taskinstance.py:2648} INFO - Exporting env vars: AIRFLOW_CTX_DAG_OWNER='***' AIRFLOW_CTX_DAG_ID='etl_22024-08-21' AIRFLOW_CTX_TASK_ID='log_the_data' AIRFLOW_CTX_EXECUTION_DATE='2024-06-14T00:00:00+00:00' AIRFLOW_CTX_TRY_NUMBER='1' AIRFLOW_CTX_DAG_RUN_ID='scheduled__2024-06-14T00:00:00+00:00'
[2024-08-21T06:15:04.061+0000] {taskinstance.py:430} INFO - ::endgroup::
[2024-08-21T06:15:04.376+0000] {subprocess.py:63} INFO - Tmp dir root location: /tmp
[2024-08-21T06:15:04.385+0000] {subprocess.py:75} INFO - Running command: ['/usr/bin/bash', '-c', 'python3 /opt/***/data/logging_config.py']
[2024-08-21T06:15:04.454+0000] {subprocess.py:86} INFO - Output:
[2024-08-21T06:15:05.066+0000] {subprocess.py:97} INFO - Command exited with return code 0
[2024-08-21T06:15:05.088+0000] {taskinstance.py:441} INFO - ::group::Post task execution logs
[2024-08-21T06:15:05.363+0000] {taskinstance.py:1206} INFO - Marking task as SUCCESS. dag_id=etl_22024-08-21, task_id=log_the_data, run_id=scheduled__2024-06-14T00:00:00+00:00, execution_date=20240614T000000, start_date=20240821T061500, end_date=20240821T061505
[2024-08-21T06:15:05.523+0000] {local_task_job_runner.py:240} INFO - Task exited with return code 0
[2024-08-21T06:15:05.649+0000] {local_task_job_runner.py:222} INFO - ::endgroup::
