[2024-08-13T05:27:08.601+0000] {local_task_job_runner.py:120} INFO - ::group::Pre task execution logs
[2024-08-13T05:27:08.620+0000] {taskinstance.py:2076} INFO - Dependencies all met for dep_context=non-requeueable deps ti=<TaskInstance: data_migrations2024-08-13.fetch_the_api scheduled__2024-06-12T00:00:00+00:00 [queued]>
[2024-08-13T05:27:08.624+0000] {taskinstance.py:2076} INFO - Dependencies all met for dep_context=requeueable deps ti=<TaskInstance: data_migrations2024-08-13.fetch_the_api scheduled__2024-06-12T00:00:00+00:00 [queued]>
[2024-08-13T05:27:08.624+0000] {taskinstance.py:2306} INFO - Starting attempt 1 of 2
[2024-08-13T05:27:08.652+0000] {taskinstance.py:2330} INFO - Executing <Task(BashOperator): fetch_the_api> on 2024-06-12 00:00:00+00:00
[2024-08-13T05:27:08.656+0000] {standard_task_runner.py:63} INFO - Started process 2105 to run task
[2024-08-13T05:27:08.658+0000] {standard_task_runner.py:90} INFO - Running: ['***', 'tasks', 'run', 'data_migrations2024-08-13', 'fetch_the_api', 'scheduled__2024-06-12T00:00:00+00:00', '--job-id', '3272', '--raw', '--subdir', 'DAGS_FOLDER/data_migrations.py', '--cfg-path', '/tmp/tmpp39k7mph']
[2024-08-13T05:27:08.660+0000] {standard_task_runner.py:91} INFO - Job 3272: Subtask fetch_the_api
[2024-08-13T05:27:08.729+0000] {task_command.py:426} INFO - Running <TaskInstance: data_migrations2024-08-13.fetch_the_api scheduled__2024-06-12T00:00:00+00:00 [running]> on host 22a1a79ba5d1
[2024-08-13T05:27:10.859+0000] {taskinstance.py:2648} INFO - Exporting env vars: AIRFLOW_CTX_DAG_OWNER='***' AIRFLOW_CTX_DAG_ID='data_migrations2024-08-13' AIRFLOW_CTX_TASK_ID='fetch_the_api' AIRFLOW_CTX_EXECUTION_DATE='2024-06-12T00:00:00+00:00' AIRFLOW_CTX_TRY_NUMBER='1' AIRFLOW_CTX_DAG_RUN_ID='scheduled__2024-06-12T00:00:00+00:00'
[2024-08-13T05:27:10.859+0000] {taskinstance.py:430} INFO - ::endgroup::
[2024-08-13T05:27:10.866+0000] {subprocess.py:63} INFO - Tmp dir root location: /tmp
[2024-08-13T05:27:10.867+0000] {subprocess.py:75} INFO - Running command: ['/usr/bin/bash', '-c', 'python3 /opt/***/data/etl_m12_local_db.py']
[2024-08-13T05:27:10.873+0000] {subprocess.py:86} INFO - Output:
[2024-08-13T05:27:11.838+0000] {subprocess.py:93} INFO - Database tables created successfully.
[2024-08-13T05:27:11.867+0000] {subprocess.py:97} INFO - Command exited with return code 0
[2024-08-13T05:27:11.868+0000] {taskinstance.py:441} INFO - ::group::Post task execution logs
[2024-08-13T05:27:11.899+0000] {taskinstance.py:1206} INFO - Marking task as SUCCESS. dag_id=data_migrations2024-08-13, task_id=fetch_the_api, run_id=scheduled__2024-06-12T00:00:00+00:00, execution_date=20240612T000000, start_date=20240813T052708, end_date=20240813T052711
[2024-08-13T05:27:12.050+0000] {local_task_job_runner.py:240} INFO - Task exited with return code 0
[2024-08-13T05:27:12.088+0000] {taskinstance.py:3503} INFO - 0 downstream tasks scheduled from follow-on schedule check
[2024-08-13T05:27:12.100+0000] {local_task_job_runner.py:222} INFO - ::endgroup::
