[2024-08-07T10:43:35.468+0000] {local_task_job_runner.py:120} INFO - ::group::Pre task execution logs
[2024-08-07T10:43:35.487+0000] {taskinstance.py:2076} INFO - Dependencies all met for dep_context=non-requeueable deps ti=<TaskInstance: etl_2024-08-07.fetch_the_api scheduled__2024-05-13T00:00:00+00:00 [queued]>
[2024-08-07T10:43:35.491+0000] {taskinstance.py:2076} INFO - Dependencies all met for dep_context=requeueable deps ti=<TaskInstance: etl_2024-08-07.fetch_the_api scheduled__2024-05-13T00:00:00+00:00 [queued]>
[2024-08-07T10:43:35.491+0000] {taskinstance.py:2306} INFO - Starting attempt 1 of 2
[2024-08-07T10:43:35.517+0000] {taskinstance.py:2330} INFO - Executing <Task(BashOperator): fetch_the_api> on 2024-05-13 00:00:00+00:00
[2024-08-07T10:43:35.521+0000] {standard_task_runner.py:63} INFO - Started process 1733 to run task
[2024-08-07T10:43:35.524+0000] {standard_task_runner.py:90} INFO - Running: ['***', 'tasks', 'run', 'etl_2024-08-07', 'fetch_the_api', 'scheduled__2024-05-13T00:00:00+00:00', '--job-id', '106', '--raw', '--subdir', 'DAGS_FOLDER/final_etl.py', '--cfg-path', '/tmp/tmpcy8k0sy6']
[2024-08-07T10:43:35.526+0000] {standard_task_runner.py:91} INFO - Job 106: Subtask fetch_the_api
[2024-08-07T10:43:35.591+0000] {task_command.py:426} INFO - Running <TaskInstance: etl_2024-08-07.fetch_the_api scheduled__2024-05-13T00:00:00+00:00 [running]> on host 8cffaad11d99
[2024-08-07T10:43:35.773+0000] {taskinstance.py:2648} INFO - Exporting env vars: AIRFLOW_CTX_DAG_OWNER='***' AIRFLOW_CTX_DAG_ID='etl_2024-08-07' AIRFLOW_CTX_TASK_ID='fetch_the_api' AIRFLOW_CTX_EXECUTION_DATE='2024-05-13T00:00:00+00:00' AIRFLOW_CTX_TRY_NUMBER='1' AIRFLOW_CTX_DAG_RUN_ID='scheduled__2024-05-13T00:00:00+00:00'
[2024-08-07T10:43:35.774+0000] {taskinstance.py:430} INFO - ::endgroup::
[2024-08-07T10:43:35.785+0000] {subprocess.py:63} INFO - Tmp dir root location: /tmp
[2024-08-07T10:43:35.786+0000] {subprocess.py:75} INFO - Running command: ['/usr/bin/bash', '-c', 'python3 /opt/***/data/config.py']
[2024-08-07T10:43:35.792+0000] {subprocess.py:86} INFO - Output:
[2024-08-07T10:43:35.853+0000] {subprocess.py:97} INFO - Command exited with return code 0
[2024-08-07T10:43:35.854+0000] {taskinstance.py:441} INFO - ::group::Post task execution logs
[2024-08-07T10:43:35.942+0000] {taskinstance.py:1206} INFO - Marking task as SUCCESS. dag_id=etl_2024-08-07, task_id=fetch_the_api, run_id=scheduled__2024-05-13T00:00:00+00:00, execution_date=20240513T000000, start_date=20240807T104335, end_date=20240807T104335
[2024-08-07T10:43:36.017+0000] {local_task_job_runner.py:240} INFO - Task exited with return code 0
[2024-08-07T10:43:36.032+0000] {taskinstance.py:3503} INFO - 1 downstream tasks scheduled from follow-on schedule check
[2024-08-07T10:43:36.051+0000] {local_task_job_runner.py:222} INFO - ::endgroup::
[2024-08-07T10:49:44.376+0000] {local_task_job_runner.py:120} INFO - ::group::Pre task execution logs
[2024-08-07T10:49:44.394+0000] {taskinstance.py:2076} INFO - Dependencies all met for dep_context=non-requeueable deps ti=<TaskInstance: etl_2024-08-07.fetch_the_api scheduled__2024-05-13T00:00:00+00:00 [queued]>
[2024-08-07T10:49:44.398+0000] {taskinstance.py:2076} INFO - Dependencies all met for dep_context=requeueable deps ti=<TaskInstance: etl_2024-08-07.fetch_the_api scheduled__2024-05-13T00:00:00+00:00 [queued]>
[2024-08-07T10:49:44.398+0000] {taskinstance.py:2306} INFO - Starting attempt 1 of 2
[2024-08-07T10:49:44.418+0000] {taskinstance.py:2330} INFO - Executing <Task(BashOperator): fetch_the_api> on 2024-05-13 00:00:00+00:00
[2024-08-07T10:49:44.422+0000] {standard_task_runner.py:63} INFO - Started process 2542 to run task
[2024-08-07T10:49:44.424+0000] {standard_task_runner.py:90} INFO - Running: ['***', 'tasks', 'run', 'etl_2024-08-07', 'fetch_the_api', 'scheduled__2024-05-13T00:00:00+00:00', '--job-id', '326', '--raw', '--subdir', 'DAGS_FOLDER/final_etl.py', '--cfg-path', '/tmp/tmpwy5tbwbo']
[2024-08-07T10:49:44.425+0000] {standard_task_runner.py:91} INFO - Job 326: Subtask fetch_the_api
[2024-08-07T10:49:44.490+0000] {task_command.py:426} INFO - Running <TaskInstance: etl_2024-08-07.fetch_the_api scheduled__2024-05-13T00:00:00+00:00 [running]> on host 8cffaad11d99
[2024-08-07T10:49:44.615+0000] {taskinstance.py:2648} INFO - Exporting env vars: AIRFLOW_CTX_DAG_OWNER='***' AIRFLOW_CTX_DAG_ID='etl_2024-08-07' AIRFLOW_CTX_TASK_ID='fetch_the_api' AIRFLOW_CTX_EXECUTION_DATE='2024-05-13T00:00:00+00:00' AIRFLOW_CTX_TRY_NUMBER='1' AIRFLOW_CTX_DAG_RUN_ID='scheduled__2024-05-13T00:00:00+00:00'
[2024-08-07T10:49:44.615+0000] {taskinstance.py:430} INFO - ::endgroup::
[2024-08-07T10:49:44.623+0000] {subprocess.py:63} INFO - Tmp dir root location: /tmp
[2024-08-07T10:49:44.624+0000] {subprocess.py:75} INFO - Running command: ['/usr/bin/bash', '-c', 'python3 /opt/***/data/config.py']
[2024-08-07T10:49:44.632+0000] {subprocess.py:86} INFO - Output:
[2024-08-07T10:49:44.705+0000] {subprocess.py:97} INFO - Command exited with return code 0
[2024-08-07T10:49:44.705+0000] {taskinstance.py:441} INFO - ::group::Post task execution logs
[2024-08-07T10:49:44.739+0000] {taskinstance.py:1206} INFO - Marking task as SUCCESS. dag_id=etl_2024-08-07, task_id=fetch_the_api, run_id=scheduled__2024-05-13T00:00:00+00:00, execution_date=20240513T000000, start_date=20240807T104944, end_date=20240807T104944
[2024-08-07T10:49:44.838+0000] {local_task_job_runner.py:240} INFO - Task exited with return code 0
[2024-08-07T10:49:44.860+0000] {taskinstance.py:3503} INFO - 1 downstream tasks scheduled from follow-on schedule check
[2024-08-07T10:49:44.886+0000] {local_task_job_runner.py:222} INFO - ::endgroup::
