[2024-08-08T06:08:51.400+0000] {local_task_job_runner.py:120} INFO - ::group::Pre task execution logs
[2024-08-08T06:08:51.419+0000] {taskinstance.py:2076} INFO - Dependencies all met for dep_context=non-requeueable deps ti=<TaskInstance: etl_2024-08-08.log_the_data scheduled__2024-07-20T00:00:00+00:00 [queued]>
[2024-08-08T06:08:51.424+0000] {taskinstance.py:2076} INFO - Dependencies all met for dep_context=requeueable deps ti=<TaskInstance: etl_2024-08-08.log_the_data scheduled__2024-07-20T00:00:00+00:00 [queued]>
[2024-08-08T06:08:51.425+0000] {taskinstance.py:2306} INFO - Starting attempt 1 of 2
[2024-08-08T06:08:51.793+0000] {taskinstance.py:2330} INFO - Executing <Task(BashOperator): log_the_data> on 2024-07-20 00:00:00+00:00
[2024-08-08T06:08:51.803+0000] {standard_task_runner.py:63} INFO - Started process 5676 to run task
[2024-08-08T06:08:51.812+0000] {standard_task_runner.py:90} INFO - Running: ['***', 'tasks', 'run', 'etl_2024-08-08', 'log_the_data', 'scheduled__2024-07-20T00:00:00+00:00', '--job-id', '1519', '--raw', '--subdir', 'DAGS_FOLDER/final_etl.py', '--cfg-path', '/tmp/tmp132izpdf']
[2024-08-08T06:08:51.817+0000] {standard_task_runner.py:91} INFO - Job 1519: Subtask log_the_data
[2024-08-08T06:08:52.428+0000] {task_command.py:426} INFO - Running <TaskInstance: etl_2024-08-08.log_the_data scheduled__2024-07-20T00:00:00+00:00 [running]> on host 05bc191a9412
[2024-08-08T06:08:52.611+0000] {taskinstance.py:2648} INFO - Exporting env vars: AIRFLOW_CTX_DAG_OWNER='***' AIRFLOW_CTX_DAG_ID='etl_2024-08-08' AIRFLOW_CTX_TASK_ID='log_the_data' AIRFLOW_CTX_EXECUTION_DATE='2024-07-20T00:00:00+00:00' AIRFLOW_CTX_TRY_NUMBER='1' AIRFLOW_CTX_DAG_RUN_ID='scheduled__2024-07-20T00:00:00+00:00'
[2024-08-08T06:08:52.612+0000] {taskinstance.py:430} INFO - ::endgroup::
[2024-08-08T06:08:52.626+0000] {subprocess.py:63} INFO - Tmp dir root location: /tmp
[2024-08-08T06:08:52.627+0000] {subprocess.py:75} INFO - Running command: ['/usr/bin/bash', '-c', 'python3 /opt/***/data/logging_config.py']
[2024-08-08T06:08:52.633+0000] {subprocess.py:86} INFO - Output:
[2024-08-08T06:08:52.736+0000] {subprocess.py:97} INFO - Command exited with return code 0
[2024-08-08T06:08:52.737+0000] {taskinstance.py:441} INFO - ::group::Post task execution logs
[2024-08-08T06:08:52.800+0000] {taskinstance.py:1206} INFO - Marking task as SUCCESS. dag_id=etl_2024-08-08, task_id=log_the_data, run_id=scheduled__2024-07-20T00:00:00+00:00, execution_date=20240720T000000, start_date=20240808T060851, end_date=20240808T060852
[2024-08-08T06:08:52.909+0000] {local_task_job_runner.py:240} INFO - Task exited with return code 0
[2024-08-08T06:08:52.934+0000] {taskinstance.py:3503} INFO - 1 downstream tasks scheduled from follow-on schedule check
[2024-08-08T06:08:52.969+0000] {local_task_job_runner.py:222} INFO - ::endgroup::
