[2024-08-07T10:43:45.301+0000] {local_task_job_runner.py:120} INFO - ::group::Pre task execution logs
[2024-08-07T10:43:45.322+0000] {taskinstance.py:2076} INFO - Dependencies all met for dep_context=non-requeueable deps ti=<TaskInstance: etl_2024-08-07.decrypt_the_data scheduled__2024-05-22T00:00:00+00:00 [queued]>
[2024-08-07T10:43:45.327+0000] {taskinstance.py:2076} INFO - Dependencies all met for dep_context=requeueable deps ti=<TaskInstance: etl_2024-08-07.decrypt_the_data scheduled__2024-05-22T00:00:00+00:00 [queued]>
[2024-08-07T10:43:45.327+0000] {taskinstance.py:2306} INFO - Starting attempt 1 of 2
[2024-08-07T10:43:45.365+0000] {taskinstance.py:2330} INFO - Executing <Task(BashOperator): decrypt_the_data> on 2024-05-22 00:00:00+00:00
[2024-08-07T10:43:45.369+0000] {standard_task_runner.py:63} INFO - Started process 1953 to run task
[2024-08-07T10:43:45.372+0000] {standard_task_runner.py:90} INFO - Running: ['***', 'tasks', 'run', 'etl_2024-08-07', 'decrypt_the_data', 'scheduled__2024-05-22T00:00:00+00:00', '--job-id', '183', '--raw', '--subdir', 'DAGS_FOLDER/final_etl.py', '--cfg-path', '/tmp/tmpfwn2nd5b']
[2024-08-07T10:43:45.374+0000] {standard_task_runner.py:91} INFO - Job 183: Subtask decrypt_the_data
[2024-08-07T10:43:45.439+0000] {task_command.py:426} INFO - Running <TaskInstance: etl_2024-08-07.decrypt_the_data scheduled__2024-05-22T00:00:00+00:00 [running]> on host 8cffaad11d99
[2024-08-07T10:43:45.594+0000] {taskinstance.py:2648} INFO - Exporting env vars: AIRFLOW_CTX_DAG_OWNER='***' AIRFLOW_CTX_DAG_ID='etl_2024-08-07' AIRFLOW_CTX_TASK_ID='decrypt_the_data' AIRFLOW_CTX_EXECUTION_DATE='2024-05-22T00:00:00+00:00' AIRFLOW_CTX_TRY_NUMBER='1' AIRFLOW_CTX_DAG_RUN_ID='scheduled__2024-05-22T00:00:00+00:00'
[2024-08-07T10:43:45.595+0000] {taskinstance.py:430} INFO - ::endgroup::
[2024-08-07T10:43:45.602+0000] {subprocess.py:63} INFO - Tmp dir root location: /tmp
[2024-08-07T10:43:45.603+0000] {subprocess.py:75} INFO - Running command: ['/usr/bin/bash', '-c', 'python3 /opt/***/data/decryption_utils.py']
[2024-08-07T10:43:45.609+0000] {subprocess.py:86} INFO - Output:
[2024-08-07T10:43:45.709+0000] {subprocess.py:97} INFO - Command exited with return code 0
[2024-08-07T10:43:45.710+0000] {taskinstance.py:441} INFO - ::group::Post task execution logs
[2024-08-07T10:43:45.782+0000] {taskinstance.py:1206} INFO - Marking task as SUCCESS. dag_id=etl_2024-08-07, task_id=decrypt_the_data, run_id=scheduled__2024-05-22T00:00:00+00:00, execution_date=20240522T000000, start_date=20240807T104345, end_date=20240807T104345
[2024-08-07T10:43:45.864+0000] {local_task_job_runner.py:240} INFO - Task exited with return code 0
[2024-08-07T10:43:45.882+0000] {taskinstance.py:3503} INFO - 1 downstream tasks scheduled from follow-on schedule check
[2024-08-07T10:43:46.710+0000] {local_task_job_runner.py:222} INFO - ::endgroup::
[2024-08-07T10:55:10.971+0000] {local_task_job_runner.py:120} INFO - ::group::Pre task execution logs
[2024-08-07T10:55:10.994+0000] {taskinstance.py:2076} INFO - Dependencies all met for dep_context=non-requeueable deps ti=<TaskInstance: etl_2024-08-07.decrypt_the_data scheduled__2024-05-22T00:00:00+00:00 [queued]>
[2024-08-07T10:55:11.002+0000] {taskinstance.py:2076} INFO - Dependencies all met for dep_context=requeueable deps ti=<TaskInstance: etl_2024-08-07.decrypt_the_data scheduled__2024-05-22T00:00:00+00:00 [queued]>
[2024-08-07T10:55:11.002+0000] {taskinstance.py:2306} INFO - Starting attempt 1 of 2
[2024-08-07T10:55:11.067+0000] {taskinstance.py:2330} INFO - Executing <Task(BashOperator): decrypt_the_data> on 2024-05-22 00:00:00+00:00
[2024-08-07T10:55:11.070+0000] {standard_task_runner.py:63} INFO - Started process 3077 to run task
[2024-08-07T10:55:11.075+0000] {standard_task_runner.py:90} INFO - Running: ['***', 'tasks', 'run', 'etl_2024-08-07', 'decrypt_the_data', 'scheduled__2024-05-22T00:00:00+00:00', '--job-id', '457', '--raw', '--subdir', 'DAGS_FOLDER/final_etl.py', '--cfg-path', '/tmp/tmpbvwp3l15']
[2024-08-07T10:55:11.078+0000] {standard_task_runner.py:91} INFO - Job 457: Subtask decrypt_the_data
[2024-08-07T10:55:11.151+0000] {task_command.py:426} INFO - Running <TaskInstance: etl_2024-08-07.decrypt_the_data scheduled__2024-05-22T00:00:00+00:00 [running]> on host 8cffaad11d99
[2024-08-07T10:55:11.263+0000] {taskinstance.py:2648} INFO - Exporting env vars: AIRFLOW_CTX_DAG_OWNER='***' AIRFLOW_CTX_DAG_ID='etl_2024-08-07' AIRFLOW_CTX_TASK_ID='decrypt_the_data' AIRFLOW_CTX_EXECUTION_DATE='2024-05-22T00:00:00+00:00' AIRFLOW_CTX_TRY_NUMBER='1' AIRFLOW_CTX_DAG_RUN_ID='scheduled__2024-05-22T00:00:00+00:00'
[2024-08-07T10:55:11.263+0000] {taskinstance.py:430} INFO - ::endgroup::
[2024-08-07T10:55:11.271+0000] {subprocess.py:63} INFO - Tmp dir root location: /tmp
[2024-08-07T10:55:11.271+0000] {subprocess.py:75} INFO - Running command: ['/usr/bin/bash', '-c', 'python3 /opt/***/data/decryption_utils.py']
[2024-08-07T10:55:11.276+0000] {subprocess.py:86} INFO - Output:
[2024-08-07T10:55:11.367+0000] {subprocess.py:97} INFO - Command exited with return code 0
[2024-08-07T10:55:11.369+0000] {taskinstance.py:441} INFO - ::group::Post task execution logs
[2024-08-07T10:55:11.435+0000] {taskinstance.py:1206} INFO - Marking task as SUCCESS. dag_id=etl_2024-08-07, task_id=decrypt_the_data, run_id=scheduled__2024-05-22T00:00:00+00:00, execution_date=20240522T000000, start_date=20240807T105510, end_date=20240807T105511
[2024-08-07T10:55:11.527+0000] {local_task_job_runner.py:240} INFO - Task exited with return code 0
[2024-08-07T10:55:11.551+0000] {taskinstance.py:3503} INFO - 1 downstream tasks scheduled from follow-on schedule check
[2024-08-07T10:55:11.573+0000] {local_task_job_runner.py:222} INFO - ::endgroup::
