[2024-08-07T11:13:23.013+0000] {local_task_job_runner.py:120} INFO - ::group::Pre task execution logs
[2024-08-07T11:13:23.032+0000] {taskinstance.py:2076} INFO - Dependencies all met for dep_context=non-requeueable deps ti=<TaskInstance: etl_2024-08-07.decrypt_the_data manual__2024-08-07T11:13:14.069976+00:00 [queued]>
[2024-08-07T11:13:23.036+0000] {taskinstance.py:2076} INFO - Dependencies all met for dep_context=requeueable deps ti=<TaskInstance: etl_2024-08-07.decrypt_the_data manual__2024-08-07T11:13:14.069976+00:00 [queued]>
[2024-08-07T11:13:23.036+0000] {taskinstance.py:2306} INFO - Starting attempt 1 of 2
[2024-08-07T11:13:23.068+0000] {taskinstance.py:2330} INFO - Executing <Task(BashOperator): decrypt_the_data> on 2024-08-07 11:13:14.069976+00:00
[2024-08-07T11:13:23.071+0000] {standard_task_runner.py:63} INFO - Started process 5450 to run task
[2024-08-07T11:13:23.073+0000] {standard_task_runner.py:90} INFO - Running: ['***', 'tasks', 'run', 'etl_2024-08-07', 'decrypt_the_data', 'manual__2024-08-07T11:13:14.069976+00:00', '--job-id', '956', '--raw', '--subdir', 'DAGS_FOLDER/final_etl.py', '--cfg-path', '/tmp/tmpb1mg063c']
[2024-08-07T11:13:23.074+0000] {standard_task_runner.py:91} INFO - Job 956: Subtask decrypt_the_data
[2024-08-07T11:13:23.120+0000] {task_command.py:426} INFO - Running <TaskInstance: etl_2024-08-07.decrypt_the_data manual__2024-08-07T11:13:14.069976+00:00 [running]> on host 8cffaad11d99
[2024-08-07T11:13:23.220+0000] {taskinstance.py:2648} INFO - Exporting env vars: AIRFLOW_CTX_DAG_OWNER='***' AIRFLOW_CTX_DAG_ID='etl_2024-08-07' AIRFLOW_CTX_TASK_ID='decrypt_the_data' AIRFLOW_CTX_EXECUTION_DATE='2024-08-07T11:13:14.069976+00:00' AIRFLOW_CTX_TRY_NUMBER='1' AIRFLOW_CTX_DAG_RUN_ID='manual__2024-08-07T11:13:14.069976+00:00'
[2024-08-07T11:13:23.220+0000] {taskinstance.py:430} INFO - ::endgroup::
[2024-08-07T11:13:23.227+0000] {subprocess.py:63} INFO - Tmp dir root location: /tmp
[2024-08-07T11:13:23.228+0000] {subprocess.py:75} INFO - Running command: ['/usr/bin/bash', '-c', 'python3 /opt/***/data/decryption_utils.py']
[2024-08-07T11:13:23.232+0000] {subprocess.py:86} INFO - Output:
[2024-08-07T11:13:23.317+0000] {subprocess.py:97} INFO - Command exited with return code 0
[2024-08-07T11:13:23.318+0000] {taskinstance.py:441} INFO - ::group::Post task execution logs
[2024-08-07T11:13:23.428+0000] {taskinstance.py:1206} INFO - Marking task as SUCCESS. dag_id=etl_2024-08-07, task_id=decrypt_the_data, run_id=manual__2024-08-07T11:13:14.069976+00:00, execution_date=20240807T111314, start_date=20240807T111323, end_date=20240807T111323
[2024-08-07T11:13:23.566+0000] {local_task_job_runner.py:240} INFO - Task exited with return code 0
[2024-08-07T11:13:23.610+0000] {taskinstance.py:3503} INFO - 1 downstream tasks scheduled from follow-on schedule check
[2024-08-07T11:13:23.696+0000] {local_task_job_runner.py:222} INFO - ::endgroup::
