[2024-08-13T05:26:23.109+0000] {local_task_job_runner.py:120} INFO - ::group::Pre task execution logs
[2024-08-13T05:26:23.131+0000] {taskinstance.py:2076} INFO - Dependencies all met for dep_context=non-requeueable deps ti=<TaskInstance: data_migrations2024-08-13.fetch_the_api scheduled__2024-05-27T00:00:00+00:00 [queued]>
[2024-08-13T05:26:23.136+0000] {taskinstance.py:2076} INFO - Dependencies all met for dep_context=requeueable deps ti=<TaskInstance: data_migrations2024-08-13.fetch_the_api scheduled__2024-05-27T00:00:00+00:00 [queued]>
[2024-08-13T05:26:23.137+0000] {taskinstance.py:2306} INFO - Starting attempt 1 of 2
[2024-08-13T05:26:23.159+0000] {taskinstance.py:2330} INFO - Executing <Task(BashOperator): fetch_the_api> on 2024-05-27 00:00:00+00:00
[2024-08-13T05:26:23.163+0000] {standard_task_runner.py:63} INFO - Started process 1982 to run task
[2024-08-13T05:26:23.164+0000] {standard_task_runner.py:90} INFO - Running: ['***', 'tasks', 'run', 'data_migrations2024-08-13', 'fetch_the_api', 'scheduled__2024-05-27T00:00:00+00:00', '--job-id', '3236', '--raw', '--subdir', 'DAGS_FOLDER/data_migrations.py', '--cfg-path', '/tmp/tmpbjc9gsly']
[2024-08-13T05:26:23.166+0000] {standard_task_runner.py:91} INFO - Job 3236: Subtask fetch_the_api
[2024-08-13T05:26:23.214+0000] {task_command.py:426} INFO - Running <TaskInstance: data_migrations2024-08-13.fetch_the_api scheduled__2024-05-27T00:00:00+00:00 [running]> on host 22a1a79ba5d1
[2024-08-13T05:26:23.300+0000] {taskinstance.py:2648} INFO - Exporting env vars: AIRFLOW_CTX_DAG_OWNER='***' AIRFLOW_CTX_DAG_ID='data_migrations2024-08-13' AIRFLOW_CTX_TASK_ID='fetch_the_api' AIRFLOW_CTX_EXECUTION_DATE='2024-05-27T00:00:00+00:00' AIRFLOW_CTX_TRY_NUMBER='1' AIRFLOW_CTX_DAG_RUN_ID='scheduled__2024-05-27T00:00:00+00:00'
[2024-08-13T05:26:23.301+0000] {taskinstance.py:430} INFO - ::endgroup::
[2024-08-13T05:26:23.308+0000] {subprocess.py:63} INFO - Tmp dir root location: /tmp
[2024-08-13T05:26:23.308+0000] {subprocess.py:75} INFO - Running command: ['/usr/bin/bash', '-c', 'python3 /opt/***/data/etl_m12_local_db.py']
[2024-08-13T05:26:23.314+0000] {subprocess.py:86} INFO - Output:
[2024-08-13T05:26:24.242+0000] {subprocess.py:93} INFO - Database tables created successfully.
[2024-08-13T05:26:24.274+0000] {subprocess.py:97} INFO - Command exited with return code 0
[2024-08-13T05:26:24.275+0000] {taskinstance.py:441} INFO - ::group::Post task execution logs
[2024-08-13T05:26:24.350+0000] {taskinstance.py:1206} INFO - Marking task as SUCCESS. dag_id=data_migrations2024-08-13, task_id=fetch_the_api, run_id=scheduled__2024-05-27T00:00:00+00:00, execution_date=20240527T000000, start_date=20240813T052623, end_date=20240813T052624
[2024-08-13T05:26:24.421+0000] {local_task_job_runner.py:240} INFO - Task exited with return code 0
[2024-08-13T05:26:24.454+0000] {taskinstance.py:3503} INFO - 0 downstream tasks scheduled from follow-on schedule check
[2024-08-13T05:26:24.479+0000] {local_task_job_runner.py:222} INFO - ::endgroup::
