[2024-08-13T05:29:39.922+0000] {local_task_job_runner.py:120} INFO - ::group::Pre task execution logs
[2024-08-13T05:29:39.938+0000] {taskinstance.py:2076} INFO - Dependencies all met for dep_context=non-requeueable deps ti=<TaskInstance: data_migrations2024-08-13.table_created scheduled__2024-08-04T00:00:00+00:00 [queued]>
[2024-08-13T05:29:39.942+0000] {taskinstance.py:2076} INFO - Dependencies all met for dep_context=requeueable deps ti=<TaskInstance: data_migrations2024-08-13.table_created scheduled__2024-08-04T00:00:00+00:00 [queued]>
[2024-08-13T05:29:39.942+0000] {taskinstance.py:2306} INFO - Starting attempt 1 of 2
[2024-08-13T05:29:39.973+0000] {taskinstance.py:2330} INFO - Executing <Task(BashOperator): table_created> on 2024-08-04 00:00:00+00:00
[2024-08-13T05:29:39.977+0000] {standard_task_runner.py:63} INFO - Started process 2498 to run task
[2024-08-13T05:29:39.980+0000] {standard_task_runner.py:90} INFO - Running: ['***', 'tasks', 'run', 'data_migrations2024-08-13', 'table_created', 'scheduled__2024-08-04T00:00:00+00:00', '--job-id', '3375', '--raw', '--subdir', 'DAGS_FOLDER/data_migrations.py', '--cfg-path', '/tmp/tmp9hwwmwgg']
[2024-08-13T05:29:39.982+0000] {standard_task_runner.py:91} INFO - Job 3375: Subtask table_created
[2024-08-13T05:29:40.058+0000] {task_command.py:426} INFO - Running <TaskInstance: data_migrations2024-08-13.table_created scheduled__2024-08-04T00:00:00+00:00 [running]> on host 22a1a79ba5d1
[2024-08-13T05:29:40.177+0000] {taskinstance.py:2648} INFO - Exporting env vars: AIRFLOW_CTX_DAG_OWNER='***' AIRFLOW_CTX_DAG_ID='data_migrations2024-08-13' AIRFLOW_CTX_TASK_ID='table_created' AIRFLOW_CTX_EXECUTION_DATE='2024-08-04T00:00:00+00:00' AIRFLOW_CTX_TRY_NUMBER='1' AIRFLOW_CTX_DAG_RUN_ID='scheduled__2024-08-04T00:00:00+00:00'
[2024-08-13T05:29:40.177+0000] {taskinstance.py:430} INFO - ::endgroup::
[2024-08-13T05:29:40.184+0000] {subprocess.py:63} INFO - Tmp dir root location: /tmp
[2024-08-13T05:29:40.184+0000] {subprocess.py:75} INFO - Running command: ['/usr/bin/bash', '-c', 'python3 /opt/***/data/database.py']
[2024-08-13T05:29:40.190+0000] {subprocess.py:86} INFO - Output:
[2024-08-13T05:29:40.468+0000] {subprocess.py:97} INFO - Command exited with return code 0
[2024-08-13T05:29:40.469+0000] {taskinstance.py:441} INFO - ::group::Post task execution logs
[2024-08-13T05:29:40.517+0000] {taskinstance.py:1206} INFO - Marking task as SUCCESS. dag_id=data_migrations2024-08-13, task_id=table_created, run_id=scheduled__2024-08-04T00:00:00+00:00, execution_date=20240804T000000, start_date=20240813T052939, end_date=20240813T052940
[2024-08-13T05:29:40.553+0000] {local_task_job_runner.py:240} INFO - Task exited with return code 0
[2024-08-13T05:29:40.565+0000] {taskinstance.py:3503} INFO - 1 downstream tasks scheduled from follow-on schedule check
[2024-08-13T05:29:40.582+0000] {local_task_job_runner.py:222} INFO - ::endgroup::
