[2024-08-07T10:48:59.306+0000] {local_task_job_runner.py:120} INFO - ::group::Pre task execution logs
[2024-08-07T10:48:59.328+0000] {taskinstance.py:2076} INFO - Dependencies all met for dep_context=non-requeueable deps ti=<TaskInstance: etl_2024-08-07.log_the_data scheduled__2024-05-27T00:00:00+00:00 [queued]>
[2024-08-07T10:48:59.332+0000] {taskinstance.py:2076} INFO - Dependencies all met for dep_context=requeueable deps ti=<TaskInstance: etl_2024-08-07.log_the_data scheduled__2024-05-27T00:00:00+00:00 [queued]>
[2024-08-07T10:48:59.332+0000] {taskinstance.py:2306} INFO - Starting attempt 1 of 2
[2024-08-07T10:48:59.541+0000] {taskinstance.py:2330} INFO - Executing <Task(BashOperator): log_the_data> on 2024-05-27 00:00:00+00:00
[2024-08-07T10:48:59.552+0000] {standard_task_runner.py:63} INFO - Started process 2270 to run task
[2024-08-07T10:48:59.554+0000] {standard_task_runner.py:90} INFO - Running: ['***', 'tasks', 'run', 'etl_2024-08-07', 'log_the_data', 'scheduled__2024-05-27T00:00:00+00:00', '--job-id', '242', '--raw', '--subdir', 'DAGS_FOLDER/final_etl.py', '--cfg-path', '/tmp/tmpcdvj3bmu']
[2024-08-07T10:48:59.556+0000] {standard_task_runner.py:91} INFO - Job 242: Subtask log_the_data
[2024-08-07T10:48:59.737+0000] {task_command.py:426} INFO - Running <TaskInstance: etl_2024-08-07.log_the_data scheduled__2024-05-27T00:00:00+00:00 [running]> on host 8cffaad11d99
[2024-08-07T10:48:59.852+0000] {taskinstance.py:2648} INFO - Exporting env vars: AIRFLOW_CTX_DAG_OWNER='***' AIRFLOW_CTX_DAG_ID='etl_2024-08-07' AIRFLOW_CTX_TASK_ID='log_the_data' AIRFLOW_CTX_EXECUTION_DATE='2024-05-27T00:00:00+00:00' AIRFLOW_CTX_TRY_NUMBER='1' AIRFLOW_CTX_DAG_RUN_ID='scheduled__2024-05-27T00:00:00+00:00'
[2024-08-07T10:48:59.854+0000] {taskinstance.py:430} INFO - ::endgroup::
[2024-08-07T10:48:59.862+0000] {subprocess.py:63} INFO - Tmp dir root location: /tmp
[2024-08-07T10:48:59.862+0000] {subprocess.py:75} INFO - Running command: ['/usr/bin/bash', '-c', 'python3 /opt/***/data/logging_config.py']
[2024-08-07T10:48:59.869+0000] {subprocess.py:86} INFO - Output:
[2024-08-07T10:48:59.973+0000] {subprocess.py:97} INFO - Command exited with return code 0
[2024-08-07T10:48:59.973+0000] {taskinstance.py:441} INFO - ::group::Post task execution logs
[2024-08-07T10:49:00.007+0000] {taskinstance.py:1206} INFO - Marking task as SUCCESS. dag_id=etl_2024-08-07, task_id=log_the_data, run_id=scheduled__2024-05-27T00:00:00+00:00, execution_date=20240527T000000, start_date=20240807T104859, end_date=20240807T104900
[2024-08-07T10:49:00.089+0000] {local_task_job_runner.py:240} INFO - Task exited with return code 0
[2024-08-07T10:49:00.106+0000] {taskinstance.py:3503} INFO - 1 downstream tasks scheduled from follow-on schedule check
[2024-08-07T10:49:00.123+0000] {local_task_job_runner.py:222} INFO - ::endgroup::
[2024-08-07T10:55:10.989+0000] {local_task_job_runner.py:120} INFO - ::group::Pre task execution logs
[2024-08-07T10:55:11.017+0000] {taskinstance.py:2076} INFO - Dependencies all met for dep_context=non-requeueable deps ti=<TaskInstance: etl_2024-08-07.log_the_data scheduled__2024-05-27T00:00:00+00:00 [queued]>
[2024-08-07T10:55:11.022+0000] {taskinstance.py:2076} INFO - Dependencies all met for dep_context=requeueable deps ti=<TaskInstance: etl_2024-08-07.log_the_data scheduled__2024-05-27T00:00:00+00:00 [queued]>
[2024-08-07T10:55:11.022+0000] {taskinstance.py:2306} INFO - Starting attempt 1 of 2
[2024-08-07T10:55:11.067+0000] {taskinstance.py:2330} INFO - Executing <Task(BashOperator): log_the_data> on 2024-05-27 00:00:00+00:00
[2024-08-07T10:55:11.071+0000] {standard_task_runner.py:63} INFO - Started process 3079 to run task
[2024-08-07T10:55:11.075+0000] {standard_task_runner.py:90} INFO - Running: ['***', 'tasks', 'run', 'etl_2024-08-07', 'log_the_data', 'scheduled__2024-05-27T00:00:00+00:00', '--job-id', '462', '--raw', '--subdir', 'DAGS_FOLDER/final_etl.py', '--cfg-path', '/tmp/tmp288yf09q']
[2024-08-07T10:55:11.078+0000] {standard_task_runner.py:91} INFO - Job 462: Subtask log_the_data
[2024-08-07T10:55:11.150+0000] {task_command.py:426} INFO - Running <TaskInstance: etl_2024-08-07.log_the_data scheduled__2024-05-27T00:00:00+00:00 [running]> on host 8cffaad11d99
[2024-08-07T10:55:11.262+0000] {taskinstance.py:2648} INFO - Exporting env vars: AIRFLOW_CTX_DAG_OWNER='***' AIRFLOW_CTX_DAG_ID='etl_2024-08-07' AIRFLOW_CTX_TASK_ID='log_the_data' AIRFLOW_CTX_EXECUTION_DATE='2024-05-27T00:00:00+00:00' AIRFLOW_CTX_TRY_NUMBER='1' AIRFLOW_CTX_DAG_RUN_ID='scheduled__2024-05-27T00:00:00+00:00'
[2024-08-07T10:55:11.263+0000] {taskinstance.py:430} INFO - ::endgroup::
[2024-08-07T10:55:11.270+0000] {subprocess.py:63} INFO - Tmp dir root location: /tmp
[2024-08-07T10:55:11.270+0000] {subprocess.py:75} INFO - Running command: ['/usr/bin/bash', '-c', 'python3 /opt/***/data/logging_config.py']
[2024-08-07T10:55:11.276+0000] {subprocess.py:86} INFO - Output:
[2024-08-07T10:55:11.359+0000] {subprocess.py:97} INFO - Command exited with return code 0
[2024-08-07T10:55:11.359+0000] {taskinstance.py:441} INFO - ::group::Post task execution logs
[2024-08-07T10:55:11.407+0000] {taskinstance.py:1206} INFO - Marking task as SUCCESS. dag_id=etl_2024-08-07, task_id=log_the_data, run_id=scheduled__2024-05-27T00:00:00+00:00, execution_date=20240527T000000, start_date=20240807T105511, end_date=20240807T105511
[2024-08-07T10:55:11.528+0000] {local_task_job_runner.py:240} INFO - Task exited with return code 0
[2024-08-07T10:55:11.557+0000] {taskinstance.py:3503} INFO - 1 downstream tasks scheduled from follow-on schedule check
[2024-08-07T10:55:11.592+0000] {local_task_job_runner.py:222} INFO - ::endgroup::
