[2024-08-07T10:48:43.380+0000] {local_task_job_runner.py:120} INFO - ::group::Pre task execution logs
[2024-08-07T10:48:43.397+0000] {taskinstance.py:2076} INFO - Dependencies all met for dep_context=non-requeueable deps ti=<TaskInstance: etl_2024-08-07.final_etl_processing scheduled__2024-05-07T00:00:00+00:00 [queued]>
[2024-08-07T10:48:43.401+0000] {taskinstance.py:2076} INFO - Dependencies all met for dep_context=requeueable deps ti=<TaskInstance: etl_2024-08-07.final_etl_processing scheduled__2024-05-07T00:00:00+00:00 [queued]>
[2024-08-07T10:48:43.401+0000] {taskinstance.py:2306} INFO - Starting attempt 2 of 2
[2024-08-07T10:48:43.430+0000] {taskinstance.py:2330} INFO - Executing <Task(BashOperator): final_etl_processing> on 2024-05-07 00:00:00+00:00
[2024-08-07T10:48:43.432+0000] {standard_task_runner.py:63} INFO - Started process 2163 to run task
[2024-08-07T10:48:43.434+0000] {standard_task_runner.py:90} INFO - Running: ['***', 'tasks', 'run', 'etl_2024-08-07', 'final_etl_processing', 'scheduled__2024-05-07T00:00:00+00:00', '--job-id', '201', '--raw', '--subdir', 'DAGS_FOLDER/final_etl.py', '--cfg-path', '/tmp/tmp08tysvnw']
[2024-08-07T10:48:43.435+0000] {standard_task_runner.py:91} INFO - Job 201: Subtask final_etl_processing
[2024-08-07T10:48:43.478+0000] {task_command.py:426} INFO - Running <TaskInstance: etl_2024-08-07.final_etl_processing scheduled__2024-05-07T00:00:00+00:00 [running]> on host 8cffaad11d99
[2024-08-07T10:48:43.530+0000] {abstractoperator.py:725} ERROR - Exception rendering Jinja template for task 'final_etl_processing', field 'bash_command'. Template: "python3 /opt/***/data/etl_m12.py --connection {{ var.value.data_dev_connection }} --csv '{{ task_instance.xcom_pull(task_ids='fetch_the_api') }}'"
Traceback (most recent call last):
  File "/home/airflow/.local/lib/python3.9/site-packages/airflow/models/abstractoperator.py", line 717, in _do_render_template_fields
    rendered_content = self.render_template(
  File "/home/airflow/.local/lib/python3.9/site-packages/airflow/template/templater.py", line 169, in render_template
    return self._render(template, context)
  File "/home/airflow/.local/lib/python3.9/site-packages/airflow/models/abstractoperator.py", line 675, in _render
    return super()._render(template, context, dag=dag)
  File "/home/airflow/.local/lib/python3.9/site-packages/airflow/template/templater.py", line 126, in _render
    return render_template_to_string(template, context)
  File "/home/airflow/.local/lib/python3.9/site-packages/airflow/utils/helpers.py", line 289, in render_template_to_string
    return render_template(template, cast(MutableMapping[str, Any], context), native=False)
  File "/home/airflow/.local/lib/python3.9/site-packages/airflow/utils/helpers.py", line 284, in render_template
    return "".join(nodes)
  File "<template>", line 14, in root
  File "/home/airflow/.local/lib/python3.9/site-packages/jinja2/sandbox.py", line 327, in getattr
    value = getattr(obj, attribute)
  File "/home/airflow/.local/lib/python3.9/site-packages/airflow/utils/context.py", line 110, in __getattr__
    self.var = Variable.get(key, deserialize_json=self._deserialize_json)
  File "/home/airflow/.local/lib/python3.9/site-packages/airflow/models/variable.py", line 143, in get
    raise KeyError(f"Variable {key} does not exist")
KeyError: 'Variable data_dev_connection does not exist'
[2024-08-07T10:48:43.531+0000] {taskinstance.py:2905} ERROR - Task failed with exception
Traceback (most recent call last):
  File "/home/airflow/.local/lib/python3.9/site-packages/airflow/models/taskinstance.py", line 2479, in _run_raw_task
    self._execute_task_with_callbacks(context, test_mode, session=session)
  File "/home/airflow/.local/lib/python3.9/site-packages/airflow/models/taskinstance.py", line 2633, in _execute_task_with_callbacks
    task_orig = self.render_templates(context=context, jinja_env=jinja_env)
  File "/home/airflow/.local/lib/python3.9/site-packages/airflow/models/taskinstance.py", line 3094, in render_templates
    original_task.render_template_fields(context, jinja_env)
  File "/home/airflow/.local/lib/python3.9/site-packages/airflow/models/baseoperator.py", line 1337, in render_template_fields
    self._do_render_template_fields(self, self.template_fields, context, jinja_env, set())
  File "/home/airflow/.local/lib/python3.9/site-packages/airflow/models/abstractoperator.py", line 717, in _do_render_template_fields
    rendered_content = self.render_template(
  File "/home/airflow/.local/lib/python3.9/site-packages/airflow/template/templater.py", line 169, in render_template
    return self._render(template, context)
  File "/home/airflow/.local/lib/python3.9/site-packages/airflow/models/abstractoperator.py", line 675, in _render
    return super()._render(template, context, dag=dag)
  File "/home/airflow/.local/lib/python3.9/site-packages/airflow/template/templater.py", line 126, in _render
    return render_template_to_string(template, context)
  File "/home/airflow/.local/lib/python3.9/site-packages/airflow/utils/helpers.py", line 289, in render_template_to_string
    return render_template(template, cast(MutableMapping[str, Any], context), native=False)
  File "/home/airflow/.local/lib/python3.9/site-packages/airflow/utils/helpers.py", line 284, in render_template
    return "".join(nodes)
  File "<template>", line 14, in root
  File "/home/airflow/.local/lib/python3.9/site-packages/jinja2/sandbox.py", line 327, in getattr
    value = getattr(obj, attribute)
  File "/home/airflow/.local/lib/python3.9/site-packages/airflow/utils/context.py", line 110, in __getattr__
    self.var = Variable.get(key, deserialize_json=self._deserialize_json)
  File "/home/airflow/.local/lib/python3.9/site-packages/airflow/models/variable.py", line 143, in get
    raise KeyError(f"Variable {key} does not exist")
KeyError: 'Variable data_dev_connection does not exist'
[2024-08-07T10:48:43.537+0000] {taskinstance.py:1206} INFO - Marking task as FAILED. dag_id=etl_2024-08-07, task_id=final_etl_processing, run_id=scheduled__2024-05-07T00:00:00+00:00, execution_date=20240507T000000, start_date=20240807T104843, end_date=20240807T104843
[2024-08-07T10:48:43.558+0000] {standard_task_runner.py:110} ERROR - Failed to execute job 201 for task final_etl_processing ('Variable data_dev_connection does not exist'; 2163)
[2024-08-07T10:48:43.566+0000] {local_task_job_runner.py:240} INFO - Task exited with return code 1
[2024-08-07T10:48:43.580+0000] {taskinstance.py:3503} INFO - 0 downstream tasks scheduled from follow-on schedule check
[2024-08-07T10:48:43.592+0000] {local_task_job_runner.py:222} INFO - ::endgroup::
[2024-08-07T10:54:51.989+0000] {local_task_job_runner.py:120} INFO - ::group::Pre task execution logs
[2024-08-07T10:54:52.007+0000] {taskinstance.py:2076} INFO - Dependencies all met for dep_context=non-requeueable deps ti=<TaskInstance: etl_2024-08-07.final_etl_processing scheduled__2024-05-07T00:00:00+00:00 [queued]>
[2024-08-07T10:54:52.011+0000] {taskinstance.py:2076} INFO - Dependencies all met for dep_context=requeueable deps ti=<TaskInstance: etl_2024-08-07.final_etl_processing scheduled__2024-05-07T00:00:00+00:00 [queued]>
[2024-08-07T10:54:52.011+0000] {taskinstance.py:2306} INFO - Starting attempt 2 of 2
[2024-08-07T10:54:52.029+0000] {taskinstance.py:2330} INFO - Executing <Task(BashOperator): final_etl_processing> on 2024-05-07 00:00:00+00:00
[2024-08-07T10:54:52.033+0000] {standard_task_runner.py:63} INFO - Started process 2943 to run task
[2024-08-07T10:54:52.036+0000] {standard_task_runner.py:90} INFO - Running: ['***', 'tasks', 'run', 'etl_2024-08-07', 'final_etl_processing', 'scheduled__2024-05-07T00:00:00+00:00', '--job-id', '413', '--raw', '--subdir', 'DAGS_FOLDER/final_etl.py', '--cfg-path', '/tmp/tmp4kit6fmk']
[2024-08-07T10:54:52.038+0000] {standard_task_runner.py:91} INFO - Job 413: Subtask final_etl_processing
[2024-08-07T10:54:52.092+0000] {task_command.py:426} INFO - Running <TaskInstance: etl_2024-08-07.final_etl_processing scheduled__2024-05-07T00:00:00+00:00 [running]> on host 8cffaad11d99
[2024-08-07T10:54:52.139+0000] {abstractoperator.py:725} ERROR - Exception rendering Jinja template for task 'final_etl_processing', field 'bash_command'. Template: "python3 /opt/***/data/etl_m12.py --connection {{ var.value.data_dev_connection }} --csv '{{ task_instance.xcom_pull(task_ids='fetch_the_api') }}'"
Traceback (most recent call last):
  File "/home/airflow/.local/lib/python3.9/site-packages/airflow/models/abstractoperator.py", line 717, in _do_render_template_fields
    rendered_content = self.render_template(
  File "/home/airflow/.local/lib/python3.9/site-packages/airflow/template/templater.py", line 169, in render_template
    return self._render(template, context)
  File "/home/airflow/.local/lib/python3.9/site-packages/airflow/models/abstractoperator.py", line 675, in _render
    return super()._render(template, context, dag=dag)
  File "/home/airflow/.local/lib/python3.9/site-packages/airflow/template/templater.py", line 126, in _render
    return render_template_to_string(template, context)
  File "/home/airflow/.local/lib/python3.9/site-packages/airflow/utils/helpers.py", line 289, in render_template_to_string
    return render_template(template, cast(MutableMapping[str, Any], context), native=False)
  File "/home/airflow/.local/lib/python3.9/site-packages/airflow/utils/helpers.py", line 284, in render_template
    return "".join(nodes)
  File "<template>", line 14, in root
  File "/home/airflow/.local/lib/python3.9/site-packages/jinja2/sandbox.py", line 327, in getattr
    value = getattr(obj, attribute)
  File "/home/airflow/.local/lib/python3.9/site-packages/airflow/utils/context.py", line 110, in __getattr__
    self.var = Variable.get(key, deserialize_json=self._deserialize_json)
  File "/home/airflow/.local/lib/python3.9/site-packages/airflow/models/variable.py", line 143, in get
    raise KeyError(f"Variable {key} does not exist")
KeyError: 'Variable data_dev_connection does not exist'
[2024-08-07T10:54:52.140+0000] {taskinstance.py:2905} ERROR - Task failed with exception
Traceback (most recent call last):
  File "/home/airflow/.local/lib/python3.9/site-packages/airflow/models/taskinstance.py", line 2479, in _run_raw_task
    self._execute_task_with_callbacks(context, test_mode, session=session)
  File "/home/airflow/.local/lib/python3.9/site-packages/airflow/models/taskinstance.py", line 2633, in _execute_task_with_callbacks
    task_orig = self.render_templates(context=context, jinja_env=jinja_env)
  File "/home/airflow/.local/lib/python3.9/site-packages/airflow/models/taskinstance.py", line 3094, in render_templates
    original_task.render_template_fields(context, jinja_env)
  File "/home/airflow/.local/lib/python3.9/site-packages/airflow/models/baseoperator.py", line 1337, in render_template_fields
    self._do_render_template_fields(self, self.template_fields, context, jinja_env, set())
  File "/home/airflow/.local/lib/python3.9/site-packages/airflow/models/abstractoperator.py", line 717, in _do_render_template_fields
    rendered_content = self.render_template(
  File "/home/airflow/.local/lib/python3.9/site-packages/airflow/template/templater.py", line 169, in render_template
    return self._render(template, context)
  File "/home/airflow/.local/lib/python3.9/site-packages/airflow/models/abstractoperator.py", line 675, in _render
    return super()._render(template, context, dag=dag)
  File "/home/airflow/.local/lib/python3.9/site-packages/airflow/template/templater.py", line 126, in _render
    return render_template_to_string(template, context)
  File "/home/airflow/.local/lib/python3.9/site-packages/airflow/utils/helpers.py", line 289, in render_template_to_string
    return render_template(template, cast(MutableMapping[str, Any], context), native=False)
  File "/home/airflow/.local/lib/python3.9/site-packages/airflow/utils/helpers.py", line 284, in render_template
    return "".join(nodes)
  File "<template>", line 14, in root
  File "/home/airflow/.local/lib/python3.9/site-packages/jinja2/sandbox.py", line 327, in getattr
    value = getattr(obj, attribute)
  File "/home/airflow/.local/lib/python3.9/site-packages/airflow/utils/context.py", line 110, in __getattr__
    self.var = Variable.get(key, deserialize_json=self._deserialize_json)
  File "/home/airflow/.local/lib/python3.9/site-packages/airflow/models/variable.py", line 143, in get
    raise KeyError(f"Variable {key} does not exist")
KeyError: 'Variable data_dev_connection does not exist'
[2024-08-07T10:54:52.147+0000] {taskinstance.py:1206} INFO - Marking task as FAILED. dag_id=etl_2024-08-07, task_id=final_etl_processing, run_id=scheduled__2024-05-07T00:00:00+00:00, execution_date=20240507T000000, start_date=20240807T105452, end_date=20240807T105452
[2024-08-07T10:54:52.173+0000] {standard_task_runner.py:110} ERROR - Failed to execute job 413 for task final_etl_processing ('Variable data_dev_connection does not exist'; 2943)
[2024-08-07T10:54:52.208+0000] {local_task_job_runner.py:240} INFO - Task exited with return code 1
[2024-08-07T10:54:52.222+0000] {taskinstance.py:3503} INFO - 0 downstream tasks scheduled from follow-on schedule check
[2024-08-07T10:54:52.237+0000] {local_task_job_runner.py:222} INFO - ::endgroup::
