[2024-08-21T06:25:52.697+0000] {local_task_job_runner.py:120} INFO - ::group::Pre task execution logs
[2024-08-21T06:25:52.720+0000] {taskinstance.py:2076} INFO - Dependencies all met for dep_context=non-requeueable deps ti=<TaskInstance: etl_22024-08-21.decrypt_the_data scheduled__2024-07-11T00:00:00+00:00 [queued]>
[2024-08-21T06:25:52.725+0000] {taskinstance.py:2076} INFO - Dependencies all met for dep_context=requeueable deps ti=<TaskInstance: etl_22024-08-21.decrypt_the_data scheduled__2024-07-11T00:00:00+00:00 [queued]>
[2024-08-21T06:25:52.726+0000] {taskinstance.py:2306} INFO - Starting attempt 1 of 2
[2024-08-21T06:25:52.734+0000] {taskinstance.py:2330} INFO - Executing <Task(BashOperator): decrypt_the_data> on 2024-07-11 00:00:00+00:00
[2024-08-21T06:25:52.740+0000] {logging_mixin.py:188} WARNING - /home/***/.local/lib/python3.12/site-packages/***/task/task_runner/standard_task_runner.py:61 DeprecationWarning: This process (pid=3554) is multi-threaded, use of fork() may lead to deadlocks in the child.
[2024-08-21T06:25:52.743+0000] {standard_task_runner.py:63} INFO - Started process 3559 to run task
[2024-08-21T06:25:52.743+0000] {standard_task_runner.py:90} INFO - Running: ['***', 'tasks', 'run', 'etl_22024-08-21', 'decrypt_the_data', 'scheduled__2024-07-11T00:00:00+00:00', '--job-id', '548', '--raw', '--subdir', 'DAGS_FOLDER/final_etl.py', '--cfg-path', '/tmp/tmpba52r42e']
[2024-08-21T06:25:52.745+0000] {standard_task_runner.py:91} INFO - Job 548: Subtask decrypt_the_data
[2024-08-21T06:25:52.835+0000] {task_command.py:426} INFO - Running <TaskInstance: etl_22024-08-21.decrypt_the_data scheduled__2024-07-11T00:00:00+00:00 [running]> on host 7e1333882d71
[2024-08-21T06:25:52.917+0000] {taskinstance.py:2648} INFO - Exporting env vars: AIRFLOW_CTX_DAG_OWNER='***' AIRFLOW_CTX_DAG_ID='etl_22024-08-21' AIRFLOW_CTX_TASK_ID='decrypt_the_data' AIRFLOW_CTX_EXECUTION_DATE='2024-07-11T00:00:00+00:00' AIRFLOW_CTX_TRY_NUMBER='1' AIRFLOW_CTX_DAG_RUN_ID='scheduled__2024-07-11T00:00:00+00:00'
[2024-08-21T06:25:52.918+0000] {taskinstance.py:430} INFO - ::endgroup::
[2024-08-21T06:25:52.944+0000] {subprocess.py:63} INFO - Tmp dir root location: /tmp
[2024-08-21T06:25:52.946+0000] {subprocess.py:75} INFO - Running command: ['/usr/bin/bash', '-c', 'python3 /opt/***/data/decryption_utils.py']
[2024-08-21T06:25:52.959+0000] {subprocess.py:86} INFO - Output:
[2024-08-21T06:25:53.160+0000] {subprocess.py:97} INFO - Command exited with return code 0
[2024-08-21T06:25:53.164+0000] {taskinstance.py:441} INFO - ::group::Post task execution logs
[2024-08-21T06:25:53.234+0000] {taskinstance.py:1206} INFO - Marking task as SUCCESS. dag_id=etl_22024-08-21, task_id=decrypt_the_data, run_id=scheduled__2024-07-11T00:00:00+00:00, execution_date=20240711T000000, start_date=20240821T062552, end_date=20240821T062553
[2024-08-21T06:25:53.295+0000] {local_task_job_runner.py:240} INFO - Task exited with return code 0
[2024-08-21T06:25:53.439+0000] {taskinstance.py:3503} INFO - 1 downstream tasks scheduled from follow-on schedule check
[2024-08-21T06:25:53.441+0000] {local_task_job_runner.py:222} INFO - ::endgroup::
