[2024-08-07T10:40:43.364+0000] {local_task_job_runner.py:120} INFO - ::group::Pre task execution logs
[2024-08-07T10:40:43.384+0000] {taskinstance.py:2076} INFO - Dependencies all met for dep_context=non-requeueable deps ti=<TaskInstance: data_migrations2024-08-07.fetch_the_api scheduled__2024-07-09T00:00:00+00:00 [queued]>
[2024-08-07T10:40:43.388+0000] {taskinstance.py:2076} INFO - Dependencies all met for dep_context=requeueable deps ti=<TaskInstance: data_migrations2024-08-07.fetch_the_api scheduled__2024-07-09T00:00:00+00:00 [queued]>
[2024-08-07T10:40:43.388+0000] {taskinstance.py:2306} INFO - Starting attempt 1 of 2
[2024-08-07T10:40:43.515+0000] {taskinstance.py:2330} INFO - Executing <Task(BashOperator): fetch_the_api> on 2024-07-09 00:00:00+00:00
[2024-08-07T10:40:43.518+0000] {standard_task_runner.py:63} INFO - Started process 1520 to run task
[2024-08-07T10:40:43.520+0000] {standard_task_runner.py:90} INFO - Running: ['***', 'tasks', 'run', 'data_migrations2024-08-07', 'fetch_the_api', 'scheduled__2024-07-09T00:00:00+00:00', '--job-id', '66', '--raw', '--subdir', 'DAGS_FOLDER/data_migrations.py', '--cfg-path', '/tmp/tmpzr_rpzfc']
[2024-08-07T10:40:43.521+0000] {standard_task_runner.py:91} INFO - Job 66: Subtask fetch_the_api
[2024-08-07T10:40:43.575+0000] {task_command.py:426} INFO - Running <TaskInstance: data_migrations2024-08-07.fetch_the_api scheduled__2024-07-09T00:00:00+00:00 [running]> on host 8cffaad11d99
[2024-08-07T10:40:43.699+0000] {taskinstance.py:2648} INFO - Exporting env vars: AIRFLOW_CTX_DAG_OWNER='***' AIRFLOW_CTX_DAG_ID='data_migrations2024-08-07' AIRFLOW_CTX_TASK_ID='fetch_the_api' AIRFLOW_CTX_EXECUTION_DATE='2024-07-09T00:00:00+00:00' AIRFLOW_CTX_TRY_NUMBER='1' AIRFLOW_CTX_DAG_RUN_ID='scheduled__2024-07-09T00:00:00+00:00'
[2024-08-07T10:40:43.700+0000] {taskinstance.py:430} INFO - ::endgroup::
[2024-08-07T10:40:43.712+0000] {subprocess.py:63} INFO - Tmp dir root location: /tmp
[2024-08-07T10:40:43.713+0000] {subprocess.py:75} INFO - Running command: ['/usr/bin/bash', '-c', 'python3 /opt/***/data/etl_m12_local_db.py']
[2024-08-07T10:40:43.723+0000] {subprocess.py:86} INFO - Output:
[2024-08-07T10:40:44.575+0000] {subprocess.py:93} INFO - Database tables created successfully.
[2024-08-07T10:40:44.615+0000] {subprocess.py:97} INFO - Command exited with return code 0
[2024-08-07T10:40:44.616+0000] {taskinstance.py:441} INFO - ::group::Post task execution logs
[2024-08-07T10:40:44.655+0000] {taskinstance.py:1206} INFO - Marking task as SUCCESS. dag_id=data_migrations2024-08-07, task_id=fetch_the_api, run_id=scheduled__2024-07-09T00:00:00+00:00, execution_date=20240709T000000, start_date=20240807T104043, end_date=20240807T104044
[2024-08-07T10:40:44.696+0000] {local_task_job_runner.py:240} INFO - Task exited with return code 0
[2024-08-07T10:40:44.728+0000] {taskinstance.py:3503} INFO - 0 downstream tasks scheduled from follow-on schedule check
[2024-08-07T10:40:44.747+0000] {local_task_job_runner.py:222} INFO - ::endgroup::
