[2024-08-21T06:26:03.448+0000] {local_task_job_runner.py:120} INFO - ::group::Pre task execution logs
[2024-08-21T06:26:03.480+0000] {taskinstance.py:2076} INFO - Dependencies all met for dep_context=non-requeueable deps ti=<TaskInstance: etl_22024-08-21.decrypt_the_data scheduled__2024-07-14T00:00:00+00:00 [queued]>
[2024-08-21T06:26:03.486+0000] {taskinstance.py:2076} INFO - Dependencies all met for dep_context=requeueable deps ti=<TaskInstance: etl_22024-08-21.decrypt_the_data scheduled__2024-07-14T00:00:00+00:00 [queued]>
[2024-08-21T06:26:03.487+0000] {taskinstance.py:2306} INFO - Starting attempt 1 of 2
[2024-08-21T06:26:03.499+0000] {taskinstance.py:2330} INFO - Executing <Task(BashOperator): decrypt_the_data> on 2024-07-14 00:00:00+00:00
[2024-08-21T06:26:03.505+0000] {logging_mixin.py:188} WARNING - /home/***/.local/lib/python3.12/site-packages/***/task/task_runner/standard_task_runner.py:61 DeprecationWarning: This process (pid=3666) is multi-threaded, use of fork() may lead to deadlocks in the child.
[2024-08-21T06:26:03.504+0000] {standard_task_runner.py:90} INFO - Running: ['***', 'tasks', 'run', 'etl_22024-08-21', 'decrypt_the_data', 'scheduled__2024-07-14T00:00:00+00:00', '--job-id', '574', '--raw', '--subdir', 'DAGS_FOLDER/final_etl.py', '--cfg-path', '/tmp/tmp5wudwxrq']
[2024-08-21T06:26:03.506+0000] {standard_task_runner.py:63} INFO - Started process 3670 to run task
[2024-08-21T06:26:03.506+0000] {standard_task_runner.py:91} INFO - Job 574: Subtask decrypt_the_data
[2024-08-21T06:26:03.542+0000] {task_command.py:426} INFO - Running <TaskInstance: etl_22024-08-21.decrypt_the_data scheduled__2024-07-14T00:00:00+00:00 [running]> on host 7e1333882d71
[2024-08-21T06:26:03.595+0000] {taskinstance.py:2648} INFO - Exporting env vars: AIRFLOW_CTX_DAG_OWNER='***' AIRFLOW_CTX_DAG_ID='etl_22024-08-21' AIRFLOW_CTX_TASK_ID='decrypt_the_data' AIRFLOW_CTX_EXECUTION_DATE='2024-07-14T00:00:00+00:00' AIRFLOW_CTX_TRY_NUMBER='1' AIRFLOW_CTX_DAG_RUN_ID='scheduled__2024-07-14T00:00:00+00:00'
[2024-08-21T06:26:03.596+0000] {taskinstance.py:430} INFO - ::endgroup::
[2024-08-21T06:26:03.604+0000] {subprocess.py:63} INFO - Tmp dir root location: /tmp
[2024-08-21T06:26:03.604+0000] {subprocess.py:75} INFO - Running command: ['/usr/bin/bash', '-c', 'python3 /opt/***/data/decryption_utils.py']
[2024-08-21T06:26:03.608+0000] {subprocess.py:86} INFO - Output:
[2024-08-21T06:26:03.728+0000] {subprocess.py:97} INFO - Command exited with return code 0
[2024-08-21T06:26:03.729+0000] {taskinstance.py:441} INFO - ::group::Post task execution logs
[2024-08-21T06:26:03.748+0000] {taskinstance.py:1206} INFO - Marking task as SUCCESS. dag_id=etl_22024-08-21, task_id=decrypt_the_data, run_id=scheduled__2024-07-14T00:00:00+00:00, execution_date=20240714T000000, start_date=20240821T062603, end_date=20240821T062603
[2024-08-21T06:26:03.772+0000] {local_task_job_runner.py:240} INFO - Task exited with return code 0
[2024-08-21T06:26:03.792+0000] {taskinstance.py:3503} INFO - 1 downstream tasks scheduled from follow-on schedule check
[2024-08-21T06:26:03.794+0000] {local_task_job_runner.py:222} INFO - ::endgroup::
