[2024-08-21T06:08:31.765+0000] {local_task_job_runner.py:120} INFO - ::group::Pre task execution logs
[2024-08-21T06:08:31.848+0000] {taskinstance.py:2076} INFO - Dependencies all met for dep_context=non-requeueable deps ti=<TaskInstance: etl_22024-08-21.fetch_the_api scheduled__2024-05-27T00:00:00+00:00 [queued]>
[2024-08-21T06:08:31.864+0000] {taskinstance.py:2076} INFO - Dependencies all met for dep_context=requeueable deps ti=<TaskInstance: etl_22024-08-21.fetch_the_api scheduled__2024-05-27T00:00:00+00:00 [queued]>
[2024-08-21T06:08:31.870+0000] {taskinstance.py:2306} INFO - Starting attempt 1 of 2
[2024-08-21T06:08:32.190+0000] {taskinstance.py:2330} INFO - Executing <Task(BashOperator): fetch_the_api> on 2024-05-27 00:00:00+00:00
[2024-08-21T06:08:32.247+0000] {logging_mixin.py:188} WARNING - /home/***/.local/lib/python3.12/site-packages/***/task/task_runner/standard_task_runner.py:61 DeprecationWarning: This process (pid=1342) is multi-threaded, use of fork() may lead to deadlocks in the child.
[2024-08-21T06:08:32.260+0000] {standard_task_runner.py:63} INFO - Started process 1350 to run task
[2024-08-21T06:08:32.273+0000] {standard_task_runner.py:90} INFO - Running: ['***', 'tasks', 'run', 'etl_22024-08-21', 'fetch_the_api', 'scheduled__2024-05-27T00:00:00+00:00', '--job-id', '217', '--raw', '--subdir', 'DAGS_FOLDER/final_etl.py', '--cfg-path', '/tmp/tmpuv6qu1mr']
[2024-08-21T06:08:32.281+0000] {standard_task_runner.py:91} INFO - Job 217: Subtask fetch_the_api
[2024-08-21T06:08:32.558+0000] {task_command.py:426} INFO - Running <TaskInstance: etl_22024-08-21.fetch_the_api scheduled__2024-05-27T00:00:00+00:00 [running]> on host 7e1333882d71
[2024-08-21T06:08:33.225+0000] {taskinstance.py:2648} INFO - Exporting env vars: AIRFLOW_CTX_DAG_OWNER='***' AIRFLOW_CTX_DAG_ID='etl_22024-08-21' AIRFLOW_CTX_TASK_ID='fetch_the_api' AIRFLOW_CTX_EXECUTION_DATE='2024-05-27T00:00:00+00:00' AIRFLOW_CTX_TRY_NUMBER='1' AIRFLOW_CTX_DAG_RUN_ID='scheduled__2024-05-27T00:00:00+00:00'
[2024-08-21T06:08:33.241+0000] {taskinstance.py:430} INFO - ::endgroup::
[2024-08-21T06:08:33.307+0000] {subprocess.py:63} INFO - Tmp dir root location: /tmp
[2024-08-21T06:08:33.309+0000] {subprocess.py:75} INFO - Running command: ['/usr/bin/bash', '-c', 'python3 /opt/***/data/config.py']
[2024-08-21T06:08:33.345+0000] {subprocess.py:86} INFO - Output:
[2024-08-21T06:08:33.665+0000] {subprocess.py:97} INFO - Command exited with return code 0
[2024-08-21T06:08:33.690+0000] {taskinstance.py:441} INFO - ::group::Post task execution logs
[2024-08-21T06:08:33.843+0000] {taskinstance.py:1206} INFO - Marking task as SUCCESS. dag_id=etl_22024-08-21, task_id=fetch_the_api, run_id=scheduled__2024-05-27T00:00:00+00:00, execution_date=20240527T000000, start_date=20240821T060831, end_date=20240821T060833
[2024-08-21T06:08:35.171+0000] {local_task_job_runner.py:240} INFO - Task exited with return code 0
[2024-08-21T06:08:35.325+0000] {taskinstance.py:3503} INFO - 1 downstream tasks scheduled from follow-on schedule check
[2024-08-21T06:08:35.340+0000] {local_task_job_runner.py:222} INFO - ::endgroup::
