[2024-08-12T08:55:54.678+0000] {local_task_job_runner.py:120} INFO - ::group::Pre task execution logs
[2024-08-12T08:55:54.711+0000] {taskinstance.py:2076} INFO - Dependencies all met for dep_context=non-requeueable deps ti=<TaskInstance: etl_2024-08-12.log_the_data scheduled__2024-05-30T00:00:00+00:00 [queued]>
[2024-08-12T08:55:54.719+0000] {taskinstance.py:2076} INFO - Dependencies all met for dep_context=requeueable deps ti=<TaskInstance: etl_2024-08-12.log_the_data scheduled__2024-05-30T00:00:00+00:00 [queued]>
[2024-08-12T08:55:54.719+0000] {taskinstance.py:2306} INFO - Starting attempt 1 of 2
[2024-08-12T08:55:54.766+0000] {taskinstance.py:2330} INFO - Executing <Task(BashOperator): log_the_data> on 2024-05-30 00:00:00+00:00
[2024-08-12T08:55:54.771+0000] {standard_task_runner.py:63} INFO - Started process 4677 to run task
[2024-08-12T08:55:54.775+0000] {standard_task_runner.py:90} INFO - Running: ['***', 'tasks', 'run', 'etl_2024-08-12', 'log_the_data', 'scheduled__2024-05-30T00:00:00+00:00', '--job-id', '2733', '--raw', '--subdir', 'DAGS_FOLDER/final_etl.py', '--cfg-path', '/tmp/tmpkk7bm3aq']
[2024-08-12T08:55:54.777+0000] {standard_task_runner.py:91} INFO - Job 2733: Subtask log_the_data
[2024-08-12T08:55:54.845+0000] {task_command.py:426} INFO - Running <TaskInstance: etl_2024-08-12.log_the_data scheduled__2024-05-30T00:00:00+00:00 [running]> on host 88a939613e48
[2024-08-12T08:55:54.985+0000] {taskinstance.py:2648} INFO - Exporting env vars: AIRFLOW_CTX_DAG_OWNER='***' AIRFLOW_CTX_DAG_ID='etl_2024-08-12' AIRFLOW_CTX_TASK_ID='log_the_data' AIRFLOW_CTX_EXECUTION_DATE='2024-05-30T00:00:00+00:00' AIRFLOW_CTX_TRY_NUMBER='1' AIRFLOW_CTX_DAG_RUN_ID='scheduled__2024-05-30T00:00:00+00:00'
[2024-08-12T08:55:54.985+0000] {taskinstance.py:430} INFO - ::endgroup::
[2024-08-12T08:55:54.999+0000] {subprocess.py:63} INFO - Tmp dir root location: /tmp
[2024-08-12T08:55:55.000+0000] {subprocess.py:75} INFO - Running command: ['/usr/bin/bash', '-c', 'python3 /opt/***/data/logging_config.py']
[2024-08-12T08:55:55.009+0000] {subprocess.py:86} INFO - Output:
[2024-08-12T08:55:55.090+0000] {subprocess.py:97} INFO - Command exited with return code 0
[2024-08-12T08:55:55.090+0000] {taskinstance.py:441} INFO - ::group::Post task execution logs
[2024-08-12T08:55:55.410+0000] {taskinstance.py:1206} INFO - Marking task as SUCCESS. dag_id=etl_2024-08-12, task_id=log_the_data, run_id=scheduled__2024-05-30T00:00:00+00:00, execution_date=20240530T000000, start_date=20240812T085554, end_date=20240812T085555
[2024-08-12T08:55:56.070+0000] {local_task_job_runner.py:240} INFO - Task exited with return code 0
[2024-08-12T08:55:56.092+0000] {taskinstance.py:3503} INFO - 1 downstream tasks scheduled from follow-on schedule check
[2024-08-12T08:55:56.174+0000] {local_task_job_runner.py:222} INFO - ::endgroup::
